<?xml version="1.0" encoding="utf-8"?><testsuites name="pytest tests"><testsuite name="pytest" errors="0" failures="0" skipped="0" tests="388" time="31.608" timestamp="2026-09-16T02:00:41.413823+08:00" hostname="LouisdeMacBook-Air.local"><testcase classname="tests.modeling_v3.test_artifact_workflow" name="test_unbound_acceptance_string_does_not_authorize_predictions" time="0.006" /><testcase classname="tests.modeling_v3.test_artifact_workflow" name="test_finite_unaccepted_predictions_remain_unknown" time="0.010" /><testcase classname="tests.modeling_v3.test_artifact_workflow" name="test_large_parameter_arrays_are_binary_payloads_not_json_lists" time="0.024" /><testcase classname="tests.modeling_v3.test_cli" name="test_plan_imports_no_model_and_submits_no_jobs" time="0.038" /><testcase classname="tests.modeling_v3.test_cli" name="test_train_and_forks_dispatch_keyword_contract[False]" time="0.006" /><testcase classname="tests.modeling_v3.test_cli" name="test_train_and_forks_dispatch_keyword_contract[True]" time="0.005" /><testcase classname="tests.modeling_v3.test_cli" name="test_gpu_without_flags_is_rejected_before_runtime" time="0.003" /><testcase classname="tests.modeling_v3.test_cli" name="test_failed_test_run_returns_nonzero" time="0.002" /><testcase classname="tests.modeling_v3.test_coverage_models" name="test_uncentered_geometry_zero_query_and_high_leverage" time="0.001" /><testcase classname="tests.modeling_v3.test_coverage_models" name="test_small_rho_does_not_certify_without_validation_and_target_excitation" time="0.000" /><testcase classname="tests.modeling_v3.test_coverage_models" name="test_nonidentifiability_witness_matches_fit_and_differs_at_query" time="0.000" /><testcase classname="tests.modeling_v3.test_coverage_models" name="test_block_selectors_are_geometry_only_and_retain_whole_bank" time="0.001" /><testcase classname="tests.modeling_v3.test_coverage_models" name="test_full_rank_rotation_equivalence_and_genuine_truncation[PCA]" time="0.001" /><testcase classname="tests.modeling_v3.test_coverage_models" name="test_full_rank_rotation_equivalence_and_genuine_truncation[RANDOM_Q]" time="0.000" /><testcase classname="tests.modeling_v3.test_coverage_models" name="test_full_rank_rotation_equivalence_and_genuine_truncation[RESPONSE_SVD]" time="0.000" /><testcase classname="tests.modeling_v3.test_coverage_models" name="test_full_rank_rotation_equivalence_and_genuine_truncation[GROUP_WEIGHTED_RESPONSE]" time="0.000" /><testcase classname="tests.modeling_v3.test_coverage_models" name="test_raw4_not_silently_projected_and_explicit_constraint_audited" time="0.000" /><testcase classname="tests.modeling_v3.test_coverage_models" name="test_group_primary_v_uses_negative_i_and_preserves_raw_mass_difference" time="0.000" /><testcase classname="tests.modeling_v3.test_coverage_models" name="test_joint_gls_matches_full_kronecker_objective_and_rotation" time="0.001" /><testcase classname="tests.modeling_v3.test_coverage_models" name="test_constrained_gls_fits_raw_likelihood_and_keeps_unconstrained_result" time="0.000" /><testcase classname="tests.modeling_v3.test_coverage_models" name="test_covariance_degeneracy_is_explicit_and_indefinite_covariance_rejected" time="0.000" /><testcase classname="tests.modeling_v3.test_coverage_models" name="test_same_norm_opposite_direction_is_not_same_response" time="0.000" /><testcase classname="tests.modeling_v3.test_coverage_models" name="test_selectors_zero_geometry_and_seed_reproducibility" time="0.001" /><testcase classname="tests.modeling_v3.test_coverage_models" name="test_fit_copies_caller_data_and_rejects_bad_shapes" time="0.000" /><testcase classname="tests.modeling_v3.test_coverage_models" name="test_zero_rank_models_unknown_while_zero_baseline_remains_scored" time="0.000" /><testcase classname="tests.modeling_v3.test_coverage_models" name="test_rbf_is_fitted_nonlinear_diagnostic_with_zero_origin" time="0.000" /><testcase classname="tests.modeling_v3.test_coverage_models" name="test_error_vectors_and_cross_terms_reconstruct_total_squared_error" time="0.000" /><testcase classname="tests.modeling_v3.test_cpu_array" name="test_frozen_order_index_and_relative_paths_do_not_change_request_bytes" time="0.001" /><testcase classname="tests.modeling_v3.test_cpu_array" name="test_invalid_or_disagreeing_array_indices_are_rejected[-1--1]" time="0.001" /><testcase classname="tests.modeling_v3.test_cpu_array" name="test_invalid_or_disagreeing_array_indices_are_rejected[2-2]" time="0.001" /><testcase classname="tests.modeling_v3.test_cpu_array" name="test_invalid_or_disagreeing_array_indices_are_rejected[0-1]" time="0.001" /><testcase classname="tests.modeling_v3.test_cpu_array" name="test_invalid_or_disagreeing_array_indices_are_rejected[True-1]" time="0.001" /><testcase classname="tests.modeling_v3.test_cpu_array" name="test_invalid_or_disagreeing_array_indices_are_rejected[0-]" time="0.001" /><testcase classname="tests.modeling_v3.test_cpu_array" name="test_invalid_or_disagreeing_array_indices_are_rejected[+0-0]" time="0.001" /><testcase classname="tests.modeling_v3.test_cpu_array" name="test_invalid_or_disagreeing_array_indices_are_rejected[0-\uff10]" time="0.001" /><testcase classname="tests.modeling_v3.test_cpu_array" name="test_invalid_or_disagreeing_array_indices_are_rejected[0-None]" time="0.001" /><testcase classname="tests.modeling_v3.test_cpu_array" name="test_outer_seal_checked_before_parsing_and_selected_request_tampering" time="0.001" /><testcase classname="tests.modeling_v3.test_cpu_array" name="test_manifest_schema_is_strict[rows0]" time="0.001" /><testcase classname="tests.modeling_v3.test_cpu_array" name="test_manifest_schema_is_strict[rows1]" time="0.001" /><testcase classname="tests.modeling_v3.test_cpu_array" name="test_manifest_schema_is_strict[rows2]" time="0.001" /><testcase classname="tests.modeling_v3.test_cpu_array" name="test_manifest_schema_is_strict[rows3]" time="0.001" /><testcase classname="tests.modeling_v3.test_cpu_array" name="test_duplicate_jobs_and_unselected_invalid_entries_are_rejected" time="0.001" /><testcase classname="tests.modeling_v3.test_cpu_array" name="test_dispatch_calls_existing_wrapper_without_shell_or_argv_changes" time="0.001" /><testcase classname="tests.modeling_v3.test_cpu_array" name="test_production_environment_rejected_before_dispatch[platform-darwin]" time="0.001" /><testcase classname="tests.modeling_v3.test_cpu_array" name="test_production_environment_rejected_before_dispatch[SLURM_JOB_ID-]" time="0.001" /><testcase classname="tests.modeling_v3.test_cpu_array" name="test_production_environment_rejected_before_dispatch[SLURM_JOB_ID-abc]" time="0.001" /><testcase classname="tests.modeling_v3.test_cpu_array" name="test_production_environment_rejected_before_dispatch[SLURM_JOB_ID-\uff11\uff12]" time="0.001" /><testcase classname="tests.modeling_v3.test_cpu_array" name="test_production_environment_rejected_before_dispatch[CUDA_VISIBLE_DEVICES-0]" time="0.001" /><testcase classname="tests.modeling_v3.test_cpu_array" name="test_production_environment_rejected_before_dispatch[HIP_VISIBLE_DEVICES-0]" time="0.001" /><testcase classname="tests.modeling_v3.test_cpu_campaign" name="test_frozen_cpu_matrix_and_disjoint_partition" time="0.377" /><testcase classname="tests.modeling_v3.test_cpu_campaign" name="test_actual_adam_forks_preserve_full_origin_and_safe_replay" time="0.570" /><testcase classname="tests.modeling_v3.test_cpu_campaign" name="test_immutable_resume_rejects_source_and_payload_changes" time="0.002" /><testcase classname="tests.modeling_v3.test_cpu_campaign" name="test_nested_manifest_tampering_and_unregistered_files_rejected" time="0.003" /><testcase classname="tests.modeling_v3.test_cpu_campaign" name="test_v3_seed_inventory_uses_directory_identity_without_opening_raw" time="0.002" /><testcase classname="tests.modeling_v3.test_cpu_campaign" name="test_large_campaign_refuses_local_mac_cpu" time="0.000" /><testcase classname="tests.modeling_v3.test_cpu_campaign" name="test_actual_observation_sampler_and_covariance" time="0.003" /><testcase classname="tests.modeling_v3.test_cpu_campaign" name="test_shrinkage_grid_uses_one_packet_and_prespecified_coefficients" time="0.001" /><testcase classname="tests.modeling_v3.test_cpu_campaign" name="test_alias_independent_counts_use_no_new_draws" time="0.000" /><testcase classname="tests.modeling_v3.test_cpu_campaign" name="test_random_response_basis_matches_estimators_and_nests_rank" time="0.000" /><testcase classname="tests.modeling_v3.test_cpu_campaign" name="test_crossfit_gls_rejected_before_measurement" time="0.000" /><testcase classname="tests.modeling_v3.test_cpu_campaign" name="test_analytic_cases_are_explicitly_separate_from_source_data" time="0.026" /><testcase classname="tests.modeling_v3.test_cpu_campaign" name="test_pilot_coverage_freezes_predictions_before_heldout" time="0.271" /><testcase classname="tests.modeling_v3.test_cpu_campaign" name="test_fixture_calibration_cannot_authorize_real_collection" time="0.000" /><testcase classname="tests.modeling_v3.test_cpu_campaign" name="test_historical_q1_keeps_original_bank_and_provenance" time="0.338" /><testcase classname="tests.modeling_v3.test_cpu_campaign" name="test_cpu_dependency_binding_excludes_unrelated_gpu_modules" time="0.001" /><testcase classname="tests.modeling_v3.test_cpu_generalization" name="test_initializations_remain_separate_with_seed_bootstrap_and_frozen_risk" time="0.569" /><testcase classname="tests.modeling_v3.test_cpu_generalization" name="test_missing_entire_frozen_axis_is_rejected_even_in_fixture[0-23001]" time="0.351" /><testcase classname="tests.modeling_v3.test_cpu_generalization" name="test_missing_entire_frozen_axis_is_rejected_even_in_fixture[1-X_BASE]" time="0.363" /><testcase classname="tests.modeling_v3.test_cpu_generalization" name="test_missing_entire_frozen_axis_is_rejected_even_in_fixture[3-1]" time="0.351" /><testcase classname="tests.modeling_v3.test_cpu_generalization" name="test_missing_entire_frozen_axis_is_rejected_even_in_fixture[4-7101]" time="0.353" /><testcase classname="tests.modeling_v3.test_cpu_generalization" name="test_unknown_predictions_retain_denominators_and_block_paired_inference" time="0.547" /><testcase classname="tests.modeling_v3.test_cpu_generalization" name="test_full_matrix_contract_requires_40_trajectories_and_2400_units" time="0.003" /><testcase classname="tests.modeling_v3.test_cpu_generalization" name="test_fixture_calibration_cannot_authorize_production_and_payload_tamper_fails" time="0.403" /><testcase classname="tests.modeling_v3.test_cpu_generalization" name="test_wrong_seed_role_and_calibration_chain_are_rejected" time="0.402" /><testcase classname="tests.modeling_v3.test_cpu_generalization" name="test_internally_bound_bad_prediction_freeze_is_rejected" time="0.430" /><testcase classname="tests.modeling_v3.test_cpu_generalization" name="test_receipt_file_manifest_and_prediction_receipt_binding_are_checked" time="0.432" /><testcase classname="tests.modeling_v3.test_cpu_generalization" name="test_zero_acceptance_seed_risk_bootstrap_keeps_all_seeds" time="0.007" /><testcase classname="tests.modeling_v3.test_cpu_results" name="test_calibration_twenty_seed_max_order_statistic_and_original_hashes" time="0.334" /><testcase classname="tests.modeling_v3.test_cpu_results" name="test_unknown_calibration_predictions_have_no_finite_radius" time="0.335" /><testcase classname="tests.modeling_v3.test_cpu_results" name="test_test_analysis_pools_raw_residuals_and_keeps_acceptance_separate" time="0.488" /><testcase classname="tests.modeling_v3.test_cpu_results" name="test_missing_matrix_and_tampered_original_rejected" time="0.052" /><testcase classname="tests.modeling_v3.test_cpu_results" name="test_too_few_calibration_seeds_and_fixture_cannot_authorize_test" time="0.072" /><testcase classname="tests.modeling_v3.test_cpu_results" name="test_unknown_test_predictions_keep_all_case_denominator_and_no_paired_inference" time="0.496" /><testcase classname="tests.modeling_v3.test_development_pre_gpu_gate" name="test_actual_development_receipts_required_and_pilot_rejected" time="0.004" /><testcase classname="tests.modeling_v3.test_development_pre_gpu_gate" name="test_development_gate_does_not_require_model_to_beat_direct_baseline" time="0.004" /><testcase classname="tests.modeling_v3.test_historical_observation" name="test_historical_selection_is_identity_only_and_balanced" time="0.001" /><testcase classname="tests.modeling_v3.test_historical_observation" name="test_original_theta_scoring_is_metered_and_consumable_by_observe_toy" time="0.286" /><testcase classname="tests.modeling_v3.test_historical_observation" name="test_missing_original_never_scores_or_publishes_complete" time="0.004" /><testcase classname="tests.modeling_v3.test_historical_observation" name="test_tampered_original_refused_before_scoring" time="0.003" /><testcase classname="tests.modeling_v3.test_historical_observation" name="test_cannot_publish_inside_historical_originals" time="0.002" /><testcase classname="tests.modeling_v3.test_infrastructure" name="test_immutable_attempt_resume_and_tamper" time="0.003" /><testcase classname="tests.modeling_v3.test_infrastructure" name="test_worker_and_incomplete_keys_rejected" time="0.001" /><testcase classname="tests.modeling_v3.test_infrastructure" name="test_statistics_keep_undefined_and_seed_units" time="0.000" /><testcase classname="tests.modeling_v3.test_infrastructure" name="test_resume_after_manifest_before_complete" time="0.003" /><testcase classname="tests.modeling_v3.test_infrastructure" name="test_unknown_string_is_not_an_acceptance_mask" time="0.000" /><testcase classname="tests.modeling_v3.test_infrastructure" name="test_selection_cannot_freeze_without_completed_development" time="0.000" /><testcase classname="tests.modeling_v3.test_infrastructure" name="test_selection_verifies_protocol_inventory_and_supported_combination[different_config]" time="0.010" /><testcase classname="tests.modeling_v3.test_infrastructure" name="test_selection_verifies_protocol_inventory_and_supported_combination[unregistered_file]" time="0.010" /><testcase classname="tests.modeling_v3.test_infrastructure" name="test_selection_verifies_protocol_inventory_and_supported_combination[crossfit_gls]" time="0.010" /><testcase classname="tests.modeling_v3.test_observation_geometry" name="test_helmert_and_noisy_raw_are_losslessly_invertible" time="0.000" /><testcase classname="tests.modeling_v3.test_observation_geometry" name="test_equal_l2_identity_does_not_imply_x_improves" time="0.000" /><testcase classname="tests.modeling_v3.test_observation_geometry" name="test_fixed_correction_preserves_requested_events[b0-unchanged0]" time="0.000" /><testcase classname="tests.modeling_v3.test_observation_geometry" name="test_fixed_correction_preserves_requested_events[b1-unchanged1]" time="0.000" /><testcase classname="tests.modeling_v3.test_observation_geometry" name="test_stable_weights_extremes_and_nearly_equal" time="0.000" /><testcase classname="tests.modeling_v3.test_observation_geometry" name="test_three_policy_bound_is_three_not_two" time="0.000" /><testcase classname="tests.modeling_v3.test_observation_geometry" name="test_mixture_sources_use_one_iid_draw_each_not_balanced_quota" time="0.000" /><testcase classname="tests.modeling_v3.test_observation_geometry" name="test_raw_estimate_is_unprojected_with_singleton_covariance_unavailable" time="0.000" /><testcase classname="tests.modeling_v3.test_observation_geometry" name="test_joint_covariance_keeps_shared_and_alias_correlations" time="0.000" /><testcase classname="tests.modeling_v3.test_observation_geometry" name="test_batch_rejects_identity_support_and_alias_inconsistency" time="0.000" /><testcase classname="tests.modeling_v3.test_observation_geometry" name="test_oracle_covariance_and_coefficient_error_identities" time="0.001" /><testcase classname="tests.modeling_v3.test_observation_geometry" name="test_zero_mass_variance_and_insufficient_pilot_are_explicit" time="0.000" /><testcase classname="tests.modeling_v3.test_observation_geometry" name="test_pilot_shrink_l1_and_raw_coefficient_receipt" time="0.000" /><testcase classname="tests.modeling_v3.test_observation_geometry" name="test_pilot_cannot_use_main_draws_or_rng_or_wrong_prompt" time="0.000" /><testcase classname="tests.modeling_v3.test_observation_geometry" name="test_same_cost_baselines_use_all_draws_and_keep_paired_subset" time="0.002" /><testcase classname="tests.modeling_v3.test_observation_geometry" name="test_finite_pilot_uncertainty_can_exceed_raw_variance" time="0.000" /><testcase classname="tests.modeling_v3.test_observation_geometry" name="test_crossfit_refuses_naive_independent_fold_covariance" time="0.006" /><testcase classname="tests.modeling_v3.test_observation_geometry" name="test_crossfit_mean_unbiased_by_small_full_enumeration" time="0.095" /><testcase classname="tests.modeling_v3.test_observation_geometry" name="test_exhaustive_events_and_nonfinite_contributions_are_not_dropped" time="0.000" /><testcase classname="tests.modeling_v3.test_observation_geometry" name="test_primary_validity_is_consistently_minus_i_and_preserved" time="0.000" /><testcase classname="tests.modeling_v3.test_observation_geometry" name="test_actual_finite_pilot_covariance_penalty_by_enumeration" time="0.001" /><testcase classname="tests.modeling_v3.test_observation_geometry" name="test_covariance_rejects_invalid_matrix_and_divisor" time="0.000" /><testcase classname="tests.modeling_v3.test_observation_geometry" name="test_join_shared_banks_preserves_joint_correlation_and_rejects_token_mismatch" time="0.000" /><testcase classname="tests.modeling_v3.test_q1_results" name="test_recompute_raw_residuals_coefficient_variance_mass_and_timings" time="0.027" /><testcase classname="tests.modeling_v3.test_q1_results" name="test_missing_receipts_do_not_turn_into_zero_cost_or_zero_fallback" time="0.021" /><testcase classname="tests.modeling_v3.test_q1_results" name="test_original_tampering_rejected" time="0.008" /><testcase classname="tests.modeling_v3.test_q1_results" name="test_pooled_quantiles_recomputed_across_distinct_units" time="0.038" /><testcase classname="tests.modeling_v3.test_q1_results" name="test_missing_original_estimate_is_not_inferred_from_results" time="0.019" /><testcase classname="tests.modeling_v3.test_q1_results" name="test_original_output_overlap_rejected_without_modifying_original" time="0.009" /><testcase classname="tests.modeling_v3.test_q1_results" name="test_partial_publication_resume_is_idempotent_and_derived_tamper_rejected" time="0.031" /><testcase classname="tests.modeling_v3.test_q1_results" name="test_signed_validity_and_variance_decomposition_are_not_group_averages" time="0.000" /><testcase classname="tests.modeling_v3.test_q1_results" name="test_full_analysis_rejects_local_and_pilot_before_work" time="0.001" /><testcase classname="tests.modeling_v3.test_q2_results" name="test_actual_complete_development_recomputes_metrics_and_keeps_baselines" time="0.391" /><testcase classname="tests.modeling_v3.test_q2_results" name="test_unknown_is_not_finite_and_geometry_classes_are_retained" time="0.401" /><testcase classname="tests.modeling_v3.test_q2_results" name="test_fixture_still_requires_all_independent_axes_and_original_identity[origin]" time="0.156" /><testcase classname="tests.modeling_v3.test_q2_results" name="test_fixture_still_requires_all_independent_axes_and_original_identity[design]" time="0.164" /><testcase classname="tests.modeling_v3.test_q2_results" name="test_fixture_still_requires_all_independent_axes_and_original_identity[duplicate]" time="0.133" /><testcase classname="tests.modeling_v3.test_q2_results" name="test_fixture_still_requires_all_independent_axes_and_original_identity[direct]" time="0.142" /><testcase classname="tests.modeling_v3.test_q2_results" name="test_fixture_still_requires_all_independent_axes_and_original_identity[source]" time="0.159" /><testcase classname="tests.modeling_v3.test_q2_results" name="test_fixture_still_requires_all_independent_axes_and_original_identity[role]" time="0.166" /><testcase classname="tests.modeling_v3.test_q2_results" name="test_changed_raw_original_and_fixture_as_production_are_rejected" time="0.139" /><testcase classname="tests.modeling_v3.test_q4_pair_launcher" name="test_requires_two_distinct_whole_gpu_allocation_tokens[]" time="0.002" /><testcase classname="tests.modeling_v3.test_q4_pair_launcher" name="test_requires_two_distinct_whole_gpu_allocation_tokens[0]" time="0.000" /><testcase classname="tests.modeling_v3.test_q4_pair_launcher" name="test_requires_two_distinct_whole_gpu_allocation_tokens[0,0]" time="0.000" /><testcase classname="tests.modeling_v3.test_q4_pair_launcher" name="test_requires_two_distinct_whole_gpu_allocation_tokens[0,00]" time="0.000" /><testcase classname="tests.modeling_v3.test_q4_pair_launcher" name="test_requires_two_distinct_whole_gpu_allocation_tokens[0,1,2]" time="0.000" /><testcase classname="tests.modeling_v3.test_q4_pair_launcher" name="test_requires_two_distinct_whole_gpu_allocation_tokens[MIG-a,MIG-b]" time="0.000" /><testcase classname="tests.modeling_v3.test_q4_pair_launcher" name="test_requires_two_distinct_whole_gpu_allocation_tokens[GPU-a,GPU-a]" time="0.000" /><testcase classname="tests.modeling_v3.test_q4_pair_launcher" name="test_requires_two_distinct_whole_gpu_allocation_tokens[GPU-a,]" time="0.000" /><testcase classname="tests.modeling_v3.test_q4_pair_launcher" name="test_requires_two_distinct_whole_gpu_allocation_tokens[-1,0]" time="0.000" /><testcase classname="tests.modeling_v3.test_q4_pair_launcher" name="test_requires_two_distinct_whole_gpu_allocation_tokens[0,abc]" time="0.000" /><testcase classname="tests.modeling_v3.test_q4_pair_launcher" name="test_plan_preserves_original_tokens_and_separates_outputs" time="0.029" /><testcase classname="tests.modeling_v3.test_q4_pair_launcher" name="test_pending_authorization_and_tampered_handoff_refused" time="0.024" /><testcase classname="tests.modeling_v3.test_q4_pair_launcher" name="test_source_binding_and_explicit_resume_gate" time="0.053" /><testcase classname="tests.modeling_v3.test_q4_pair_launcher" name="test_two_children_single_visible_gpu_and_failure_receipt" time="0.030" /><testcase classname="tests.modeling_v3.test_q4_pair_launcher" name="test_sigterm_only_targets_own_child_groups" time="0.139" /><testcase classname="tests.modeling_v3.test_q4_pair_launcher" name="test_partial_spawn_failure_reaps_only_started_child_and_preserves_attempt" time="0.060" /><testcase classname="tests.modeling_v3.test_q4_pair_launcher" name="test_model_free_plan_imports_no_torch_or_transformers" time="0.069" /><testcase classname="tests.modeling_v3.test_q4_pair_launcher" name="test_completed_a_and_current_c_a_remaps_incomplete_worker" time="0.053" /><testcase classname="tests.modeling_v3.test_q4_pair_launcher" name="test_old_a_not_allocated_new_c_d_preserves_safe_mapping" time="0.051" /><testcase classname="tests.modeling_v3.test_q4_pair_launcher" name="test_completed_worker_bad_originals_or_same_uuid_fail_before_launch[same_uuid]" time="0.056" /><testcase classname="tests.modeling_v3.test_q4_pair_launcher" name="test_completed_worker_bad_originals_or_same_uuid_fail_before_launch[null_hash]" time="0.051" /><testcase classname="tests.modeling_v3.test_q4_pair_launcher" name="test_completed_worker_bad_originals_or_same_uuid_fail_before_launch[manifest_hash]" time="0.051" /><testcase classname="tests.modeling_v3.test_q4_pair_launcher" name="test_nvidia_smi_queries_original_tokens_and_rejects_malformed_uuid" time="0.000" /><testcase classname="tests.modeling_v3.test_q4_pair_launcher" name="test_real_entry_requires_linux_numeric_slurm_before_planning[darwin-123]" time="0.000" /><testcase classname="tests.modeling_v3.test_q4_pair_launcher" name="test_real_entry_requires_linux_numeric_slurm_before_planning[linux-]" time="0.000" /><testcase classname="tests.modeling_v3.test_q4_pair_launcher" name="test_real_entry_requires_linux_numeric_slurm_before_planning[linux-job]" time="0.000" /><testcase classname="tests.modeling_v3.test_q4_resume" name="test_null_resume_appends_each_actual_gpu_and_preserves_anchor" time="0.008" /><testcase classname="tests.modeling_v3.test_q4_resume" name="test_null_resume_rejects_changed_identity_or_excess_error_and_retains_attempt[threshold]" time="0.003" /><testcase classname="tests.modeling_v3.test_q4_resume" name="test_null_resume_rejects_changed_identity_or_excess_error_and_retains_attempt[policy]" time="0.003" /><testcase classname="tests.modeling_v3.test_q4_resume" name="test_null_resume_rejects_changed_identity_or_excess_error_and_retains_attempt[action]" time="0.002" /><testcase classname="tests.modeling_v3.test_q4_resume" name="test_null_resume_rejects_changed_identity_or_excess_error_and_retains_attempt[runtime]" time="0.002" /><testcase classname="tests.modeling_v3.test_q4_resume" name="test_null_resume_rejects_changed_identity_or_excess_error_and_retains_attempt[tolerance]" time="0.002" /><testcase classname="tests.modeling_v3.test_q4_resume" name="test_null_anchor_tampering_is_rejected" time="0.002" /><testcase classname="tests.modeling_v3.test_q4_resume" name="test_same_gpu_comparison_keeps_full_checks_but_cannot_satisfy_cross_gpu_gate" time="0.000" /><testcase classname="tests.modeling_v3.test_q4_resume" name="test_completed_known_scores_resume_without_new_scoring_and_bind_requests" time="0.001" /><testcase classname="tests.modeling_v3.test_q4_resume" name="test_known_score_reuse_rejects_missing_binding_tamper_and_changed_identity[bytes]" time="0.001" /><testcase classname="tests.modeling_v3.test_q4_resume" name="test_known_score_reuse_rejects_missing_binding_tamper_and_changed_identity[missing_receipt]" time="0.001" /><testcase classname="tests.modeling_v3.test_q4_resume" name="test_known_score_reuse_rejects_missing_binding_tamper_and_changed_identity[prompt]" time="0.001" /><testcase classname="tests.modeling_v3.test_q4_resume" name="test_known_score_reuse_rejects_missing_binding_tamper_and_changed_identity[policy]" time="0.001" /><testcase classname="tests.modeling_v3.test_q6_observation" name="test_plan_runs_real_executor_fixture_and_counts_retained_actions" time="0.067" /><testcase classname="tests.modeling_v3.test_q6_observation" name="test_iterator_validates_manifest_once_and_rejects_modified_original" time="0.037" /><testcase classname="tests.modeling_v3.test_q6_observation" name="test_zero_variance_does_not_create_exact_or_zero_uncertainty" time="0.000" /><testcase classname="tests.modeling_v3.test_q6_observation" name="test_real_reader_rejects_fixture_and_local_cpu" time="0.034" /><testcase classname="tests.modeling_v3.test_q6_observation" name="test_anchor_prediction_reference_assessment_chain_retains_anchor_uncertainty" time="0.423" /><testcase classname="tests.modeling_v3.test_q6_observation" name="test_cumulative_extension_reuses_prior_draws_without_resampling" time="0.167" /><testcase classname="tests.modeling_v3.test_q6_observation" name="test_manifest_cannot_relabel_a_different_policy_as_source64" time="0.026" /><testcase classname="tests.modeling_v3.test_q6_observation" name="test_execution_gate_checks_exact_bound_plan_before_model_loading" time="0.029" /><testcase classname="tests.modeling_v3.test_q6_observation" name="test_frozen_draw_ceiling_can_remain_unresolved_despite_zero_empirical_width" time="0.000" /><testcase classname="tests.modeling_v3.test_server_preparation" name="test_gpu_preparation_rejects_nonserver_acceptance_before_other_inputs[provenance0]" time="0.001" /><testcase classname="tests.modeling_v3.test_server_preparation" name="test_gpu_preparation_rejects_nonserver_acceptance_before_other_inputs[provenance1]" time="0.001" /><testcase classname="tests.modeling_v3.test_server_preparation" name="test_gpu_preparation_rejects_nonserver_acceptance_before_other_inputs[provenance2]" time="0.000" /><testcase classname="tests.modeling_v3.test_server_preparation" name="test_gpu_preparation_rejects_nonserver_acceptance_before_other_inputs[provenance3]" time="0.000" /><testcase classname="tests.modeling_v3.test_server_preparation" name="test_pending_q4_authorization_cannot_reach_runtime" time="0.007" /><testcase classname="tests.modeling_v3.test_server_preparation" name="test_q4_authorization_preserves_prepared_stage_and_binds_reviewed_handoff" time="0.020" /><testcase classname="tests.modeling_v3.test_snapshot_git" name="test_snapshot_supplies_real_git_blobs_without_staging_data" time="0.096" /><testcase classname="tests.modeling_v3.test_snapshot_git" name="test_changed_original_refuses_before_creating_git" time="0.001" /><testcase classname="tests.modeling_v3.test_source_audit" name="test_missing_input_stays_missing_without_summary_reconstruction" time="0.003" /><testcase classname="tests.modeling_v3.test_source_audit" name="test_original_packet_replay_all_active_and_r_equals_k" time="0.467" /><testcase classname="tests.modeling_v3.test_source_audit" name="test_changed_original_does_not_pass_and_no_original_is_overwritten" time="0.012" /><testcase classname="tests.modeling_v3.test_source_audit" name="test_missing_primitive_never_falls_back_to_cached_summary_arrays" time="0.015" /><testcase classname="tests.modeling_v3.test_source_audit" name="test_paths_and_output_never_escape_or_overwrite_inputs" time="0.001" /><testcase classname="tests.modeling_v3.test_source_audit" name="test_raw_validity_must_not_silently_become_minus_invalid" time="0.000" /><testcase classname="tests.modeling_v3.test_source_audit" name="test_equivalence_requires_same_calibration_and_preserves_nontruncation" time="0.000" /><testcase classname="tests.modeling_v3.test_source_audit" name="test_inactive_squared_sums_retain_unknown_denominator" time="0.000" /><testcase classname="tests.modeling_v3.test_tracking_offline" name="test_every_step_fixed_basis_and_path_does_not_change_point_prediction" time="0.000" /><testcase classname="tests.modeling_v3.test_tracking_offline" name="test_unknown_not_zero_or_safe_and_horizon_requires_intermediates" time="0.000" /><testcase classname="tests.modeling_v3.test_tracking_offline" name="test_no_pointwise_qualification_no_references_read" time="0.001" /><testcase classname="tests.modeling_v3.test_tracking_offline" name="test_intermediate_error_survives_zero_endpoint_and_reference_uncertainty" time="0.001" /><testcase classname="tests.modeling_v3.test_tracking_offline" name="test_basis_change_nonorthogonal_and_missing_vlm_uncertainty_rejected" time="0.001" /><testcase classname="tests.modeling_v3.test_tracking_qualification" name="test_real_entry_requires_config_and_server_cpu" time="0.000" /><testcase classname="tests.modeling_v3.test_tracking_qualification" name="test_handwritten_qualification_and_arrays_cannot_enter_real_tracking" time="0.001" /><testcase classname="tests.modeling_v3.test_tracking_qualification" name="test_verifier_receives_exact_bindings_and_failure_is_not_swallowed" time="0.000" /><testcase classname="tests.modeling_v3.test_tracking_qualification" name="test_no_95_claim_or_wrong_fit_binding_passes_verified_gate" time="0.000" /><testcase classname="tests.modeling_v3.test_tracking_qualification" name="test_actual_model_directions_and_fit_bytes_are_used" time="0.004" /><testcase classname="tests.modeling_v3.test_tracking_qualification" name="test_qualified_pointwise_does_not_mean_dense_tracking_is_available" time="0.000" /><testcase classname="tests.modeling_v3.test_tracking_qualification" name="test_null_or_zero_real_uncertainty_cannot_masquerade_as_exact[None]" time="0.001" /><testcase classname="tests.modeling_v3.test_tracking_qualification" name="test_null_or_zero_real_uncertainty_cannot_masquerade_as_exact[0]" time="0.001" /><testcase classname="tests.modeling_v3.test_tracking_qualification" name="test_null_or_zero_real_uncertainty_cannot_masquerade_as_exact[half_width2]" time="0.001" /><testcase classname="tests.modeling_v3.test_tracking_qualification" name="test_fixture_cannot_open_production_qualification" time="0.000" /><testcase classname="tests.modeling_v3.test_tracking_qualification" name="test_dense_source_uses_all_actual_steps_and_rejects_wrong_origin" time="0.005" /><testcase classname="tests.modeling_v3.test_vlm_campaign" name="test_no_model_planner_source_budget_and_two_workers" time="0.042" /><testcase classname="tests.modeling_v3.test_vlm_campaign" name="test_512_balanced_positions_and_unique_bank_partition" time="0.108" /><testcase classname="tests.modeling_v3.test_vlm_campaign" name="test_source_arms_share_hash_initialization_but_seeds_differ" time="0.004" /><testcase classname="tests.modeling_v3.test_vlm_campaign" name="test_authorization_is_checked_before_model_import_or_bound_files" time="0.001" /><testcase classname="tests.modeling_v3.test_vlm_campaign" name="test_pair_allocation_uuid_mismatch_stops_before_loading_model" time="0.007" /><testcase classname="tests.modeling_v3.test_vlm_campaign" name="test_actual_cpu_adam_source_restores_resume_and_tamper_detection" time="0.156" /><testcase classname="tests.modeling_v3.test_vlm_campaign" name="test_source_failure_preserves_partial_and_resumes_exact_origin" time="0.100" /><testcase classname="tests.modeling_v3.test_vlm_campaign" name="test_same_full_origin_forks_save_actual_e_and_leave_source_untouched" time="0.173" /><testcase classname="tests.modeling_v3.test_vlm_campaign" name="test_measured_estimate_charges_multitoken_scoring_and_checkpoint_storage" time="0.000" /><testcase classname="tests.modeling_v3.test_vlm_campaign" name="test_runtime_identity_has_no_observation_whitelist_hash_cycle" time="0.001" /><testcase classname="tests.modeling_v3.test_vlm_campaign" name="test_q5_role_and_authorization_ancestry_are_independently_checked" time="0.003" /><testcase classname="tests.modeling_v3.test_vlm_campaign" name="test_q5_task_plan_separates_pilot_main_reference_and_charges_direct" time="0.002" /><testcase classname="tests.modeling_v3.test_vlm_campaign" name="test_fresh_probe_panel_excludes_old_s1_and_refuses_insufficient_control" time="0.027" /><testcase classname="tests.modeling_v3.test_vlm_campaign" name="test_q5_preparation_commands_parse_actual_cli_and_freeze_full_role" time="0.022" /><testcase classname="tests.modeling_v3.test_vlm_campaign" name="test_q5_completion_rejects_manual_pass_and_keeps_partial_matrix_incomplete" time="0.005" /><testcase classname="tests.modeling_v3.test_vlm_campaign" name="test_q5_prediction_and_unresolved_evaluation_complete_only_as_engineering" time="0.004" /><testcase classname="tests.modeling_v3.test_vlm_campaign" name="test_q5_observation_preparation_binds_completed_generation_and_cli" time="0.231" /><testcase classname="tests.modeling_v3.test_vlm_campaign" name="test_reference_extensions_follow_registered_looks_and_preserve_independent_stream" time="0.001" /><testcase classname="tests.modeling_v3.test_vlm_campaign" name="test_mandatory_mixture_targets_only_failed_units_and_never_redraws_prior_packet" time="0.000" /><testcase classname="tests.modeling_v3.test_vlm_campaign" name="test_reference_continuation_rejects_rank_based_or_unfinished_precision_receipt" time="0.002" /><testcase classname="tests.modeling_v3.test_vlm_campaign" name="test_reference_extension_cpu_entrypoint_emits_actual_next_range_and_bound_stage" time="0.048" /><testcase classname="tests.modeling_v3.test_vlm_cli_results" name="test_vlm_analysis_dispatch_keeps_original_bindings[freeze-vlm]" time="0.003" /><testcase classname="tests.modeling_v3.test_vlm_cli_results" name="test_vlm_analysis_dispatch_keeps_original_bindings[calibrate-vlm]" time="0.004" /><testcase classname="tests.modeling_v3.test_vlm_cli_results" name="test_vlm_analysis_dispatch_keeps_original_bindings[analyze-vlm]" time="0.003" /><testcase classname="tests.modeling_v3.test_vlm_cli_results" name="test_test_prediction_dispatch_preserves_calibration_path" time="0.003" /><testcase classname="tests.modeling_v3.test_vlm_cli_results" name="test_tracking_cli_passes_protocol_to_production_verifier" time="0.003" /><testcase classname="tests.modeling_v3.test_vlm_cli_results" name="test_cpu_confirmation_preserves_calibration_original_path[validate-cpu]" time="0.003" /><testcase classname="tests.modeling_v3.test_vlm_cli_results" name="test_cpu_confirmation_preserves_calibration_original_path[analyze-cpu]" time="0.003" /><testcase classname="tests.modeling_v3.test_vlm_observation" name="test_reference_overflowing_second_moments_remain_serializable_unresolved" time="0.000" /><testcase classname="tests.modeling_v3.test_vlm_observation" name="test_import_does_not_load_model_runtime" time="0.027" /><testcase classname="tests.modeling_v3.test_vlm_observation" name="test_eos_truncation_sampled_pad_and_invalid_parse_retained" time="0.000" /><testcase classname="tests.modeling_v3.test_vlm_observation" name="test_tolerance_required_before_generation_and_identity_check" time="0.000" /><testcase classname="tests.modeling_v3.test_vlm_observation" name="test_rng_roles_disjoint_and_mix_iid_not_balanced_halves" time="0.001" /><testcase classname="tests.modeling_v3.test_vlm_observation" name="test_mix_raw_matches_probability_difference_extremes_and_origin_not_clipped" time="0.001" /><testcase classname="tests.modeling_v3.test_vlm_observation" name="test_reference_multilook_predeclared_empirical_and_formal_distinct" time="0.001" /><testcase classname="tests.modeling_v3.test_vlm_observation" name="test_cross_gpu_null_checks_policy_action_runtime_and_thresholds" time="0.000" /><testcase classname="tests.modeling_v3.test_vlm_observation" name="test_semantic_strings_are_event_subset_and_aliases_not_independent_draws" time="0.000" /><testcase classname="tests.modeling_v3.test_vlm_observation" name="test_generation_scoring_resume_original_shards_and_candidate_grouping" time="0.008" /><testcase classname="tests.modeling_v3.test_vlm_observation" name="test_oom_resume_missing_only_partial_shard_retained" time="0.004" /><testcase classname="tests.modeling_v3.test_vlm_observation" name="test_manifest_mutation_duplicate_input_tamper_and_worker_ownership" time="0.001" /><testcase classname="tests.modeling_v3.test_vlm_observation" name="test_returned_generation_fault_retained" time="0.002" /><testcase classname="tests.modeling_v3.test_vlm_observation" name="test_mix_packet_binds_actual_endpoint_pair_and_refuses_pooled_prompts" time="0.004" /><testcase classname="tests.modeling_v3.test_vlm_observation" name="test_resumed_partial_shards_can_be_scored_and_second_writer_excluded" time="0.006" /><testcase classname="tests.modeling_v3.test_vlm_observation" name="test_cli_authorization_precedes_any_model_import" time="0.027" /><testcase classname="tests.modeling_v3.test_vlm_observation" name="test_known_action_baseline_rejects_unterminated_prefixes" time="0.000" /><testcase classname="tests.modeling_v3.test_vlm_observation" name="test_exact_policy_aliases_reuse_physical_scores_and_keep_alias_receipt" time="0.008" /><testcase classname="tests.modeling_v3.test_vlm_observation" name="test_paid_fault_calls_remain_in_counters" time="0.002" /><testcase classname="tests.modeling_v3.test_vlm_observation" name="test_known_string_baseline_is_actual_scoring_without_fabricated_sampling" time="0.000" /><testcase classname="tests.modeling_v3.test_vlm_observation" name="test_q4_analysis_runs_geometry_direct_and_independent_noisy_references" time="0.123" /><testcase classname="tests.modeling_v3.test_vlm_response" name="test_actual_shards_geometry_fit_prediction_then_independent_evaluation" time="0.412" /><testcase classname="tests.modeling_v3.test_vlm_response" name="test_geometry_never_reads_heldout_vectors" time="0.048" /><testcase classname="tests.modeling_v3.test_vlm_response" name="test_unselected_and_heldout_score_shards_unopened_before_freeze" time="0.161" /><testcase classname="tests.modeling_v3.test_vlm_response" name="test_missing_prediction_lock_refused_before_reference_access" time="0.000" /><testcase classname="tests.modeling_v3.test_vlm_response" name="test_real_vectors_reject_local_cpu_and_fixture_cannot_launder_real" time="0.033" /><testcase classname="tests.modeling_v3.test_vlm_response" name="test_vector_payload_identity_cannot_be_rebound_by_file_hash" time="0.032" /><testcase classname="tests.modeling_v3.test_vlm_response" name="test_reference_batches_merge_only_contiguous_cumulative_streams" time="0.192" /><testcase classname="tests.modeling_v3.test_vlm_results" name="test_three_seed_empirical_calibration_is_not_95_percent_certification" time="0.186" /><testcase classname="tests.modeling_v3.test_vlm_results" name="test_independent_test_keeps_shift_targets_seed_pairing_and_uncertainty" time="2.130" /><testcase classname="tests.modeling_v3.test_vlm_results" name="test_unresolved_reference_cannot_create_calibration_eligibility" time="1.068" /><testcase classname="tests.modeling_v3.test_vlm_results" name="test_completed_matrix_rejects_duplicates_missing_origin_and_role_drift" time="0.224" /><testcase classname="tests.modeling_v3.test_vlm_results" name="test_test_errors_never_select_acceptance_mask" time="1.652" /><testcase classname="tests.modeling_v3.test_vlm_results" name="test_tampered_frozen_mask_and_original_bytes_are_rejected" time="1.569" /><testcase classname="tests.modeling_v3.test_vlm_results" name="test_reference_uncertainty_is_required_and_recomputed[omit_variance]" time="0.075" /><testcase classname="tests.modeling_v3.test_vlm_results" name="test_reference_uncertainty_is_required_and_recomputed[false_variance]" time="0.075" /><testcase classname="tests.modeling_v3.test_vlm_results" name="test_frozen_design_matrix_and_real_non_degenerate_rank_comparison" time="5.361" /><testcase classname="tests.modeling_v3.test_vlm_results" name="test_seed_bootstrap_nrmse_uses_total_energy_and_q95_uses_raw_residuals" time="0.003" /><testcase classname="tests.modeling_v3.test_vlm_selection" name="test_actual_vlm_geometry_preserves_bank_composition_strata" time="0.066" /><testcase classname="tests.modeling_v3.test_vlm_selection" name="test_actual_vlm_group_fit_passes_frozen_probe_map" time="0.180" /><testcase classname="tests.modeling_v3.test_vlm_selection" name="test_group_metadata_averages_same_group_before_direction_selection" time="0.001" /><testcase classname="tests.modeling_v3.test_vlm_selection" name="test_required_vlm_group_metadata_missing_is_rejected[STRATIFIED_RANDOM]" time="0.031" /><testcase classname="tests.modeling_v3.test_vlm_selection" name="test_required_vlm_group_metadata_missing_is_rejected[GROUP_WEIGHTED_RESPONSE]" time="0.137" /><testcase classname="tests.modeling_v3.test_vlm_selection" name="test_production_metadata_producers_match_response_group_contract" time="0.040" /><testcase classname="tests.modeling_v3.test_vlm_selection" name="test_probe_group_metadata_rejects_different_or_changed_original" time="0.001" /><testcase classname="tests.modeling_v3.test_vlm_selection" name="test_vlm_selection_freezes_all_three_dev_seeds_and_parent_cpu" time="0.313" /><testcase classname="tests.modeling_v3.test_vlm_selection" name="test_full_baseline_rank_matches_actual_cpu_matrix[ZERO]" time="0.029" /><testcase classname="tests.modeling_v3.test_vlm_selection" name="test_full_baseline_rank_matches_actual_cpu_matrix[FULL_RIDGE]" time="0.031" /><testcase classname="tests.modeling_v3.test_vlm_selection" name="test_full_baseline_rank_matches_actual_cpu_matrix[FULL_GLS]" time="0.028" /><testcase classname="tests.modeling_v3.test_vlm_selection" name="test_full_baseline_rank_matches_actual_cpu_matrix[RBF_RIDGE]" time="0.028" /><testcase classname="tests.modeling_v3.test_vlm_selection" name="test_direction_rank_stays_inside_parent_cpu_selection[PCA]" time="0.028" /><testcase classname="tests.modeling_v3.test_vlm_selection" name="test_direction_rank_stays_inside_parent_cpu_selection[RANDOM_Q]" time="0.028" /><testcase classname="tests.modeling_v3.test_vlm_selection" name="test_direction_rank_stays_inside_parent_cpu_selection[RESPONSE_SVD]" time="0.028" /><testcase classname="tests.modeling_v3.test_vlm_selection" name="test_direction_rank_stays_inside_parent_cpu_selection[GROUP_WEIGHTED_RESPONSE]" time="0.028" /><testcase classname="tests.modeling_v3.test_vlm_selection" name="test_frozen_scope_declares_actual_all_channel_qualification" time="0.000" /><testcase classname="tests.modeling_v3.test_vlm_selection" name="test_selection_requires_every_design_on_all_dev_origins" time="0.217" /><testcase classname="tests.modeling_v3.test_vlm_selection" name="test_selection_rejects_test_evidence_and_undeclared_designs[test_role]" time="0.043" /><testcase classname="tests.modeling_v3.test_vlm_selection" name="test_selection_rejects_test_evidence_and_undeclared_designs[unrun_design]" time="0.256" /><testcase classname="tests.modeling_v3.test_vlm_selection" name="test_selection_rejects_test_evidence_and_undeclared_designs[missing_criterion]" time="0.035" /><testcase classname="tests.modeling_v3.test_vlm_selection" name="test_selection_rejects_test_evidence_and_undeclared_designs[bad_rank]" time="0.034" /><testcase classname="tests.modeling_v3.test_vlm_selection" name="test_locked_selection_verification_rechecks_original_bytes" time="0.286" /><testcase classname="tests.modeling_v3.test_vlm_selection" name="test_nondev_methods_must_match_one_whole_frozen_design" time="0.309" /><testcase classname="tests.modeling_v3.test_vlm_selection" name="test_calibration_predictions_do_not_depend_on_calibration_receipt" time="0.031" /><testcase classname="tests.modeling_v3.test_vlm_selection" name="test_test_prediction_requires_calibration_even_for_empty_acceptance" time="0.017" /><testcase classname="tests.modeling_v3.test_vlm_selection" name="test_prediction_freezes_and_reverifies_geometry_acceptance_without_test_labels" time="0.053" /><testcase classname="tests.modeling_v3.test_vlm_selection" name="test_real_calibration_adapter_integrates_with_prediction_freeze" time="1.963" /><testcase classname="tests.modeling_v3.test_vlm_selection" name="test_reference_authorization_binds_exact_design_prediction_before_labels" time="0.349" /><testcase classname="tests.modeling_v3.test_vlm_stage_selection" name="test_non_development_rejects_cpu_only_selection" time="0.003" /><testcase classname="tests.modeling_v3.test_vlm_stage_selection" name="test_interval_stage_uses_vlm_selection_and_its_exact_development_completion" time="0.003" /><testcase classname="tests.modeling_v3.test_vlm_stage_selection" name="test_locked_test_requires_analyzed_calibration_but_not_95_percent_certificate" time="0.003" /><testcase classname="tests.modeling_v3.test_vlm_stage_selection" name="test_locked_test_rejects_incomplete_calibration_stage" time="0.002" /><testcase classname="tests.modeling_v3.test_vlm_stage_selection" name="test_locked_test_binds_calibration_report_to_same_stage_and_selection" time="0.003" /><testcase classname="tests.modeling_v3.test_vlm_stage_selection" name="test_derived_stage_cannot_replace_frozen_selection_dependency" time="0.002" /><testcase classname="tests.modeling_v3.test_vlm_stage_selection" name="test_prepare_locked_test_refuses_missing_calibration_before_reading_parent" time="0.001" /><testcase classname="tests.modeling_v3.test_vlm_stage_selection" name="test_interval_finalization_does_not_require_its_own_calibration_analysis" time="0.005" /><testcase classname="tests.modeling_v3.test_vlm_stage_selection" name="test_prepare_locked_stage_persists_exact_calibration_receipt" time="0.011" /><testcase classname="tests.modeling_v3.test_vlm_stage_selection" name="test_non_development_task_completion_requires_stage_selected_fit[prediction]" time="0.003" /><testcase classname="tests.modeling_v3.test_vlm_stage_selection" name="test_non_development_task_completion_requires_stage_selected_fit[evaluation]" time="0.004" /><testcase classname="tests.modeling_v3.test_vlm_stage_selection" name="test_matrix_covers_each_design_without_duplicating_measurements" time="0.002" /><testcase classname="tests.modeling_v3.test_vlm_stage_selection" name="test_missing_second_design_cannot_complete_stage" time="0.013" /><testcase classname="tests.modeling_v3.test_vlm_stage_selection" name="test_prediction_set_rejects_missing_design_and_accepts_complete_set" time="0.012" /><testcase classname="tests.modeling_v3.test_vlm_stage_selection" name="test_prediction_set_rejects_opened_labels_or_inconsistent_shared_scope[change0]" time="0.006" /><testcase classname="tests.modeling_v3.test_vlm_stage_selection" name="test_prediction_set_rejects_opened_labels_or_inconsistent_shared_scope[change1]" time="0.006" /><testcase classname="tests.modeling_v3.test_vlm_stage_selection" name="test_prediction_set_rejects_opened_labels_or_inconsistent_shared_scope[change2]" time="0.006" /><testcase classname="tests.modeling_v3.test_vlm_stage_selection" name="test_prediction_set_rechecks_original_prediction_bytes" time="0.008" /><testcase classname="tests.modeling_v3.test_vlm_stage_selection" name="test_nondev_reference_execution_rejects_single_prediction" time="0.004" /><testcase classname="tests.modeling_v3.test_vlm_stage_selection" name="test_q6_requires_qualified_design_and_retained_test_source" time="0.004" /><testcase classname="tests.modeling_v3.test_vlm_stage_selection" name="test_q6_rejects_incomplete_source_and_wrong_anchor" time="0.003" /><testcase classname="tests.modeling_v3.test_vlm_stage_selection" name="test_q5_does_not_accept_step64_forks" time="0.002" /><testcase classname="tests.modeling_v3.test_vlm_stage_selection" name="test_q6_preparation_no_qualification_does_not_load_source" time="0.002" /><testcase classname="tests.modeling_v3.test_vlm_stage_selection" name="test_q6_preparation_records_new_cost_and_never_trains_source" time="0.049" /><testcase classname="tests.modeling_v3.test_vlm_stage_selection" name="test_q6_refuses_pointwise_only_design_before_new_fork" time="0.003" /><testcase classname="tests.modeling_v3.test_vlm_stage_selection" name="test_prediction_set_does_not_mix_settings_between_designs" time="0.005" /><testcase classname="tests.modeling_v3.test_vlm_stage_selection" name="test_stage_completion_rejects_evaluation_of_a_different_prediction" time="0.005" /><testcase classname="tests.modeling_v3.test_vlm_workflow_acceptance" name="test_frozen_mask_keeps_unresolved_reference_cases_in_denominator" time="0.009" /><testcase classname="tests.modeling_v3.test_vlm_workflow_acceptance" name="test_unresolved_mask_still_requires_real_acceptance_provenance" time="0.001" /><testcase classname="docs.modeling_v3.design.reference.test_math_contracts.ObservationTests" name="test_coefficient_error_penalty" time="0.000" /><testcase classname="docs.modeling_v3.design.reference.test_math_contracts.ObservationTests" name="test_drop_w_preserves_other_events" time="0.000" /><testcase classname="docs.modeling_v3.design.reference.test_math_contracts.ObservationTests" name="test_equal_projection_can_hurt_x" time="0.000" /><testcase classname="docs.modeling_v3.design.reference.test_math_contracts.ObservationTests" name="test_equal_projection_total_error" time="0.000" /><testcase classname="docs.modeling_v3.design.reference.test_math_contracts.ObservationTests" name="test_exact_signed_measure" time="0.000" /><testcase classname="docs.modeling_v3.design.reference.test_math_contracts.ObservationTests" name="test_extreme_log_ratio" time="0.000" /><testcase classname="docs.modeling_v3.design.reference.test_math_contracts.ObservationTests" name="test_fixed_b_unbiased" time="0.000" /><testcase classname="docs.modeling_v3.design.reference.test_math_contracts.ObservationTests" name="test_helmert_null_mass" time="0.000" /><testcase classname="docs.modeling_v3.design.reference.test_math_contracts.ObservationTests" name="test_helmert_orthonormal" time="0.000" /><testcase classname="docs.modeling_v3.design.reference.test_math_contracts.ObservationTests" name="test_identical_policy_exact_zero" time="0.000" /><testcase classname="docs.modeling_v3.design.reference.test_math_contracts.ObservationTests" name="test_mean_covariance_n" time="0.000" /><testcase classname="docs.modeling_v3.design.reference.test_math_contracts.ObservationTests" name="test_mixture_formula" time="0.000" /><testcase classname="docs.modeling_v3.design.reference.test_math_contracts.ObservationTests" name="test_noisy_lossless_four_numbers" time="0.000" /><testcase classname="docs.modeling_v3.design.reference.test_math_contracts.ObservationTests" name="test_oracle_coefficient_sum" time="0.000" /><testcase classname="docs.modeling_v3.design.reference.test_math_contracts.ObservationTests" name="test_oracle_covariance_formula" time="0.000" /><testcase classname="docs.modeling_v3.design.reference.test_math_contracts.ObservationTests" name="test_oracle_variance_never_increases" time="0.000" /><testcase classname="docs.modeling_v3.design.reference.test_math_contracts.ObservationTests" name="test_pilot_bound_and_sum" time="0.000" /><testcase classname="docs.modeling_v3.design.reference.test_math_contracts.ObservationTests" name="test_pilot_uninformative" time="0.000" /><testcase classname="docs.modeling_v3.design.reference.test_math_contracts.ObservationTests" name="test_preserve_xi" time="0.000" /><testcase classname="docs.modeling_v3.design.reference.test_math_contracts.ObservationTests" name="test_preserve_xi_is_zero_sum" time="0.000" /><testcase classname="docs.modeling_v3.design.reference.test_math_contracts.ObservationTests" name="test_probability_reject" time="0.000" /><testcase classname="docs.modeling_v3.design.reference.test_math_contracts.ObservationTests" name="test_qx_unknown" time="0.000" /><testcase classname="docs.modeling_v3.design.reference.test_math_contracts.ObservationTests" name="test_random_independent_b_covariance" time="0.000" /><testcase classname="docs.modeling_v3.design.reference.test_math_contracts.ObservationTests" name="test_small_log_ratio" time="0.000" /><testcase classname="docs.modeling_v3.design.reference.test_math_contracts.ObservationTests" name="test_support_failure" time="0.000" /><testcase classname="docs.modeling_v3.design.reference.test_math_contracts.ObservationTests" name="test_unknown_label" time="0.000" /><testcase classname="docs.modeling_v3.design.reference.test_math_contracts.CoverageTests" name="test_empty_excitation" time="0.000" /><testcase classname="docs.modeling_v3.design.reference.test_math_contracts.CoverageTests" name="test_equal_norm_unequal_vectors" time="0.000" /><testcase classname="docs.modeling_v3.design.reference.test_math_contracts.CoverageTests" name="test_full_valid_constant_cancels" time="0.000" /><testcase classname="docs.modeling_v3.design.reference.test_math_contracts.CoverageTests" name="test_in_span" time="0.000" /><testcase classname="docs.modeling_v3.design.reference.test_math_contracts.CoverageTests" name="test_no_x_gate_before_normalization" time="0.000" /><testcase classname="docs.modeling_v3.design.reference.test_math_contracts.CoverageTests" name="test_reference_noise_mse_identity" time="0.000" /><testcase classname="docs.modeling_v3.design.reference.test_math_contracts.CoverageTests" name="test_small_lambda_is_not_small_advantage" time="0.000" /><testcase classname="docs.modeling_v3.design.reference.test_math_contracts.CoverageTests" name="test_span_reconstruction" time="0.000" /><testcase classname="docs.modeling_v3.design.reference.test_math_contracts.CoverageTests" name="test_unidentifiable_pair" time="0.000" /><testcase classname="docs.modeling_v3.design.reference.test_math_contracts.CoverageTests" name="test_zero_query" time="0.000" /><testcase classname="docs.modeling_v3.design.reference.test_math_contracts.ProtocolTests" name="test_fork_counts" time="0.001" /><testcase classname="docs.modeling_v3.design.reference.test_math_contracts.ProtocolTests" name="test_independent_pilot" time="0.000" /><testcase classname="docs.modeling_v3.design.reference.test_math_contracts.ProtocolTests" name="test_no_predicted_reference_as_truth" time="0.000" /><testcase classname="docs.modeling_v3.design.reference.test_math_contracts.ProtocolTests" name="test_raw_baseline_kept" time="0.000" /><testcase classname="docs.modeling_v3.design.reference.test_math_contracts.ProtocolTests" name="test_seeds_disjoint" time="0.000" /><testcase classname="docs.modeling_v3.design.reference.test_math_contracts.ProtocolTests" name="test_source_counts" time="0.000" /><testcase classname="docs.modeling_v3.design.reference.test_math_contracts.ProtocolTests" name="test_true_reduction_required" time="0.000" /><testcase classname="docs.modeling_v3.design.reference.test_math_contracts.ProtocolTests" name="test_two_gpu_and_no_feedback" time="0.001" /></testsuite></testsuites>