<?xml version="1.0" encoding="utf-8"?><testsuites name="pytest tests"><testsuite name="pytest" errors="0" failures="0" skipped="0" tests="206" time="6.585" timestamp="2026-09-16T00:07:52.947034+08:00" hostname="LouisdeMacBook-Air.local"><testcase classname="tests.modeling_v3.test_artifact_workflow" name="test_unbound_acceptance_string_does_not_authorize_predictions" time="0.005" /><testcase classname="tests.modeling_v3.test_artifact_workflow" name="test_finite_unaccepted_predictions_remain_unknown" time="0.010" /><testcase classname="tests.modeling_v3.test_artifact_workflow" name="test_large_parameter_arrays_are_binary_payloads_not_json_lists" time="0.021" /><testcase classname="tests.modeling_v3.test_cli" name="test_plan_imports_no_model_and_submits_no_jobs" time="0.035" /><testcase classname="tests.modeling_v3.test_cli" name="test_train_and_forks_dispatch_keyword_contract[False]" time="0.005" /><testcase classname="tests.modeling_v3.test_cli" name="test_train_and_forks_dispatch_keyword_contract[True]" time="0.004" /><testcase classname="tests.modeling_v3.test_cli" name="test_gpu_without_flags_is_rejected_before_runtime" time="0.002" /><testcase classname="tests.modeling_v3.test_cli" name="test_failed_test_run_returns_nonzero" time="0.002" /><testcase classname="tests.modeling_v3.test_coverage_models" name="test_uncentered_geometry_zero_query_and_high_leverage" time="0.000" /><testcase classname="tests.modeling_v3.test_coverage_models" name="test_small_rho_does_not_certify_without_validation_and_target_excitation" time="0.000" /><testcase classname="tests.modeling_v3.test_coverage_models" name="test_nonidentifiability_witness_matches_fit_and_differs_at_query" time="0.000" /><testcase classname="tests.modeling_v3.test_coverage_models" name="test_block_selectors_are_geometry_only_and_retain_whole_bank" time="0.001" /><testcase classname="tests.modeling_v3.test_coverage_models" name="test_full_rank_rotation_equivalence_and_genuine_truncation[PCA]" time="0.000" /><testcase classname="tests.modeling_v3.test_coverage_models" name="test_full_rank_rotation_equivalence_and_genuine_truncation[RANDOM_Q]" time="0.000" /><testcase classname="tests.modeling_v3.test_coverage_models" name="test_full_rank_rotation_equivalence_and_genuine_truncation[RESPONSE_SVD]" time="0.000" /><testcase classname="tests.modeling_v3.test_coverage_models" name="test_full_rank_rotation_equivalence_and_genuine_truncation[GROUP_WEIGHTED_RESPONSE]" time="0.000" /><testcase classname="tests.modeling_v3.test_coverage_models" name="test_raw4_not_silently_projected_and_explicit_constraint_audited" time="0.000" /><testcase classname="tests.modeling_v3.test_coverage_models" name="test_group_primary_v_uses_negative_i_and_preserves_raw_mass_difference" time="0.000" /><testcase classname="tests.modeling_v3.test_coverage_models" name="test_joint_gls_matches_full_kronecker_objective_and_rotation" time="0.000" /><testcase classname="tests.modeling_v3.test_coverage_models" name="test_constrained_gls_fits_raw_likelihood_and_keeps_unconstrained_result" time="0.000" /><testcase classname="tests.modeling_v3.test_coverage_models" name="test_covariance_degeneracy_is_explicit_and_indefinite_covariance_rejected" time="0.000" /><testcase classname="tests.modeling_v3.test_coverage_models" name="test_same_norm_opposite_direction_is_not_same_response" time="0.000" /><testcase classname="tests.modeling_v3.test_coverage_models" name="test_selectors_zero_geometry_and_seed_reproducibility" time="0.001" /><testcase classname="tests.modeling_v3.test_coverage_models" name="test_fit_copies_caller_data_and_rejects_bad_shapes" time="0.000" /><testcase classname="tests.modeling_v3.test_coverage_models" name="test_zero_rank_models_unknown_while_zero_baseline_remains_scored" time="0.001" /><testcase classname="tests.modeling_v3.test_coverage_models" name="test_rbf_is_fitted_nonlinear_diagnostic_with_zero_origin" time="0.000" /><testcase classname="tests.modeling_v3.test_coverage_models" name="test_error_vectors_and_cross_terms_reconstruct_total_squared_error" time="0.000" /><testcase classname="tests.modeling_v3.test_cpu_campaign" name="test_frozen_cpu_matrix_and_disjoint_partition" time="0.449" /><testcase classname="tests.modeling_v3.test_cpu_campaign" name="test_actual_adam_forks_preserve_full_origin_and_safe_replay" time="0.501" /><testcase classname="tests.modeling_v3.test_cpu_campaign" name="test_immutable_resume_rejects_source_and_payload_changes" time="0.002" /><testcase classname="tests.modeling_v3.test_cpu_campaign" name="test_nested_manifest_tampering_and_unregistered_files_rejected" time="0.002" /><testcase classname="tests.modeling_v3.test_cpu_campaign" name="test_v3_seed_inventory_uses_directory_identity_without_opening_raw" time="0.002" /><testcase classname="tests.modeling_v3.test_cpu_campaign" name="test_large_campaign_refuses_local_mac_cpu" time="0.000" /><testcase classname="tests.modeling_v3.test_cpu_campaign" name="test_actual_observation_sampler_and_covariance" time="0.003" /><testcase classname="tests.modeling_v3.test_cpu_campaign" name="test_shrinkage_grid_uses_one_packet_and_prespecified_coefficients" time="0.001" /><testcase classname="tests.modeling_v3.test_cpu_campaign" name="test_alias_independent_counts_use_no_new_draws" time="0.000" /><testcase classname="tests.modeling_v3.test_cpu_campaign" name="test_random_response_basis_matches_estimators_and_nests_rank" time="0.000" /><testcase classname="tests.modeling_v3.test_cpu_campaign" name="test_crossfit_gls_rejected_before_measurement" time="0.000" /><testcase classname="tests.modeling_v3.test_cpu_campaign" name="test_analytic_cases_are_explicitly_separate_from_source_data" time="0.025" /><testcase classname="tests.modeling_v3.test_cpu_campaign" name="test_pilot_coverage_freezes_predictions_before_heldout" time="0.268" /><testcase classname="tests.modeling_v3.test_cpu_campaign" name="test_fixture_calibration_cannot_authorize_real_collection" time="0.000" /><testcase classname="tests.modeling_v3.test_cpu_campaign" name="test_historical_q1_keeps_original_bank_and_provenance" time="0.335" /><testcase classname="tests.modeling_v3.test_cpu_campaign" name="test_cpu_dependency_binding_excludes_unrelated_gpu_modules" time="0.001" /><testcase classname="tests.modeling_v3.test_cpu_results" name="test_calibration_twenty_seed_max_order_statistic_and_original_hashes" time="0.335" /><testcase classname="tests.modeling_v3.test_cpu_results" name="test_unknown_calibration_predictions_have_no_finite_radius" time="0.334" /><testcase classname="tests.modeling_v3.test_cpu_results" name="test_test_analysis_pools_raw_residuals_and_keeps_acceptance_separate" time="0.483" /><testcase classname="tests.modeling_v3.test_cpu_results" name="test_missing_matrix_and_tampered_original_rejected" time="0.048" /><testcase classname="tests.modeling_v3.test_cpu_results" name="test_too_few_calibration_seeds_and_fixture_cannot_authorize_test" time="0.070" /><testcase classname="tests.modeling_v3.test_cpu_results" name="test_unknown_test_predictions_keep_all_case_denominator_and_no_paired_inference" time="0.475" /><testcase classname="tests.modeling_v3.test_historical_observation" name="test_historical_selection_is_identity_only_and_balanced" time="0.001" /><testcase classname="tests.modeling_v3.test_historical_observation" name="test_original_theta_scoring_is_metered_and_consumable_by_observe_toy" time="0.278" /><testcase classname="tests.modeling_v3.test_historical_observation" name="test_missing_original_never_scores_or_publishes_complete" time="0.004" /><testcase classname="tests.modeling_v3.test_historical_observation" name="test_tampered_original_refused_before_scoring" time="0.003" /><testcase classname="tests.modeling_v3.test_historical_observation" name="test_cannot_publish_inside_historical_originals" time="0.002" /><testcase classname="tests.modeling_v3.test_infrastructure" name="test_immutable_attempt_resume_and_tamper" time="0.003" /><testcase classname="tests.modeling_v3.test_infrastructure" name="test_worker_and_incomplete_keys_rejected" time="0.001" /><testcase classname="tests.modeling_v3.test_infrastructure" name="test_statistics_keep_undefined_and_seed_units" time="0.000" /><testcase classname="tests.modeling_v3.test_infrastructure" name="test_resume_after_manifest_before_complete" time="0.003" /><testcase classname="tests.modeling_v3.test_infrastructure" name="test_unknown_string_is_not_an_acceptance_mask" time="0.000" /><testcase classname="tests.modeling_v3.test_infrastructure" name="test_selection_cannot_freeze_without_completed_development" time="0.000" /><testcase classname="tests.modeling_v3.test_infrastructure" name="test_selection_verifies_protocol_inventory_and_supported_combination[different_config]" time="0.009" /><testcase classname="tests.modeling_v3.test_infrastructure" name="test_selection_verifies_protocol_inventory_and_supported_combination[unregistered_file]" time="0.010" /><testcase classname="tests.modeling_v3.test_infrastructure" name="test_selection_verifies_protocol_inventory_and_supported_combination[crossfit_gls]" time="0.009" /><testcase classname="tests.modeling_v3.test_observation_geometry" name="test_helmert_and_noisy_raw_are_losslessly_invertible" time="0.000" /><testcase classname="tests.modeling_v3.test_observation_geometry" name="test_equal_l2_identity_does_not_imply_x_improves" time="0.000" /><testcase classname="tests.modeling_v3.test_observation_geometry" name="test_fixed_correction_preserves_requested_events[b0-unchanged0]" time="0.000" /><testcase classname="tests.modeling_v3.test_observation_geometry" name="test_fixed_correction_preserves_requested_events[b1-unchanged1]" time="0.000" /><testcase classname="tests.modeling_v3.test_observation_geometry" name="test_stable_weights_extremes_and_nearly_equal" time="0.000" /><testcase classname="tests.modeling_v3.test_observation_geometry" name="test_three_policy_bound_is_three_not_two" time="0.000" /><testcase classname="tests.modeling_v3.test_observation_geometry" name="test_mixture_sources_use_one_iid_draw_each_not_balanced_quota" time="0.000" /><testcase classname="tests.modeling_v3.test_observation_geometry" name="test_raw_estimate_is_unprojected_with_singleton_covariance_unavailable" time="0.000" /><testcase classname="tests.modeling_v3.test_observation_geometry" name="test_joint_covariance_keeps_shared_and_alias_correlations" time="0.000" /><testcase classname="tests.modeling_v3.test_observation_geometry" name="test_batch_rejects_identity_support_and_alias_inconsistency" time="0.000" /><testcase classname="tests.modeling_v3.test_observation_geometry" name="test_oracle_covariance_and_coefficient_error_identities" time="0.001" /><testcase classname="tests.modeling_v3.test_observation_geometry" name="test_zero_mass_variance_and_insufficient_pilot_are_explicit" time="0.000" /><testcase classname="tests.modeling_v3.test_observation_geometry" name="test_pilot_shrink_l1_and_raw_coefficient_receipt" time="0.000" /><testcase classname="tests.modeling_v3.test_observation_geometry" name="test_pilot_cannot_use_main_draws_or_rng_or_wrong_prompt" time="0.000" /><testcase classname="tests.modeling_v3.test_observation_geometry" name="test_same_cost_baselines_use_all_draws_and_keep_paired_subset" time="0.001" /><testcase classname="tests.modeling_v3.test_observation_geometry" name="test_finite_pilot_uncertainty_can_exceed_raw_variance" time="0.000" /><testcase classname="tests.modeling_v3.test_observation_geometry" name="test_crossfit_refuses_naive_independent_fold_covariance" time="0.006" /><testcase classname="tests.modeling_v3.test_observation_geometry" name="test_crossfit_mean_unbiased_by_small_full_enumeration" time="0.094" /><testcase classname="tests.modeling_v3.test_observation_geometry" name="test_exhaustive_events_and_nonfinite_contributions_are_not_dropped" time="0.000" /><testcase classname="tests.modeling_v3.test_observation_geometry" name="test_primary_validity_is_consistently_minus_i_and_preserved" time="0.000" /><testcase classname="tests.modeling_v3.test_observation_geometry" name="test_actual_finite_pilot_covariance_penalty_by_enumeration" time="0.001" /><testcase classname="tests.modeling_v3.test_observation_geometry" name="test_covariance_rejects_invalid_matrix_and_divisor" time="0.000" /><testcase classname="tests.modeling_v3.test_observation_geometry" name="test_join_shared_banks_preserves_joint_correlation_and_rejects_token_mismatch" time="0.000" /><testcase classname="tests.modeling_v3.test_q1_results" name="test_recompute_raw_residuals_coefficient_variance_mass_and_timings" time="0.026" /><testcase classname="tests.modeling_v3.test_q1_results" name="test_missing_receipts_do_not_turn_into_zero_cost_or_zero_fallback" time="0.020" /><testcase classname="tests.modeling_v3.test_q1_results" name="test_original_tampering_rejected" time="0.008" /><testcase classname="tests.modeling_v3.test_q1_results" name="test_pooled_quantiles_recomputed_across_distinct_units" time="0.036" /><testcase classname="tests.modeling_v3.test_q1_results" name="test_missing_original_estimate_is_not_inferred_from_results" time="0.019" /><testcase classname="tests.modeling_v3.test_q1_results" name="test_original_output_overlap_rejected_without_modifying_original" time="0.009" /><testcase classname="tests.modeling_v3.test_q1_results" name="test_partial_publication_resume_is_idempotent_and_derived_tamper_rejected" time="0.030" /><testcase classname="tests.modeling_v3.test_q1_results" name="test_signed_validity_and_variance_decomposition_are_not_group_averages" time="0.000" /><testcase classname="tests.modeling_v3.test_q1_results" name="test_full_analysis_rejects_local_and_pilot_before_work" time="0.000" /><testcase classname="tests.modeling_v3.test_server_preparation" name="test_gpu_preparation_rejects_nonserver_acceptance_before_other_inputs[provenance0]" time="0.000" /><testcase classname="tests.modeling_v3.test_server_preparation" name="test_gpu_preparation_rejects_nonserver_acceptance_before_other_inputs[provenance1]" time="0.000" /><testcase classname="tests.modeling_v3.test_server_preparation" name="test_gpu_preparation_rejects_nonserver_acceptance_before_other_inputs[provenance2]" time="0.000" /><testcase classname="tests.modeling_v3.test_server_preparation" name="test_gpu_preparation_rejects_nonserver_acceptance_before_other_inputs[provenance3]" time="0.000" /><testcase classname="tests.modeling_v3.test_server_preparation" name="test_pending_q4_authorization_cannot_reach_runtime" time="0.008" /><testcase classname="tests.modeling_v3.test_server_preparation" name="test_q4_authorization_preserves_prepared_stage_and_binds_reviewed_handoff" time="0.019" /><testcase classname="tests.modeling_v3.test_source_audit" name="test_missing_input_stays_missing_without_summary_reconstruction" time="0.003" /><testcase classname="tests.modeling_v3.test_source_audit" name="test_original_packet_replay_all_active_and_r_equals_k" time="0.439" /><testcase classname="tests.modeling_v3.test_source_audit" name="test_changed_original_does_not_pass_and_no_original_is_overwritten" time="0.012" /><testcase classname="tests.modeling_v3.test_source_audit" name="test_missing_primitive_never_falls_back_to_cached_summary_arrays" time="0.015" /><testcase classname="tests.modeling_v3.test_source_audit" name="test_paths_and_output_never_escape_or_overwrite_inputs" time="0.001" /><testcase classname="tests.modeling_v3.test_source_audit" name="test_raw_validity_must_not_silently_become_minus_invalid" time="0.000" /><testcase classname="tests.modeling_v3.test_source_audit" name="test_equivalence_requires_same_calibration_and_preserves_nontruncation" time="0.000" /><testcase classname="tests.modeling_v3.test_source_audit" name="test_inactive_squared_sums_retain_unknown_denominator" time="0.000" /><testcase classname="tests.modeling_v3.test_tracking_offline" name="test_every_step_fixed_basis_and_path_does_not_change_point_prediction" time="0.000" /><testcase classname="tests.modeling_v3.test_tracking_offline" name="test_unknown_not_zero_or_safe_and_horizon_requires_intermediates" time="0.000" /><testcase classname="tests.modeling_v3.test_tracking_offline" name="test_no_pointwise_qualification_no_references_read" time="0.001" /><testcase classname="tests.modeling_v3.test_tracking_offline" name="test_intermediate_error_survives_zero_endpoint_and_reference_uncertainty" time="0.001" /><testcase classname="tests.modeling_v3.test_tracking_offline" name="test_basis_change_nonorthogonal_and_missing_vlm_uncertainty_rejected" time="0.001" /><testcase classname="tests.modeling_v3.test_vlm_campaign" name="test_no_model_planner_source_budget_and_two_workers" time="0.043" /><testcase classname="tests.modeling_v3.test_vlm_campaign" name="test_512_balanced_positions_and_unique_bank_partition" time="0.067" /><testcase classname="tests.modeling_v3.test_vlm_campaign" name="test_source_arms_share_hash_initialization_but_seeds_differ" time="0.003" /><testcase classname="tests.modeling_v3.test_vlm_campaign" name="test_authorization_is_checked_before_model_import_or_bound_files" time="0.001" /><testcase classname="tests.modeling_v3.test_vlm_campaign" name="test_actual_cpu_adam_source_restores_resume_and_tamper_detection" time="0.154" /><testcase classname="tests.modeling_v3.test_vlm_campaign" name="test_source_failure_preserves_partial_and_resumes_exact_origin" time="0.100" /><testcase classname="tests.modeling_v3.test_vlm_campaign" name="test_same_full_origin_forks_save_actual_e_and_leave_source_untouched" time="0.170" /><testcase classname="tests.modeling_v3.test_vlm_campaign" name="test_measured_estimate_charges_multitoken_scoring_and_checkpoint_storage" time="0.000" /><testcase classname="tests.modeling_v3.test_vlm_campaign" name="test_runtime_identity_has_no_observation_whitelist_hash_cycle" time="0.001" /><testcase classname="tests.modeling_v3.test_vlm_campaign" name="test_q5_role_and_authorization_ancestry_are_independently_checked" time="0.002" /><testcase classname="tests.modeling_v3.test_vlm_campaign" name="test_q5_task_plan_separates_pilot_main_reference_and_charges_direct" time="0.002" /><testcase classname="tests.modeling_v3.test_vlm_campaign" name="test_fresh_probe_panel_excludes_old_s1_and_refuses_insufficient_control" time="0.027" /><testcase classname="tests.modeling_v3.test_vlm_campaign" name="test_q5_preparation_commands_parse_actual_cli_and_freeze_full_role" time="0.019" /><testcase classname="tests.modeling_v3.test_vlm_campaign" name="test_q5_completion_rejects_manual_pass_and_keeps_partial_matrix_incomplete" time="0.005" /><testcase classname="tests.modeling_v3.test_vlm_campaign" name="test_q5_prediction_and_unresolved_evaluation_complete_only_as_engineering" time="0.004" /><testcase classname="tests.modeling_v3.test_vlm_campaign" name="test_q5_observation_preparation_binds_completed_generation_and_cli" time="0.229" /><testcase classname="tests.modeling_v3.test_vlm_campaign" name="test_reference_extensions_follow_registered_looks_and_preserve_independent_stream" time="0.001" /><testcase classname="tests.modeling_v3.test_vlm_campaign" name="test_mandatory_mixture_targets_only_failed_units_and_never_redraws_prior_packet" time="0.000" /><testcase classname="tests.modeling_v3.test_vlm_campaign" name="test_reference_continuation_rejects_rank_based_or_unfinished_precision_receipt" time="0.002" /><testcase classname="tests.modeling_v3.test_vlm_campaign" name="test_reference_extension_cpu_entrypoint_emits_actual_next_range_and_bound_stage" time="0.049" /><testcase classname="tests.modeling_v3.test_vlm_observation" name="test_reference_overflowing_second_moments_remain_serializable_unresolved" time="0.000" /><testcase classname="tests.modeling_v3.test_vlm_observation" name="test_import_does_not_load_model_runtime" time="0.026" /><testcase classname="tests.modeling_v3.test_vlm_observation" name="test_eos_truncation_sampled_pad_and_invalid_parse_retained" time="0.000" /><testcase classname="tests.modeling_v3.test_vlm_observation" name="test_tolerance_required_before_generation_and_identity_check" time="0.000" /><testcase classname="tests.modeling_v3.test_vlm_observation" name="test_rng_roles_disjoint_and_mix_iid_not_balanced_halves" time="0.001" /><testcase classname="tests.modeling_v3.test_vlm_observation" name="test_mix_raw_matches_probability_difference_extremes_and_origin_not_clipped" time="0.001" /><testcase classname="tests.modeling_v3.test_vlm_observation" name="test_reference_multilook_predeclared_empirical_and_formal_distinct" time="0.001" /><testcase classname="tests.modeling_v3.test_vlm_observation" name="test_cross_gpu_null_checks_policy_action_runtime_and_thresholds" time="0.000" /><testcase classname="tests.modeling_v3.test_vlm_observation" name="test_semantic_strings_are_event_subset_and_aliases_not_independent_draws" time="0.000" /><testcase classname="tests.modeling_v3.test_vlm_observation" name="test_generation_scoring_resume_original_shards_and_candidate_grouping" time="0.008" /><testcase classname="tests.modeling_v3.test_vlm_observation" name="test_oom_resume_missing_only_partial_shard_retained" time="0.004" /><testcase classname="tests.modeling_v3.test_vlm_observation" name="test_manifest_mutation_duplicate_input_tamper_and_worker_ownership" time="0.001" /><testcase classname="tests.modeling_v3.test_vlm_observation" name="test_returned_generation_fault_retained" time="0.002" /><testcase classname="tests.modeling_v3.test_vlm_observation" name="test_mix_packet_binds_actual_endpoint_pair_and_refuses_pooled_prompts" time="0.004" /><testcase classname="tests.modeling_v3.test_vlm_observation" name="test_resumed_partial_shards_can_be_scored_and_second_writer_excluded" time="0.007" /><testcase classname="tests.modeling_v3.test_vlm_observation" name="test_cli_authorization_precedes_any_model_import" time="0.025" /><testcase classname="tests.modeling_v3.test_vlm_observation" name="test_known_action_baseline_rejects_unterminated_prefixes" time="0.000" /><testcase classname="tests.modeling_v3.test_vlm_observation" name="test_exact_policy_aliases_reuse_physical_scores_and_keep_alias_receipt" time="0.009" /><testcase classname="tests.modeling_v3.test_vlm_observation" name="test_paid_fault_calls_remain_in_counters" time="0.002" /><testcase classname="tests.modeling_v3.test_vlm_observation" name="test_known_string_baseline_is_actual_scoring_without_fabricated_sampling" time="0.000" /><testcase classname="tests.modeling_v3.test_vlm_observation" name="test_q4_analysis_runs_geometry_direct_and_independent_noisy_references" time="0.121" /><testcase classname="tests.modeling_v3.test_vlm_response" name="test_actual_shards_geometry_fit_prediction_then_independent_evaluation" time="0.398" /><testcase classname="tests.modeling_v3.test_vlm_response" name="test_geometry_never_reads_heldout_vectors" time="0.048" /><testcase classname="tests.modeling_v3.test_vlm_response" name="test_unselected_and_heldout_score_shards_unopened_before_freeze" time="0.181" /><testcase classname="tests.modeling_v3.test_vlm_response" name="test_missing_prediction_lock_refused_before_reference_access" time="0.000" /><testcase classname="tests.modeling_v3.test_vlm_response" name="test_real_vectors_reject_local_cpu_and_fixture_cannot_launder_real" time="0.032" /><testcase classname="tests.modeling_v3.test_vlm_response" name="test_vector_payload_identity_cannot_be_rebound_by_file_hash" time="0.031" /><testcase classname="tests.modeling_v3.test_vlm_response" name="test_reference_batches_merge_only_contiguous_cumulative_streams" time="0.191" /><testcase classname="docs.modeling_v3.design.reference.test_math_contracts.ObservationTests" name="test_coefficient_error_penalty" time="0.000" /><testcase classname="docs.modeling_v3.design.reference.test_math_contracts.ObservationTests" name="test_drop_w_preserves_other_events" time="0.000" /><testcase classname="docs.modeling_v3.design.reference.test_math_contracts.ObservationTests" name="test_equal_projection_can_hurt_x" time="0.000" /><testcase classname="docs.modeling_v3.design.reference.test_math_contracts.ObservationTests" name="test_equal_projection_total_error" time="0.000" /><testcase classname="docs.modeling_v3.design.reference.test_math_contracts.ObservationTests" name="test_exact_signed_measure" time="0.000" /><testcase classname="docs.modeling_v3.design.reference.test_math_contracts.ObservationTests" name="test_extreme_log_ratio" time="0.000" /><testcase classname="docs.modeling_v3.design.reference.test_math_contracts.ObservationTests" name="test_fixed_b_unbiased" time="0.000" /><testcase classname="docs.modeling_v3.design.reference.test_math_contracts.ObservationTests" name="test_helmert_null_mass" time="0.000" /><testcase classname="docs.modeling_v3.design.reference.test_math_contracts.ObservationTests" name="test_helmert_orthonormal" time="0.000" /><testcase classname="docs.modeling_v3.design.reference.test_math_contracts.ObservationTests" name="test_identical_policy_exact_zero" time="0.000" /><testcase classname="docs.modeling_v3.design.reference.test_math_contracts.ObservationTests" name="test_mean_covariance_n" time="0.000" /><testcase classname="docs.modeling_v3.design.reference.test_math_contracts.ObservationTests" name="test_mixture_formula" time="0.000" /><testcase classname="docs.modeling_v3.design.reference.test_math_contracts.ObservationTests" name="test_noisy_lossless_four_numbers" time="0.000" /><testcase classname="docs.modeling_v3.design.reference.test_math_contracts.ObservationTests" name="test_oracle_coefficient_sum" time="0.000" /><testcase classname="docs.modeling_v3.design.reference.test_math_contracts.ObservationTests" name="test_oracle_covariance_formula" time="0.000" /><testcase classname="docs.modeling_v3.design.reference.test_math_contracts.ObservationTests" name="test_oracle_variance_never_increases" time="0.000" /><testcase classname="docs.modeling_v3.design.reference.test_math_contracts.ObservationTests" name="test_pilot_bound_and_sum" time="0.000" /><testcase classname="docs.modeling_v3.design.reference.test_math_contracts.ObservationTests" name="test_pilot_uninformative" time="0.000" /><testcase classname="docs.modeling_v3.design.reference.test_math_contracts.ObservationTests" name="test_preserve_xi" time="0.000" /><testcase classname="docs.modeling_v3.design.reference.test_math_contracts.ObservationTests" name="test_preserve_xi_is_zero_sum" time="0.000" /><testcase classname="docs.modeling_v3.design.reference.test_math_contracts.ObservationTests" name="test_probability_reject" time="0.000" /><testcase classname="docs.modeling_v3.design.reference.test_math_contracts.ObservationTests" name="test_qx_unknown" time="0.000" /><testcase classname="docs.modeling_v3.design.reference.test_math_contracts.ObservationTests" name="test_random_independent_b_covariance" time="0.000" /><testcase classname="docs.modeling_v3.design.reference.test_math_contracts.ObservationTests" name="test_small_log_ratio" time="0.000" /><testcase classname="docs.modeling_v3.design.reference.test_math_contracts.ObservationTests" name="test_support_failure" time="0.000" /><testcase classname="docs.modeling_v3.design.reference.test_math_contracts.ObservationTests" name="test_unknown_label" time="0.000" /><testcase classname="docs.modeling_v3.design.reference.test_math_contracts.CoverageTests" name="test_empty_excitation" time="0.000" /><testcase classname="docs.modeling_v3.design.reference.test_math_contracts.CoverageTests" name="test_equal_norm_unequal_vectors" time="0.000" /><testcase classname="docs.modeling_v3.design.reference.test_math_contracts.CoverageTests" name="test_full_valid_constant_cancels" time="0.000" /><testcase classname="docs.modeling_v3.design.reference.test_math_contracts.CoverageTests" name="test_in_span" time="0.000" /><testcase classname="docs.modeling_v3.design.reference.test_math_contracts.CoverageTests" name="test_no_x_gate_before_normalization" time="0.000" /><testcase classname="docs.modeling_v3.design.reference.test_math_contracts.CoverageTests" name="test_reference_noise_mse_identity" time="0.000" /><testcase classname="docs.modeling_v3.design.reference.test_math_contracts.CoverageTests" name="test_small_lambda_is_not_small_advantage" time="0.000" /><testcase classname="docs.modeling_v3.design.reference.test_math_contracts.CoverageTests" name="test_span_reconstruction" time="0.000" /><testcase classname="docs.modeling_v3.design.reference.test_math_contracts.CoverageTests" name="test_unidentifiable_pair" time="0.000" /><testcase classname="docs.modeling_v3.design.reference.test_math_contracts.CoverageTests" name="test_zero_query" time="0.000" /><testcase classname="docs.modeling_v3.design.reference.test_math_contracts.ProtocolTests" name="test_fork_counts" time="0.001" /><testcase classname="docs.modeling_v3.design.reference.test_math_contracts.ProtocolTests" name="test_independent_pilot" time="0.000" /><testcase classname="docs.modeling_v3.design.reference.test_math_contracts.ProtocolTests" name="test_no_predicted_reference_as_truth" time="0.000" /><testcase classname="docs.modeling_v3.design.reference.test_math_contracts.ProtocolTests" name="test_raw_baseline_kept" time="0.000" /><testcase classname="docs.modeling_v3.design.reference.test_math_contracts.ProtocolTests" name="test_seeds_disjoint" time="0.000" /><testcase classname="docs.modeling_v3.design.reference.test_math_contracts.ProtocolTests" name="test_source_counts" time="0.000" /><testcase classname="docs.modeling_v3.design.reference.test_math_contracts.ProtocolTests" name="test_true_reduction_required" time="0.000" /><testcase classname="docs.modeling_v3.design.reference.test_math_contracts.ProtocolTests" name="test_two_gpu_and_no_feedback" time="0.000" /></testsuite></testsuites>