{"meta": {"format": 3, "version": "7.15.4", "timestamp": "2026-08-14T09:21:23.679923", "branch_coverage": true, "show_contexts": false}, "files": {"scripts/audit_dataset.py": {"executed_lines": [4, 6, 7, 8, 9, 10, 11, 12, 13, 14, 15, 16, 17, 18, 19, 20, 23, 26, 27, 28, 29, 32, 33, 34, 35, 36, 37, 38, 39, 40, 41, 44, 45, 46, 47, 49, 50, 55, 56, 59, 60, 61, 63, 66, 67, 68, 69, 71, 72, 75, 76, 78, 79, 85, 86, 87, 88, 89, 90, 91, 92, 94, 96, 97, 98, 99, 100, 103, 104, 105, 110, 111, 113, 114, 117, 119, 120, 122, 123, 125, 128, 129, 130, 131, 132, 133, 134, 135, 137, 138, 141, 142, 144, 145, 146, 148, 150, 155, 156, 161, 162, 163, 164, 165, 166, 169, 170, 171, 174, 175, 176, 181, 182, 183, 184, 185, 188, 190, 193, 194, 195, 196, 197, 198, 203, 204, 206, 209, 210, 211, 212, 213, 214, 217, 218, 219, 220, 221, 228, 229, 230, 231, 232, 234, 238, 239, 240, 245, 246, 247, 248, 249, 250, 251, 252, 255, 256, 257, 258, 259, 260, 261, 262, 263, 264, 265, 266, 268, 269, 270, 274, 275, 277, 285, 286, 295, 296, 297, 301, 302, 303, 304, 305, 307, 308, 309, 310, 311, 313, 316, 322, 324, 329, 331, 332, 333, 334, 336, 337, 338, 339, 340, 345, 348, 357, 365, 366, 367, 375, 377, 391, 392, 393, 394, 398, 400, 402, 403, 404, 405, 406, 407, 408, 409, 410, 414, 415, 417, 419, 421, 428, 430, 432, 438, 440, 441, 443, 444, 448, 461, 464, 467, 468, 469, 471, 472, 473, 474, 476, 478, 479, 486, 489, 497, 498, 499, 501, 502, 503, 504, 513, 514, 515, 516, 517, 518, 521, 526, 527, 531, 532, 533, 536, 538, 539, 540, 541, 542, 547, 549, 552, 556, 557, 558, 559, 562, 570, 577, 579, 580, 584, 585, 590, 593, 599, 609, 623, 624, 625, 626, 636, 639, 643, 649, 654, 661, 669, 680, 693, 699, 700, 702, 708, 709, 710, 711, 712, 713, 721, 722, 724, 725, 727, 728, 729, 730, 731, 732, 734, 735, 737, 738, 739, 740, 741, 742, 743, 744, 745, 746, 747, 755, 756, 757, 760, 761, 762, 763, 764, 765, 766, 767, 768, 771, 772, 773, 776, 784, 799, 800, 804, 808, 820, 823, 825, 826, 829, 830, 831, 832, 833, 834, 837, 838, 839, 842, 843, 844, 845, 847, 854, 857, 861, 862, 864, 865, 866, 867, 872, 873, 874, 875, 876, 877, 878, 879, 883, 884, 885, 886, 891, 892, 899, 902, 903, 904, 908, 915, 917, 918, 922, 923, 924, 926, 934, 947, 953, 955, 956, 957, 965, 966, 967, 968, 969, 970, 974, 983, 984, 985, 986, 987, 988, 989, 990, 991, 992, 993, 994, 995, 996, 999, 1000, 1001, 1002, 1003, 1004, 1005, 1008, 1023, 1024, 1025, 1026, 1037, 1040, 1042, 1044, 1045, 1046, 1047, 1048, 1049, 1050, 1051, 1053, 1054, 1055, 1056, 1063, 1064, 1065, 1066, 1067, 1068, 1069, 1070, 1076, 1077, 1078, 1079, 1081, 1082, 1083, 1085, 1090, 1091, 1096, 1101, 1103, 1104, 1108, 1113, 1121, 1123, 1124, 1147, 1148, 1149, 1155, 1156, 1161, 1164, 1168, 1175, 1180, 1185, 1190, 1191, 1192, 1194, 1195, 1197, 1198, 1199, 1205, 1206, 1207, 1213, 1214, 1215, 1216, 1223, 1228, 1230, 1231, 1233, 1234, 1235, 1241, 1242, 1243, 1244, 1256, 1257, 1261, 1262, 1263, 1264, 1268, 1269, 1270, 1271, 1272, 1273, 1274, 1276, 1277, 1278, 1279, 1280, 1281, 1282, 1283, 1284, 1285, 1286, 1287, 1289, 1295, 1296, 1297, 1298, 1299, 1300, 1301, 1304, 1305, 1306, 1317, 1318, 1319, 1323, 1331, 1338, 1339, 1343, 1350, 1355, 1356, 1360, 1372, 1376, 1388, 1444, 1445, 1447, 1474, 1475, 1478, 1484, 1485, 1487, 1489, 1490, 1491, 1499, 1500, 1501, 1502, 1544, 1545, 1549, 1550, 1551, 1558, 1559, 1566, 1572, 1582, 1583, 1584, 1585, 1586, 1587, 1593, 1596, 1597], "summary": {"covered_lines": 617, "num_statements": 698, "percent_covered": 84.43983402489627, "percent_covered_display": "84", "missing_lines": 81, "excluded_lines": 0, "percent_statements_covered": 88.39541547277938, "percent_statements_covered_display": "88", "num_branches": 266, "num_partial_branches": 69, "covered_branches": 197, "missing_branches": 69, "percent_branches_covered": 74.06015037593986, "percent_branches_covered_display": "74"}, "missing_lines": [30, 31, 48, 51, 52, 62, 70, 77, 93, 95, 112, 115, 116, 118, 121, 124, 136, 143, 147, 149, 167, 168, 186, 187, 189, 199, 200, 205, 235, 242, 267, 271, 276, 292, 306, 312, 328, 330, 335, 376, 399, 401, 416, 418, 420, 427, 429, 431, 437, 439, 442, 470, 475, 477, 537, 548, 642, 648, 805, 835, 836, 840, 841, 846, 887, 890, 916, 925, 1043, 1052, 1084, 1102, 1122, 1150, 1179, 1184, 1193, 1232, 1240, 1255, 1260], "excluded_lines": [], "executed_branches": [[34, 35], [34, 36], [36, 37], [36, 38], [47, 49], [61, 63], [68, 69], [68, 72], [69, 71], [76, 78], [89, 90], [89, 100], [92, 94], [94, 96], [96, 97], [96, 98], [98, 89], [98, 99], [110, 111], [110, 123], [111, 113], [117, 119], [120, 122], [123, 125], [131, 132], [131, 138], [132, 133], [132, 134], [135, 137], [142, 144], [146, 148], [148, 150], [169, 170], [169, 171], [188, 190], [204, 206], [212, 213], [212, 214], [234, -217], [239, 240], [248, 249], [248, 269], [251, 252], [251, 256], [259, 260], [264, 265], [264, 268], [266, 264], [269, -245], [269, 270], [270, 269], [275, 277], [286, -274], [302, 303], [302, 308], [303, 304], [303, 313], [305, 307], [308, 309], [308, 311], [309, 310], [309, 313], [311, 313], [324, 329], [329, 331], [332, 333], [332, 334], [334, 336], [365, 366], [365, 367], [375, 377], [393, 394], [393, 398], [398, 400], [400, 402], [410, 414], [410, 415], [415, 417], [417, 419], [419, 421], [421, 428], [428, 430], [430, 432], [432, 438], [438, 440], [441, 443], [469, 471], [472, 473], [472, 479], [474, 476], [476, 478], [503, 504], [503, 514], [514, 515], [514, 538], [526, 527], [526, 531], [531, 514], [531, 532], [532, 533], [532, 536], [536, 514], [538, 539], [538, 559], [539, 538], [539, 540], [540, 541], [540, 542], [547, 549], [557, 539], [557, 558], [625, 626], [625, 649], [639, 643], [643, 625], [710, 711], [710, 722], [729, 730], [729, 732], [740, 741], [740, 755], [741, 740], [741, 742], [744, 745], [744, 746], [761, 762], [761, 766], [762, 761], [762, 763], [764, 762], [764, 765], [767, 768], [767, 773], [768, 767], [768, 771], [799, 800], [799, 804], [804, 808], [831, 832], [831, 847], [834, 837], [839, 842], [843, 844], [843, 845], [845, 831], [866, 867], [866, 924], [872, 866], [872, 873], [873, 874], [873, 875], [878, 879], [878, 903], [879, 883], [879, 884], [886, 891], [915, 917], [917, 918], [917, 922], [922, 872], [922, 923], [924, 926], [969, 970], [969, 1000], [988, 989], [988, 990], [991, 969], [991, 992], [1000, 1001], [1042, 1044], [1046, 1047], [1046, 1056], [1051, 1053], [1083, 1085], [1090, 1091], [1090, 1096], [1101, 1103], [1103, 1104], [1103, 1108], [1121, 1123], [1149, 1155], [1175, 1180], [1180, 1185], [1185, 1190], [1185, 1191], [1192, 1197], [1231, 1233], [1235, 1241], [1244, 1256], [1257, 1261], [1280, 1281], [1280, 1289], [1281, 1280], [1281, 1282], [1284, 1285], [1596, -1], [1596, 1597]], "missing_branches": [[47, 48], [61, 62], [69, 70], [76, 77], [92, 93], [94, 95], [111, 112], [117, 118], [120, 121], [123, 124], [135, 136], [142, 143], [146, 147], [148, 149], [188, 189], [204, 205], [234, 235], [239, 242], [259, 261], [266, 267], [270, 271], [275, 276], [286, 292], [305, 306], [311, 312], [324, 328], [329, 330], [334, 335], [375, 376], [398, 399], [400, 401], [415, 416], [417, 418], [419, 420], [421, 427], [428, 429], [430, 431], [432, 437], [438, 439], [441, 442], [469, 470], [474, 475], [476, 477], [536, 537], [547, 548], [639, 642], [643, 648], [804, 805], [834, 835], [839, 840], [845, 846], [886, 887], [915, 916], [924, 925], [1000, 1008], [1042, 1043], [1051, 1052], [1083, 1084], [1101, 1102], [1121, 1122], [1149, 1150], [1175, 1179], [1180, 1184], [1192, 1193], [1231, 1232], [1235, 1240], [1244, 1255], [1257, 1260], [1284, 1286]], "functions": {"_open_regular_file": {"executed_lines": [26, 27, 28, 29, 32, 33, 34, 35, 36, 37, 38, 39, 40, 41], "summary": {"covered_lines": 14, "num_statements": 16, "percent_covered": 90.0, "percent_covered_display": "90", "missing_lines": 2, "excluded_lines": 0, "percent_statements_covered": 87.5, "percent_statements_covered_display": "88", "num_branches": 4, "num_partial_branches": 0, "covered_branches": 4, "missing_branches": 0, "percent_branches_covered": 100.0, "percent_branches_covered_display": "100"}, "missing_lines": [30, 31], "excluded_lines": [], "start_line": 23, "executed_branches": [[34, 35], [34, 36], [36, 37], [36, 38]], "missing_branches": []}, "_read_regular_text": {"executed_lines": [45, 46, 47, 49, 50], "summary": {"covered_lines": 5, "num_statements": 8, "percent_covered": 60.0, "percent_covered_display": "60", "missing_lines": 3, "excluded_lines": 0, "percent_statements_covered": 62.5, "percent_statements_covered_display": "62", "num_branches": 2, "num_partial_branches": 1, "covered_branches": 1, "missing_branches": 1, "percent_branches_covered": 50.0, "percent_branches_covered_display": "50"}, "missing_lines": [48, 51, 52], "excluded_lines": [], "start_line": 44, "executed_branches": [[47, 49]], "missing_branches": [[47, 48]]}, "_reject_constant": {"executed_lines": [56], "summary": {"covered_lines": 1, "num_statements": 1, "percent_covered": 100.0, "percent_covered_display": "100", "missing_lines": 0, "excluded_lines": 0, "percent_statements_covered": 100.0, "percent_statements_covered_display": "100", "num_branches": 0, "num_partial_branches": 0, "covered_branches": 0, "missing_branches": 0, "percent_branches_covered": 100.0, "percent_branches_covered_display": "100"}, "missing_lines": [], "excluded_lines": [], "start_line": 55, "executed_branches": [], "missing_branches": []}, "_finite_float": {"executed_lines": [60, 61, 63], "summary": {"covered_lines": 3, "num_statements": 4, "percent_covered": 66.66666666666667, "percent_covered_display": "67", "missing_lines": 1, "excluded_lines": 0, "percent_statements_covered": 75.0, "percent_statements_covered_display": "75", "num_branches": 2, "num_partial_branches": 1, "covered_branches": 1, "missing_branches": 1, "percent_branches_covered": 50.0, "percent_branches_covered_display": "50"}, "missing_lines": [62], "excluded_lines": [], "start_line": 59, "executed_branches": [[61, 63]], "missing_branches": [[61, 62]]}, "_unique_object": {"executed_lines": [67, 68, 69, 71, 72], "summary": {"covered_lines": 5, "num_statements": 6, "percent_covered": 80.0, "percent_covered_display": "80", "missing_lines": 1, "excluded_lines": 0, "percent_statements_covered": 83.33333333333333, "percent_statements_covered_display": "83", "num_branches": 4, "num_partial_branches": 1, "covered_branches": 3, "missing_branches": 1, "percent_branches_covered": 75.0, "percent_branches_covered_display": "75"}, "missing_lines": [70], "excluded_lines": [], "start_line": 66, "executed_branches": [[68, 69], [68, 72], [69, 71]], "missing_branches": [[69, 70]]}, "_strict_json": {"executed_lines": [76, 78, 79, 85, 86, 87, 88, 89, 90, 91, 92, 94, 96, 97, 98, 99, 100], "summary": {"covered_lines": 17, "num_statements": 20, "percent_covered": 81.25, "percent_covered_display": "81", "missing_lines": 3, "excluded_lines": 0, "percent_statements_covered": 85.0, "percent_statements_covered_display": "85", "num_branches": 12, "num_partial_branches": 3, "covered_branches": 9, "missing_branches": 3, "percent_branches_covered": 75.0, "percent_branches_covered_display": "75"}, "missing_lines": [77, 93, 95], "excluded_lines": [], "start_line": 75, "executed_branches": [[76, 78], [89, 90], [89, 100], [92, 94], [94, 96], [96, 97], [96, 98], [98, 89], [98, 99]], "missing_branches": [[76, 77], [92, 93], [94, 95]]}, "_strict_jsonl": {"executed_lines": [104, 105, 110, 111, 113, 114, 117, 119, 120, 122, 123, 125], "summary": {"covered_lines": 12, "num_statements": 18, "percent_covered": 64.28571428571429, "percent_covered_display": "64", "missing_lines": 6, "excluded_lines": 0, "percent_statements_covered": 66.66666666666667, "percent_statements_covered_display": "67", "num_branches": 10, "num_partial_branches": 4, "covered_branches": 6, "missing_branches": 4, "percent_branches_covered": 60.0, "percent_branches_covered_display": "60"}, "missing_lines": [112, 115, 116, 118, 121, 124], "excluded_lines": [], "start_line": 103, "executed_branches": [[110, 111], [110, 123], [111, 113], [117, 119], [120, 122], [123, 125]], "missing_branches": [[111, 112], [117, 118], [120, 121], [123, 124]]}, "_has_symlink_between": {"executed_lines": [129, 130, 131, 132, 133, 134, 135, 137, 138], "summary": {"covered_lines": 9, "num_statements": 10, "percent_covered": 87.5, "percent_covered_display": "88", "missing_lines": 1, "excluded_lines": 0, "percent_statements_covered": 90.0, "percent_statements_covered_display": "90", "num_branches": 6, "num_partial_branches": 1, "covered_branches": 5, "missing_branches": 1, "percent_branches_covered": 83.33333333333333, "percent_branches_covered_display": "83"}, "missing_lines": [136], "excluded_lines": [], "start_line": 128, "executed_branches": [[131, 132], [131, 138], [132, 133], [132, 134], [135, 137]], "missing_branches": [[135, 136]]}, "_manifest_path": {"executed_lines": [142, 144, 145, 146, 148, 150, 155, 156, 161, 162, 163, 164, 165, 166, 169, 170, 171], "summary": {"covered_lines": 17, "num_statements": 22, "percent_covered": 73.33333333333333, "percent_covered_display": "73", "missing_lines": 5, "excluded_lines": 0, "percent_statements_covered": 77.27272727272727, "percent_statements_covered_display": "77", "num_branches": 8, "num_partial_branches": 3, "covered_branches": 5, "missing_branches": 3, "percent_branches_covered": 62.5, "percent_branches_covered_display": "62"}, "missing_lines": [143, 147, 149, 167, 168], "excluded_lines": [], "start_line": 141, "executed_branches": [[142, 144], [146, 148], [148, 150], [169, 170], [169, 171]], "missing_branches": [[142, 143], [146, 147], [148, 149]]}, "_destination_path": {"executed_lines": [175, 176, 181, 182, 183, 184, 185, 188, 190], "summary": {"covered_lines": 9, "num_statements": 12, "percent_covered": 71.42857142857143, "percent_covered_display": "71", "missing_lines": 3, "excluded_lines": 0, "percent_statements_covered": 75.0, "percent_statements_covered_display": "75", "num_branches": 2, "num_partial_branches": 1, "covered_branches": 1, "missing_branches": 1, "percent_branches_covered": 50.0, "percent_branches_covered_display": "50"}, "missing_lines": [186, 187, 189], "excluded_lines": [], "start_line": 174, "executed_branches": [[188, 190]], "missing_branches": [[188, 189]]}, "_publishable_path": {"executed_lines": [194, 195, 196, 197, 198], "summary": {"covered_lines": 5, "num_statements": 7, "percent_covered": 71.42857142857143, "percent_covered_display": "71", "missing_lines": 2, "excluded_lines": 0, "percent_statements_covered": 71.42857142857143, "percent_statements_covered_display": "71", "num_branches": 0, "num_partial_branches": 0, "covered_branches": 0, "missing_branches": 0, "percent_branches_covered": 100.0, "percent_branches_covered_display": "100"}, "missing_lines": [199, 200], "excluded_lines": [], "start_line": 193, "executed_branches": [], "missing_branches": []}, "_safe_component": {"executed_lines": [204, 206], "summary": {"covered_lines": 2, "num_statements": 3, "percent_covered": 60.0, "percent_covered_display": "60", "missing_lines": 1, "excluded_lines": 0, "percent_statements_covered": 66.66666666666667, "percent_statements_covered_display": "67", "num_branches": 2, "num_partial_branches": 1, "covered_branches": 1, "missing_branches": 1, "percent_branches_covered": 50.0, "percent_branches_covered_display": "50"}, "missing_lines": [205], "excluded_lines": [], "start_line": 203, "executed_branches": [[204, 206]], "missing_branches": [[204, 205]]}, "_sha256_file": {"executed_lines": [210, 211, 212, 213, 214], "summary": {"covered_lines": 5, "num_statements": 5, "percent_covered": 100.0, "percent_covered_display": "100", "missing_lines": 0, "excluded_lines": 0, "percent_statements_covered": 100.0, "percent_statements_covered_display": "100", "num_branches": 2, "num_partial_branches": 0, "covered_branches": 2, "missing_branches": 0, "percent_branches_covered": 100.0, "percent_branches_covered_display": "100"}, "missing_lines": [], "excluded_lines": [], "start_line": 209, "executed_branches": [[212, 213], [212, 214]], "missing_branches": []}, "_atomic_write_text": {"executed_lines": [218, 219, 220, 221, 228, 229, 230, 231, 232, 234], "summary": {"covered_lines": 10, "num_statements": 11, "percent_covered": 84.61538461538461, "percent_covered_display": "85", "missing_lines": 1, "excluded_lines": 0, "percent_statements_covered": 90.9090909090909, "percent_statements_covered_display": "91", "num_branches": 2, "num_partial_branches": 1, "covered_branches": 1, "missing_branches": 1, "percent_branches_covered": 50.0, "percent_branches_covered_display": "50"}, "missing_lines": [235], "excluded_lines": [], "start_line": 217, "executed_branches": [[234, -217]], "missing_branches": [[234, 235]]}, "_remove_promoted": {"executed_lines": [239, 240], "summary": {"covered_lines": 2, "num_statements": 3, "percent_covered": 60.0, "percent_covered_display": "60", "missing_lines": 1, "excluded_lines": 0, "percent_statements_covered": 66.66666666666667, "percent_statements_covered_display": "67", "num_branches": 2, "num_partial_branches": 1, "covered_branches": 1, "missing_branches": 1, "percent_branches_covered": 50.0, "percent_branches_covered_display": "50"}, "missing_lines": [242], "excluded_lines": [], "start_line": 238, "executed_branches": [[239, 240]], "missing_branches": [[239, 242]]}, "_promote_transaction": {"executed_lines": [246, 247, 248, 249, 250, 251, 252, 255, 256, 257, 258, 259, 260, 261, 262, 263, 264, 265, 266, 268, 269, 270], "summary": {"covered_lines": 22, "num_statements": 24, "percent_covered": 86.84210526315789, "percent_covered_display": "87", "missing_lines": 2, "excluded_lines": 0, "percent_statements_covered": 91.66666666666667, "percent_statements_covered_display": "92", "num_branches": 14, "num_partial_branches": 3, "covered_branches": 11, "missing_branches": 3, "percent_branches_covered": 78.57142857142857, "percent_branches_covered_display": "79"}, "missing_lines": [267, 271], "excluded_lines": [], "start_line": 245, "executed_branches": [[248, 249], [248, 269], [251, 252], [251, 256], [259, 260], [264, 265], [264, 268], [266, 264], [269, -245], [269, 270], [270, 269]], "missing_branches": [[259, 261], [266, 267], [270, 271]]}, "_validate_prior_report": {"executed_lines": [275, 277, 285, 286], "summary": {"covered_lines": 4, "num_statements": 6, "percent_covered": 60.0, "percent_covered_display": "60", "missing_lines": 2, "excluded_lines": 0, "percent_statements_covered": 66.66666666666667, "percent_statements_covered_display": "67", "num_branches": 4, "num_partial_branches": 2, "covered_branches": 2, "missing_branches": 2, "percent_branches_covered": 50.0, "percent_branches_covered_display": "50"}, "missing_lines": [276, 292], "excluded_lines": [], "start_line": 274, "executed_branches": [[275, 277], [286, -274]], "missing_branches": [[275, 276], [286, 292]]}, "_privacy_issues": {"executed_lines": [296, 297, 301, 302, 303, 304, 305, 307, 308, 309, 310, 311, 313], "summary": {"covered_lines": 13, "num_statements": 15, "percent_covered": 85.18518518518519, "percent_covered_display": "85", "missing_lines": 2, "excluded_lines": 0, "percent_statements_covered": 86.66666666666667, "percent_statements_covered_display": "87", "num_branches": 12, "num_partial_branches": 2, "covered_branches": 10, "missing_branches": 2, "percent_branches_covered": 83.33333333333333, "percent_branches_covered_display": "83"}, "missing_lines": [306, 312], "excluded_lines": [], "start_line": 295, "executed_branches": [[302, 303], [302, 308], [303, 304], [303, 313], [305, 307], [308, 309], [308, 311], [309, 310], [309, 313], [311, 313]], "missing_branches": [[305, 306], [311, 312]]}, "_validate_image_tree": {"executed_lines": [322, 324, 329, 331, 332, 333, 334, 336, 337, 338, 339, 340, 345, 348], "summary": {"covered_lines": 14, "num_statements": 17, "percent_covered": 76.0, "percent_covered_display": "76", "missing_lines": 3, "excluded_lines": 0, "percent_statements_covered": 82.3529411764706, "percent_statements_covered_display": "82", "num_branches": 8, "num_partial_branches": 3, "covered_branches": 5, "missing_branches": 3, "percent_branches_covered": 62.5, "percent_branches_covered_display": "62"}, "missing_lines": [328, 330, 335], "excluded_lines": [], "start_line": 316, "executed_branches": [[324, 329], [329, 331], [332, 333], [332, 334], [334, 336]], "missing_branches": [[324, 328], [329, 330], [334, 335]]}, "_human_review_binding": {"executed_lines": [365, 366, 367, 375, 377, 391, 392, 393, 394, 398, 400, 402, 403, 404, 405, 406, 407, 408, 409, 410, 414, 415, 417, 419, 421, 428, 430, 432, 438, 440, 441, 443, 444, 448, 461], "summary": {"covered_lines": 35, "num_statements": 47, "percent_covered": 68.83116883116882, "percent_covered_display": "69", "missing_lines": 12, "excluded_lines": 0, "percent_statements_covered": 74.46808510638297, "percent_statements_covered_display": "74", "num_branches": 30, "num_partial_branches": 12, "covered_branches": 18, "missing_branches": 12, "percent_branches_covered": 60.0, "percent_branches_covered_display": "60"}, "missing_lines": [376, 399, 401, 416, 418, 420, 427, 429, 431, 437, 439, 442], "excluded_lines": [], "start_line": 357, "executed_branches": [[365, 366], [365, 367], [375, 377], [393, 394], [393, 398], [398, 400], [400, 402], [410, 414], [410, 415], [415, 417], [417, 419], [419, 421], [421, 428], [428, 430], [430, 432], [432, 438], [438, 440], [441, 443]], "missing_branches": [[375, 376], [398, 399], [400, 401], [415, 416], [417, 418], [419, 420], [421, 427], [428, 429], [430, 431], [432, 437], [438, 439], [441, 442]]}, "_contact_sheet_checks": {"executed_lines": [467, 468, 469, 471, 472, 473, 474, 476, 478, 479, 486], "summary": {"covered_lines": 11, "num_statements": 14, "percent_covered": 72.72727272727273, "percent_covered_display": "73", "missing_lines": 3, "excluded_lines": 0, "percent_statements_covered": 78.57142857142857, "percent_statements_covered_display": "79", "num_branches": 8, "num_partial_branches": 3, "covered_branches": 5, "missing_branches": 3, "percent_branches_covered": 62.5, "percent_branches_covered_display": "62"}, "missing_lines": [470, 475, 477], "excluded_lines": [], "start_line": 464, "executed_branches": [[469, 471], [472, 473], [472, 479], [474, 476], [476, 478]], "missing_branches": [[469, 470], [474, 475], [476, 477]]}, "_style_counterbalance_violations": {"executed_lines": [497, 498, 499, 501, 502, 503, 504, 513, 514, 515, 516, 517, 518, 521, 526, 527, 531, 532, 533, 536, 538, 539, 540, 541, 542, 547, 549, 552, 556, 557, 558, 559], "summary": {"covered_lines": 32, "num_statements": 34, "percent_covered": 92.85714285714286, "percent_covered_display": "93", "missing_lines": 2, "excluded_lines": 0, "percent_statements_covered": 94.11764705882354, "percent_statements_covered_display": "94", "num_branches": 22, "num_partial_branches": 2, "covered_branches": 20, "missing_branches": 2, "percent_branches_covered": 90.9090909090909, "percent_branches_covered_display": "91"}, "missing_lines": [537, 548], "excluded_lines": [], "start_line": 489, "executed_branches": [[503, 504], [503, 514], [514, 515], [514, 538], [526, 527], [526, 531], [531, 514], [531, 532], [532, 533], [532, 536], [536, 514], [538, 539], [538, 559], [539, 538], [539, 540], [540, 541], [540, 542], [547, 549], [557, 539], [557, 558]], "missing_branches": [[536, 537], [547, 548]]}, "_visual_factor_realization_audit": {"executed_lines": [570, 577, 579, 580, 584, 585, 590, 593, 599, 609, 623, 624, 625, 626, 636, 639, 643, 649, 654, 661, 669, 680], "summary": {"covered_lines": 22, "num_statements": 24, "percent_covered": 86.66666666666667, "percent_covered_display": "87", "missing_lines": 2, "excluded_lines": 0, "percent_statements_covered": 91.66666666666667, "percent_statements_covered_display": "92", "num_branches": 6, "num_partial_branches": 2, "covered_branches": 4, "missing_branches": 2, "percent_branches_covered": 66.66666666666667, "percent_branches_covered_display": "67"}, "missing_lines": [642, 648], "excluded_lines": [], "start_line": 562, "executed_branches": [[625, 626], [625, 649], [639, 643], [643, 625]], "missing_branches": [[639, 642], [643, 648]]}, "_answer_balance": {"executed_lines": [699, 700, 702, 724, 725, 727, 734, 737, 738, 739, 740, 741, 742, 743, 744, 745, 746, 747, 755, 756, 757, 760, 761, 762, 763, 764, 765, 766, 767, 768, 771, 772, 773, 776, 784, 799, 800, 804, 808], "summary": {"covered_lines": 39, "num_statements": 40, "percent_covered": 96.66666666666667, "percent_covered_display": "97", "missing_lines": 1, "excluded_lines": 0, "percent_statements_covered": 97.5, "percent_statements_covered_display": "98", "num_branches": 20, "num_partial_branches": 1, "covered_branches": 19, "missing_branches": 1, "percent_branches_covered": 95.0, "percent_branches_covered_display": "95"}, "missing_lines": [805], "excluded_lines": [], "start_line": 693, "executed_branches": [[740, 741], [740, 755], [741, 740], [741, 742], [744, 745], [744, 746], [761, 762], [761, 766], [762, 761], [762, 763], [764, 762], [764, 765], [767, 768], [767, 773], [768, 767], [768, 771], [799, 800], [799, 804], [804, 808]], "missing_branches": [[804, 805]]}, "_answer_balance.collect": {"executed_lines": [708, 709, 710, 711, 712, 713, 721, 722], "summary": {"covered_lines": 8, "num_statements": 8, "percent_covered": 100.0, "percent_covered_display": "100", "missing_lines": 0, "excluded_lines": 0, "percent_statements_covered": 100.0, "percent_statements_covered_display": "100", "num_branches": 2, "num_partial_branches": 0, "covered_branches": 2, "missing_branches": 0, "percent_branches_covered": 100.0, "percent_branches_covered_display": "100"}, "missing_lines": [], "excluded_lines": [], "start_line": 702, "executed_branches": [[710, 711], [710, 722]], "missing_branches": []}, "_answer_balance.answer_counts": {"executed_lines": [728, 729, 730, 731, 732], "summary": {"covered_lines": 5, "num_statements": 5, "percent_covered": 100.0, "percent_covered_display": "100", "missing_lines": 0, "excluded_lines": 0, "percent_statements_covered": 100.0, "percent_statements_covered_display": "100", "num_branches": 2, "num_partial_branches": 0, "covered_branches": 2, "missing_branches": 0, "percent_branches_covered": 100.0, "percent_branches_covered_display": "100"}, "missing_lines": [], "excluded_lines": [], "start_line": 727, "executed_branches": [[729, 730], [729, 732]], "missing_branches": []}, "_answer_balance.semantic_counts": {"executed_lines": [735], "summary": {"covered_lines": 1, "num_statements": 1, "percent_covered": 100.0, "percent_covered_display": "100", "missing_lines": 0, "excluded_lines": 0, "percent_statements_covered": 100.0, "percent_statements_covered_display": "100", "num_branches": 0, "num_partial_branches": 0, "covered_branches": 0, "missing_branches": 0, "percent_branches_covered": 100.0, "percent_branches_covered_display": "100"}, "missing_lines": [], "excluded_lines": [], "start_line": 734, "executed_branches": [], "missing_branches": []}, "_ood_image_shift": {"executed_lines": [823, 825, 826, 829, 830, 831, 832, 833, 834, 837, 838, 839, 842, 843, 844, 845, 847], "summary": {"covered_lines": 17, "num_statements": 22, "percent_covered": 75.0, "percent_covered_display": "75", "missing_lines": 5, "excluded_lines": 0, "percent_statements_covered": 77.27272727272727, "percent_statements_covered_display": "77", "num_branches": 10, "num_partial_branches": 3, "covered_branches": 7, "missing_branches": 3, "percent_branches_covered": 70.0, "percent_branches_covered_display": "70"}, "missing_lines": [835, 836, 840, 841, 846], "excluded_lines": [], "start_line": 820, "executed_branches": [[831, 832], [831, 847], [834, 837], [839, 842], [843, 844], [843, 845], [845, 831]], "missing_branches": [[834, 835], [839, 840], [845, 846]]}, "_style_semantic_joint_independence": {"executed_lines": [857, 861, 862, 864, 865, 866, 867, 872, 873, 874, 875, 876, 877, 878, 879, 883, 884, 885, 886, 891, 892, 899, 902, 903, 904, 908, 915, 917, 918, 922, 923, 924, 926], "summary": {"covered_lines": 33, "num_statements": 37, "percent_covered": 87.71929824561404, "percent_covered_display": "88", "missing_lines": 4, "excluded_lines": 0, "percent_statements_covered": 89.1891891891892, "percent_statements_covered_display": "89", "num_branches": 20, "num_partial_branches": 3, "covered_branches": 17, "missing_branches": 3, "percent_branches_covered": 85.0, "percent_branches_covered_display": "85"}, "missing_lines": [887, 890, 916, 925], "excluded_lines": [], "start_line": 854, "executed_branches": [[866, 867], [866, 924], [872, 866], [872, 873], [873, 874], [873, 875], [878, 879], [878, 903], [879, 883], [879, 884], [886, 891], [915, 917], [917, 918], [917, 922], [922, 872], [922, 923], [924, 926]], "missing_branches": [[886, 887], [915, 916], [924, 925]]}, "_deterministic_replay": {"executed_lines": [947, 953, 955, 956, 957, 965, 966, 967, 968, 969, 970, 974, 983, 984, 985, 986, 987, 988, 989, 990, 991, 992, 993, 994, 995, 996, 999, 1000, 1001, 1002, 1003, 1004, 1005, 1008, 1023, 1024, 1025, 1026], "summary": {"covered_lines": 38, "num_statements": 38, "percent_covered": 97.82608695652173, "percent_covered_display": "98", "missing_lines": 0, "excluded_lines": 0, "percent_statements_covered": 100.0, "percent_statements_covered_display": "100", "num_branches": 8, "num_partial_branches": 1, "covered_branches": 7, "missing_branches": 1, "percent_branches_covered": 87.5, "percent_branches_covered_display": "88"}, "missing_lines": [], "excluded_lines": [], "start_line": 934, "executed_branches": [[969, 970], [969, 1000], [988, 989], [988, 990], [991, 969], [991, 992], [1000, 1001]], "missing_branches": [[1000, 1008]]}, "_image_question_answer_collisions": {"executed_lines": [1040, 1042, 1044, 1045, 1046, 1047, 1048, 1049, 1050, 1051, 1053, 1054, 1055, 1056], "summary": {"covered_lines": 14, "num_statements": 16, "percent_covered": 81.81818181818181, "percent_covered_display": "82", "missing_lines": 2, "excluded_lines": 0, "percent_statements_covered": 87.5, "percent_statements_covered_display": "88", "num_branches": 6, "num_partial_branches": 2, "covered_branches": 4, "missing_branches": 2, "percent_branches_covered": 66.66666666666667, "percent_branches_covered_display": "67"}, "missing_lines": [1043, 1052], "excluded_lines": [], "start_line": 1037, "executed_branches": [[1042, 1044], [1046, 1047], [1046, 1056], [1051, 1053]], "missing_branches": [[1042, 1043], [1051, 1052]]}, "main": {"executed_lines": [1064, 1065, 1066, 1067, 1068, 1069, 1070, 1076, 1077, 1078, 1079, 1081, 1082, 1083, 1085, 1090, 1091, 1096, 1101, 1103, 1104, 1108, 1113, 1121, 1123, 1124, 1147, 1148, 1149, 1155, 1156, 1161, 1164, 1168, 1175, 1180, 1185, 1190, 1191, 1192, 1194, 1195, 1197, 1198, 1199, 1205, 1206, 1207, 1213, 1214, 1215, 1216, 1223, 1228, 1230, 1231, 1233, 1234, 1235, 1241, 1242, 1243, 1244, 1256, 1257, 1261, 1262, 1263, 1264, 1268, 1269, 1270, 1271, 1272, 1273, 1274, 1276, 1277, 1278, 1279, 1280, 1281, 1282, 1283, 1284, 1285, 1286, 1287, 1289, 1295, 1296, 1297, 1298, 1299, 1300, 1301, 1304, 1305, 1306, 1317, 1318, 1319, 1323, 1331, 1338, 1339, 1343, 1350, 1355, 1356, 1360, 1372, 1376, 1388, 1444, 1445, 1447, 1474, 1475, 1478, 1484, 1485, 1487, 1489, 1490, 1491, 1499, 1500, 1501, 1502, 1544, 1545, 1549, 1550, 1551, 1558, 1559, 1566, 1572, 1582, 1583, 1584, 1585, 1586, 1587, 1593], "summary": {"covered_lines": 146, "num_statements": 157, "percent_covered": 87.95811518324608, "percent_covered_display": "88", "missing_lines": 11, "excluded_lines": 0, "percent_statements_covered": 92.99363057324841, "percent_statements_covered_display": "93", "num_branches": 34, "num_partial_branches": 12, "covered_branches": 22, "missing_branches": 12, "percent_branches_covered": 64.70588235294117, "percent_branches_covered_display": "65"}, "missing_lines": [1084, 1102, 1122, 1150, 1179, 1184, 1193, 1232, 1240, 1255, 1260], "excluded_lines": [], "start_line": 1063, "executed_branches": [[1083, 1085], [1090, 1091], [1090, 1096], [1101, 1103], [1103, 1104], [1103, 1108], [1121, 1123], [1149, 1155], [1175, 1180], [1180, 1185], [1185, 1190], [1185, 1191], [1192, 1197], [1231, 1233], [1235, 1241], [1244, 1256], [1257, 1261], [1280, 1281], [1280, 1289], [1281, 1280], [1281, 1282], [1284, 1285]], "missing_branches": [[1083, 1084], [1101, 1102], [1121, 1122], [1149, 1150], [1175, 1179], [1180, 1184], [1192, 1193], [1231, 1232], [1235, 1240], [1244, 1255], [1257, 1260], [1284, 1286]]}, "": {"executed_lines": [4, 6, 7, 8, 9, 10, 11, 12, 13, 14, 15, 16, 17, 18, 19, 20, 23, 44, 55, 59, 66, 75, 103, 128, 141, 174, 193, 203, 209, 217, 238, 245, 274, 295, 316, 357, 464, 489, 562, 693, 820, 854, 934, 1037, 1063, 1596, 1597], "summary": {"covered_lines": 47, "num_statements": 47, "percent_covered": 100.0, "percent_covered_display": "100", "missing_lines": 0, "excluded_lines": 0, "percent_statements_covered": 100.0, "percent_statements_covered_display": "100", "num_branches": 2, "num_partial_branches": 0, "covered_branches": 2, "missing_branches": 0, "percent_branches_covered": 100.0, "percent_branches_covered_display": "100"}, "missing_lines": [], "excluded_lines": [], "start_line": 1, "executed_branches": [[1596, -1], [1596, 1597]], "missing_branches": []}}, "classes": {"": {"executed_lines": [4, 6, 7, 8, 9, 10, 11, 12, 13, 14, 15, 16, 17, 18, 19, 20, 23, 26, 27, 28, 29, 32, 33, 34, 35, 36, 37, 38, 39, 40, 41, 44, 45, 46, 47, 49, 50, 55, 56, 59, 60, 61, 63, 66, 67, 68, 69, 71, 72, 75, 76, 78, 79, 85, 86, 87, 88, 89, 90, 91, 92, 94, 96, 97, 98, 99, 100, 103, 104, 105, 110, 111, 113, 114, 117, 119, 120, 122, 123, 125, 128, 129, 130, 131, 132, 133, 134, 135, 137, 138, 141, 142, 144, 145, 146, 148, 150, 155, 156, 161, 162, 163, 164, 165, 166, 169, 170, 171, 174, 175, 176, 181, 182, 183, 184, 185, 188, 190, 193, 194, 195, 196, 197, 198, 203, 204, 206, 209, 210, 211, 212, 213, 214, 217, 218, 219, 220, 221, 228, 229, 230, 231, 232, 234, 238, 239, 240, 245, 246, 247, 248, 249, 250, 251, 252, 255, 256, 257, 258, 259, 260, 261, 262, 263, 264, 265, 266, 268, 269, 270, 274, 275, 277, 285, 286, 295, 296, 297, 301, 302, 303, 304, 305, 307, 308, 309, 310, 311, 313, 316, 322, 324, 329, 331, 332, 333, 334, 336, 337, 338, 339, 340, 345, 348, 357, 365, 366, 367, 375, 377, 391, 392, 393, 394, 398, 400, 402, 403, 404, 405, 406, 407, 408, 409, 410, 414, 415, 417, 419, 421, 428, 430, 432, 438, 440, 441, 443, 444, 448, 461, 464, 467, 468, 469, 471, 472, 473, 474, 476, 478, 479, 486, 489, 497, 498, 499, 501, 502, 503, 504, 513, 514, 515, 516, 517, 518, 521, 526, 527, 531, 532, 533, 536, 538, 539, 540, 541, 542, 547, 549, 552, 556, 557, 558, 559, 562, 570, 577, 579, 580, 584, 585, 590, 593, 599, 609, 623, 624, 625, 626, 636, 639, 643, 649, 654, 661, 669, 680, 693, 699, 700, 702, 708, 709, 710, 711, 712, 713, 721, 722, 724, 725, 727, 728, 729, 730, 731, 732, 734, 735, 737, 738, 739, 740, 741, 742, 743, 744, 745, 746, 747, 755, 756, 757, 760, 761, 762, 763, 764, 765, 766, 767, 768, 771, 772, 773, 776, 784, 799, 800, 804, 808, 820, 823, 825, 826, 829, 830, 831, 832, 833, 834, 837, 838, 839, 842, 843, 844, 845, 847, 854, 857, 861, 862, 864, 865, 866, 867, 872, 873, 874, 875, 876, 877, 878, 879, 883, 884, 885, 886, 891, 892, 899, 902, 903, 904, 908, 915, 917, 918, 922, 923, 924, 926, 934, 947, 953, 955, 956, 957, 965, 966, 967, 968, 969, 970, 974, 983, 984, 985, 986, 987, 988, 989, 990, 991, 992, 993, 994, 995, 996, 999, 1000, 1001, 1002, 1003, 1004, 1005, 1008, 1023, 1024, 1025, 1026, 1037, 1040, 1042, 1044, 1045, 1046, 1047, 1048, 1049, 1050, 1051, 1053, 1054, 1055, 1056, 1063, 1064, 1065, 1066, 1067, 1068, 1069, 1070, 1076, 1077, 1078, 1079, 1081, 1082, 1083, 1085, 1090, 1091, 1096, 1101, 1103, 1104, 1108, 1113, 1121, 1123, 1124, 1147, 1148, 1149, 1155, 1156, 1161, 1164, 1168, 1175, 1180, 1185, 1190, 1191, 1192, 1194, 1195, 1197, 1198, 1199, 1205, 1206, 1207, 1213, 1214, 1215, 1216, 1223, 1228, 1230, 1231, 1233, 1234, 1235, 1241, 1242, 1243, 1244, 1256, 1257, 1261, 1262, 1263, 1264, 1268, 1269, 1270, 1271, 1272, 1273, 1274, 1276, 1277, 1278, 1279, 1280, 1281, 1282, 1283, 1284, 1285, 1286, 1287, 1289, 1295, 1296, 1297, 1298, 1299, 1300, 1301, 1304, 1305, 1306, 1317, 1318, 1319, 1323, 1331, 1338, 1339, 1343, 1350, 1355, 1356, 1360, 1372, 1376, 1388, 1444, 1445, 1447, 1474, 1475, 1478, 1484, 1485, 1487, 1489, 1490, 1491, 1499, 1500, 1501, 1502, 1544, 1545, 1549, 1550, 1551, 1558, 1559, 1566, 1572, 1582, 1583, 1584, 1585, 1586, 1587, 1593, 1596, 1597], "summary": {"covered_lines": 617, "num_statements": 698, "percent_covered": 84.43983402489627, "percent_covered_display": "84", "missing_lines": 81, "excluded_lines": 0, "percent_statements_covered": 88.39541547277938, "percent_statements_covered_display": "88", "num_branches": 266, "num_partial_branches": 69, "covered_branches": 197, "missing_branches": 69, "percent_branches_covered": 74.06015037593986, "percent_branches_covered_display": "74"}, "missing_lines": [30, 31, 48, 51, 52, 62, 70, 77, 93, 95, 112, 115, 116, 118, 121, 124, 136, 143, 147, 149, 167, 168, 186, 187, 189, 199, 200, 205, 235, 242, 267, 271, 276, 292, 306, 312, 328, 330, 335, 376, 399, 401, 416, 418, 420, 427, 429, 431, 437, 439, 442, 470, 475, 477, 537, 548, 642, 648, 805, 835, 836, 840, 841, 846, 887, 890, 916, 925, 1043, 1052, 1084, 1102, 1122, 1150, 1179, 1184, 1193, 1232, 1240, 1255, 1260], "excluded_lines": [], "start_line": 1, "executed_branches": [[34, 35], [34, 36], [36, 37], [36, 38], [47, 49], [61, 63], [68, 69], [68, 72], [69, 71], [76, 78], [89, 90], [89, 100], [92, 94], [94, 96], [96, 97], [96, 98], [98, 89], [98, 99], [110, 111], [110, 123], [111, 113], [117, 119], [120, 122], [123, 125], [131, 132], [131, 138], [132, 133], [132, 134], [135, 137], [142, 144], [146, 148], [148, 150], [169, 170], [169, 171], [188, 190], [204, 206], [212, 213], [212, 214], [234, -217], [239, 240], [248, 249], [248, 269], [251, 252], [251, 256], [259, 260], [264, 265], [264, 268], [266, 264], [269, -245], [269, 270], [270, 269], [275, 277], [286, -274], [302, 303], [302, 308], [303, 304], [303, 313], [305, 307], [308, 309], [308, 311], [309, 310], [309, 313], [311, 313], [324, 329], [329, 331], [332, 333], [332, 334], [334, 336], [365, 366], [365, 367], [375, 377], [393, 394], [393, 398], [398, 400], [400, 402], [410, 414], [410, 415], [415, 417], [417, 419], [419, 421], [421, 428], [428, 430], [430, 432], [432, 438], [438, 440], [441, 443], [469, 471], [472, 473], [472, 479], [474, 476], [476, 478], [503, 504], [503, 514], [514, 515], [514, 538], [526, 527], [526, 531], [531, 514], [531, 532], [532, 533], [532, 536], [536, 514], [538, 539], [538, 559], [539, 538], [539, 540], [540, 541], [540, 542], [547, 549], [557, 539], [557, 558], [625, 626], [625, 649], [639, 643], [643, 625], [710, 711], [710, 722], [729, 730], [729, 732], [740, 741], [740, 755], [741, 740], [741, 742], [744, 745], [744, 746], [761, 762], [761, 766], [762, 761], [762, 763], [764, 762], [764, 765], [767, 768], [767, 773], [768, 767], [768, 771], [799, 800], [799, 804], [804, 808], [831, 832], [831, 847], [834, 837], [839, 842], [843, 844], [843, 845], [845, 831], [866, 867], [866, 924], [872, 866], [872, 873], [873, 874], [873, 875], [878, 879], [878, 903], [879, 883], [879, 884], [886, 891], [915, 917], [917, 918], [917, 922], [922, 872], [922, 923], [924, 926], [969, 970], [969, 1000], [988, 989], [988, 990], [991, 969], [991, 992], [1000, 1001], [1042, 1044], [1046, 1047], [1046, 1056], [1051, 1053], [1083, 1085], [1090, 1091], [1090, 1096], [1101, 1103], [1103, 1104], [1103, 1108], [1121, 1123], [1149, 1155], [1175, 1180], [1180, 1185], [1185, 1190], [1185, 1191], [1192, 1197], [1231, 1233], [1235, 1241], [1244, 1256], [1257, 1261], [1280, 1281], [1280, 1289], [1281, 1280], [1281, 1282], [1284, 1285], [1596, -1], [1596, 1597]], "missing_branches": [[47, 48], [61, 62], [69, 70], [76, 77], [92, 93], [94, 95], [111, 112], [117, 118], [120, 121], [123, 124], [135, 136], [142, 143], [146, 147], [148, 149], [188, 189], [204, 205], [234, 235], [239, 242], [259, 261], [266, 267], [270, 271], [275, 276], [286, 292], [305, 306], [311, 312], [324, 328], [329, 330], [334, 335], [375, 376], [398, 399], [400, 401], [415, 416], [417, 418], [419, 420], [421, 427], [428, 429], [430, 431], [432, 437], [438, 439], [441, 442], [469, 470], [474, 475], [476, 477], [536, 537], [547, 548], [639, 642], [643, 648], [804, 805], [834, 835], [839, 840], [845, 846], [886, 887], [915, 916], [924, 925], [1000, 1008], [1042, 1043], [1051, 1052], [1083, 1084], [1101, 1102], [1121, 1122], [1149, 1150], [1175, 1179], [1180, 1184], [1192, 1193], [1231, 1232], [1235, 1240], [1244, 1255], [1257, 1260], [1284, 1286]]}}}, "scripts/build_paper_tables.py": {"executed_lines": [4, 6, 7, 8, 9, 10, 11, 12, 13, 14, 15, 16, 17, 19, 20, 28, 38, 39, 40, 41, 42, 43, 49, 50, 54, 64, 65, 66, 67, 68, 69, 70, 73, 74, 75, 76, 77, 78, 79, 80, 81, 82, 83, 84, 85, 86, 87, 90, 91, 92, 94, 95, 100, 101, 102, 103, 104, 105, 108, 109, 110, 112, 113, 114, 115, 116, 117, 120, 123, 124, 125, 126, 127, 128, 130, 131, 133, 135, 136, 139, 140, 141, 142, 145, 146, 148, 149, 150, 151, 152, 153, 154, 155, 157, 159, 161, 162, 167, 168, 169, 170, 171, 173, 175, 176, 178, 180, 184, 185, 195, 198, 202, 203, 204, 205, 207, 208, 211, 212, 214, 216, 217, 226, 227, 228, 229, 230, 231, 234, 235, 236, 238, 239, 240, 241, 242, 244, 245, 246, 247, 248, 250, 252, 255, 256, 257, 258, 259, 260, 261, 263, 264, 265, 266, 267, 268, 269, 271, 273, 275, 277, 280, 281, 282, 285, 286, 287, 288, 290, 291, 292, 295, 300, 301, 302, 305, 306, 312, 317, 318, 324, 327, 328, 329, 330, 332, 333, 337, 338, 339, 345, 346, 351, 352, 353, 354, 355, 356, 357, 358, 359, 360, 361, 365, 366, 367, 368, 369, 373, 374, 375, 376, 380, 381, 382, 383, 384, 388, 402, 403, 417, 418, 419, 420, 421, 422, 428, 429, 435, 436, 437, 438, 441, 442, 443, 444, 445, 446, 447, 454, 455, 456, 457, 458, 460, 461, 464, 465, 466, 467, 473, 474, 475, 477, 483, 485, 486, 487, 488, 489, 490, 491, 494, 495], "summary": {"covered_lines": 264, "num_statements": 304, "percent_covered": 83.10810810810811, "percent_covered_display": "83", "missing_lines": 40, "excluded_lines": 0, "percent_statements_covered": 86.84210526315789, "percent_statements_covered_display": "87", "num_branches": 140, "num_partial_branches": 35, "covered_branches": 105, "missing_branches": 35, "percent_branches_covered": 75.0, "percent_branches_covered_display": "75"}, "missing_lines": [88, 93, 96, 97, 111, 118, 119, 121, 122, 132, 134, 156, 158, 160, 165, 172, 174, 177, 179, 199, 206, 213, 215, 222, 223, 237, 243, 249, 251, 262, 270, 272, 274, 276, 289, 331, 334, 377, 434, 484], "excluded_lines": [], "executed_branches": [[80, 81], [80, 82], [82, 83], [82, 84], [90, 91], [90, 92], [92, 94], [103, 104], [103, 105], [110, 112], [116, 117], [116, 131], [117, 120], [120, 123], [123, 124], [123, 126], [126, 127], [126, 130], [131, 133], [133, 135], [149, 150], [151, 152], [151, 153], [153, 154], [153, 155], [155, 149], [157, 159], [159, 161], [162, 167], [169, 170], [169, 195], [171, 173], [173, 175], [176, 178], [178, 180], [204, 205], [204, 208], [205, 207], [212, 214], [214, 216], [236, 238], [240, 241], [240, 247], [242, 244], [244, 240], [244, 245], [248, 250], [250, 252], [256, 257], [256, 258], [258, 259], [258, 266], [260, 261], [260, 265], [261, 263], [266, 267], [266, 271], [268, 269], [271, 273], [273, 275], [275, 277], [286, 287], [286, 288], [288, 290], [290, 291], [290, 292], [300, -295], [300, 301], [301, 302], [301, 305], [305, 300], [305, 306], [317, -312], [317, 318], [318, 317], [318, 324], [330, 332], [332, 333], [355, 356], [355, 388], [356, 357], [356, 358], [360, 361], [360, 365], [365, 355], [365, 366], [368, 369], [368, 373], [374, 375], [376, 380], [402, 403], [402, 417], [418, 419], [418, 420], [421, 422], [428, 429], [428, 435], [436, 437], [436, 438], [442, 443], [442, 444], [460, 461], [483, 485], [494, -1], [494, 495]], "missing_branches": [[92, 93], [110, 111], [117, 118], [120, 121], [131, 132], [133, 134], [149, 157], [155, 156], [157, 158], [159, 160], [162, 165], [171, 172], [173, 174], [176, 177], [178, 179], [205, 206], [212, 213], [214, 215], [236, 237], [242, 243], [248, 249], [250, 251], [261, 262], [268, 270], [271, 272], [273, 274], [275, 276], [288, 289], [330, 331], [332, 334], [374, 382], [376, 377], [421, 434], [460, -441], [483, 484]], "functions": {"_read_regular_text": {"executed_lines": [74, 75, 76, 77, 78, 79, 80, 81, 82, 83, 84, 85, 86, 87, 90, 91, 92, 94, 95], "summary": {"covered_lines": 19, "num_statements": 23, "percent_covered": 83.87096774193549, "percent_covered_display": "84", "missing_lines": 4, "excluded_lines": 0, "percent_statements_covered": 82.6086956521739, "percent_statements_covered_display": "83", "num_branches": 8, "num_partial_branches": 1, "covered_branches": 7, "missing_branches": 1, "percent_branches_covered": 87.5, "percent_branches_covered_display": "88"}, "missing_lines": [88, 93, 96, 97], "excluded_lines": [], "start_line": 73, "executed_branches": [[80, 81], [80, 82], [82, 83], [82, 84], [90, 91], [90, 92], [92, 94]], "missing_branches": [[92, 93]]}, "_sha256": {"executed_lines": [101, 102, 103, 104, 105], "summary": {"covered_lines": 5, "num_statements": 5, "percent_covered": 100.0, "percent_covered_display": "100", "missing_lines": 0, "excluded_lines": 0, "percent_statements_covered": 100.0, "percent_statements_covered_display": "100", "num_branches": 2, "num_partial_branches": 0, "covered_branches": 2, "missing_branches": 0, "percent_branches_covered": 100.0, "percent_branches_covered_display": "100"}, "missing_lines": [], "excluded_lines": [], "start_line": 100, "executed_branches": [[103, 104], [103, 105]], "missing_branches": []}, "_split_markdown_row": {"executed_lines": [109, 110, 112, 113, 114, 115, 116, 117, 120, 123, 124, 125, 126, 127, 128, 130, 131, 133, 135, 136], "summary": {"covered_lines": 20, "num_statements": 27, "percent_covered": 72.09302325581395, "percent_covered_display": "72", "missing_lines": 7, "excluded_lines": 0, "percent_statements_covered": 74.07407407407408, "percent_statements_covered_display": "74", "num_branches": 16, "num_partial_branches": 5, "covered_branches": 11, "missing_branches": 5, "percent_branches_covered": 68.75, "percent_branches_covered_display": "69"}, "missing_lines": [111, 118, 119, 121, 122, 132, 134], "excluded_lines": [], "start_line": 108, "executed_branches": [[110, 112], [116, 117], [116, 131], [117, 120], [120, 123], [123, 124], [123, 126], [126, 127], [126, 130], [131, 133], [133, 135]], "missing_branches": [[110, 111], [117, 118], [120, 121], [131, 132], [133, 134]]}, "_parse_registry": {"executed_lines": [140, 141, 142, 145, 146, 148, 149, 150, 151, 152, 153, 154, 155, 157, 159, 161, 162, 167, 168, 169, 170, 171, 173, 175, 176, 178, 180, 184, 185, 195], "summary": {"covered_lines": 30, "num_statements": 38, "percent_covered": 72.58064516129032, "percent_covered_display": "73", "missing_lines": 8, "excluded_lines": 0, "percent_statements_covered": 78.94736842105263, "percent_statements_covered_display": "79", "num_branches": 24, "num_partial_branches": 9, "covered_branches": 15, "missing_branches": 9, "percent_branches_covered": 62.5, "percent_branches_covered_display": "62"}, "missing_lines": [156, 158, 160, 165, 172, 174, 177, 179], "excluded_lines": [], "start_line": 139, "executed_branches": [[149, 150], [151, 152], [151, 153], [153, 154], [153, 155], [155, 149], [157, 159], [159, 161], [162, 167], [169, 170], [169, 195], [171, 173], [173, 175], [176, 178], [178, 180]], "missing_branches": [[149, 157], [155, 156], [157, 158], [159, 160], [162, 165], [171, 172], [173, 174], [176, 177], [178, 179]]}, "_reject_constant": {"executed_lines": [], "summary": {"covered_lines": 0, "num_statements": 1, "percent_covered": 0.0, "percent_covered_display": "0", "missing_lines": 1, "excluded_lines": 0, "percent_statements_covered": 0.0, "percent_statements_covered_display": "0", "num_branches": 0, "num_partial_branches": 0, "covered_branches": 0, "missing_branches": 0, "percent_branches_covered": 100.0, "percent_branches_covered_display": "100"}, "missing_lines": [199], "excluded_lines": [], "start_line": 198, "executed_branches": [], "missing_branches": []}, "_unique_object": {"executed_lines": [203, 204, 205, 207, 208], "summary": {"covered_lines": 5, "num_statements": 6, "percent_covered": 80.0, "percent_covered_display": "80", "missing_lines": 1, "excluded_lines": 0, "percent_statements_covered": 83.33333333333333, "percent_statements_covered_display": "83", "num_branches": 4, "num_partial_branches": 1, "covered_branches": 3, "missing_branches": 1, "percent_branches_covered": 75.0, "percent_branches_covered_display": "75"}, "missing_lines": [206], "excluded_lines": [], "start_line": 202, "executed_branches": [[204, 205], [204, 208], [205, 207]], "missing_branches": [[205, 206]]}, "_load_json": {"executed_lines": [212, 214, 216, 217], "summary": {"covered_lines": 4, "num_statements": 8, "percent_covered": 50.0, "percent_covered_display": "50", "missing_lines": 4, "excluded_lines": 0, "percent_statements_covered": 50.0, "percent_statements_covered_display": "50", "num_branches": 4, "num_partial_branches": 2, "covered_branches": 2, "missing_branches": 2, "percent_branches_covered": 50.0, "percent_branches_covered_display": "50"}, "missing_lines": [213, 215, 222, 223], "excluded_lines": [], "start_line": 211, "executed_branches": [[212, 214], [214, 216]], "missing_branches": [[212, 213], [214, 215]]}, "_is_within": {"executed_lines": [227, 228, 229, 230, 231], "summary": {"covered_lines": 5, "num_statements": 5, "percent_covered": 100.0, "percent_covered_display": "100", "missing_lines": 0, "excluded_lines": 0, "percent_statements_covered": 100.0, "percent_statements_covered_display": "100", "num_branches": 0, "num_partial_branches": 0, "covered_branches": 0, "missing_branches": 0, "percent_branches_covered": 100.0, "percent_branches_covered_display": "100"}, "missing_lines": [], "excluded_lines": [], "start_line": 226, "executed_branches": [], "missing_branches": []}, "_resolve_reference": {"executed_lines": [235, 236, 238, 239, 240, 241, 242, 244, 245, 246, 247, 248, 250, 252], "summary": {"covered_lines": 14, "num_statements": 18, "percent_covered": 73.33333333333333, "percent_covered_display": "73", "missing_lines": 4, "excluded_lines": 0, "percent_statements_covered": 77.77777777777777, "percent_statements_covered_display": "78", "num_branches": 12, "num_partial_branches": 4, "covered_branches": 8, "missing_branches": 4, "percent_branches_covered": 66.66666666666667, "percent_branches_covered_display": "67"}, "missing_lines": [237, 243, 249, 251], "excluded_lines": [], "start_line": 234, "executed_branches": [[236, 238], [240, 241], [240, 247], [242, 244], [244, 240], [244, 245], [248, 250], [250, 252]], "missing_branches": [[236, 237], [242, 243], [248, 249], [250, 251]]}, "_flatten": {"executed_lines": [256, 257, 258, 259, 260, 261, 263, 264, 265, 266, 267, 268, 269, 271, 273, 275, 277], "summary": {"covered_lines": 17, "num_statements": 22, "percent_covered": 75.0, "percent_covered_display": "75", "missing_lines": 5, "excluded_lines": 0, "percent_statements_covered": 77.27272727272727, "percent_statements_covered_display": "77", "num_branches": 18, "num_partial_branches": 5, "covered_branches": 13, "missing_branches": 5, "percent_branches_covered": 72.22222222222223, "percent_branches_covered_display": "72"}, "missing_lines": [262, 270, 272, 274, 276], "excluded_lines": [], "start_line": 255, "executed_branches": [[256, 257], [256, 258], [258, 259], [258, 266], [260, 261], [260, 265], [261, 263], [266, 267], [266, 271], [268, 269], [271, 273], [273, 275], [275, 277]], "missing_branches": [[261, 262], [268, 270], [271, 272], [273, 274], [275, 276]]}, "_escape_markdown": {"executed_lines": [281, 282], "summary": {"covered_lines": 2, "num_statements": 2, "percent_covered": 100.0, "percent_covered_display": "100", "missing_lines": 0, "excluded_lines": 0, "percent_statements_covered": 100.0, "percent_statements_covered_display": "100", "num_branches": 0, "num_partial_branches": 0, "covered_branches": 0, "missing_branches": 0, "percent_branches_covered": 100.0, "percent_branches_covered_display": "100"}, "missing_lines": [], "excluded_lines": [], "start_line": 280, "executed_branches": [], "missing_branches": []}, "_render_value": {"executed_lines": [286, 287, 288, 290, 291, 292], "summary": {"covered_lines": 6, "num_statements": 7, "percent_covered": 84.61538461538461, "percent_covered_display": "85", "missing_lines": 1, "excluded_lines": 0, "percent_statements_covered": 85.71428571428571, "percent_statements_covered_display": "86", "num_branches": 6, "num_partial_branches": 1, "covered_branches": 5, "missing_branches": 1, "percent_branches_covered": 83.33333333333333, "percent_branches_covered_display": "83"}, "missing_lines": [289], "excluded_lines": [], "start_line": 285, "executed_branches": [[286, 287], [286, 288], [288, 290], [290, 291], [290, 292]], "missing_branches": [[288, 289]]}, "_reject_private_metrics": {"executed_lines": [300, 301, 302, 305, 306], "summary": {"covered_lines": 5, "num_statements": 5, "percent_covered": 100.0, "percent_covered_display": "100", "missing_lines": 0, "excluded_lines": 0, "percent_statements_covered": 100.0, "percent_statements_covered_display": "100", "num_branches": 6, "num_partial_branches": 0, "covered_branches": 6, "missing_branches": 0, "percent_branches_covered": 100.0, "percent_branches_covered_display": "100"}, "missing_lines": [], "excluded_lines": [], "start_line": 295, "executed_branches": [[300, -295], [300, 301], [301, 302], [301, 305], [305, 300], [305, 306]], "missing_branches": []}, "_reject_private_text": {"executed_lines": [317, 318, 324], "summary": {"covered_lines": 3, "num_statements": 3, "percent_covered": 100.0, "percent_covered_display": "100", "missing_lines": 0, "excluded_lines": 0, "percent_statements_covered": 100.0, "percent_statements_covered_display": "100", "num_branches": 4, "num_partial_branches": 0, "covered_branches": 4, "missing_branches": 0, "percent_branches_covered": 100.0, "percent_branches_covered_display": "100"}, "missing_lines": [], "excluded_lines": [], "start_line": 312, "executed_branches": [[317, -312], [317, 318], [318, 317], [318, 324]], "missing_branches": []}, "_source_label": {"executed_lines": [328, 329, 330, 332, 333], "summary": {"covered_lines": 5, "num_statements": 7, "percent_covered": 63.63636363636363, "percent_covered_display": "64", "missing_lines": 2, "excluded_lines": 0, "percent_statements_covered": 71.42857142857143, "percent_statements_covered_display": "71", "num_branches": 4, "num_partial_branches": 2, "covered_branches": 2, "missing_branches": 2, "percent_branches_covered": 50.0, "percent_branches_covered_display": "50"}, "missing_lines": [331, 334], "excluded_lines": [], "start_line": 327, "executed_branches": [[330, 332], [332, 333]], "missing_branches": [[330, 331], [332, 334]]}, "_command_provenance": {"executed_lines": [338, 339], "summary": {"covered_lines": 2, "num_statements": 2, "percent_covered": 100.0, "percent_covered_display": "100", "missing_lines": 0, "excluded_lines": 0, "percent_statements_covered": 100.0, "percent_statements_covered_display": "100", "num_branches": 0, "num_partial_branches": 0, "covered_branches": 0, "missing_branches": 0, "percent_branches_covered": 100.0, "percent_branches_covered_display": "100"}, "missing_lines": [], "excluded_lines": [], "start_line": 337, "executed_branches": [], "missing_branches": []}, "_build_report": {"executed_lines": [346, 351, 352, 353, 354, 355, 356, 357, 358, 359, 360, 361, 365, 366, 367, 368, 369, 373, 374, 375, 376, 380, 381, 382, 383, 384, 388, 402, 403, 417, 418, 419, 420, 421, 422, 428, 429, 435, 436, 437, 438], "summary": {"covered_lines": 41, "num_statements": 43, "percent_covered": 92.53731343283582, "percent_covered_display": "93", "missing_lines": 2, "excluded_lines": 0, "percent_statements_covered": 95.34883720930233, "percent_statements_covered_display": "95", "num_branches": 24, "num_partial_branches": 3, "covered_branches": 21, "missing_branches": 3, "percent_branches_covered": 87.5, "percent_branches_covered_display": "88"}, "missing_lines": [377, 434], "excluded_lines": [], "start_line": 345, "executed_branches": [[355, 356], [355, 388], [356, 357], [356, 358], [360, 361], [360, 365], [365, 355], [365, 366], [368, 369], [368, 373], [374, 375], [376, 380], [402, 403], [402, 417], [418, 419], [418, 420], [421, 422], [428, 429], [428, 435], [436, 437], [436, 438]], "missing_branches": [[374, 382], [376, 377], [421, 434]]}, "_write_new_text": {"executed_lines": [442, 443, 444, 445, 446, 447, 454, 455, 456, 457, 458, 460, 461], "summary": {"covered_lines": 13, "num_statements": 13, "percent_covered": 94.11764705882354, "percent_covered_display": "94", "missing_lines": 0, "excluded_lines": 0, "percent_statements_covered": 100.0, "percent_statements_covered_display": "100", "num_branches": 4, "num_partial_branches": 1, "covered_branches": 3, "missing_branches": 1, "percent_branches_covered": 75.0, "percent_branches_covered_display": "75"}, "missing_lines": [], "excluded_lines": [], "start_line": 441, "executed_branches": [[442, 443], [442, 444], [460, 461]], "missing_branches": [[460, -441]]}, "main": {"executed_lines": [465, 466, 467, 473, 474, 475, 477, 483, 485, 486, 487, 488, 489, 490, 491], "summary": {"covered_lines": 15, "num_statements": 16, "percent_covered": 88.88888888888889, "percent_covered_display": "89", "missing_lines": 1, "excluded_lines": 0, "percent_statements_covered": 93.75, "percent_statements_covered_display": "94", "num_branches": 2, "num_partial_branches": 1, "covered_branches": 1, "missing_branches": 1, "percent_branches_covered": 50.0, "percent_branches_covered_display": "50"}, "missing_lines": [484], "excluded_lines": [], "start_line": 464, "executed_branches": [[483, 485]], "missing_branches": [[483, 484]]}, "": {"executed_lines": [4, 6, 7, 8, 9, 10, 11, 12, 13, 14, 15, 16, 17, 19, 20, 28, 38, 39, 40, 41, 42, 43, 49, 50, 54, 64, 65, 66, 67, 68, 69, 70, 73, 100, 108, 139, 198, 202, 211, 226, 234, 255, 280, 285, 295, 312, 327, 337, 345, 441, 464, 494, 495], "summary": {"covered_lines": 53, "num_statements": 53, "percent_covered": 100.0, "percent_covered_display": "100", "missing_lines": 0, "excluded_lines": 0, "percent_statements_covered": 100.0, "percent_statements_covered_display": "100", "num_branches": 2, "num_partial_branches": 0, "covered_branches": 2, "missing_branches": 0, "percent_branches_covered": 100.0, "percent_branches_covered_display": "100"}, "missing_lines": [], "excluded_lines": [], "start_line": 1, "executed_branches": [[494, -1], [494, 495]], "missing_branches": []}}, "classes": {"RegistryRow": {"executed_lines": [], "summary": {"covered_lines": 0, "num_statements": 0, "percent_covered": 100.0, "percent_covered_display": "100", "missing_lines": 0, "excluded_lines": 0, "percent_statements_covered": 100.0, "percent_statements_covered_display": "100", "num_branches": 0, "num_partial_branches": 0, "covered_branches": 0, "missing_branches": 0, "percent_branches_covered": 100.0, "percent_branches_covered_display": "100"}, "missing_lines": [], "excluded_lines": [], "start_line": 64, "executed_branches": [], "missing_branches": []}, "": {"executed_lines": [4, 6, 7, 8, 9, 10, 11, 12, 13, 14, 15, 16, 17, 19, 20, 28, 38, 39, 40, 41, 42, 43, 49, 50, 54, 64, 65, 66, 67, 68, 69, 70, 73, 74, 75, 76, 77, 78, 79, 80, 81, 82, 83, 84, 85, 86, 87, 90, 91, 92, 94, 95, 100, 101, 102, 103, 104, 105, 108, 109, 110, 112, 113, 114, 115, 116, 117, 120, 123, 124, 125, 126, 127, 128, 130, 131, 133, 135, 136, 139, 140, 141, 142, 145, 146, 148, 149, 150, 151, 152, 153, 154, 155, 157, 159, 161, 162, 167, 168, 169, 170, 171, 173, 175, 176, 178, 180, 184, 185, 195, 198, 202, 203, 204, 205, 207, 208, 211, 212, 214, 216, 217, 226, 227, 228, 229, 230, 231, 234, 235, 236, 238, 239, 240, 241, 242, 244, 245, 246, 247, 248, 250, 252, 255, 256, 257, 258, 259, 260, 261, 263, 264, 265, 266, 267, 268, 269, 271, 273, 275, 277, 280, 281, 282, 285, 286, 287, 288, 290, 291, 292, 295, 300, 301, 302, 305, 306, 312, 317, 318, 324, 327, 328, 329, 330, 332, 333, 337, 338, 339, 345, 346, 351, 352, 353, 354, 355, 356, 357, 358, 359, 360, 361, 365, 366, 367, 368, 369, 373, 374, 375, 376, 380, 381, 382, 383, 384, 388, 402, 403, 417, 418, 419, 420, 421, 422, 428, 429, 435, 436, 437, 438, 441, 442, 443, 444, 445, 446, 447, 454, 455, 456, 457, 458, 460, 461, 464, 465, 466, 467, 473, 474, 475, 477, 483, 485, 486, 487, 488, 489, 490, 491, 494, 495], "summary": {"covered_lines": 264, "num_statements": 304, "percent_covered": 83.10810810810811, "percent_covered_display": "83", "missing_lines": 40, "excluded_lines": 0, "percent_statements_covered": 86.84210526315789, "percent_statements_covered_display": "87", "num_branches": 140, "num_partial_branches": 35, "covered_branches": 105, "missing_branches": 35, "percent_branches_covered": 75.0, "percent_branches_covered_display": "75"}, "missing_lines": [88, 93, 96, 97, 111, 118, 119, 121, 122, 132, 134, 156, 158, 160, 165, 172, 174, 177, 179, 199, 206, 213, 215, 222, 223, 237, 243, 249, 251, 262, 270, 272, 274, 276, 289, 331, 334, 377, 434, 484], "excluded_lines": [], "start_line": 1, "executed_branches": [[80, 81], [80, 82], [82, 83], [82, 84], [90, 91], [90, 92], [92, 94], [103, 104], [103, 105], [110, 112], [116, 117], [116, 131], [117, 120], [120, 123], [123, 124], [123, 126], [126, 127], [126, 130], [131, 133], [133, 135], [149, 150], [151, 152], [151, 153], [153, 154], [153, 155], [155, 149], [157, 159], [159, 161], [162, 167], [169, 170], [169, 195], [171, 173], [173, 175], [176, 178], [178, 180], [204, 205], [204, 208], [205, 207], [212, 214], [214, 216], [236, 238], [240, 241], [240, 247], [242, 244], [244, 240], [244, 245], [248, 250], [250, 252], [256, 257], [256, 258], [258, 259], [258, 266], [260, 261], [260, 265], [261, 263], [266, 267], [266, 271], [268, 269], [271, 273], [273, 275], [275, 277], [286, 287], [286, 288], [288, 290], [290, 291], [290, 292], [300, -295], [300, 301], [301, 302], [301, 305], [305, 300], [305, 306], [317, -312], [317, 318], [318, 317], [318, 324], [330, 332], [332, 333], [355, 356], [355, 388], [356, 357], [356, 358], [360, 361], [360, 365], [365, 355], [365, 366], [368, 369], [368, 373], [374, 375], [376, 380], [402, 403], [402, 417], [418, 419], [418, 420], [421, 422], [428, 429], [428, 435], [436, 437], [436, 438], [442, 443], [442, 444], [460, 461], [483, 485], [494, -1], [494, 495]], "missing_branches": [[92, 93], [110, 111], [117, 118], [120, 121], [131, 132], [133, 134], [149, 157], [155, 156], [157, 158], [159, 160], [162, 165], [171, 172], [173, 174], [176, 177], [178, 179], [205, 206], [212, 213], [214, 215], [236, 237], [242, 243], [248, 249], [250, 251], [261, 262], [268, 270], [271, 272], [273, 274], [275, 276], [288, 289], [330, 331], [332, 334], [374, 382], [376, 377], [421, 434], [460, -441], [483, 484]]}}}, "scripts/estimate_compensability.py": {"executed_lines": [4, 6, 7, 8, 9, 10, 11, 12, 13, 14, 15, 16, 18, 20, 21, 24, 28, 48, 52, 55, 56, 57, 58, 60, 61, 62, 63, 66, 72, 73, 74, 75, 76, 77, 80, 81, 83, 84, 85, 87, 88, 89, 107, 108, 110, 113, 120, 121, 122, 123, 124, 126, 128, 131, 132, 134, 137, 138, 140, 143, 144, 147, 148, 149, 150, 157, 160, 161, 163, 164, 165, 166, 167, 168, 169, 170, 186, 188, 189, 190, 192, 195, 196, 197, 198, 199, 200, 201, 202, 203, 204, 205, 206, 207, 208, 209, 210, 213, 214, 217, 218, 219, 220, 221, 222, 223, 226, 227, 229, 230, 231, 233, 234, 235, 236, 237, 238, 241, 242, 244, 245, 246, 247, 251, 252, 253, 254, 255, 256, 257, 258, 260, 264, 265, 267, 269, 270, 272, 273, 278, 279, 280, 282, 283, 284, 287, 290, 294, 295, 297, 299, 300, 301, 302, 303, 307, 308, 309, 310, 314, 315, 320, 321, 324, 326, 327, 328, 329, 331, 333, 336, 337, 338, 352, 353, 363, 378, 384, 386, 388, 390, 392, 394, 396, 398, 400, 401, 403, 404, 407, 408, 410, 412, 413, 415, 418, 423, 428, 433, 439, 467, 480, 481, 482, 483, 484, 485, 486, 487, 488, 489, 491, 495, 497, 499, 501, 503, 505, 506, 507, 508, 509, 516, 517, 518, 522, 525, 526, 527, 528, 529, 531, 533, 534, 538, 539, 545, 546, 547, 548, 549, 550, 551, 556, 558, 559, 560, 565, 578, 587, 590, 593, 596, 597, 598, 599, 609, 610, 611, 612, 614, 615, 618, 619, 620, 621, 622, 624, 625, 626, 627, 630, 633, 654, 666, 671, 672, 676, 677, 684, 685, 686, 697, 698, 699, 704, 705, 706, 709, 714, 715, 716, 717, 718, 719, 720, 721, 726, 727, 729, 730, 731, 733, 734, 735, 736, 737, 744, 745, 746, 747, 748, 749, 750, 751, 752, 753, 754, 755, 763, 766, 769, 770, 775, 777, 785, 790, 792, 794, 796, 798, 800, 802, 804, 811, 812, 813, 814, 815, 819, 823, 824, 829, 833, 837, 849, 850, 869, 870, 1010, 1011, 1012, 1013, 1019, 1020, 1021, 1022, 1023, 1024, 1025, 1026, 1027, 1031, 1032], "summary": {"covered_lines": 364, "num_statements": 500, "percent_covered": 68.1462140992167, "percent_covered_display": "68", "missing_lines": 136, "excluded_lines": 1, "percent_statements_covered": 72.8, "percent_statements_covered_display": "73", "num_branches": 266, "num_partial_branches": 74, "covered_branches": 158, "missing_branches": 108, "percent_branches_covered": 59.3984962406015, "percent_branches_covered_display": "59"}, "missing_lines": [59, 82, 86, 90, 93, 94, 95, 96, 97, 98, 99, 100, 101, 102, 103, 104, 109, 125, 127, 133, 139, 155, 156, 162, 187, 191, 228, 232, 243, 259, 261, 266, 268, 271, 281, 291, 296, 298, 304, 311, 325, 330, 332, 385, 387, 389, 391, 393, 395, 397, 399, 402, 405, 409, 411, 414, 416, 490, 492, 496, 498, 500, 502, 504, 515, 530, 532, 535, 552, 557, 566, 567, 568, 569, 570, 573, 579, 580, 581, 582, 583, 584, 602, 603, 604, 605, 606, 613, 616, 617, 628, 629, 634, 635, 636, 637, 644, 645, 646, 647, 648, 650, 651, 655, 656, 657, 658, 659, 660, 661, 662, 663, 667, 668, 710, 732, 760, 789, 791, 793, 795, 797, 799, 801, 803, 808, 820, 828, 871, 872, 873, 874, 881, 883, 884, 1028], "excluded_lines": [885], "executed_branches": [[56, 57], [56, 63], [58, 60], [60, 61], [60, 62], [75, 76], [75, 77], [81, 83], [83, 84], [83, 85], [85, 87], [88, 89], [108, 110], [124, 126], [126, 128], [132, 134], [138, 140], [148, 149], [148, 150], [150, 157], [161, 163], [163, 164], [163, 165], [186, 188], [190, 192], [199, -195], [199, 200], [202, 203], [202, 204], [204, 199], [204, 205], [206, 207], [206, 208], [219, 220], [219, 223], [220, 221], [220, 222], [227, 229], [229, 230], [229, 231], [231, 233], [233, 234], [233, 236], [234, -226], [234, 235], [236, -226], [236, 237], [237, -226], [237, 238], [242, 244], [244, 245], [244, 253], [245, -241], [245, 246], [247, 251], [247, 252], [253, 254], [253, 256], [254, -241], [254, 255], [256, -241], [256, 257], [258, 260], [260, -241], [265, 267], [267, 269], [270, 272], [280, 282], [290, 294], [295, 297], [297, 299], [302, 303], [302, 331], [303, 307], [308, 309], [308, 310], [310, 314], [324, 326], [331, 333], [384, 386], [386, 388], [388, 390], [390, 392], [392, 394], [394, 396], [396, 398], [398, 400], [401, 403], [404, 407], [408, 410], [410, 412], [413, 415], [415, 418], [484, 485], [484, 550], [487, 488], [487, 489], [489, 491], [491, 495], [495, 497], [497, 499], [499, 501], [501, 503], [503, 505], [506, 507], [506, 508], [509, 516], [516, 517], [516, 525], [518, 516], [518, 522], [525, 526], [525, 527], [529, 531], [531, 533], [534, 538], [545, 546], [545, 547], [550, 551], [550, 556], [551, 550], [556, 558], [558, -467], [558, 559], [559, 558], [559, 560], [596, 597], [597, 598], [598, 599], [612, 614], [619, 620], [619, 624], [621, 619], [621, 622], [686, 697], [686, 704], [705, 706], [705, 709], [709, 714], [717, 718], [717, 719], [731, 733], [755, 763], [785, 790], [790, 792], [792, 794], [794, 796], [796, 798], [798, 800], [800, 802], [802, 804], [804, 811], [812, 813], [812, 814], [819, 823], [824, 829], [1031, -1], [1031, 1032]], "missing_branches": [[58, 59], [81, 82], [85, 86], [88, 90], [93, 94], [93, 95], [96, 97], [96, 98], [99, 100], [99, 104], [108, 109], [124, 125], [126, 127], [132, 133], [138, 139], [150, 155], [161, 162], [186, 187], [190, 191], [227, 228], [231, 232], [242, 243], [258, 259], [260, 261], [265, 266], [267, 268], [270, 271], [280, 281], [290, 291], [295, 296], [297, 298], [303, 304], [310, 311], [324, 325], [331, 332], [384, 385], [386, 387], [388, 389], [390, 391], [392, 393], [394, 395], [396, 397], [398, 399], [401, 402], [404, 405], [408, 409], [410, 411], [413, 414], [415, 416], [489, 490], [491, 492], [495, 496], [497, 498], [499, 500], [501, 502], [503, 504], [509, 515], [529, 530], [531, 532], [534, 535], [551, 552], [556, 557], [566, -565], [566, 567], [568, 566], [568, 569], [570, 568], [570, 573], [580, 581], [580, 582], [582, -578], [582, 583], [583, 582], [583, 584], [596, 602], [597, 596], [598, 597], [603, -587], [603, 604], [604, 603], [604, 605], [605, 604], [605, 606], [612, 613], [650, -633], [650, 651], [657, -654], [657, 658], [661, 662], [661, 663], [709, 710], [731, 732], [755, 760], [785, 789], [790, 791], [792, 793], [794, 795], [796, 797], [798, 799], [800, 801], [802, 803], [804, 808], [819, 820], [824, 828], [872, 873], [872, 874], [874, 881], [874, 883]], "functions": {"_construct_unique_yaml_mapping": {"executed_lines": [55, 56, 57, 58, 60, 61, 62, 63], "summary": {"covered_lines": 8, "num_statements": 9, "percent_covered": 86.66666666666667, "percent_covered_display": "87", "missing_lines": 1, "excluded_lines": 0, "percent_statements_covered": 88.88888888888889, "percent_statements_covered_display": "89", "num_branches": 6, "num_partial_branches": 1, "covered_branches": 5, "missing_branches": 1, "percent_branches_covered": 83.33333333333333, "percent_branches_covered_display": "83"}, "missing_lines": [59], "excluded_lines": [], "start_line": 52, "executed_branches": [[56, 57], [56, 63], [58, 60], [60, 61], [60, 62]], "missing_branches": [[58, 59]]}, "_sha256": {"executed_lines": [73, 74, 75, 76, 77], "summary": {"covered_lines": 5, "num_statements": 5, "percent_covered": 100.0, "percent_covered_display": "100", "missing_lines": 0, "excluded_lines": 0, "percent_statements_covered": 100.0, "percent_statements_covered_display": "100", "num_branches": 2, "num_partial_branches": 0, "covered_branches": 2, "missing_branches": 0, "percent_branches_covered": 100.0, "percent_branches_covered_display": "100"}, "missing_lines": [], "excluded_lines": [], "start_line": 72, "executed_branches": [[75, 76], [75, 77]], "missing_branches": []}, "_artifact_sha256": {"executed_lines": [81, 83, 84, 85, 87, 88, 89], "summary": {"covered_lines": 7, "num_statements": 22, "percent_covered": 33.333333333333336, "percent_covered_display": "33", "missing_lines": 15, "excluded_lines": 0, "percent_statements_covered": 31.818181818181817, "percent_statements_covered_display": "32", "num_branches": 14, "num_partial_branches": 3, "covered_branches": 5, "missing_branches": 9, "percent_branches_covered": 35.714285714285715, "percent_branches_covered_display": "36"}, "missing_lines": [82, 86, 90, 93, 94, 95, 96, 97, 98, 99, 100, 101, 102, 103, 104], "excluded_lines": [], "start_line": 80, "executed_branches": [[81, 83], [83, 84], [83, 85], [85, 87], [88, 89]], "missing_branches": [[81, 82], [85, 86], [88, 90], [93, 94], [93, 95], [96, 97], [96, 98], [99, 100], [99, 104]]}, "_mapping": {"executed_lines": [108, 110], "summary": {"covered_lines": 2, "num_statements": 3, "percent_covered": 60.0, "percent_covered_display": "60", "missing_lines": 1, "excluded_lines": 0, "percent_statements_covered": 66.66666666666667, "percent_statements_covered_display": "67", "num_branches": 2, "num_partial_branches": 1, "covered_branches": 1, "missing_branches": 1, "percent_branches_covered": 50.0, "percent_branches_covered_display": "50"}, "missing_lines": [109], "excluded_lines": [], "start_line": 107, "executed_branches": [[108, 110]], "missing_branches": [[108, 109]]}, "_expect_keys": {"executed_lines": [120, 121, 122, 123, 124, 126, 128], "summary": {"covered_lines": 7, "num_statements": 9, "percent_covered": 69.23076923076923, "percent_covered_display": "69", "missing_lines": 2, "excluded_lines": 0, "percent_statements_covered": 77.77777777777777, "percent_statements_covered_display": "78", "num_branches": 4, "num_partial_branches": 2, "covered_branches": 2, "missing_branches": 2, "percent_branches_covered": 50.0, "percent_branches_covered_display": "50"}, "missing_lines": [125, 127], "excluded_lines": [], "start_line": 113, "executed_branches": [[124, 126], [126, 128]], "missing_branches": [[124, 125], [126, 127]]}, "_positive_integer": {"executed_lines": [132, 134], "summary": {"covered_lines": 2, "num_statements": 3, "percent_covered": 60.0, "percent_covered_display": "60", "missing_lines": 1, "excluded_lines": 0, "percent_statements_covered": 66.66666666666667, "percent_statements_covered_display": "67", "num_branches": 2, "num_partial_branches": 1, "covered_branches": 1, "missing_branches": 1, "percent_branches_covered": 50.0, "percent_branches_covered_display": "50"}, "missing_lines": [133], "excluded_lines": [], "start_line": 131, "executed_branches": [[132, 134]], "missing_branches": [[132, 133]]}, "_nonempty_string": {"executed_lines": [138, 140], "summary": {"covered_lines": 2, "num_statements": 3, "percent_covered": 60.0, "percent_covered_display": "60", "missing_lines": 1, "excluded_lines": 0, "percent_statements_covered": 66.66666666666667, "percent_statements_covered_display": "67", "num_branches": 2, "num_partial_branches": 1, "covered_branches": 1, "missing_branches": 1, "percent_branches_covered": 50.0, "percent_branches_covered_display": "50"}, "missing_lines": [139], "excluded_lines": [], "start_line": 137, "executed_branches": [[138, 140]], "missing_branches": [[138, 139]]}, "_path": {"executed_lines": [144], "summary": {"covered_lines": 1, "num_statements": 1, "percent_covered": 100.0, "percent_covered_display": "100", "missing_lines": 0, "excluded_lines": 0, "percent_statements_covered": 100.0, "percent_statements_covered_display": "100", "num_branches": 0, "num_partial_branches": 0, "covered_branches": 0, "missing_branches": 0, "percent_branches_covered": 100.0, "percent_branches_covered_display": "100"}, "missing_lines": [], "excluded_lines": [], "start_line": 143, "executed_branches": [], "missing_branches": []}, "_sha256_value": {"executed_lines": [148, 149, 150, 157], "summary": {"covered_lines": 4, "num_statements": 6, "percent_covered": 70.0, "percent_covered_display": "70", "missing_lines": 2, "excluded_lines": 0, "percent_statements_covered": 66.66666666666667, "percent_statements_covered_display": "67", "num_branches": 4, "num_partial_branches": 1, "covered_branches": 3, "missing_branches": 1, "percent_branches_covered": 75.0, "percent_branches_covered_display": "75"}, "missing_lines": [155, 156], "excluded_lines": [], "start_line": 147, "executed_branches": [[148, 149], [148, 150], [150, 157]], "missing_branches": [[150, 155]]}, "_load_config": {"executed_lines": [161, 163, 164, 165, 166, 167, 168, 169, 170, 186, 188, 189, 190, 192], "summary": {"covered_lines": 14, "num_statements": 17, "percent_covered": 76.0, "percent_covered_display": "76", "missing_lines": 3, "excluded_lines": 0, "percent_statements_covered": 82.3529411764706, "percent_statements_covered_display": "82", "num_branches": 8, "num_partial_branches": 3, "covered_branches": 5, "missing_branches": 3, "percent_branches_covered": 62.5, "percent_branches_covered_display": "62"}, "missing_lines": [162, 187, 191], "excluded_lines": [], "start_line": 160, "executed_branches": [[161, 163], [163, 164], [163, 165], [186, 188], [190, 192]], "missing_branches": [[161, 162], [186, 187], [190, 191]]}, "_validate_yaml_tree": {"executed_lines": [196, 197, 198, 199, 200, 201, 202, 203, 204, 205, 206, 207, 208, 209, 210], "summary": {"covered_lines": 15, "num_statements": 15, "percent_covered": 100.0, "percent_covered_display": "100", "missing_lines": 0, "excluded_lines": 0, "percent_statements_covered": 100.0, "percent_statements_covered_display": "100", "num_branches": 8, "num_partial_branches": 0, "covered_branches": 8, "missing_branches": 0, "percent_branches_covered": 100.0, "percent_branches_covered_display": "100"}, "missing_lines": [], "excluded_lines": [], "start_line": 195, "executed_branches": [[199, -195], [199, 200], [202, 203], [202, 204], [204, 199], [204, 205], [206, 207], [206, 208]], "missing_branches": []}, "_reject_constant": {"executed_lines": [214], "summary": {"covered_lines": 1, "num_statements": 1, "percent_covered": 100.0, "percent_covered_display": "100", "missing_lines": 0, "excluded_lines": 0, "percent_statements_covered": 100.0, "percent_statements_covered_display": "100", "num_branches": 0, "num_partial_branches": 0, "covered_branches": 0, "missing_branches": 0, "percent_branches_covered": 100.0, "percent_branches_covered_display": "100"}, "missing_lines": [], "excluded_lines": [], "start_line": 213, "executed_branches": [], "missing_branches": []}, "_unique_object": {"executed_lines": [218, 219, 220, 221, 222, 223], "summary": {"covered_lines": 6, "num_statements": 6, "percent_covered": 100.0, "percent_covered_display": "100", "missing_lines": 0, "excluded_lines": 0, "percent_statements_covered": 100.0, "percent_statements_covered_display": "100", "num_branches": 4, "num_partial_branches": 0, "covered_branches": 4, "missing_branches": 0, "percent_branches_covered": 100.0, "percent_branches_covered_display": "100"}, "missing_lines": [], "excluded_lines": [], "start_line": 217, "executed_branches": [[219, 220], [219, 223], [220, 221], [220, 222]], "missing_branches": []}, "_validate_json_value": {"executed_lines": [227, 229, 230, 231, 233, 234, 235, 236, 237, 238], "summary": {"covered_lines": 10, "num_statements": 12, "percent_covered": 84.61538461538461, "percent_covered_display": "85", "missing_lines": 2, "excluded_lines": 0, "percent_statements_covered": 83.33333333333333, "percent_statements_covered_display": "83", "num_branches": 14, "num_partial_branches": 2, "covered_branches": 12, "missing_branches": 2, "percent_branches_covered": 85.71428571428571, "percent_branches_covered_display": "86"}, "missing_lines": [228, 232], "excluded_lines": [], "start_line": 226, "executed_branches": [[227, 229], [229, 230], [229, 231], [231, 233], [233, 234], [233, 236], [234, -226], [234, 235], [236, -226], [236, 237], [237, -226], [237, 238]], "missing_branches": [[227, 228], [231, 232]]}, "_reject_sensitive_or_local_strings": {"executed_lines": [242, 244, 245, 246, 247, 251, 252, 253, 254, 255, 256, 257, 258, 260], "summary": {"covered_lines": 14, "num_statements": 17, "percent_covered": 82.85714285714286, "percent_covered_display": "83", "missing_lines": 3, "excluded_lines": 0, "percent_statements_covered": 82.3529411764706, "percent_statements_covered_display": "82", "num_branches": 18, "num_partial_branches": 3, "covered_branches": 15, "missing_branches": 3, "percent_branches_covered": 83.33333333333333, "percent_branches_covered_display": "83"}, "missing_lines": [243, 259, 261], "excluded_lines": [], "start_line": 241, "executed_branches": [[242, 244], [244, 245], [244, 253], [245, -241], [245, 246], [247, 251], [247, 252], [253, 254], [253, 256], [254, -241], [254, 255], [256, -241], [256, 257], [258, 260], [260, -241]], "missing_branches": [[242, 243], [258, 259], [260, 261]]}, "_read_hashed_json": {"executed_lines": [265, 267, 269, 270, 272, 273, 278, 279, 280, 282, 283, 284], "summary": {"covered_lines": 12, "num_statements": 16, "percent_covered": 66.66666666666667, "percent_covered_display": "67", "missing_lines": 4, "excluded_lines": 0, "percent_statements_covered": 75.0, "percent_statements_covered_display": "75", "num_branches": 8, "num_partial_branches": 4, "covered_branches": 4, "missing_branches": 4, "percent_branches_covered": 50.0, "percent_branches_covered_display": "5
[...]
percent_branches_covered": 100.0, "percent_branches_covered_display": "100"}, "missing_lines": [], "excluded_lines": [], "start_line": 1, "executed_branches": [[31, 32], [31, 33], [34, 35], [34, 36], [52, 53], [52, 54], [62, 63], [62, 65], [66, 67], [66, 71]], "missing_branches": []}}}, "src/compbias/theory/scaling.py": {"executed_lines": [3, 5, 7, 9, 10, 14, 24, 27, 28, 29, 30, 31, 34, 37, 38, 39, 40, 41, 42, 44, 45, 46, 47, 49, 50, 51, 54], "summary": {"covered_lines": 27, "num_statements": 27, "percent_covered": 100.0, "percent_covered_display": "100", "missing_lines": 0, "excluded_lines": 2, "percent_statements_covered": 100.0, "percent_statements_covered_display": "100", "num_branches": 2, "num_partial_branches": 0, "covered_branches": 2, "missing_branches": 0, "percent_branches_covered": 100.0, "percent_branches_covered_display": "100"}, "missing_lines": [], "excluded_lines": [11, 12], "executed_branches": [[44, 45], [44, 49]], "missing_branches": [], "functions": {"relative_compensability_gain": {"executed_lines": [27, 28, 29, 30, 31], "summary": {"covered_lines": 5, "num_statements": 5, "percent_covered": 100.0, "percent_covered_display": "100", "missing_lines": 0, "excluded_lines": 0, "percent_statements_covered": 100.0, "percent_statements_covered_display": "100", "num_branches": 0, "num_partial_branches": 0, "covered_branches": 0, "missing_branches": 0, "percent_branches_covered": 100.0, "percent_branches_covered_display": "100"}, "missing_lines": [], "excluded_lines": [], "start_line": 24, "executed_branches": [], "missing_branches": []}, "severity_scaling_derivative": {"executed_lines": [37, 38, 39, 40, 41, 42, 44, 45, 46, 47, 49, 50, 51], "summary": {"covered_lines": 13, "num_statements": 13, "percent_covered": 100.0, "percent_covered_display": "100", "missing_lines": 0, "excluded_lines": 0, "percent_statements_covered": 100.0, "percent_statements_covered_display": "100", "num_branches": 2, "num_partial_branches": 0, "covered_branches": 2, "missing_branches": 0, "percent_branches_covered": 100.0, "percent_branches_covered_display": "100"}, "missing_lines": [], "excluded_lines": [], "start_line": 34, "executed_branches": [[44, 45], [44, 49]], "missing_branches": []}, "": {"executed_lines": [3, 5, 7, 9, 10, 14, 24, 34, 54], "summary": {"covered_lines": 9, "num_statements": 9, "percent_covered": 100.0, "percent_covered_display": "100", "missing_lines": 0, "excluded_lines": 2, "percent_statements_covered": 100.0, "percent_statements_covered_display": "100", "num_branches": 0, "num_partial_branches": 0, "covered_branches": 0, "missing_branches": 0, "percent_branches_covered": 100.0, "percent_branches_covered_display": "100"}, "missing_lines": [], "excluded_lines": [11, 12], "start_line": 1, "executed_branches": [], "missing_branches": []}}, "classes": {"": {"executed_lines": [3, 5, 7, 9, 10, 14, 24, 27, 28, 29, 30, 31, 34, 37, 38, 39, 40, 41, 42, 44, 45, 46, 47, 49, 50, 51, 54], "summary": {"covered_lines": 27, "num_statements": 27, "percent_covered": 100.0, "percent_covered_display": "100", "missing_lines": 0, "excluded_lines": 2, "percent_statements_covered": 100.0, "percent_statements_covered_display": "100", "num_branches": 2, "num_partial_branches": 0, "covered_branches": 2, "missing_branches": 0, "percent_branches_covered": 100.0, "percent_branches_covered_display": "100"}, "missing_lines": [], "excluded_lines": [11, 12], "start_line": 1, "executed_branches": [[44, 45], [44, 49]], "missing_branches": []}}}, "src/compbias/theory/selection.py": {"executed_lines": [3, 5, 6, 7, 9, 11, 12, 17, 18, 21, 22, 23, 25, 28, 29, 30, 32, 34, 36, 37, 40, 43, 44, 45, 46, 49, 50, 51, 52, 53, 54, 55, 56, 59, 60, 61, 62, 64, 65, 66, 68, 69, 70, 71, 72, 73, 76, 77, 78, 79, 80, 81, 84, 85, 86, 87, 91, 92, 94, 95, 96, 97, 100, 101, 102, 103, 104, 105, 107, 108, 109, 112, 113, 114, 116, 118, 119, 121, 122, 125, 128, 129, 130, 131, 132, 134, 135, 137, 138, 139, 141, 142, 143, 144, 145, 146, 148, 149, 152, 160, 161, 162, 163, 164, 165, 166, 167, 168, 169, 171, 172, 173, 174, 175, 176, 177, 178, 183, 184, 185, 186, 187, 188, 189, 190, 191, 192, 198, 201, 202, 203, 204, 205, 206, 207, 210, 213, 214, 215, 216, 217, 218, 219, 220, 221, 222, 223, 224, 227, 230, 231, 232, 233, 234, 236, 238, 239, 240, 241, 245, 246, 247, 248, 249, 250, 251, 252, 257], "summary": {"covered_lines": 168, "num_statements": 192, "percent_covered": 85.07462686567165, "percent_covered_display": "85", "missing_lines": 24, "excluded_lines": 2, "percent_statements_covered": 87.5, "percent_statements_covered_display": "88", "num_branches": 76, "num_partial_branches": 16, "covered_branches": 60, "missing_branches": 16, "percent_branches_covered": 78.94736842105263, "percent_branches_covered_display": "79"}, "missing_lines": [24, 31, 33, 38, 39, 63, 88, 93, 115, 120, 136, 170, 179, 180, 181, 193, 194, 195, 235, 237, 242, 243, 253, 254], "excluded_lines": [13, 14], "executed_branches": [[23, 25], [29, 30], [29, 36], [30, 32], [32, 34], [44, 45], [44, 46], [52, 53], [52, 54], [54, 55], [54, 56], [61, 62], [61, 68], [62, 64], [68, 69], [68, 70], [71, 72], [71, 73], [79, 80], [79, 81], [85, 86], [85, 87], [87, -84], [92, 94], [95, 96], [95, 97], [101, 102], [101, 107], [113, 114], [113, 118], [114, 116], [119, 121], [134, 135], [134, 141], [135, 137], [141, 142], [141, 143], [164, 165], [164, 166], [166, 167], [166, 168], [168, 169], [168, 183], [169, 171], [177, 178], [183, 184], [183, 185], [191, 192], [220, 221], [220, 223], [233, 234], [233, 245], [234, 236], [236, 238], [240, 241], [245, 246], [245, 247], [247, 248], [247, 249], [251, 252]], "missing_branches": [[23, 24], [30, 31], [32, 33], [62, 63], [87, 88], [92, 93], [114, 115], [119, 120], [135, 136], [169, 170], [177, 179], [191, 193], [234, 235], [236, 237], [240, 242], [251, 253]], "functions": {"_is_torch_tensor": {"executed_lines": [18], "summary": {"covered_lines": 1, "num_statements": 1, "percent_covered": 100.0, "percent_covered_display": "100", "missing_lines": 0, "excluded_lines": 0, "percent_statements_covered": 100.0, "percent_statements_covered_display": "100", "num_branches": 0, "num_partial_branches": 0, "covered_branches": 0, "missing_branches": 0, "percent_branches_covered": 100.0, "percent_branches_covered_display": "100"}, "missing_lines": [], "excluded_lines": [], "start_line": 17, "executed_branches": [], "missing_branches": []}, "_uses_torch": {"executed_lines": [22, 23, 25], "summary": {"covered_lines": 3, "num_statements": 4, "percent_covered": 66.66666666666667, "percent_covered_display": "67", "missing_lines": 1, "excluded_lines": 0, "percent_statements_covered": 75.0, "percent_statements_covered_display": "75", "num_branches": 2, "num_partial_branches": 1, "covered_branches": 1, "missing_branches": 1, "percent_branches_covered": 50.0, "percent_branches_covered_display": "50"}, "missing_lines": [24], "excluded_lines": [], "start_line": 21, "executed_branches": [[23, 25]], "missing_branches": [[23, 24]]}, "_as_float_array": {"executed_lines": [29, 30, 32, 34, 36, 37, 40], "summary": {"covered_lines": 7, "num_statements": 11, "percent_covered": 64.70588235294117, "percent_covered_display": "65", "missing_lines": 4, "excluded_lines": 0, "percent_statements_covered": 63.63636363636363, "percent_statements_covered_display": "64", "num_branches": 6, "num_partial_branches": 2, "covered_branches": 4, "missing_branches": 2, "percent_branches_covered": 66.66666666666667, "percent_branches_covered_display": "67"}, "missing_lines": [31, 33, 38, 39], "excluded_lines": [], "start_line": 28, "executed_branches": [[29, 30], [29, 36], [30, 32], [32, 34]], "missing_branches": [[30, 31], [32, 33]]}, "_all_finite": {"executed_lines": [44, 45, 46], "summary": {"covered_lines": 3, "num_statements": 3, "percent_covered": 100.0, "percent_covered_display": "100", "missing_lines": 0, "excluded_lines": 0, "percent_statements_covered": 100.0, "percent_statements_covered_display": "100", "num_branches": 2, "num_partial_branches": 0, "covered_branches": 2, "missing_branches": 0, "percent_branches_covered": 100.0, "percent_branches_covered_display": "100"}, "missing_lines": [], "excluded_lines": [], "start_line": 43, "executed_branches": [[44, 45], [44, 46]], "missing_branches": []}, "_validate_vector": {"executed_lines": [50, 51, 52, 53, 54, 55, 56], "summary": {"covered_lines": 7, "num_statements": 7, "percent_covered": 100.0, "percent_covered_display": "100", "missing_lines": 0, "excluded_lines": 0, "percent_statements_covered": 100.0, "percent_statements_covered_display": "100", "num_branches": 4, "num_partial_branches": 0, "covered_branches": 4, "missing_branches": 0, "percent_branches_covered": 100.0, "percent_branches_covered_display": "100"}, "missing_lines": [], "excluded_lines": [], "start_line": 49, "executed_branches": [[52, 53], [52, 54], [54, 55], [54, 56]], "missing_branches": []}, "_validate_probability_vector": {"executed_lines": [60, 61, 62, 64, 65, 66, 68, 69, 70, 71, 72, 73], "summary": {"covered_lines": 12, "num_statements": 13, "percent_covered": 90.47619047619048, "percent_covered_display": "90", "missing_lines": 1, "excluded_lines": 0, "percent_statements_covered": 92.3076923076923, "percent_statements_covered_display": "92", "num_branches": 8, "num_partial_branches": 1, "covered_branches": 7, "missing_branches": 1, "percent_branches_covered": 87.5, "percent_branches_covered_display": "88"}, "missing_lines": [63], "excluded_lines": [], "start_line": 59, "executed_branches": [[61, 62], [61, 68], [62, 64], [68, 69], [68, 70], [71, 72], [71, 73]], "missing_branches": [[62, 63]]}, "_validate_positive_vector": {"executed_lines": [77, 78, 79, 80, 81], "summary": {"covered_lines": 5, "num_statements": 5, "percent_covered": 100.0, "percent_covered_display": "100", "missing_lines": 0, "excluded_lines": 0, "percent_statements_covered": 100.0, "percent_statements_covered_display": "100", "num_branches": 2, "num_partial_branches": 0, "covered_branches": 2, "missing_branches": 0, "percent_branches_covered": 100.0, "percent_branches_covered_display": "100"}, "missing_lines": [], "excluded_lines": [], "start_line": 76, "executed_branches": [[79, 80], [79, 81]], "missing_branches": []}, "_validate_same_shape": {"executed_lines": [85, 86, 87], "summary": {"covered_lines": 3, "num_statements": 4, "percent_covered": 75.0, "percent_covered_display": "75", "missing_lines": 1, "excluded_lines": 0, "percent_statements_covered": 75.0, "percent_statements_covered_display": "75", "num_branches": 4, "num_partial_branches": 1, "covered_branches": 3, "missing_branches": 1, "percent_branches_covered": 75.0, "percent_branches_covered_display": "75"}, "missing_lines": [88], "excluded_lines": [], "start_line": 84, "executed_branches": [[85, 86], [85, 87], [87, -84]], "missing_branches": [[87, 88]]}, "_validate_beta": {"executed_lines": [92, 94, 95, 96, 97], "summary": {"covered_lines": 5, "num_statements": 6, "percent_covered": 80.0, "percent_covered_display": "80", "missing_lines": 1, "excluded_lines": 0, "percent_statements_covered": 83.33333333333333, "percent_statements_covered_display": "83", "num_branches": 4, "num_partial_branches": 1, "covered_branches": 3, "missing_branches": 1, "percent_branches_covered": 75.0, "percent_branches_covered_display": "75"}, "missing_lines": [93], "excluded_lines": [], "start_line": 91, "executed_branches": [[92, 94], [95, 96], [95, 97]], "missing_branches": [[92, 93]]}, "_safe_log_nonnegative": {"executed_lines": [101, 102, 103, 104, 105, 107, 108, 109], "summary": {"covered_lines": 8, "num_statements": 8, "percent_covered": 100.0, "percent_covered_display": "100", "missing_lines": 0, "excluded_lines": 0, "percent_statements_covered": 100.0, "percent_statements_covered_display": "100", "num_branches": 2, "num_partial_branches": 0, "covered_branches": 2, "missing_branches": 0, "percent_branches_covered": 100.0, "percent_branches_covered_display": "100"}, "missing_lines": [], "excluded_lines": [], "start_line": 100, "executed_branches": [[101, 102], [101, 107]], "missing_branches": []}, "_normalise_log_weights": {"executed_lines": [113, 114, 116, 118, 119, 121, 122], "summary": {"covered_lines": 7, "num_statements": 9, "percent_covered": 73.33333333333333, "percent_covered_display": "73", "missing_lines": 2, "excluded_lines": 0, "percent_statements_covered": 77.77777777777777, "percent_statements_covered_display": "78", "num_branches": 6, "num_partial_branches": 2, "covered_branches": 4, "missing_branches": 2, "percent_branches_covered": 66.66666666666667, "percent_branches_covered_display": "67"}, "missing_lines": [115, 120], "excluded_lines": [], "start_line": 112, "executed_branches": [[113, 114], [113, 118], [114, 116], [119, 121]], "missing_branches": [[114, 115], [119, 120]]}, "boltzmann_projection": {"executed_lines": [128, 129, 130, 131, 132, 134, 135, 137, 138, 139, 141, 142, 143, 144, 145, 146, 148, 149], "summary": {"covered_lines": 18, "num_statements": 19, "percent_covered": 92.0, "percent_covered_display": "92", "missing_lines": 1, "excluded_lines": 0, "percent_statements_covered": 94.73684210526316, "percent_statements_covered_display": "95", "num_branches": 6, "num_partial_branches": 1, "covered_branches": 5, "missing_branches": 1, "percent_branches_covered": 83.33333333333333, "percent_branches_covered_display": "83"}, "missing_lines": [136], "excluded_lines": [], "start_line": 125, "executed_branches": [[134, 135], [134, 141], [135, 137], [141, 142], [141, 143]], "missing_branches": [[135, 136]]}, "reward_moment_multiplier": {"executed_lines": [160, 161, 162, 163, 164, 165, 166, 167, 168, 169, 171, 172, 173, 174, 175, 176, 177, 178, 183, 184, 185, 186, 187, 188, 189, 190, 191, 192], "summary": {"covered_lines": 28, "num_statements": 35, "percent_covered": 79.59183673469387, "percent_covered_display": "80", "missing_lines": 7, "excluded_lines": 0, "percent_statements_covered": 80.0, "percent_statements_covered_display": "80", "num_branches": 14, "num_partial_branches": 3, "covered_branches": 11, "missing_branches": 3, "percent_branches_covered": 78.57142857142857, "percent_branches_covered_display": "79"}, "missing_lines": [170, 179, 180, 181, 193, 194, 195], "excluded_lines": [], "start_line": 152, "executed_branches": [[164, 165], [164, 166], [166, 167], [166, 168], [168, 169], [168, 183], [169, 171], [177, 178], [183, 184], [183, 185], [191, 192]], "missing_branches": [[169, 170], [177, 179], [191, 193]]}, "selected_error_distribution": {"executed_lines": [201, 202, 203, 204, 205, 206, 207], "summary": {"covered_lines": 7, "num_statements": 7, "percent_covered": 100.0, "percent_covered_display": "100", "missing_lines": 0, "excluded_lines": 0, "percent_statements_covered": 100.0, "percent_statements_covered_display": "100", "num_branches": 0, "num_partial_branches": 0, "covered_branches": 0, "missing_branches": 0, "percent_branches_covered": 100.0, "percent_branches_covered_display": "100"}, "missing_lines": [], "excluded_lines": [], "start_line": 198, "executed_branches": [], "missing_branches": []}, "expectation_shift": {"executed_lines": [213, 214, 215, 216, 217, 218, 219, 220, 221, 222, 223, 224], "summary": {"covered_lines": 12, "num_statements": 12, "percent_covered": 100.0, "percent_covered_display": "100", "missing_lines": 0, "excluded_lines": 0, "percent_statements_covered": 100.0, "percent_statements_covered_display": "100", "num_branches": 2, "num_partial_branches": 0, "covered_branches": 2, "missing_branches": 0, "percent_branches_covered": 100.0, "percent_branches_covered_display": "100"}, "missing_lines": [], "excluded_lines": [], "start_line": 210, "executed_branches": [[220, 221], [220, 223]], "missing_branches": []}, "binary_compensability_multiplier": {"executed_lines": [230, 231, 232, 233, 234, 236, 238, 239, 240, 241, 245, 246, 247, 248, 249, 250, 251, 252], "summary": {"covered_lines": 18, "num_statements": 24, "percent_covered": 73.6842105263158, "percent_covered_display": "74", "missing_lines": 6, "excluded_lines": 0, "percent_statements_covered": 75.0, "percent_statements_covered_display": "75", "num_branches": 14, "num_partial_branches": 4, "covered_branches": 10, "missing_branches": 4, "percent_branches_covered": 71.42857142857143, "percent_branches_covered_display": "71"}, "missing_lines": [235, 237, 242, 243, 253, 254], "excluded_lines": [], "start_line": 227, "executed_branches": [[233, 234], [233, 245], [234, 236], [236, 238], [240, 241], [245, 246], [245, 247], [247, 248], [247, 249], [251, 252]], "missing_branches": [[234, 235], [236, 237], [240, 242], [251, 253]]}, "": {"executed_lines": [3, 5, 6, 7, 9, 11, 12, 17, 21, 28, 43, 49, 59, 76, 84, 91, 100, 112, 125, 152, 198, 210, 227, 257], "summary": {"covered_lines": 24, "num_statements": 24, "percent_covered": 100.0, "percent_covered_display": "100", "missing_lines": 0, "excluded_lines": 2, "percent_statements_covered": 100.0, "percent_statements_covered_display": "100", "num_branches": 0, "num_partial_branches": 0, "covered_branches": 0, "missing_branches": 0, "percent_branches_covered": 100.0, "percent_branches_covered_display": "100"}, "missing_lines": [], "excluded_lines": [13, 14], "start_line": 1, "executed_branches": [], "missing_branches": []}}, "classes": {"": {"executed_lines": [3, 5, 6, 7, 9, 11, 12, 17, 18, 21, 22, 23, 25, 28, 29, 30, 32, 34, 36, 37, 40, 43, 44, 45, 46, 49, 50, 51, 52, 53, 54, 55, 56, 59, 60, 61, 62, 64, 65, 66, 68, 69, 70, 71, 72, 73, 76, 77, 78, 79, 80, 81, 84, 85, 86, 87, 91, 92, 94, 95, 96, 97, 100, 101, 102, 103, 104, 105, 107, 108, 109, 112, 113, 114, 116, 118, 119, 121, 122, 125, 128, 129, 130, 131, 132, 134, 135, 137, 138, 139, 141, 142, 143, 144, 145, 146, 148, 149, 152, 160, 161, 162, 163, 164, 165, 166, 167, 168, 169, 171, 172, 173, 174, 175, 176, 177, 178, 183, 184, 185, 186, 187, 188, 189, 190, 191, 192, 198, 201, 202, 203, 204, 205, 206, 207, 210, 213, 214, 215, 216, 217, 218, 219, 220, 221, 222, 223, 224, 227, 230, 231, 232, 233, 234, 236, 238, 239, 240, 241, 245, 246, 247, 248, 249, 250, 251, 252, 257], "summary": {"covered_lines": 168, "num_statements": 192, "percent_covered": 85.07462686567165, "percent_covered_display": "85", "missing_lines": 24, "excluded_lines": 2, "percent_statements_covered": 87.5, "percent_statements_covered_display": "88", "num_branches": 76, "num_partial_branches": 16, "covered_branches": 60, "missing_branches": 16, "percent_branches_covered": 78.94736842105263, "percent_branches_covered_display": "79"}, "missing_lines": [24, 31, 33, 38, 39, 63, 88, 93, 115, 120, 136, 170, 179, 180, 181, 193, 194, 195, 235, 237, 242, 243, 253, 254], "excluded_lines": [13, 14], "start_line": 1, "executed_branches": [[23, 25], [29, 30], [29, 36], [30, 32], [32, 34], [44, 45], [44, 46], [52, 53], [52, 54], [54, 55], [54, 56], [61, 62], [61, 68], [62, 64], [68, 69], [68, 70], [71, 72], [71, 73], [79, 80], [79, 81], [85, 86], [85, 87], [87, -84], [92, 94], [95, 96], [95, 97], [101, 102], [101, 107], [113, 114], [113, 118], [114, 116], [119, 121], [134, 135], [134, 141], [135, 137], [141, 142], [141, 143], [164, 165], [164, 166], [166, 167], [166, 168], [168, 169], [168, 183], [169, 171], [177, 178], [183, 184], [183, 185], [191, 192], [220, 221], [220, 223], [233, 234], [233, 245], [234, 236], [236, 238], [240, 241], [245, 246], [245, 247], [247, 248], [247, 249], [251, 252]], "missing_branches": [[23, 24], [30, 31], [32, 33], [62, 63], [87, 88], [92, 93], [114, 115], [119, 120], [135, 136], [169, 170], [177, 179], [191, 193], [234, 235], [236, 237], [240, 242], [251, 253]]}}}}, "totals": {"covered_lines": 10696, "num_statements": 12340, "percent_covered": 82.56100422336931, "percent_covered_display": "83", "missing_lines": 1644, "excluded_lines": 32, "percent_statements_covered": 86.677471636953, "percent_statements_covered_display": "87", "num_branches": 4708, "num_partial_branches": 1185, "covered_branches": 3379, "missing_branches": 1329, "percent_branches_covered": 71.7714528462192, "percent_branches_covered_display": "72"}}