<?xml version="1.0" encoding="utf-8"?><testsuites name="pytest tests"><testsuite name="pytest" errors="0" failures="0" skipped="0" tests="12" time="10.385" timestamp="2026-09-15T17:19:26.867131+00:00" hostname="cpu-2.cluster02.eee.ntu.edu.sg"><testcase classname="tests.test_r1_supplement" name="test_warm_zero_lambda_and_order_controls_use_no_new_samples" time="5.129" /><testcase classname="tests.test_r1_supplement" name="test_evidence_drift_fails_before_updates[certificate]" time="0.466" /><testcase classname="tests.test_r1_supplement" name="test_evidence_drift_fails_before_updates[config]" time="0.455" /><testcase classname="tests.test_r1_supplement" name="test_evidence_drift_fails_before_updates[source]" time="0.431" /><testcase classname="tests.test_r1_supplement" name="test_evidence_drift_fails_before_updates[bank_policy]" time="0.471" /><testcase classname="tests.test_r1_supplement" name="test_missing_step1_checkpoint_does_not_fallback_to_step4" time="0.389" /><testcase classname="tests.test_r1_supplement" name="test_manifest_detects_tampering_in_otherwise_unused_measurement" time="0.388" /><testcase classname="tests.test_r1_supplement" name="test_empty_adam_is_rejected" time="0.453" /><testcase classname="tests.test_r1_supplement" name="test_stored_old_likelihood_mismatch_stops_before_updates" time="0.451" /><testcase classname="tests.test_r1_supplement" name="test_generic_lambda_zero_bug_is_detected_independently" time="0.496" /><testcase classname="tests.test_r1_supplement" name="test_refuses_output_inside_source_evidence" time="0.415" /><testcase classname="tests.test_r1_supplement" name="test_meter_observes_actual_checkpoint_layer_recompute_and_restores_torch_api" time="0.002" /></testsuite></testsuites>