<?xml version="1.0" encoding="utf-8"?><testsuites name="pytest tests"><testsuite name="pytest" errors="0" failures="0" skipped="0" tests="1080" time="320.620" timestamp="2026-09-15T14:54:35.594558+08:00" hostname="LouisdeMacBook-Air.local"><testcase classname="tests.modeling_qualification.test_collection" name="test_collection_counts_cost_and_same_initialization" time="0.159" /><testcase classname="tests.modeling_qualification.test_collection" name="test_collection_rejects_clobber" time="0.000" /><testcase classname="tests.modeling_qualification.test_collection" name="test_alias_outputs_share_counts_and_anchor_identity" time="0.002" /><testcase classname="tests.modeling_qualification.test_collection" name="test_validation_checks_all_shapes_counts_and_cost" time="0.009" /><testcase classname="tests.modeling_qualification.test_collection" name="test_validation_rejects_tampered_shared_identity[dataset.npz]" time="0.006" /><testcase classname="tests.modeling_qualification.test_collection" name="test_validation_rejects_tampered_shared_identity[parameter_layout.json]" time="0.006" /><testcase classname="tests.modeling_qualification.test_collection" name="test_counts_predictor_never_opens_oracle_labels" time="0.002" /><testcase classname="tests.modeling_qualification.test_collection" name="test_validation_ignores_trajectory_listing_order_but_preserves_membership" time="0.014" /><testcase classname="tests.modeling_qualification.test_cost_supplement" name="test_allocated_counts_and_io_reconstruct_measured_totals" time="0.000" /><testcase classname="tests.modeling_qualification.test_evaluation" name="test_level_and_response_error_are_separate" time="0.001" /><testcase classname="tests.modeling_qualification.test_evaluation" name="test_selection_allows_failure_and_favors_smallest_rank" time="0.000" /><testcase classname="tests.modeling_qualification.test_evaluation" name="test_cluster_bootstrap_is_seed_clustered_and_reproducible" time="0.000" /><testcase classname="tests.modeling_qualification.test_evaluation" name="test_freeze_prediction_is_no_clobber" time="0.001" /><testcase classname="tests.modeling_qualification.test_evaluation" name="test_alpha_with_all_gates_beats_lower_group_error_that_fails_nrmse" time="0.000" /><testcase classname="tests.modeling_qualification.test_evaluation" name="test_aggregate_rmse_uses_squared_errors" time="0.001" /><testcase classname="tests.modeling_qualification.test_evaluation" name="test_formal_runner_never_loads_locked_test_labels_before_freeze" time="0.057" /><testcase classname="tests.modeling_qualification.test_evaluation" name="test_shared_noise_postprocess_pairs_three_and_five_replicas_without_predicting" time="0.017" /><testcase classname="tests.modeling_qualification.test_evaluation" name="test_four_level_vectors_keep_cancelling_components_and_triangle_bound" time="0.000" /><testcase classname="tests.modeling_qualification.test_math_contracts" name="test_helmert_orthogonality_roundtrip_and_distance" time="0.000" /><testcase classname="tests.modeling_qualification.test_math_contracts" name="test_category_and_weight_identity_errors_fail" time="0.000" /><testcase classname="tests.modeling_qualification.test_math_contracts" name="test_nested_boundaries_roundtrip[p0]" time="0.000" /><testcase classname="tests.modeling_qualification.test_math_contracts" name="test_nested_boundaries_roundtrip[p1]" time="0.000" /><testcase classname="tests.modeling_qualification.test_math_contracts" name="test_nested_boundaries_roundtrip[p2]" time="0.000" /><testcase classname="tests.modeling_qualification.test_math_contracts" name="test_nested_boundaries_roundtrip[p3]" time="0.000" /><testcase classname="tests.modeling_qualification.test_math_contracts" name="test_nested_boundaries_roundtrip[p4]" time="0.000" /><testcase classname="tests.modeling_qualification.test_math_contracts" name="test_nested_boundaries_roundtrip[p5]" time="0.000" /><testcase classname="tests.modeling_qualification.test_math_contracts" name="test_nested_boundaries_roundtrip[p6]" time="0.000" /><testcase classname="tests.modeling_qualification.test_math_contracts" name="test_mle_does_not_infer_population_zero_from_counts" time="0.000" /><testcase classname="tests.modeling_qualification.test_math_contracts" name="test_fisher_and_finite_difference_fp64" time="0.000" /><testcase classname="tests.modeling_qualification.test_math_contracts" name="test_clopper_pearson_actual_denominators_and_zero" time="0.011" /><testcase classname="tests.modeling_qualification.test_math_contracts" name="test_weighted_q_is_ratio_of_weighted_probabilities" time="0.000" /><testcase classname="tests.modeling_qualification.test_math_contracts" name="test_advantage_shift_saturation_and_epsilon_contract" time="0.000" /><testcase classname="tests.modeling_qualification.test_math_contracts" name="test_rank_duplicate_columns_and_spectral_error" time="0.000" /><testcase classname="tests.modeling_qualification.test_math_contracts" name="test_raw_simplex_prediction_preserved" time="0.000" /><testcase classname="tests.modeling_qualification.test_math_contracts" name="test_geometry_does_not_merge_equal_norm_updates" time="0.000" /><testcase classname="tests.modeling_qualification.test_math_contracts" name="test_two_bounds_cover_each_intermediate_step_with_known_L" time="0.006" /><testcase classname="tests.modeling_qualification.test_math_contracts" name="test_linear_regression_probability_helmert_equivalence" time="0.000" /><testcase classname="tests.modeling_qualification.test_math_contracts" name="test_math_runner_writes_real_results_without_clobber" time="0.136" /><testcase classname="tests.modeling_qualification.test_models" name="test_uncentered_rank_and_alias_invariance" time="0.000" /><testcase classname="tests.modeling_qualification.test_models" name="test_exact_ridge_and_zero_response_contract" time="0.000" /><testcase classname="tests.modeling_qualification.test_models" name="test_all_direction_models_use_fit_only_and_full_matches" time="0.001" /><testcase classname="tests.modeling_qualification.test_models" name="test_empty_subspace_is_explicit_and_inputs_rejected" time="0.000" /><testcase classname="tests.modeling_qualification.test_protocol" name="test_locked_protocol_and_derived_workload" time="0.001" /><testcase classname="tests.modeling_qualification.test_protocol" name="test_protocol_rejects_silent_plan_drift[scope-new_qwen_calls-True]" time="0.001" /><testcase classname="tests.modeling_qualification.test_protocol" name="test_protocol_rejects_silent_plan_drift[scope-online_detector-True]" time="0.000" /><testcase classname="tests.modeling_qualification.test_protocol" name="test_protocol_rejects_silent_plan_drift[toy_model-dtype-float32]" time="0.000" /><testcase classname="tests.modeling_qualification.test_protocol" name="test_protocol_rejects_silent_plan_drift[resources-cpu_threads-8]" time="0.000" /><testcase classname="tests.modeling_qualification.test_protocol" name="test_protocol_rejects_silent_plan_drift[model_selection-response_nrmse_max-9.0]" time="0.000" /><testcase classname="tests.modeling_qualification.test_protocol" name="test_reject_cross_split_seed_and_event_column_drift" time="0.001" /><testcase classname="tests.modeling_qualification.test_protocol" name="test_cpu_environment_is_explicit" time="0.000" /><testcase classname="tests.modeling_qualification.test_protocol" name="test_no_clobber_and_hash_contracts" time="0.001" /><testcase classname="tests.modeling_qualification.test_protocol" name="test_core_requires_measured_unchanged_preflight" time="0.002" /><testcase classname="tests.modeling_qualification.test_real_audit" name="test_raw_counts_alias_missing_tensors_and_readonly" time="0.010" /><testcase classname="tests.modeling_qualification.test_real_audit" name="test_summary_only_does_not_claim_raw_recomputation" time="0.006" /><testcase classname="tests.modeling_qualification.test_real_audit" name="test_execution_fault_or_mismatched_counts_is_not_usable_evidence[kwargs0]" time="0.006" /><testcase classname="tests.modeling_qualification.test_real_audit" name="test_execution_fault_or_mismatched_counts_is_not_usable_evidence[kwargs1]" time="0.008" /><testcase classname="tests.modeling_qualification.test_real_audit" name="test_manifest_corruption_and_unfinished_bank" time="0.011" /><testcase classname="tests.modeling_qualification.test_real_audit" name="test_symlink_source_and_sealed_root_rejected" time="0.004" /><testcase classname="tests.modeling_qualification.test_real_audit" name="test_independent_raw_semantic_reparse_and_scene_binding" time="0.001" /><testcase classname="tests.modeling_qualification.test_real_audit" name="test_unsafe_manifest_path_rejected_before_read" time="0.007" /><testcase classname="tests.modeling_qualification.test_real_vectors" name="test_streaming_geometry_uses_actual_deltas_and_does_not_raise_rank_for_aliases" time="0.001" /><testcase classname="tests.modeling_qualification.test_real_vectors" name="test_zero_norm_cosine_null_and_near_collinearity_has_stable_qr_rank" time="0.000" /><testcase classname="tests.modeling_qualification.test_real_vectors" name="test_geometry_refuses_unbound_layout_dtype_and_nonfinite[bad0]" time="0.000" /><testcase classname="tests.modeling_qualification.test_real_vectors" name="test_geometry_refuses_unbound_layout_dtype_and_nonfinite[bad1]" time="0.000" /><testcase classname="tests.modeling_qualification.test_real_vectors" name="test_geometry_refuses_unbound_layout_dtype_and_nonfinite[bad2]" time="0.000" /><testcase classname="tests.modeling_qualification.test_real_vectors" name="test_geometry_refuses_unbound_layout_dtype_and_nonfinite[bad3]" time="0.000" /><testcase classname="tests.modeling_qualification.test_real_vectors" name="test_production_cpu_allocation_check" time="0.000" /><testcase classname="tests.modeling_qualification.test_real_vectors" name="test_full_cpu_checkpoint_byte_state_optimizer_binding_and_readonly" time="0.843" /><testcase classname="tests.modeling_qualification.test_real_vectors" name="test_checkpoint_byte_tampering_rejected_before_restricted_load" time="0.110" /><testcase classname="tests.modeling_qualification.test_toy" name="test_dataset_identity_domain_and_structural_validation" time="0.049" /><testcase classname="tests.modeling_qualification.test_toy" name="test_symbolic_feature_does_not_accept_hidden_truth_copy" time="0.000" /><testcase classname="tests.modeling_qualification.test_toy" name="test_model_layout_initialization_and_permutation_invariance" time="0.004" /><testcase classname="tests.modeling_qualification.test_toy" name="test_probability_jacobian_matches_finite_difference" time="0.001" /><testcase classname="tests.modeling_qualification.test_toy" name="test_branch_restoration_and_explicit_zero_grad_adam" time="0.002" /><testcase classname="tests.modeling_qualification.test_toy" name="test_same_answer_fiber_boundary" time="0.029" /><testcase classname="tests.modeling_qualification.test_toy" name="test_snapshot_restores_none_and_tensor_gradients_after_exception" time="0.001" /><testcase classname="tests.modeling_qualification.test_tracking" name="test_fixed_window_uses_net_sum_and_keeps_intermediate" time="0.000" /><testcase classname="tests.modeling_qualification.test_tracking" name="test_envelope_calibrates_complete_window_maxima_by_seed" time="0.000" /><testcase classname="tests.modeling_qualification.test_tracking" name="test_twenty_four_panels_not_amortized_in_sixteen_steps" time="0.000" /><testcase classname="tests.modeling_qualification.test_tracking" name="test_step_tolerance_includes_relative_response_failure" time="0.000" /><testcase classname="tests.modeling_qualification.test_tracking" name="test_projected_rmse_aggregates_squared_errors_before_root" time="0.001" /><testcase classname="tests.modeling_qualification.test_tracking" name="test_envelope_weights_seed_maxima_not_window_count" time="0.000" /><testcase classname="tests.modeling_qualification.test_tracking" name="test_frozen_basis_validation_rejects_nonorthogonal_basis" time="0.000" /><testcase classname="tests.modeling_qualification.test_tracking" name="test_tracking_freezes_predictions_and_envelopes_before_locked_labels" time="0.094" /><testcase classname="tests.modeling_qualification.test_tracking" name="test_absolute_failure_takes_precedence_over_zero_response_energy" time="0.000" /><testcase classname="tests.modeling_qualification.test_witnesses" name="test_w1_keeps_prompt_identity" time="0.000" /><testcase classname="tests.modeling_qualification.test_witnesses" name="test_w2_equal_present_probabilities_do_not_identify_response" time="0.000" /><testcase classname="tests.modeling_qualification.test_witnesses" name="test_w3_legal_adam_histories_same_parameter_gradient" time="0.001" /><testcase classname="tests.modeling_qualification.test_witnesses" name="test_w3_history_keeps_exact_zero_and_preserves_legal_moments[history0]" time="0.000" /><testcase classname="tests.modeling_qualification.test_witnesses" name="test_w3_history_keeps_exact_zero_and_preserves_legal_moments[history1]" time="0.000" /><testcase classname="tests.modeling_qualification.test_witnesses" name="test_w4_same_summary_opposite_semantics_and_minimax_bound" time="0.000" /><testcase classname="tests.modeling_qualification.test_witnesses" name="test_w5_rank_and_predefined_low_energy_positive_negative_controls" time="0.000" /><testcase classname="tests.modeling_qualification.test_witnesses" name="test_w6_intermediate_net_path_and_wrong_omission_model" time="0.000" /><testcase classname="tests.modeling_qualification.test_witnesses" name="test_witness_runner_no_clobber_and_recomputable_arrays" time="0.003" /><testcase classname="tests.test_audit_r0_remaining" name="test_decode_only_trailing_eos_preserves_think" time="0.000" /><testcase classname="tests.test_audit_r0_remaining" name="test_hash_selection_and_reuse_manifest" time="0.002" /><testcase classname="tests.test_audit_r0_remaining" name="test_symbolic_prompt_no_undeclared_labels" time="0.003" /><testcase classname="tests.test_audit_r0_remaining" name="test_processor_detects_visual_token_drift" time="0.000" /><testcase classname="tests.test_audit_r0_remaining" name="test_processor_requires_every_selected_scene" time="0.000" /><testcase classname="tests.test_audit_r0_remaining" name="test_historical_replay_checks_every_record[input_tensor_hash]" time="0.000" /><testcase classname="tests.test_audit_r0_remaining" name="test_historical_replay_checks_every_record[image_token_count]" time="0.000" /><testcase classname="tests.test_audit_r0_remaining" name="test_historical_replay_checks_every_record[final_prompt_hash]" time="0.000" /><testcase classname="tests.test_audit_r0_remaining" name="test_manifest_closure_rejects_changed_evidence" time="0.001" /><testcase classname="tests.test_audit_r0_remaining" name="test_human_review_is_bound_to_original_p3_confirmation" time="0.001" /><testcase classname="tests.test_audit_r0_remaining" name="test_dataset_manifest_requires_every_declared_split[missing]" time="0.003" /><testcase classname="tests.test_audit_r0_remaining" name="test_dataset_manifest_requires_every_declared_split[modified]" time="0.002" /><testcase classname="tests.test_audit_r0_remaining" name="test_dataset_manifest_requires_every_declared_split[wrong_count]" time="0.002" /><testcase classname="tests.test_chat_eos" name="test_chat_and_model_end_tokens_are_both_terminal[248044-248046-expected0]" time="0.000" /><testcase classname="tests.test_chat_eos" name="test_chat_and_model_end_tokens_are_both_terminal[model_eos1-248046-expected1]" time="0.000" /><testcase classname="tests.test_chat_eos" name="test_chat_and_model_end_tokens_are_both_terminal[model_eos2-tokenizer_eos2-expected2]" time="0.000" /><testcase classname="tests.test_chat_eos" name="test_chat_and_model_end_tokens_are_both_terminal[None-248046-expected3]" time="0.000" /><testcase classname="tests.test_chat_eos" name="test_chat_and_model_end_tokens_are_both_terminal[248044-None-expected4]" time="0.000" /><testcase classname="tests.test_chat_eos" name="test_chat_and_model_end_tokens_are_both_terminal[None-None-expected5]" time="0.000" /><testcase classname="tests.test_chat_eos" name="test_generation_stops_at_chat_eos_without_repairing_body[body0-[1,2,3,4]-True]" time="0.003" /><testcase classname="tests.test_chat_eos" name="test_generation_stops_at_chat_eos_without_repairing_body[body1-&lt;think&gt;[1,2,3,4]&lt;/think&gt;-False]" time="0.002" /><testcase classname="tests.test_chat_eos" name="test_generation_stops_at_chat_eos_without_repairing_body[body2-&lt;|im_start|&gt;[1,2,3,4]-False]" time="0.002" /><testcase classname="tests.test_contract" name="test_hash_and_phase_artifacts" time="0.025" /><testcase classname="tests.test_contract" name="test_resume_checks_all_identity_fields_and_detects_tampering" time="0.001" /><testcase classname="tests.test_contract" name="test_config_boundary_and_budget" time="0.002" /><testcase classname="tests.test_contract" name="test_sample_seed_independent_of_training_seed" time="0.000" /><testcase classname="tests.test_contract" name="test_confirm_access_is_guarded_and_logged" time="0.015" /><testcase classname="tests.test_contract" name="test_cli_dry_run_is_model_free" time="0.050" /><testcase classname="tests.test_contract" name="test_report_keeps_pending_distinct_from_observations" time="0.063" /><testcase classname="tests.test_contract" name="test_statistics_use_prompt_weights_and_distinct_ratios" time="0.000" /><testcase classname="tests.test_contract" name="test_statistics_undefined_and_invalid_cases" time="0.000" /><testcase classname="tests.test_contract" name="test_cluster_uncertainty_preserves_scenes_and_marks_undefined" time="0.004" /><testcase classname="tests.test_contract" name="test_config_validation_invalid_inputs_and_resolved_revision" time="0.000" /><testcase classname="tests.test_contract" name="test_store_rejects_missing_manifest_malformed_rows_and_keys" time="0.001" /><testcase classname="tests.test_contract" name="test_main_gpu_status_uses_backend_gate" time="0.103" /><testcase classname="tests.test_contract" name="test_report_cli" time="0.017" /><testcase classname="tests.test_contract" name="test_existing_phase_evidence_is_never_replaced_by_rejected_attempt" time="0.021" /><testcase classname="tests.test_contract" name="test_orphan_records_cannot_be_assigned_a_new_identity" time="0.001" /><testcase classname="tests.test_contract" name="test_frozen_budget_includes_greedy_and_respects_split" time="0.000" /><testcase classname="tests.test_contract" name="test_report_acknowledges_real_smoke_without_claiming_scientific_results" time="0.038" /><testcase classname="tests.test_contract" name="test_locked_config_cannot_claim_ignored_algorithm_settings[lora_rank-16]" time="0.000" /><testcase classname="tests.test_contract" name="test_locked_config_cannot_claim_ignored_algorithm_settings[lora_alpha-32]" time="0.000" /><testcase classname="tests.test_contract" name="test_locked_config_cannot_claim_ignored_algorithm_settings[lora_dropout-0.1]" time="0.000" /><testcase classname="tests.test_contract" name="test_locked_config_cannot_claim_ignored_algorithm_settings[beta_kl-0.01]" time="0.000" /><testcase classname="tests.test_contract" name="test_locked_config_cannot_claim_ignored_algorithm_settings[weight_decay-0.1]" time="0.000" /><testcase classname="tests.test_contract" name="test_locked_config_cannot_claim_ignored_algorithm_settings[epsilon-0.01]" time="0.000" /><testcase classname="tests.test_contract" name="test_locked_config_cannot_claim_ignored_algorithm_settings[alpha-1]" time="0.000" /><testcase classname="tests.test_contract" name="test_locked_config_cannot_claim_ignored_algorithm_settings[microbatch-2]" time="0.000" /><testcase classname="tests.test_contract" name="test_locked_config_cannot_claim_ignored_algorithm_settings[base_dtype-float32]" time="0.000" /><testcase classname="tests.test_contract" name="test_smoke_budget_counts_policy_reference_and_backward_forwards" time="0.000" /><testcase classname="tests.test_data_contact_sheets" name="test_contact_sheets_preserve_all_cells_and_review_status" time="0.491" /><testcase classname="tests.test_data_contact_sheets" name="test_selection_is_independent_of_input_order" time="0.009" /><testcase classname="tests.test_data_contact_sheets" name="test_contact_sheet_refuses_tampered_source" time="0.159" /><testcase classname="tests.test_data_contact_sheets" name="test_contact_sheet_refuses_unrendered_dataset" time="0.009" /><testcase classname="tests.test_data_generation" name="test_default_split_contract" time="0.000" /><testcase classname="tests.test_data_generation" name="test_balanced_unique_deterministic_and_unleaked_generation" time="0.084" /><testcase classname="tests.test_data_generation" name="test_invalid_split_sizes_rejected[sizes0]" time="0.001" /><testcase classname="tests.test_data_generation" name="test_invalid_split_sizes_rejected[sizes1]" time="0.000" /><testcase classname="tests.test_data_generation" name="test_invalid_split_sizes_rejected[sizes2]" time="0.000" /><testcase classname="tests.test_data_generation" name="test_invalid_split_sizes_rejected[sizes3]" time="0.000" /><testcase classname="tests.test_data_generation" name="test_invalid_split_sizes_rejected[sizes4]" time="0.000" /><testcase classname="tests.test_data_generation" name="test_fixed_prompt_templates_ignore_truth_fields" time="0.000" /><testcase classname="tests.test_data_generation" name="test_render_is_deterministic_and_preserves_mapping[grouped_bar]" time="0.008" /><testcase classname="tests.test_data_generation" name="test_render_is_deterministic_and_preserves_mapping[line]" time="0.009" /><testcase classname="tests.test_data_generation" name="test_renderer_rejects_invalid_chart" time="0.000" /><testcase classname="tests.test_data_generation" name="test_rendered_dataset_records_hashes_and_diagnostics" time="0.078" /><testcase classname="tests.test_data_generation" name="test_default_generator_capacity_and_complete_ood_composition" time="0.795" /><testcase classname="tests.test_data_verifiers" name="test_parser_rejects_non_action[[1,2,3,true]]" time="0.000" /><testcase classname="tests.test_data_verifiers" name="test_parser_rejects_non_action[[1,2,3,4.0]]" time="0.000" /><testcase classname="tests.test_data_verifiers" name="test_parser_rejects_non_action[[1,2,3,&quot;4&quot;]]" time="0.000" /><testcase classname="tests.test_data_verifiers" name="test_parser_rejects_non_action[```json\n[1,2,3,4]\n```]" time="0.000" /><testcase classname="tests.test_data_verifiers" name="test_parser_rejects_non_action[[1,2,3,4] extra]" time="0.000" /><testcase classname="tests.test_data_verifiers" name="test_parser_rejects_non_action[[1,2,3,4,5]]" time="0.000" /><testcase classname="tests.test_data_verifiers" name="test_parser_rejects_non_action[[1,2,3]]" time="0.000" /><testcase classname="tests.test_data_verifiers" name="test_parser_rejects_non_action[[1,2,3,100]]" time="0.000" /><testcase classname="tests.test_data_verifiers" name="test_parser_rejects_non_action[[-1,2,3,4]]" time="0.000" /><testcase classname="tests.test_data_verifiers" name="test_parser_rejects_non_action[[1,2,3,4]" time="0.000" /><testcase classname="tests.test_data_verifiers" name="test_parser_rejects_non_action[[1,2,3,NaN]]" time="0.000" /><testcase classname="tests.test_data_verifiers" name="test_parser_rejects_non_action[[1,2,3,4][1,2,3,4]]" time="0.000" /><testcase classname="tests.test_data_verifiers" name="test_parser_rejects_non_action[null]" time="0.000" /><testcase classname="tests.test_data_verifiers" name="test_parser_rejects_non_action[{}]" time="0.000" /><testcase classname="tests.test_data_verifiers" name="test_full_json_parser_accepts_standard_whitespace" time="0.000" /><testcase classname="tests.test_data_verifiers" name="test_categories_partition_and_nested_events" time="0.000" /><testcase classname="tests.test_data_verifiers" name="test_fiber_size_matches_exhaustive_small_domain[sum4]" time="0.000" /><testcase classname="tests.test_data_verifiers" name="test_fiber_size_matches_exhaustive_small_domain[difference_pairs]" time="0.000" /><testcase classname="tests.test_data_verifiers" name="test_fiber_size_matches_exhaustive_small_domain[range4]" time="0.000" /><testcase classname="tests.test_data_verifiers" name="test_executor_rejects_unknown_operation_and_invalid_world" time="0.000" /><testcase classname="tests.test_data_verifiers" name="test_independent_solver_unique_solution[truth0-observed0-cue0]" time="0.000" /><testcase classname="tests.test_data_verifiers" name="test_independent_solver_unique_solution[truth1-observed1-cue1]" time="0.000" /><testcase classname="tests.test_data_verifiers" name="test_independent_solver_unique_solution[truth2-observed2-cue2]" time="0.000" /><testcase classname="tests.test_data_verifiers" name="test_independent_solver_unique_solution[truth3-observed3-cue3]" time="0.000" /><testcase classname="tests.test_data_verifiers" name="test_no_cue_is_396_candidates_and_diagnostics_not_coerced" time="0.000" /><testcase classname="tests.test_data_verifiers" name="test_solver_input_boundary[world0-None-1]" time="0.000" /><testcase classname="tests.test_data_verifiers" name="test_solver_input_boundary[world1-None-100]" time="0.000" /><testcase classname="tests.test_data_verifiers" name="test_solver_input_boundary[world2-None-100]" time="0.000" /><testcase classname="tests.test_data_verifiers" name="test_solver_input_boundary[world3-None-100]" time="0.000" /><testcase classname="tests.test_data_verifiers" name="test_solver_input_boundary[world4-cue4-100]" time="0.000" /><testcase classname="tests.test_data_verifiers" name="test_solver_input_boundary[world5-cue5-100]" time="0.000" /><testcase classname="tests.test_data_verifiers" name="test_solver_input_boundary[world6-cue6-100]" time="0.000" /><testcase classname="tests.test_data_verifiers" name="test_nonstring_parser_input_and_invalid_fiber_domain" time="0.000" /><testcase classname="tests.test_final_fact_record" name="test_written_document_restores_numbers_tables_and_shared_objects" time="0.007" /><testcase classname="tests.test_final_fact_record" name="test_source_hash_mismatch_stops_before_publication" time="0.003" /><testcase classname="tests.test_final_fact_record" name="test_file_aliases_follow_rendered_stage_order" time="0.004" /><testcase classname="tests.test_final_fact_record" name="test_alias_cannot_hide_json_field_not_in_csv" time="0.002" /><testcase classname="tests.test_final_fact_record" name="test_csv_alias_restores_original_json_scalar_types_and_empty_groups" time="0.005" /><testcase classname="tests.test_final_fact_record" name="test_finalization_requires_explicit_typed_acceptance[replacement0]" time="0.002" /><testcase classname="tests.test_final_fact_record" name="test_finalization_requires_explicit_typed_acceptance[replacement1]" time="0.002" /><testcase classname="tests.test_final_fact_record" name="test_finalization_binds_included_actual_acceptance_sources[None]" time="0.003" /><testcase classname="tests.test_final_fact_record" name="test_finalization_binds_included_actual_acceptance_sources[hash]" time="0.003" /><testcase classname="tests.test_final_fact_record" name="test_finalization_binds_included_actual_acceptance_sources[omitted]" time="0.003" /><testcase classname="tests.test_final_fact_record" name="test_finalization_binds_included_actual_acceptance_sources[status]" time="0.002" /><testcase classname="tests.test_final_fact_record" name="test_finalization_binds_included_actual_acceptance_sources[role]" time="0.002" /><testcase classname="tests.test_final_fact_record" name="test_finalization_binds_included_actual_acceptance_sources[unconfigured]" time="0.002" /><testcase classname="tests.test_final_fact_record" name="test_written_markdown_corruption_is_detected_independently" time="0.004" /><testcase classname="tests.test_final_fact_record" name="test_render_verification_failure_preserves_existing_delivery" time="0.003" /><testcase classname="tests.test_final_fact_record" name="test_parquet_embedded_json_remains_reconstructible" time="0.442" /><testcase classname="tests.test_followup_backend" name="test_unresolved_paths_block_before_any_model_load" time="0.001" /><testcase classname="tests.test_followup_backend" name="test_gpu_opt_in_checked_before_plan_or_model_access" time="0.001" /><testcase classname="tests.test_followup_backend" name="test_output_cannot_replace_or_contain_parent" time="0.001" /><testcase classname="tests.test_followup_backend" name="test_snapshot_requires_complete_pinned_local_weights" time="0.003" /><testcase classname="tests.test_followup_backend" name="test_revalidate_plan_rejects_source_or_parent_drift" time="0.005" /><testcase classname="tests.test_followup_backend" name="test_source_bridge_rejects_modified_inherited_code" time="0.000" /><testcase classname="tests.test_followup_backend" name="test_actual_adam_joint_bridge_restores_all_state" time="0.088" /><testcase classname="tests.test_followup_backend" name="test_joint_bridge_failure_restores_all_state" time="0.033" /><testcase classname="tests.test_followup_backend" name="test_diagnostic_panel_uses_actual_r2_three_conditions" time="0.022" /><testcase classname="tests.test_followup_backend" name="test_s2_load_wires_real_seed17_schedule_and_extended_initial_state" time="0.129" /><testcase classname="tests.test_followup_backend" name="test_s1_load_wires_actual_selected_bank_api" time="0.120" /><testcase classname="tests.test_followup_backend" name="test_prepare_server_plan_positive_wiring_rechecks_parent_and_no_weights" time="1.114" /><testcase classname="tests.test_followup_backend" name="test_control_bindings_reject_disagreement_and_incomplete_rows" time="0.000" /><testcase classname="tests.test_followup_backend" name="test_prospective_initialization_same_seed_exact_and_empty_adam" time="0.005" /><testcase classname="tests.test_followup_backend" name="test_historical_r2_requires_gpu_opt_in_and_original_arm" time="0.000" /><testcase classname="tests.test_followup_backend" name="test_historical_endpoint_r2_has_864_samples_zero_updates_exact_resume" time="0.250" /><testcase classname="tests.test_followup_backend" name="test_historical_loader_verifies_original_checkpoint_before_restoring" time="0.025" /><testcase classname="tests.test_followup_backend" name="test_historical_completion_publication_recovers_without_extra_samples[completion_binding.json]" time="0.291" /><testcase classname="tests.test_followup_backend" name="test_historical_completion_publication_recovers_without_extra_samples[completed.json]" time="0.296" /><testcase classname="tests.test_followup_backend" name="test_historical_fixture_rejects_non_cpu_tensors_before_any_output" time="0.005" /><testcase classname="tests.test_followup_backend" name="test_revalidation_accepts_legal_roundoff_retains_original_identity_and_full_audit" time="0.008" /><testcase classname="tests.test_followup_backend" name="test_revalidation_rejects_every_nonobserver_drift_and_keeps_failed_audit[path0-other-model]" time="0.004" /><testcase classname="tests.test_followup_backend" name="test_revalidation_rejects_every_nonobserver_drift_and_keeps_failed_audit[path1-other-source]" time="0.003" /><testcase classname="tests.test_followup_backend" name="test_revalidation_rejects_every_nonobserver_drift_and_keeps_failed_audit[path2-other-weight-hash]" time="0.003" /><testcase classname="tests.test_followup_backend" name="test_revalidation_rejects_every_nonobserver_drift_and_keeps_failed_audit[path3-1.0]" time="0.003" /><testcase classname="tests.test_followup_backend" name="test_revalidation_rejects_every_nonobserver_drift_and_keeps_failed_audit[path4-other-raw-hash]" time="0.004" /><testcase classname="tests.test_followup_backend" name="test_revalidation_rejects_every_nonobserver_drift_and_keeps_failed_audit[path5-other-response-hash]" time="0.003" /><testcase classname="tests.test_followup_backend" name="test_revalidation_rejects_every_nonobserver_drift_and_keeps_failed_audit[path6-128]" time="0.003" /><testcase classname="tests.test_followup_backend" name="test_revalidation_rejects_every_nonobserver_drift_and_keeps_failed_audit[path7-3073]" time="0.004" /><testcase classname="tests.test_followup_backend" name="test_revalidation_rejects_every_nonobserver_drift_and_keeps_failed_audit[path8-FAILED]" time="0.004" /><testcase classname="tests.test_followup_backend" name="test_revalidation_rejects_every_nonobserver_drift_and_keeps_failed_audit[path9-must-not-be-recursively-stripped]" time="0.004" /><testcase classname="tests.test_followup_backend" name="test_revalidation_does_not_swallow_real_numerical_gate_failure" time="0.001" /><testcase classname="tests.test_followup_backend" name="test_revalidation_rejects_invalid_observer_payload_before_exclusion[nonfinite]" time="0.001" /><testcase classname="tests.test_followup_backend" name="test_revalidation_rejects_invalid_observer_payload_before_exclusion[out_of_bound]" time="0.001" /><testcase classname="tests.test_followup_backend" name="test_revalidation_rejects_invalid_observer_payload_before_exclusion[changed_bound]" time="0.001" /><testcase classname="tests.test_followup_backend" name="test_revalidation_rejects_invalid_observer_payload_before_exclusion[unknown_field]" time="0.001" /><testcase classname="tests.test_followup_backend" name="test_revalidation_rejects_invalid_observer_payload_before_exclusion[unknown_path]" time="0.001" /><testcase classname="tests.test_followup_backend" name="test_revalidation_audits_concurrent_identical_publish_and_tampering" time="0.027" /><testcase classname="tests.test_followup_backend" name="test_revalidation_audits_refuse_symlink_and_write_failure" time="0.004" /><testcase classname="tests.test_followup_cli" name="test_analyze_actual_six_bank_cpu_bundle_and_refuse_gpu_upgrade" time="2.676" /><testcase classname="tests.test_followup_cli" name="test_analyze_rejects_unmeasured_bank_without_writing_output" time="0.001" /><testcase classname="tests.test_followup_cli" name="test_smoke_binding_rejects_plan_source_and_fake_kind_changes" time="0.010" /><testcase classname="tests.test_followup_cli" name="test_dry_run_accepts_valid_design_without_gpu_or_output" time="0.012" /><testcase classname="tests.test_followup_cli" name="test_analyze_rejects_mixed_model_origin_or_source_bank_bundles" time="0.004" /><testcase classname="tests.test_followup_cli" name="test_parent_audit_cannot_write_inside_original_directory" time="0.002" /><testcase classname="tests.test_followup_cli" name="test_prepare_cli_cannot_publish_plan_inside_parent" time="0.002" /><testcase classname="tests.test_followup_inputs" name="test_fixed_banks_composite_preserve_original_rows[0]" time="0.081" /><testcase classname="tests.test_followup_inputs" name="test_fixed_banks_composite_preserve_original_rows[3]" time="0.029" /><testcase classname="tests.test_followup_inputs" name="test_fixed_banks_composite_preserve_original_rows[4]" time="0.029" /><testcase classname="tests.test_followup_inputs" name="test_fixed_banks_composite_preserve_original_rows[5]" time="0.029" /><testcase classname="tests.test_followup_inputs" name="test_fixed_banks_composite_preserve_original_rows[11]" time="0.029" /><testcase classname="tests.test_followup_inputs" name="test_fixed_banks_composite_preserve_original_rows[composite]" time="0.029" /><testcase classname="tests.test_followup_inputs" name="test_bank_rejects_integrity_binding_and_leakage_faults[duplicate]" time="0.118" /><testcase classname="tests.test_followup_inputs" name="test_bank_rejects_integrity_binding_and_leakage_faults[missing]" time="0.119" /><testcase classname="tests.test_followup_inputs" name="test_bank_rejects_integrity_binding_and_leakage_faults[sample_index]" time="0.114" /><testcase classname="tests.test_followup_inputs" name="test_bank_rejects_integrity_binding_and_leakage_faults[origin]" time="0.114" /><testcase classname="tests.test_followup_inputs" name="test_bank_rejects_integrity_binding_and_leakage_faults[model]" time="0.114" /><testcase classname="tests.test_followup_inputs" name="test_bank_rejects_integrity_binding_and_leakage_faults[parser]" time="0.114" /><testcase classname="tests.test_followup_inputs" name="test_bank_rejects_integrity_binding_and_leakage_faults[prepared]" time="0.118" /><testcase classname="tests.test_followup_inputs" name="test_bank_rejects_integrity_binding_and_leakage_faults[image]" time="0.115" /><testcase classname="tests.test_followup_inputs" name="test_bank_rejects_integrity_binding_and_leakage_faults[tokens]" time="0.120" /><testcase classname="tests.test_followup_inputs" name="test_bank_rejects_integrity_binding_and_leakage_faults[old]" time="0.119" /><testcase classname="tests.test_followup_inputs" name="test_bank_rejects_integrity_binding_and_leakage_faults[nan]" time="0.117" /><testcase classname="tests.test_followup_inputs" name="test_bank_rejects_integrity_binding_and_leakage_faults[hash]" time="0.114" /><testcase classname="tests.test_followup_inputs" name="test_bank_rejects_integrity_binding_and_leakage_faults[control]" time="0.099" /><testcase classname="tests.test_followup_inputs" name="test_bank_rejects_integrity_binding_and_leakage_faults[data]" time="0.115" /><testcase classname="tests.test_followup_inputs" name="test_bank_rejects_integrity_binding_and_leakage_faults[category]" time="0.117" /><testcase classname="tests.test_followup_inputs" name="test_bank_rejects_integrity_binding_and_leakage_faults[bool_index]" time="0.117" /><testcase classname="tests.test_followup_inputs" name="test_bank_rejects_integrity_binding_and_leakage_faults[tokenized]" time="0.116" /><testcase classname="tests.test_followup_inputs" name="test_bank_selection_does_not_use_new_outcomes" time="0.133" /><testcase classname="tests.test_followup_inputs" name="test_missing_raw_rejected" time="0.014" /><testcase classname="tests.test_followup_inputs" name="test_seed17_exact_and_new_seed_schedules_deterministic" time="0.203" /><testcase classname="tests.test_followup_inputs" name="test_prepared_attachment_checks_actual_tensor_bytes" time="0.140" /><testcase classname="tests.test_followup_inputs" name="test_metadata_import_and_schedule_do_not_import_model_libraries" time="0.034" /><testcase classname="tests.test_followup_parent" name="test_directory_and_zip_metadata_audit_never_promote_raw" time="0.110" /><testcase classname="tests.test_followup_parent" name="test_missing_parent_metadata_is_explicit" time="0.001" /><testcase classname="tests.test_followup_parent" name="test_origin_cannot_be_overridden_by_caller" time="0.034" /><testcase classname="tests.test_followup_parent" name="test_restricted_archive_rejects_unsafe_names[../evil.json]" time="0.001" /><testcase classname="tests.test_followup_parent" name="test_restricted_archive_rejects_unsafe_names[/evil.json]" time="0.001" /><testcase classname="tests.test_followup_parent" name="test_restricted_archive_rejects_unsafe_names[a/../evil.json]" time="0.001" /><testcase classname="tests.test_followup_parent" name="test_restricted_archive_rejects_unsafe_names[a//evil.json]" time="0.001" /><testcase classname="tests.test_followup_parent" name="test_restricted_archive_rejects_unsafe_names[a\\evil.json]" time="0.001" /><testcase classname="tests.test_followup_parent" name="test_restricted_archive_rejects_unsafe_names[C:/evil.json]" time="0.001" /><testcase classname="tests.test_followup_parent" name="test_archive_duplicate_symlink_and_file_directory_collision" time="0.001" /><testcase classname="tests.test_followup_parent" name="test_bounded_json_rejects_hash_type_duplicate_keys_nan_and_symlink" time="0.002" /><testcase classname="tests.test_followup_parent" name="test_zip_declared_sizes_and_compression_are_bounded" time="0.001" /><testcase classname="tests.test_followup_parent" name="test_metadata_schema_and_cross_file_binding_rejects_tampering[phase]" time="0.034" /><testcase classname="tests.test_followup_parent" name="test_metadata_schema_and_cross_file_binding_rejects_tampering[step]" time="0.035" /><testcase classname="tests.test_followup_parent" name="test_metadata_schema_and_cross_file_binding_rejects_tampering[model]" time="0.034" /><testcase classname="tests.test_followup_parent" name="test_metadata_schema_and_cross_file_binding_rejects_tampering[B]" time="0.034" /><testcase classname="tests.test_followup_parent" name="test_metadata_schema_and_cross_file_binding_rejects_tampering[K]" time="0.034" /><testcase classname="tests.test_followup_parent" name="test_metadata_schema_and_cross_file_binding_rejects_tampering[plan]" time="0.035" /><testcase classname="tests.test_followup_parent" name="test_metadata_schema_and_cross_file_binding_rejects_tampering[identity]" time="0.034" /><testcase classname="tests.test_followup_parent" name="test_metadata_schema_and_cross_file_binding_rejects_tampering[composition]" time="0.035" /><testcase classname="tests.test_followup_parent" name="test_parent_integer_contract_rejects_float_aliases[R3-B-4.0]" time="0.034" /><testcase classname="tests.test_followup_parent" name="test_parent_integer_contract_rejects_float_aliases[R3-K-8.0]" time="0.034" /><testcase classname="tests.test_followup_parent" name="test_parent_integer_contract_rejects_float_aliases[R4-seed-17.0]" time="0.034" /><testcase classname="tests.test_followup_protocol" name="test_frozen_design_budget_and_no_execution" time="0.005" /><testcase classname="tests.test_followup_protocol" name="test_design_cannot_silently_change_frozen_contract[execution-allow_gpu-True]" time="0.001" /><testcase classname="tests.test_followup_protocol" name="test_design_cannot_silently_change_frozen_contract[execution-allow_training-True]" time="0.001" /><testcase classname="tests.test_followup_protocol" name="test_design_cannot_silently_change_frozen_contract[optimization-B-True]" time="0.001" /><testcase classname="tests.test_followup_protocol" name="test_design_cannot_silently_change_frozen_contract[optimization-lr-nan]" time="0.001" /><testcase classname="tests.test_followup_protocol" name="test_design_cannot_silently_change_frozen_contract[reward-epsilon-1e-08]" time="0.001" /><testcase classname="tests.test_followup_protocol" name="test_design_cannot_silently_change_frozen_contract[model-revision-main]" time="0.001" /><testcase classname="tests.test_followup_protocol" name="test_design_cannot_silently_change_frozen_contract[S1-maximum_direct_outputs_before_dedup-1]" time="0.001" /><testcase classname="tests.test_followup_protocol" name="test_candidate_identity_rejects_bool_unknown_and_alias_paths" time="0.000" /><testcase classname="tests.test_followup_protocol" name="test_safe_json_no_clobber_nonfinite_and_symlink" time="0.002" /><testcase classname="tests.test_followup_protocol" name="test_cli_plan_and_import_do_not_import_torch_or_adapter" time="0.054" /><testcase classname="tests.test_followup_protocol" name="test_real_commands_reject_without_permission_before_reading_plan[run-s1-args0]" time="0.002" /><testcase classname="tests.test_followup_protocol" name="test_real_commands_reject_without_permission_before_reading_plan[run-s2-args1]" time="0.001" /><testcase classname="tests.test_followup_protocol" name="test_real_commands_reject_without_permission_before_reading_plan[smoke-args2]" time="0.001" /><testcase classname="tests.test_followup_protocol" name="test_real_commands_reject_without_permission_before_reading_plan[eval-historical-r2-args3]" time="0.001" /><testcase classname="tests.test_followup_protocol" name="test_s2_requires_separate_training_flag" time="0.001" /><testcase classname="tests.test_followup_protocol" name="test_slurm_script_has_no_resource_guesses_and_valid_syntax" time="0.013" /><testcase classname="tests.test_followup_runtime" name="test_followup_runtime_api_exists" time="0.000" /><testcase classname="tests.test_followup_runtime" name="test_all_six_banks_actual_adam_checkpoint_raw_counts_response_and_resume" time="2.743" /><testcase classname="tests.test_followup_runtime" name="test_generation_interruption_reuses_prefix_and_identity_changes_fail" time="0.265" /><testcase classname="tests.test_followup_runtime" name="test_semantic_invalid_is_observation_bad_probability_is_fault" time="0.192" /><testcase classname="tests.test_followup_runtime" name="test_candidate_rng_excludes_candidate_and_path_escape_rejected" time="0.021" /><testcase classname="tests.test_followup_runtime" name="test_single_bank_cli_layout_and_completed_tamper" time="0.173" /><testcase classname="tests.test_followup_runtime" name="test_forward_alias_requires_exact_all_forward_fields_not_optimizer" time="0.028" /><testcase classname="tests.test_followup_runtime" name="test_interruption_at_final_completion_marker_reuses_sealed_measurements" time="0.264" /><testcase classname="tests.test_followup_runtime" name="test_loader_timing_does_not_change_exact_forward_fingerprint" time="0.015" /><testcase classname="tests.test_followup_runtime" name="test_interrupted_adam_attempt_cannot_silently_expand_physical_budget" time="0.136" /><testcase classname="tests.test_followup_statistics" name="test_s01_s02_fixed_weight_counts_and_ratio_of_means" time="0.001" /><testcase classname="tests.test_followup_statistics" name="test_s01_reject_invalid_counts[&lt;lambda&gt;0]" time="0.000" /><testcase classname="tests.test_followup_statistics" name="test_s01_reject_invalid_counts[&lt;lambda&gt;1]" time="0.000" /><testcase classname="tests.test_followup_statistics" name="test_s01_reject_invalid_counts[&lt;lambda&gt;2]" time="0.000" /><testcase classname="tests.test_followup_statistics" name="test_s01_reject_invalid_counts[&lt;lambda&gt;3]" time="0.000" /><testcase classname="tests.test_followup_statistics" name="test_s01_reject_invalid_counts[&lt;lambda&gt;4]" time="0.000" /><testcase classname="tests.test_followup_statistics" name="test_s01_reject_invalid_fixed_weights[fixed0]" time="0.000" /><testcase classname="tests.test_followup_statistics" name="test_s01_reject_invalid_fixed_weights[fixed1]" time="0.000" /><testcase classname="tests.test_followup_statistics" name="test_s01_reject_invalid_fixed_weights[fixed2]" time="0.000" /><testcase classname="tests.test_followup_statistics" name="test_s01_reject_invalid_fixed_weights[fixed3]" time="0.000" /><testcase classname="tests.test_followup_statistics" name="test_s03_right_minus_left_probability_and_percentage_points" time="0.003" /><testcase classname="tests.test_followup_statistics" name="test_s04_reject_unpaired_coverage[prompt_id-changed]" time="0.001" /><testcase classname="tests.test_followup_statistics" name="test_s04_reject_unpaired_coverage[base_scene_id-changed]" time="0.000" /><testcase classname="tests.test_followup_statistics" name="test_s04_reject_unpaired_coverage[interface-changed]" time="0.000" /><testcase classname="tests.test_followup_statistics" name="test_s04_reject_unpaired_coverage[family-changed]" time="0.000" /><testcase classname="tests.test_followup_statistics" name="test_s04_reject_unpaired_coverage[sample_seed-100]" time="0.001" /><testcase classname="tests.test_followup_statistics" name="test_s04_reject_unpaired_coverage[train_seed-41]" time="0.000" /><testcase classname="tests.test_followup_statistics" name="test_s04_reject_unpaired_coverage[bank_id-other-bank]" time="0.000" /><testcase classname="tests.test_followup_statistics" name="test_s04_reject_missing_or_duplicate_samples_and_cross_bank_baseline" time="0.001" /><testcase classname="tests.test_followup_statistics" name="test_s05_shared_family_scene_draws_recompute_ratios_without_inner_resampling" time="0.002" /><testcase classname="tests.test_followup_statistics" name="test_s06_zero_event_support_and_undefined_ratio_remain_distinct" time="0.002" /><testcase classname="tests.test_followup_statistics" name="test_s07_hoeffding_union_and_ratio_difference_against_standard_library" time="0.000" /><testcase classname="tests.test_followup_statistics" name="test_s08_s09_uniform_16_overlap_does_not_imply_event_support" time="0.000" /><testcase classname="tests.test_followup_statistics" name="test_s10_extreme_logweights_stay_stable_and_json_finite" time="0.000" /><testcase classname="tests.test_followup_statistics" name="test_s10_nonfinite_or_invalid_logweights_rejected[bad0]" time="0.000" /><testcase classname="tests.test_followup_statistics" name="test_s10_nonfinite_or_invalid_logweights_rejected[bad1]" time="0.000" /><testcase classname="tests.test_followup_statistics" name="test_s10_nonfinite_or_invalid_logweights_rejected[bad2]" time="0.000" /><testcase classname="tests.test_followup_statistics" name="test_s10_nonfinite_or_invalid_logweights_rejected[bad3]" time="0.000" /><testcase classname="tests.test_followup_statistics" name="test_s10_nonfinite_or_invalid_logweights_rejected[bad4]" time="0.000" /><testcase classname="tests.test_followup_statistics" name="test_s11_ois_snis_direct_are_explicit_and_no_clipping" time="0.000" /><testcase classname="tests.test_followup_statistics" name="test_s12_aliases_reuse_raw_samples_and_not_independent_candidates_or_seeds" time="0.001" /><testcase classname="tests.test_followup_statistics" name="test_s13_per_seed_paired_deltas_and_exploratory_prospective_labels" time="0.000" /><testcase classname="tests.test_followup_statistics" name="test_s13_seed_coverage_and_alias_records_cannot_inflate_seed_counts" time="0.000" /><testcase classname="tests.test_followup_statistics" name="test_s14_few_scenes_and_undefined_replicates_never_filtered" time="0.001" /><testcase classname="tests.test_followup_statistics" name="test_s07_group_bounds_normalize_weights_and_union_covers_all_groups" time="0.000" /><testcase classname="tests.test_followup_statistics" name="test_s10_s11_valid_ratio_stays_defined_for_tiny_valid_importance_mass" time="0.000" /><testcase classname="tests.test_followup_statistics" name="test_s05_unequal_weights_keep_family_mass_and_resample_whole_scenes" time="0.002" /><testcase classname="tests.test_followup_statistics" name="test_s02_s03_s07_qs_ratio_and_intervals_use_same_union_events" time="0.003" /><testcase classname="tests.test_followup_train" name="test_prescribed_fixed_evaluation_budget_and_endpoint_alias" time="0.000" /><testcase classname="tests.test_followup_train" name="test_request_stream_is_semantic_directory_independent_and_arm_owned" time="0.001" /><testcase classname="tests.test_followup_train" name="test_training_rejects_historical_anchor_and_unapproved_real_execution" time="0.001" /><testcase classname="tests.test_followup_train" name="test_evaluation_restores_complete_state_even_after_exception" time="0.010" /><testcase classname="tests.test_followup_train" name="test_two_seeds_three_arms_real_adam_and_ledger_chain" time="1.685" /><testcase classname="tests.test_followup_train" name="test_interrupted_training_resume_is_bitwise_uninterrupted_and_no_clobber" time="0.697" /><testcase classname="tests.test_followup_train" name="test_resume_rejects_changed_initial_adapter_and_completed_counts" time="0.205" /><testcase classname="tests.test_followup_train" name="test_cold_initial_and_source_resume_identity_are_enforced" time="0.200" /><testcase classname="tests.test_followup_train" name="test_fixture_label_cannot_bypass_real_adapter_training_gates" time="0.001" /><testcase classname="tests.test_followup_train" name="test_unbound_output_and_missing_resume_identity_are_rejected[False]" time="0.003" /><testcase classname="tests.test_followup_train" name="test_unbound_output_and_missing_resume_identity_are_rejected[True]" time="0.003" /><testcase classname="tests.test_followup_train" name="test_evaluation_preserves_primary_error_if_restore_also_fails" time="0.001" /><testcase classname="tests.test_followup_train" name="test_r2_counts_keep_three_conditions_when_image_interfaces_are_shared" time="0.000" /><testcase classname="tests.test_followup_train" name="test_r2_condition_counts_are_published_without_extra_generation" time="0.256" /><testcase classname="tests.test_followup_updates" name="test_reward_channels_reference_and_constants" time="0.001" /><testcase classname="tests.test_followup_updates" name="test_no_x_gate_small_lambda_and_present_x[S]" time="0.000" /><testcase classname="tests.test_followup_updates" name="test_no_x_gate_small_lambda_and_present_x[W]" time="0.000" /><testcase classname="tests.test_followup_updates" name="test_permutation_and_derivative" time="0.000" /><testcase classname="tests.test_followup_updates" name="test_bad_rewards_fail[categories0-1-joint-0.0001]" time="0.000" /><testcase classname="tests.test_followup_updates" name="test_bad_rewards_fail[categories1-1-joint-0.0001]" time="0.000" /><testcase classname="tests.test_followup_updates" name="test_bad_rewards_fail[categories2-True-joint-0.0001]" time="0.000" /><testcase classname="tests.test_followup_updates" name="test_bad_rewards_fail[categories3-nan-joint-0.0001]" time="0.001" /><testcase classname="tests.test_followup_updates" name="test_bad_rewards_fail[categories4-inf-joint-0.0001]" time="0.000" /><testcase classname="tests.test_followup_updates" name="test_bad_rewards_fail[categories5--1-joint-0.0001]" time="0.000" /><testcase classname="tests.test_followup_updates" name="test_bad_rewards_fail[categories6-1-unknown-0.0001]" time="0.000" /><testcase classname="tests.test_followup_updates" name="test_bad_rewards_fail[categories7-1-joint-True]" time="0.000" /><testcase classname="tests.test_followup_updates" name="test_bad_rewards_fail[categories8-1-joint-0]" time="0.000" /><testcase classname="tests.test_followup_updates" name="test_new_joint_matches_exact_legacy_fp32_and_restores_modes" time="0.008" /><testcase classname="tests.test_followup_updates" name="test_microbatch_full_batch_clipping_and_no_x_denominator" time="0.004" /><testcase classname="tests.test_followup_updates" name="test_ppo_boundary_branches_fp32[-1.0-0.7]" time="0.000" /><testcase classname="tests.test_followup_updates" name="test_ppo_boundary_branches_fp32[-1.0-0.8]" time="0.000" /><testcase classname="tests.test_followup_updates" name="test_ppo_boundary_branches_fp32[-1.0-1.0]" time="0.000" /><testcase classname="tests.test_followup_updates" name="test_ppo_boundary_branches_fp32[-1.0-1.2]" time="0.000" /><testcase classname="tests.test_followup_updates" name="test_ppo_boundary_branches_fp32[-1.0-1.3]" time="0.000" /><testcase classname="tests.test_followup_updates" name="test_ppo_boundary_branches_fp32[1.0-0.7]" time="0.000" /><testcase classname="tests.test_followup_updates" name="test_ppo_boundary_branches_fp32[1.0-0.8]" time="0.000" /><testcase classname="tests.test_followup_updates" name="test_ppo_boundary_branches_fp32[1.0-1.0]" time="0.000" /><testcase classname="tests.test_followup_updates" name="test_ppo_boundary_branches_fp32[1.0-1.2]" time="0.000" /><testcase classname="tests.test_followup_updates" name="test_ppo_boundary_branches_fp32[1.0-1.3]" time="0.000" /><testcase classname="tests.test_followup_updates" name="test_warm_explicit_zero_adam_and_global_clip" time="0.007" /><testcase classname="tests.test_followup_updates" name="test_reject_invalid_update_before_mutation[missing]" time="0.001" /><testcase classname="tests.test_followup_updates" name="test_reject_invalid_update_before_mutation[duplicate]" time="0.001" /><testcase classname="tests.test_followup_updates" name="test_reject_invalid_update_before_mutation[frozen]" time="0.001" /><testcase classname="tests.test_followup_updates" name="test_reject_invalid_update_before_mutation[nan_gradient]" time="0.001" /><testcase classname="tests.test_followup_updates" name="test_reject_invalid_update_before_mutation[nan_parameter]" time="0.001" /><testcase classname="tests.test_followup_updates" name="test_reject_invalid_update_before_mutation[nan_state]" time="0.001" /><testcase classname="tests.test_followup_updates" name="test_full_restore_checkpoint_and_candidate_order" time="0.098" /><testcase classname="tests.test_followup_updates" name="test_exception_restore_and_poison_on_restore_failure" time="0.013" /><testcase classname="tests.test_followup_updates" name="test_vector_geometry_and_exact_forward_alias" time="0.000" /><testcase classname="tests.test_followup_updates" name="test_fp64_streaming_vector_reference_and_group_reordering" time="0.005" /><testcase classname="tests.test_followup_updates" name="test_all_recorded_buffers_positions_and_sampler_state_dict_restore" time="0.004" /><testcase classname="tests.test_followup_updates" name="test_gradient_cleanup_does_not_mask_primary_failure" time="0.001" /><testcase classname="tests.test_followup_updates" name="test_restricted_checkpoint_type_shape_hash_validation[hash]" time="0.009" /><testcase classname="tests.test_followup_updates" name="test_restricted_checkpoint_type_shape_hash_validation[tensor_type]" time="0.007" /><testcase classname="tests.test_followup_updates" name="test_restricted_checkpoint_type_shape_hash_validation[tensor_shape]" time="0.007" /><testcase classname="tests.test_followup_updates" name="test_restricted_checkpoint_type_shape_hash_validation[moment_dtype]" time="0.007" /><testcase classname="tests.test_followup_updates" name="test_restricted_checkpoint_type_shape_hash_validation[rng_type]" time="0.007" /><testcase classname="tests.test_followup_updates" name="test_restricted_checkpoint_type_shape_hash_validation[step_shape]" time="0.006" /><testcase classname="tests.test_followup_updates" name="test_checkpoint_file_hash_checked_before_deserialization" time="0.010" /><testcase classname="tests.test_followup_updates" name="test_truncated_no_eos_tokens_reach_real_gradient_path_unchanged" time="0.001" /><testcase classname="tests.test_followup_updates" name="test_nonfinite_autograd_inside_fork_persists_failure_without_completion" time="0.015" /><testcase classname="tests.test_followup_updates" name="test_equal_parameters_distinct_real_adam_checkpoints_roundtrip_independently" time="0.022" /><testcase classname="tests.test_fork_gradients" name="test_public_api_is_available" time="0.000" /><testcase classname="tests.test_fork_gradients" name="test_direct_is_uncut_fixed_token_loss_without_update_or_input_mutation" time="0.005" /><testcase classname="tests.test_fork_gradients" name="test_four_category_scores_reproduce_independent_full_losses[X_BASE-0.0]" time="0.003" /><testcase classname="tests.test_fork_gradients" name="test_four_category_scores_reproduce_independent_full_losses[X_VALID-1.0]" time="0.003" /><testcase classname="tests.test_fork_gradients" name="test_four_category_scores_reproduce_independent_full_losses[A_BASE-0.0]" time="0.003" /><testcase classname="tests.test_fork_gradients" name="test_four_category_scores_reproduce_independent_full_losses[A_VALID-1.0]" time="0.004" /><testcase classname="tests.test_fork_gradients" name="test_answer_reward_distinguishes_s_from_w_and_epsilon_is_used" time="0.005" /><testcase classname="tests.test_fork_gradients" name="test_original_old_probability_drift_blocks_score_adoption[0.08-False]" time="0.004" /><testcase classname="tests.test_fork_gradients" name="test_original_old_probability_drift_blocks_score_adoption[0.7-True]" time="0.003" /><testcase classname="tests.test_fork_gradients" name="test_rewards_and_old_probabilities_are_detached" time="0.002" /><testcase classname="tests.test_fork_gradients" name="test_missing_categories_and_zero_bank_are_not_informative_pass" time="0.002" /><testcase classname="tests.test_fork_gradients" name="test_adam_candidates_restore_independently_in_both_orders[False]" time="0.012" /><testcase classname="tests.test_fork_gradients" name="test_adam_candidates_restore_independently_in_both_orders[True]" time="0.014" /><testcase classname="tests.test_fork_gradients" name="test_mature_adam_zero_tensor_step_matches_manual_and_differs_from_none" time="0.008" /><testcase classname="tests.test_fork_gradients" name="test_score_bank_rejects_changed_source_or_cached_gradient[old]" time="0.002" /><testcase classname="tests.test_fork_gradients" name="test_score_bank_rejects_changed_source_or_cached_gradient[category]" time="0.002" /><testcase classname="tests.test_fork_gradients" name="test_score_bank_rejects_changed_source_or_cached_gradient[tokens]" time="0.002" /><testcase classname="tests.test_fork_gradients" name="test_score_bank_rejects_changed_source_or_cached_gradient[scores]" time="0.002" /><testcase classname="tests.test_fork_gradients" name="test_invalid_gradient_updates_are_rejected_before_mutation[missing]" time="0.004" /><testcase classname="tests.test_fork_gradients" name="test_invalid_gradient_updates_are_rejected_before_mutation[shape]" time="0.004" /><testcase classname="tests.test_fork_gradients" name="test_invalid_gradient_updates_are_rejected_before_mutation[nan]" time="0.004" /><testcase classname="tests.test_fork_gradients" name="test_invalid_gradient_updates_are_rejected_before_mutation[frozen_optimizer]" time="0.004" /><testcase classname="tests.test_fork_gradients" name="test_gradient_comparison_reports_mismatch_and_nonfinite_without_passing" time="0.002" /><testcase classname="tests.test_fork_gradients" name="test_nonfinite_adam_moments_never_return_success[before]" time="0.002" /><testcase classname="tests.test_fork_gradients" name="test_nonfinite_adam_moments_never_return_success[after]" time="0.002" /><testcase classname="tests.test_fork_gradients" name="test_direct_gradient_and_step_match_frozen_update_helper" time="0.004" /><testcase classname="tests.test_frozen_adapter" name="test_greedy_selects_untransformed_argmax_and_scores_match" time="0.107" /><testcase classname="tests.test_frozen_adapter" name="test_legacy_prompt_does_not_gain_system_or_multimodal_wrapper" time="0.006" /><testcase classname="tests.test_frozen_comparison" name="test_predeclared_bin_boundaries_include_endpoints_once" time="0.002" /><testcase classname="tests.test_frozen_comparison" name="test_overall_populations_unchanged_and_greedy_never_enters_cells" time="0.000" /><testcase classname="tests.test_frozen_comparison" name="test_common_cells_require_all_three_models_and_matching_data" time="0.001" /><testcase classname="tests.test_frozen_comparison" name="test_missing_model_or_nonoverlapping_cell_is_explicit" time="0.000" /><testcase classname="tests.test_frozen_comparison" name="test_invalid_support_probabilities_rejected[pairs0]" time="0.000" /><testcase classname="tests.test_frozen_comparison" name="test_invalid_support_probabilities_rejected[pairs1]" time="0.000" /><testcase classname="tests.test_frozen_comparison" name="test_invalid_support_probabilities_rejected[pairs2]" time="0.000" /><testcase classname="tests.test_frozen_comparison" name="test_invalid_support_probabilities_rejected[pairs3]" time="0.000" /><testcase classname="tests.test_frozen_comparison" name="test_exports_label_auxiliary_scope_and_empty_csv" time="0.003" /><testcase classname="tests.test_frozen_comparison" name="test_report_only_compares_verified_imported_metrics" time="0.025" /><testcase classname="tests.test_frozen_metrics" name="test_sampling_is_distinct_from_greedy_and_json_safe" time="0.001" /><testcase classname="tests.test_frozen_metrics" name="test_macro_and_pooled_ratios_differ_and_na_prompts_are_retained" time="0.001" /><testcase classname="tests.test_frozen_metrics" name="test_undefined_denominators_are_null" time="0.000" /><testcase classname="tests.test_frozen_metrics" name="test_constraints_copy_and_truncation_have_explicit_denominators" time="0.000" /><testcase classname="tests.test_frozen_metrics" name="test_binomial_intervals_do_not_claim_zero_or_one_probability" time="0.001" /><testcase classname="tests.test_frozen_metrics" name="test_informative_interval_checks_interior_maximum" time="0.000" /><testcase classname="tests.test_frozen_metrics" name="test_actual_groups_are_nonoverlapping_index_order_not_combinations" time="0.000" /><testcase classname="tests.test_frozen_metrics" name="test_incomplete_groups_are_na_not_padded_or_overlapping" time="0.000" /><testcase classname="tests.test_frozen_metrics" name="test_malformed_or_incomplete_input_is_rejected[&lt;lambda&gt;0]" time="0.000" /><testcase classname="tests.test_frozen_metrics" name="test_malformed_or_incomplete_input_is_rejected[&lt;lambda&gt;1]" time="0.000" /><testcase classname="tests.test_frozen_metrics" name="test_malformed_or_incomplete_input_is_rejected[&lt;lambda&gt;2]" time="0.000" /><testcase classname="tests.test_frozen_metrics" name="test_malformed_or_incomplete_input_is_rejected[&lt;lambda&gt;3]" time="0.000" /><testcase classname="tests.test_frozen_metrics" name="test_malformed_or_incomplete_input_is_rejected[&lt;lambda&gt;4]" time="0.000" /><testcase classname="tests.test_frozen_metrics" name="test_malformed_or_incomplete_input_is_rejected[&lt;lambda&gt;5]" time="0.000" /><testcase classname="tests.test_frozen_metrics" name="test_malformed_or_incomplete_input_is_rejected[&lt;lambda&gt;6]" time="0.000" /><testcase classname="tests.test_frozen_metrics" name="test_malformed_or_incomplete_input_is_rejected[&lt;lambda&gt;7]" time="0.000" /><testcase classname="tests.test_frozen_metrics" name="test_malformed_or_incomplete_input_is_rejected[&lt;lambda&gt;8]" time="0.000" /><testcase classname="tests.test_frozen_metrics" name="test_malformed_or_incomplete_input_is_rejected[&lt;lambda&gt;9]" time="0.000" /><testcase classname="tests.test_frozen_metrics" name="test_malformed_or_incomplete_input_is_rejected[&lt;lambda&gt;10]" time="0.000" /><testcase classname="tests.test_frozen_metrics" name="test_malformed_or_incomplete_input_is_rejected[&lt;lambda&gt;11]" time="0.000" /><testcase classname="tests.test_frozen_metrics" name="test_malformed_or_incomplete_input_is_rejected[&lt;lambda&gt;12]" time="0.000" /><testcase classname="tests.test_frozen_metrics" name="test_sample_keys_are_optional_but_rollout_identity_remains_required" time="0.000" /><testcase classname="tests.test_frozen_metrics" name="test_empty_input_rejected" time="0.000" /><testcase classname="tests.test_frozen_metrics" name="test_legacy_conditions_have_observed_groups_and_unknown_relations" time="0.001" /><testcase classname="tests.test_frozen_metrics" name="test_legacy_complete_out_of_domain_action_is_invalid_not_partial_syntax" time="0.000" /><testcase classname="tests.test_frozen_metrics" name="test_all_unknown_constraint_satisfaction_is_not_zero_satisfaction" time="0.000" /><testcase classname="tests.test_frozen_metrics" name="test_optional_semantic_parse_flag_must_agree_with_action_category" time="0.000" /><testcase classname="tests.test_frozen_qwen25_tiny" name="test_frozen_qwen25_generation_and_prefix_scores[True-False]" time="0.044" /><testcase classname="tests.test_frozen_qwen25_tiny" name="test_frozen_qwen25_generation_and_prefix_scores[True-True]" time="0.024" /><testcase classname="tests.test_frozen_qwen25_tiny" name="test_frozen_qwen25_generation_and_prefix_scores[False-False]" time="0.015" /><testcase classname="tests.test_frozen_qwen25_tiny" name="test_frozen_qwen25_generation_and_prefix_scores[False-True]" time="0.019" /><testcase classname="tests.test_frozen_qwen25_tiny" name="test_qwen25_legacy_single_user_prepare_and_48_token_setting" time="0.007" /><testcase classname="tests.test_frozen_qwen25_tiny" name="test_qwen25_cache_positions_follow_framework_cache_length" time="0.008" /><testcase classname="tests.test_frozen_report" name="test_parquet_is_real_and_preserves_undefined_metrics" time="0.030" /><testcase classname="tests.test_frozen_report" name="test_report_marks_subtask_scope_and_unrun_training[REAL_CUDA_MODEL]" time="0.026" /><testcase classname="tests.test_frozen_report" name="test_report_marks_subtask_scope_and_unrun_training[CPU_FAKE_ADAPTER_FIXTURE]" time="0.025" /><testcase classname="tests.test_frozen_report" name="test_aggregate_imports_real_completed_subtask_without_whole_p3_pass" time="0.053" /><testcase classname="tests.test_frozen_report" name="test_aggregate_does_not_promote_failed_partial_or_fixture[FAIL-REAL_CUDA_MODEL]" time="0.044" /><testcase classname="tests.test_frozen_report" name="test_aggregate_does_not_promote_failed_partial_or_fixture[PARTIAL-REAL_CUDA_MODEL]" time="0.044" /><testcase classname="tests.test_frozen_report" name="test_aggregate_does_not_promote_failed_partial_or_fixture[PASS-CPU_FAKE_ADAPTER_FIXTURE]" time="0.044" /><testcase classname="tests.test_frozen_report" name="test_tampered_completed_evidence_is_not_imported" time="0.045" /><testcase classname="tests.test_frozen_report" name="test_exports_real_metrics_schema_including_empty_fixed_groups" time="0.008" /><testcase classname="tests.test_frozen_report" name="test_full_p3_needs_all_six_distinct_model_track_tasks" time="0.216" /><testcase classname="tests.test_frozen_report" name="test_manifest_cannot_reference_artifacts_outside_subtask" time="0.047" /><testcase classname="tests.test_frozen_report" name="test_status_only_edit_cannot_promote_cpu_fixture" time="0.051" /><testcase classname="tests.test_frozen_report" name="test_copied_bank_with_relabeled_status_cannot_complete_matrix" time="0.079" /><testcase classname="tests.test_frozen_report" name="test_cross_file_identity_cannot_be_repaired_by_rehashing_one_file[identity.json-execution_kind-CPU_FAKE_ADAPTER_FIXTURE]" time="0.050" /><testcase classname="tests.test_frozen_report" name="test_cross_file_identity_cannot_be_repaired_by_rehashing_one_file[metrics.json-track-L]" time="0.051" /><testcase classname="tests.test_frozen_report" name="test_cross_file_identity_cannot_be_repaired_by_rehashing_one_file[data_manifest.json-prompt_count-1]" time="0.050" /><testcase classname="tests.test_frozen_report" name="test_cross_file_identity_cannot_be_repaired_by_rehashing_one_file[model_audit.json-model_revision-main]" time="0.052" /><testcase classname="tests.test_frozen_report" name="test_cross_model_changed_dataset_keeps_complete_matrix_partial" time="0.210" /><testcase classname="tests.test_frozen_report" name="test_required_identity_file_must_be_hashed_in_manifest[model_audit.json]" time="0.048" /><testcase classname="tests.test_frozen_report" name="test_required_identity_file_must_be_hashed_in_manifest[identity.json]" time="0.050" /><testcase classname="tests.test_frozen_report" name="test_required_identity_file_must_be_hashed_in_manifest[runtime_lock.json]" time="0.047" /><testcase classname="tests.test_frozen_report" name="test_required_identity_file_must_be_hashed_in_manifest[data_manifest.json]" time="0.048" /><testcase classname="tests.test_frozen_report" name="test_small_n_panel_cannot_be_imported_as_formal_real_result" time="0.044" /><testcase classname="tests.test_frozen_runtime" name="test_frozen_exact_panel_no_training_and_resume" time="0.262" /><testcase classname="tests.test_frozen_runtime" name="test_resume_interruption_matches_uninterrupted" time="0.299" /><testcase classname="tests.test_frozen_runtime" name="test_gates_fail_before_loading_and_no_confirm" time="0.003" /><testcase classname="tests.test_frozen_runtime" name="test_resume_rejects_extra_records_and_image_changes" time="0.166" /><testcase classname="tests.test_frozen_runtime" name="test_p1_evidence_cannot_use_fixture" time="0.001" /><testcase classname="tests.test_frozen_runtime" name="test_frozen_dry_run_and_gate_does_not_need_gpu" time="0.044" /><testcase classname="tests.test_frozen_runtime" name="test_real_peft_context_restores_flags_without_invalidating_frozen_run" time="0.123" /><testcase classname="tests.test_frozen_runtime" name="test_p1_certificate_accepts_exact_model_and_rejects_dependency_or_file_drift" time="0.008" /><testcase classname="tests.test_frozen_runtime" name="test_human_review_binds_exact_images_and_calibration" time="0.009" /><testcase classname="tests.test_frozen_runtime" name="test_legacy_runtime_keeps_prompt_parser_and_length" time="0.104" /><testcase classname="tests.test_frozen_runtime" name="test_same_output_rejects_concurrent_writer_and_releases_after_error" time="0.001" /><testcase classname="tests.test_frozen_runtime" name="test_cli_concurrent_fresh_run_rejection_preserves_other_writer_evidence" time="0.002" /><testcase classname="tests.test_frozen_runtime" name="test_wrong_model_key_spec_rejected_before_loader" time="0.002" /><testcase classname="tests.test_legacy_audit" name="test_empty_audit_is_explicitly_incomplete_and_writes_phase_files" time="0.024" /><testcase classname="tests.test_legacy_audit" name="test_yaml_values_have_hash_and_field_provenance_without_inferred_batches" time="0.026" /><testcase classname="tests.test_legacy_audit" name="test_archive_counts_actual_rows_and_pairs_and_keeps_archive_readonly" time="0.025" /><testcase classname="tests.test_legacy_audit" name="test_static_source_is_not_imported_and_rewards_require_literal_evidence" time="0.026" /><testcase classname="tests.test_legacy_audit" name="test_unsafe_archive_paths_rejected_without_extraction[../escape.json]" time="0.003" /><testcase classname="tests.test_legacy_audit" name="test_unsafe_archive_paths_rejected_without_extraction[/absolute.json]" time="0.002" /><testcase classname="tests.test_legacy_audit" name="test_symlinks_are_not_followed_and_protected_output_is_rejected" time="0.025" /><testcase classname="tests.test_legacy_audit" name="test_cli_dry_run_reports_zero_gpu_budget_without_writing" time="0.047" /><testcase classname="tests.test_legacy_audit" name="test_archive_manifest_hash_checks_and_historical_metadata" time="0.051" /><testcase classname="tests.test_legacy_audit" name="test_conflicting_and_malformed_sources_require_review" time="0.026" /><testcase classname="tests.test_legacy_audit" name="test_direct_cli_and_optional_legacy_root" time="0.027" /><testcase classname="tests.test_legacy_audit" name="test_archive_duplicate_and_link_members_rejected" time="0.004" /><testcase classname="tests.test_legacy_frozen" name="test_actual_legacy_manifest_and_prompt_are_preserved" time="0.004" /><testcase classname="tests.test_legacy_frozen" name="test_original_semantic_parser_and_original_operation[3,8,5,18-X-True]" time="0.000" /><testcase classname="tests.test_legacy_frozen" name="test_original_semantic_parser_and_original_operation[[3,8,5,18]-X-True]" time="0.000" /><testcase classname="tests.test_legacy_frozen" name="test_original_semantic_parser_and_original_operation[v1=3,v2=8,v3=5,v4=18-X-True]" time="0.000" /><testcase classname="tests.test_legacy_frozen" name="test_original_semantic_parser_and_original_operation[3,8,5,17-S-True]" time="0.000" /><testcase classname="tests.test_legacy_frozen" name="test_original_semantic_parser_and_original_operation[4,8,5,17-W-True]" time="0.000" /><testcase classname="tests.test_legacy_frozen" name="test_original_semantic_parser_and_original_operation[3,8,5,18\nexplanation-I-False]" time="0.000" /><testcase classname="tests.test_legacy_frozen" name="test_original_semantic_parser_and_original_operation[1,8,5,18-I-True]" time="0.000" /><testcase classname="tests.test_legacy_frozen" name="test_original_semantic_parser_and_original_operation[{&quot;a&quot;:3,&quot;b&quot;:8,&quot;c&quot;:5,&quot;d&quot;:18}-I-False]" time="0.000" /><testcase classname="tests.test_legacy_frozen" name="test_reject_corrupt_data_and_symlink" time="0.001" /><testcase classname="tests.test_legacy_frozen" name="test_reject_invalid_rehashed_legacy_input[&lt;lambda&gt;-prompt hash]" time="0.006" /><testcase classname="tests.test_legacy_frozen" name="test_reject_invalid_rehashed_legacy_input[&lt;lambda&gt;-duplicate]" time="0.006" /><testcase classname="tests.test_legacy_frozen" name="test_reject_invalid_rehashed_legacy_input[&lt;lambda&gt;-world]" time="0.006" /><testcase classname="tests.test_legacy_frozen" name="test_reject_invalid_rehashed_legacy_input[&lt;lambda&gt;-indices]" time="0.006" /><testcase classname="tests.test_legacy_frozen" name="test_reject_invalid_rehashed_legacy_input[&lt;lambda&gt;-gold]" time="0.006" /><testcase classname="tests.test_legacy_frozen" name="test_reject_invalid_rehashed_legacy_input[&lt;lambda&gt;-pair]" time="0.007" /><testcase classname="tests.test_legacy_frozen" name="test_reject_base_pair_split_leak" time="0.006" /><testcase classname="tests.test_legacy_frozen" name="test_directory_alias_is_allowed_but_file_symlink_is_not" time="0.004" /><testcase classname="tests.test_math_flow" name="test_multinomial_support_and_probability[p0-2]" time="0.000" /><testcase classname="tests.test_math_flow" name="test_multinomial_support_and_probability[p0-4]" time="0.000" /><testcase classname="tests.test_math_flow" name="test_multinomial_support_and_probability[p0-8]" time="0.000" /><testcase classname="tests.test_math_flow" name="test_multinomial_support_and_probability[p0-16]" time="0.000" /><testcase classname="tests.test_math_flow" name="test_multinomial_support_and_probability[p0-32]" time="0.002" /><testcase classname="tests.test_math_flow" name="test_multinomial_support_and_probability[p1-2]" time="0.000" /><testcase classname="tests.test_math_flow" name="test_multinomial_support_and_probability[p1-4]" time="0.000" /><testcase classname="tests.test_math_flow" name="test_multinomial_support_and_probability[p1-8]" time="0.000" /><testcase classname="tests.test_math_flow" name="test_multinomial_support_and_probability[p1-16]" time="0.000" /><testcase classname="tests.test_math_flow" name="test_multinomial_support_and_probability[p1-32]" time="0.002" /><testcase classname="tests.test_math_flow" name="test_multinomial_support_and_probability[p2-2]" time="0.000" /><testcase classname="tests.test_math_flow" name="test_multinomial_support_and_probability[p2-4]" time="0.000" /><testcase classname="tests.test_math_flow" name="test_multinomial_support_and_probability[p2-8]" time="0.000" /><testcase classname="tests.test_math_flow" name="test_multinomial_support_and_probability[p2-16]" time="0.000" /><testcase classname="tests.test_math_flow" name="test_multinomial_support_and_probability[p2-32]" time="0.001" /><testcase classname="tests.test_math_flow" name="test_exact_finite_step_equals_independent_ordered_draw_enumeration" time="0.001" /><testcase classname="tests.test_math_flow" name="test_mass_conservation_second_order_and_step_scaling" time="0.000" /><testcase classname="tests.test_math_flow" name="test_reward_ordering_ties_and_epsilon_zero" time="0.001" /><testcase classname="tests.test_math_flow" name="test_all_valid_shift_and_degenerate_support" time="0.001" /><testcase classname="tests.test_math_flow" name="test_validity_q_derivative_and_meanfield_limit" time="0.004" /><testcase classname="tests.test_math_flow" name="test_self_derived_nonclosure_is_honestly_named_and_equal_start_probability" time="0.000" /><testcase classname="tests.test_math_flow" name="test_invalid_flow_arguments[p0-2-0.01-0.1]" time="0.000" /><testcase classname="tests.test_math_flow" name="test_invalid_flow_arguments[p1-2-0.01-0.1]" time="0.000" /><testcase classname="tests.test_math_flow" name="test_invalid_flow_arguments[p2-0-0.01-0.1]" time="0.000" /><testcase classname="tests.test_math_flow" name="test_invalid_flow_arguments[p3-2--0.1-0.1]" time="0.000" /><testcase classname="tests.test_math_flow" name="test_invalid_flow_arguments[p4-2-0.1--1]" time="0.000" /><testcase classname="tests.test_math_flow" name="test_lambda_derivative_matches_autograd_and_finite_difference[0.0]" time="0.002" /><testcase classname="tests.test_math_flow" name="test_lambda_derivative_matches_autograd_and_finite_difference[0.1]" time="0.000" /><testcase classname="tests.test_math_flow" name="test_lambda_derivative_matches_autograd_and_finite_difference[0.25]" time="0.000" /><testcase classname="tests.test_math_flow" name="test_lambda_derivative_matches_autograd_and_finite_difference[0.5]" time="0.000" /><testcase classname="tests.test_math_flow" name="test_lambda_derivative_matches_autograd_and_finite_difference[1.0]" time="0.000" /><testcase classname="tests.test_math_flow" name="test_lambda_derivative_matches_autograd_and_finite_difference[2.0]" time="0.000" /><testc
[...]
s_or_files[ref]" time="0.004" /><testcase classname="tests.test_r3_warm_gate" name="test_cached_recursive_preflight_cannot_bypass_bound_sources_or_files[bytes]" time="0.005" /><testcase classname="tests.test_r3_warm_gate" name="test_cached_recursive_preflight_cannot_bypass_bound_sources_or_files[manifest]" time="0.006" /><testcase classname="tests.test_r3_warm_gate" name="test_cached_recursive_preflight_cannot_bypass_bound_sources_or_files[binding]" time="0.005" /><testcase classname="tests.test_r3_warm_gate" name="test_cached_recursive_preflight_cannot_bypass_bound_sources_or_files[phase]" time="0.003" /><testcase classname="tests.test_r3_warm_gate" name="test_cached_recursive_preflight_cannot_bypass_bound_sources_or_files[status]" time="0.004" /><testcase classname="tests.test_r3_warm_gate" name="test_cached_recursive_preflight_cannot_bypass_bound_sources_or_files[deleted_status]" time="0.004" /><testcase classname="tests.test_r3_warm_gate" name="test_cached_recursive_preflight_cannot_bypass_bound_sources_or_files[fault]" time="0.005" /><testcase classname="tests.test_r3_warm_gate" name="test_cached_recursive_preflight_cannot_bypass_bound_sources_or_files[terminal_source]" time="0.004" /><testcase classname="tests.test_r3_warm_gate" name="test_raw_input_reconstruction_and_direct_step_are_enforced" time="0.000" /><testcase classname="tests.test_r3_warm_gate" name="test_candidate_cannot_drop_or_change_origin_state_schema[rng]" time="0.007" /><testcase classname="tests.test_r3_warm_gate" name="test_candidate_cannot_drop_or_change_origin_state_schema[metadata]" time="0.007" /><testcase classname="tests.test_r3_warm_gate" name="test_candidate_cannot_drop_or_change_origin_state_schema[parameters]" time="0.007" /><testcase classname="tests.test_r3_warm_gate" name="test_candidate_cannot_drop_or_change_origin_state_schema[topology]" time="0.006" /><testcase classname="tests.test_r3_warm_gate" name="test_direct_negative_width_cannot_hide_within_roundoff" time="0.024" /><testcase classname="tests.test_r3_warm_gate" name="test_prose_reports_cannot_be_missing_verified_facts[report_zh.md]" time="0.099" /><testcase classname="tests.test_r3_warm_gate" name="test_prose_reports_cannot_be_missing_verified_facts[warm_report.md]" time="0.099" /><testcase classname="tests.test_r3_warm_gate" name="test_prose_reports_cannot_be_missing_verified_facts[support_control_report.md]" time="0.101" /><testcase classname="tests.test_r3_warm_gate" name="test_profile_requires_measured_hooks_and_counters" time="0.000" /><testcase classname="tests.test_r3_warm_response" name="test_direct_validation_api_exists" time="0.000" /><testcase classname="tests.test_r3_warm_response" name="test_absolute_auxiliary_and_residual_use_ordinary_is_and_correct_sign" time="0.098" /><testcase classname="tests.test_r3_warm_response" name="test_common_scene_draws_cancel_prediction_residual_without_output_pairing" time="0.120" /><testcase classname="tests.test_r3_warm_response" name="test_ratio_is_recomputed_in_each_joint_bootstrap_replicate" time="0.177" /><testcase classname="tests.test_r3_warm_response" name="test_zero_effect_and_unobserved_support_are_inconclusive_not_pass" time="0.082" /><testcase classname="tests.test_r3_warm_response" name="test_direct_record_order_and_output_identifiers_cannot_create_pairing" time="0.089" /><testcase classname="tests.test_r3_warm_response" name="test_predicted_points_and_intervals_exactly_match_existing_control_analysis" time="0.044" /><testcase classname="tests.test_r3_warm_response" name="test_undefined_direct_ratio_replicates_are_not_dropped" time="0.084" /><testcase classname="tests.test_r3_warm_response" name="test_bank_six_preserves_other_is_candidates_and_does_not_pair_shared_output_ids" time="0.053" /><testcase classname="tests.test_r3_warm_response" name="test_rejects_bad_direct_panel[missing]" time="0.042" /><testcase classname="tests.test_r3_warm_response" name="test_rejects_bad_direct_panel[duplicate]" time="0.042" /><testcase classname="tests.test_r3_warm_response" name="test_rejects_bad_direct_panel[prompt]" time="0.042" /><testcase classname="tests.test_r3_warm_response" name="test_rejects_bad_direct_panel[scene]" time="0.042" /><testcase classname="tests.test_r3_warm_response" name="test_rejects_bad_direct_panel[category]" time="0.042" /><testcase classname="tests.test_r3_warm_response" name="test_rejects_bad_direct_panel[candidate]" time="0.041" /><testcase classname="tests.test_r3_warm_response" name="test_rejects_bad_direct_panel[cold]" time="0.042" /><testcase classname="tests.test_r3_warm_response" name="test_rejects_bad_direct_panel[bank]" time="0.041" /><testcase classname="tests.test_r3_warm_response" name="test_rejects_invalid_prediction_inputs[keys]" time="0.004" /><testcase classname="tests.test_r3_warm_response" name="test_rejects_invalid_prediction_inputs[same_candidate]" time="0.001" /><testcase classname="tests.test_r3_warm_response" name="test_rejects_invalid_prediction_inputs[nan]" time="0.004" /><testcase classname="tests.test_r3_warm_response" name="test_rejects_invalid_prediction_inputs[overflow]" time="0.006" /><testcase classname="tests.test_r3_warm_response" name="test_rejects_invalid_prediction_inputs[bad_bank]" time="0.001" /><testcase classname="tests.test_r3_warm_runtime" name="test_direct_requests_lock_four_candidates_and_document_seed_coupling" time="0.039" /><testcase classname="tests.test_r3_warm_runtime" name="test_full_warm_actual_adam_origin_direct_interrupt_and_resume" time="20.954" /><testcase classname="tests.test_r3_warm_runtime" name="test_explicit_checkpoint_mismatch_is_rejected_before_model_load" time="0.029" /><testcase classname="tests.test_r3_warm_runtime" name="test_resealed_checkpoint_with_wrong_adam_step_is_rejected" time="0.111" /><testcase classname="tests.test_r3_warm_runtime" name="test_direct_returned_malformed_raw_is_preserved_and_cannot_resume" time="0.065" /><testcase classname="tests.test_r3_warm_runtime" name="test_sampling_exception_cannot_hide_parameter_contamination" time="0.096" /><testcase classname="tests.test_r3_warm_runtime" name="test_candidate_bad_returned_scores_stay_failed_across_resume" time="0.096" /><testcase classname="tests.test_r3_warm_runtime" name="test_scoring_exception_cannot_hide_frozen_parameter_mutation" time="0.085" /><testcase classname="tests.test_r3_warm_runtime" name="test_returned_nonfinite_training_score_blocks_new_fork_attempt_before_load" time="1.348" /><testcase classname="tests.test_r3_warm_runtime" name="test_saved_score_cannot_be_resealed_without_candidate_probabilities" time="0.109" /><testcase classname="tests.test_r3_warm_runtime" name="test_engine_assertion_failure_persists_but_interruption_allows_new_attempt" time="0.001" /><testcase classname="tests.test_r4_continuation" name="test_preparation_copies_all_bytes_and_keeps_parent_alarm" time="0.011" /><testcase classname="tests.test_r4_continuation" name="test_preparation_requires_explicit_authorization_before_any_write" time="0.004" /><testcase classname="tests.test_r4_continuation" name="test_resume_uses_snapshot_when_external_parent_is_unavailable" time="0.013" /><testcase classname="tests.test_r4_continuation" name="test_decision_rejects_scope_source_and_policy_changes[wrong_parent]" time="0.003" /><testcase classname="tests.test_r4_continuation" name="test_decision_rejects_scope_source_and_policy_changes[wrong_source]" time="0.003" /><testcase classname="tests.test_r4_continuation" name="test_decision_rejects_scope_source_and_policy_changes[blank_request]" time="0.004" /><testcase classname="tests.test_r4_continuation" name="test_decision_rejects_scope_source_and_policy_changes[blank_reason]" time="0.003" /><testcase classname="tests.test_r4_continuation" name="test_decision_rejects_scope_source_and_policy_changes[missing_authorization]" time="0.003" /><testcase classname="tests.test_r4_continuation" name="test_decision_rejects_scope_source_and_policy_changes[extra_authorization]" time="0.003" /><testcase classname="tests.test_r4_continuation" name="test_decision_rejects_scope_source_and_policy_changes[single_arm]" time="0.002" /><testcase classname="tests.test_r4_continuation" name="test_decision_rejects_scope_source_and_policy_changes[fewer_steps]" time="0.002" /><testcase classname="tests.test_r4_continuation" name="test_decision_rejects_scope_source_and_policy_changes[bool_steps]" time="0.002" /><testcase classname="tests.test_r4_continuation" name="test_decision_rejects_scope_source_and_policy_changes[changed_mean_threshold]" time="0.002" /><testcase classname="tests.test_r4_continuation" name="test_decision_rejects_scope_source_and_policy_changes[changed_p99_threshold]" time="0.003" /><testcase classname="tests.test_r4_continuation" name="test_decision_rejects_scope_source_and_policy_changes[drop_hard_stop]" time="0.002" /><testcase classname="tests.test_r4_continuation" name="test_decision_rejects_scope_source_and_policy_changes[clip_warning]" time="0.002" /><testcase classname="tests.test_r4_continuation" name="test_decision_rejects_scope_source_and_policy_changes[extra_decision_key]" time="0.003" /><testcase classname="tests.test_r4_continuation" name="test_stopped_audit_only_permits_sequence_only_stop[mean_alarm]" time="0.003" /><testcase classname="tests.test_r4_continuation" name="test_stopped_audit_only_permits_sequence_only_stop[mean_over_limit]" time="0.003" /><testcase classname="tests.test_r4_continuation" name="test_stopped_audit_only_permits_sequence_only_stop[wrong_threshold]" time="0.003" /><testcase classname="tests.test_r4_continuation" name="test_stopped_audit_only_permits_sequence_only_stop[wrong_status]" time="0.003" /><testcase classname="tests.test_r4_continuation" name="test_stopped_audit_only_permits_sequence_only_stop[no_alarm]" time="0.003" /><testcase classname="tests.test_r4_continuation" name="test_stopped_audit_only_permits_sequence_only_stop[step64]" time="0.003" /><testcase classname="tests.test_r4_continuation" name="test_nonfinite_diagnostic_never_enters_a_continuation[NaN]" time="0.002" /><testcase classname="tests.test_r4_continuation" name="test_nonfinite_diagnostic_never_enters_a_continuation[Infinity]" time="0.002" /><testcase classname="tests.test_r4_continuation" name="test_nonfinite_diagnostic_never_enters_a_continuation[-Infinity]" time="0.002" /><testcase classname="tests.test_r4_continuation" name="test_parent_tampering_is_rejected_before_snapshot_write[manifest.json]" time="0.003" /><testcase classname="tests.test_r4_continuation" name="test_parent_tampering_is_rejected_before_snapshot_write[runtime_lock.json]" time="0.003" /><testcase classname="tests.test_r4_continuation" name="test_parent_tampering_is_rejected_before_snapshot_write[alarm_stop.json]" time="0.003" /><testcase classname="tests.test_r4_continuation" name="test_parent_tampering_is_rejected_before_snapshot_write[checkpoint.pt]" time="0.004" /><testcase classname="tests.test_r4_continuation" name="test_new_preserved_fault_cannot_be_bypassed[measurement_fault.json]" time="0.004" /><testcase classname="tests.test_r4_continuation" name="test_new_preserved_fault_cannot_be_bypassed[policy_contamination.json]" time="0.004" /><testcase classname="tests.test_r4_continuation" name="test_paths_cannot_escape_or_alias_parent_evidence[file_symlink]" time="0.003" /><testcase classname="tests.test_r4_continuation" name="test_paths_cannot_escape_or_alias_parent_evidence[directory_symlink]" time="0.003" /><testcase classname="tests.test_r4_continuation" name="test_paths_cannot_escape_or_alias_parent_evidence[root_symlink]" time="0.003" /><testcase classname="tests.test_r4_continuation" name="test_paths_cannot_escape_or_alias_parent_evidence[destination_symlink]" time="0.003" /><testcase classname="tests.test_r4_continuation" name="test_paths_cannot_escape_or_alias_parent_evidence[inside_parent]" time="0.003" /><testcase classname="tests.test_r4_continuation" name="test_paths_cannot_escape_or_alias_parent_evidence[path_escape]" time="0.003" /><testcase classname="tests.test_r4_continuation" name="test_resume_refuses_to_repair_a_changed_snapshot[alarm_stop.json]" time="0.010" /><testcase classname="tests.test_r4_continuation" name="test_resume_refuses_to_repair_a_changed_snapshot[extra-preserved.log]" time="0.012" /><testcase classname="tests.test_r4_continuation" name="test_parent_artifacts_are_bound_even_when_original_manifest_omits_them" time="0.009" /><testcase classname="tests.test_r4_continuation" name="test_read_only_verification_reuses_snapshot_and_never_writes" time="0.009" /><testcase classname="tests.test_r4_continuation" name="test_read_only_verifier_refuses_changed_contract_documents[continuation_decision.json]" time="0.009" /><testcase classname="tests.test_r4_continuation" name="test_read_only_verifier_refuses_changed_contract_documents[continuation_binding.json]" time="0.010" /><testcase classname="tests.test_r4_continuation" name="test_read_only_verifier_refuses_changed_contract_documents[logical_sampling_identity.json]" time="0.009" /><testcase classname="tests.test_r4_continuation" name="test_interrupted_snapshot_copy_resumes_without_publishing_or_rewriting_files" time="0.012" /><testcase classname="tests.test_r4_continuation" name="test_resumed_copy_rejects_changed_or_extra_complete_scratch_without_overwriting[changed-file]" time="0.007" /><testcase classname="tests.test_r4_continuation" name="test_resumed_copy_rejects_changed_or_extra_complete_scratch_without_overwriting[extra-file]" time="0.007" /><testcase classname="tests.test_r4_continuation" name="test_resumed_copy_rejects_changed_or_extra_complete_scratch_without_overwriting[extra-directory]" time="0.007" /><testcase classname="tests.test_r4_continuation" name="test_partial_transfer_scratch_cannot_alias_and_truncate_parent[symlink]" time="0.008" /><testcase classname="tests.test_r4_continuation" name="test_partial_transfer_scratch_cannot_alias_and_truncate_parent[hardlink]" time="0.007" /><testcase classname="tests.test_r4_continuation" name="test_completed_copy_can_resume_atomic_publication_without_recopying" time="0.013" /><testcase classname="tests.test_r4_continuation" name="test_inventory_retries_one_transient_missing_entry_with_complete_revalidation[lstat]" time="0.106" /><testcase classname="tests.test_r4_continuation" name="test_inventory_retries_one_transient_missing_entry_with_complete_revalidation[open]" time="0.114" /><testcase classname="tests.test_r4_continuation" name="test_inventory_exhausts_bounded_retries_on_persistent_enoent[lstat]" time="0.006" /><testcase classname="tests.test_r4_continuation" name="test_inventory_exhausts_bounded_retries_on_persistent_enoent[open]" time="0.006" /><testcase classname="tests.test_r4_continuation" name="test_inventory_never_retries_permission_or_other_io_failures[13]" time="0.004" /><testcase classname="tests.test_r4_continuation" name="test_inventory_never_retries_permission_or_other_io_failures[5]" time="0.004" /><testcase classname="tests.test_r4_continuation" name="test_inventory_retry_does_not_relax_root_or_hash_checks[missing-root]" time="0.003" /><testcase classname="tests.test_r4_continuation" name="test_inventory_retry_does_not_relax_root_or_hash_checks[symlink-root]" time="0.003" /><testcase classname="tests.test_r4_continuation" name="test_inventory_retry_does_not_relax_root_or_hash_checks[changed-hash]" time="0.004" /><testcase classname="tests.test_r4_continuation_cli" name="test_cli_forwards_continuation_and_resume_preserving_warning_status" time="0.008" /><testcase classname="tests.test_r4_continuation_cli" name="test_cli_rejects_unpaired_continuation_arguments_before_runner[--continuation-parent]" time="0.001" /><testcase classname="tests.test_r4_continuation_cli" name="test_cli_rejects_unpaired_continuation_arguments_before_runner[--continuation-decision]" time="0.001" /><testcase classname="tests.test_r4_continuation_cli" name="test_continuation_does_not_imply_allow_training" time="0.001" /><testcase classname="tests.test_r4_continuation_cli" name="test_continuation_preflight_audits_parent_and_reports_inherited_budget" time="0.001" /><testcase classname="tests.test_r4_continuation_cli" name="test_continuation_preflight_requires_complete_inputs[arguments0-R3-cold]" time="0.000" /><testcase classname="tests.test_r4_continuation_cli" name="test_continuation_preflight_requires_complete_inputs[arguments1-parent]" time="0.000" /><testcase classname="tests.test_r4_continuation_cli" name="test_continuation_preflight_requires_complete_inputs[arguments2-decision]" time="0.000" /><testcase classname="tests.test_r4_continuation_cli" name="test_preflight_cli_forwards_decision_and_preserves_existing_output" time="0.001" /><testcase classname="tests.test_r4_continuation_cli" name="test_slurm_continuation_uses_new_stage_and_keeps_warning_status" time="1.422" /><testcase classname="tests.test_r4_continuation_cli" name="test_slurm_zero_process_exit_does_not_hide_missing_or_failed_stage[MISSING]" time="0.506" /><testcase classname="tests.test_r4_continuation_cli" name="test_slurm_zero_process_exit_does_not_hide_missing_or_failed_stage[FAIL]" time="0.498" /><testcase classname="tests.test_r4_continuation_cli" name="test_slurm_zero_process_exit_does_not_hide_missing_or_failed_stage[DIAGNOSTIC_STOP]" time="0.489" /><testcase classname="tests.test_r4_continuation_cli" name="test_slurm_resume_continuation_keeps_parent_read_only" time="0.512" /><testcase classname="tests.test_r4_continuation_cli" name="test_slurm_resumes_verified_preparation_before_identity_only[False]" time="0.527" /><testcase classname="tests.test_r4_continuation_cli" name="test_slurm_resumes_verified_preparation_before_identity_only[True]" time="0.165" /><testcase classname="tests.test_r4_continuation_cli" name="test_slurm_rejects_parent_as_output_or_unpaired_decision[resume-parent]" time="0.210" /><testcase classname="tests.test_r4_continuation_cli" name="test_slurm_rejects_parent_as_output_or_unpaired_decision[unpaired]" time="0.030" /><testcase classname="tests.test_r4_continuation_gate" name="test_stopped_audit_preserves_warning_and_cannot_be_used_as_warm_pass" time="17.070" /><testcase classname="tests.test_r4_continuation_gate" name="test_stopped_audit_relocates_snapshot_without_rewriting_original_paths" time="5.686" /><testcase classname="tests.test_r4_continuation_gate" name="test_stopped_audit_rejects_resealed_faults[fault_marker]" time="1.254" /><testcase classname="tests.test_r4_continuation_gate" name="test_stopped_audit_rejects_resealed_faults[missing_stop]" time="1.214" /><testcase classname="tests.test_r4_continuation_gate" name="test_stopped_audit_rejects_resealed_faults[source]" time="1.249" /><testcase classname="tests.test_r4_continuation_gate" name="test_stopped_audit_rejects_resealed_faults[checkpoint]" time="3.537" /><testcase classname="tests.test_r4_continuation_gate" name="test_stopped_audit_rejects_resealed_faults[old_logp]" time="3.585" /><testcase classname="tests.test_r4_continuation_gate" name="test_report_steps_preserve_reviewed_warnings_but_reject_unreviewed_mean_alarm" time="0.001" /><testcase classname="tests.test_r4_continuation_gate" name="test_complete_continuation_binds_both_sources_all_outputs_and_original_warning" time="24.290" /><testcase classname="tests.test_r4_continuation_gate" name="test_complete_continuation_rejects_resealed_provenance_and_alarm_tampering[hidden_warning]" time="23.612" /><testcase classname="tests.test_r4_continuation_gate" name="test_complete_continuation_rejects_resealed_provenance_and_alarm_tampering[raw_execution_source]" time="16.763" /><testcase classname="tests.test_r4_continuation_gate" name="test_complete_continuation_rejects_resealed_provenance_and_alarm_tampering[segment]" time="15.599" /><testcase classname="tests.test_r4_continuation_gate" name="test_complete_continuation_rejects_resealed_provenance_and_alarm_tampering[parent_source]" time="10.225" /><testcase time="9.802" /></testsuite></testsuites>