<?xml version="1.0" encoding="utf-8"?><testsuites name="pytest tests"><testsuite name="pytest" errors="0" failures="0" skipped="0" tests="155" time="10.289" timestamp="2026-09-15T06:56:24.166677+00:00" hostname="cpu-2.cluster02.eee.ntu.edu.sg"><testcase classname="tests.modeling_qualification.test_collection" name="test_collection_counts_cost_and_same_initialization" time="4.816" /><testcase classname="tests.modeling_qualification.test_collection" name="test_collection_rejects_clobber" time="0.001" /><testcase classname="tests.modeling_qualification.test_collection" name="test_alias_outputs_share_counts_and_anchor_identity" time="0.004" /><testcase classname="tests.modeling_qualification.test_collection" name="test_validation_checks_all_shapes_counts_and_cost" time="0.015" /><testcase classname="tests.modeling_qualification.test_collection" name="test_validation_rejects_tampered_shared_identity[dataset.npz]" time="0.010" /><testcase classname="tests.modeling_qualification.test_collection" name="test_validation_rejects_tampered_shared_identity[parameter_layout.json]" time="0.009" /><testcase classname="tests.modeling_qualification.test_collection" name="test_counts_predictor_never_opens_oracle_labels" time="0.004" /><testcase classname="tests.modeling_qualification.test_collection" name="test_validation_ignores_trajectory_listing_order_but_preserves_membership" time="0.023" /><testcase classname="tests.modeling_qualification.test_cost_supplement" name="test_allocated_counts_and_io_reconstruct_measured_totals" time="0.001" /><testcase classname="tests.modeling_qualification.test_evaluation" name="test_level_and_response_error_are_separate" time="0.002" /><testcase classname="tests.modeling_qualification.test_evaluation" name="test_selection_allows_failure_and_favors_smallest_rank" time="0.001" /><testcase classname="tests.modeling_qualification.test_evaluation" name="test_cluster_bootstrap_is_seed_clustered_and_reproducible" time="0.002" /><testcase classname="tests.modeling_qualification.test_evaluation" name="test_freeze_prediction_is_no_clobber" time="0.002" /><testcase classname="tests.modeling_qualification.test_evaluation" name="test_alpha_with_all_gates_beats_lower_group_error_that_fails_nrmse" time="0.001" /><testcase classname="tests.modeling_qualification.test_evaluation" name="test_aggregate_rmse_uses_squared_errors" time="0.002" /><testcase classname="tests.modeling_qualification.test_evaluation" name="test_formal_runner_never_loads_locked_test_labels_before_freeze" time="0.091" /><testcase classname="tests.modeling_qualification.test_evaluation" name="test_shared_noise_postprocess_pairs_three_and_five_replicas_without_predicting" time="0.031" /><testcase classname="tests.modeling_qualification.test_evaluation" name="test_four_level_vectors_keep_cancelling_components_and_triangle_bound" time="0.001" /><testcase classname="tests.modeling_qualification.test_math_contracts" name="test_helmert_orthogonality_roundtrip_and_distance" time="0.001" /><testcase classname="tests.modeling_qualification.test_math_contracts" name="test_category_and_weight_identity_errors_fail" time="0.001" /><testcase classname="tests.modeling_qualification.test_math_contracts" name="test_nested_boundaries_roundtrip[p0]" time="0.001" /><testcase classname="tests.modeling_qualification.test_math_contracts" name="test_nested_boundaries_roundtrip[p1]" time="0.001" /><testcase classname="tests.modeling_qualification.test_math_contracts" name="test_nested_boundaries_roundtrip[p2]" time="0.001" /><testcase classname="tests.modeling_qualification.test_math_contracts" name="test_nested_boundaries_roundtrip[p3]" time="0.001" /><testcase classname="tests.modeling_qualification.test_math_contracts" name="test_nested_boundaries_roundtrip[p4]" time="0.001" /><testcase classname="tests.modeling_qualification.test_math_contracts" name="test_nested_boundaries_roundtrip[p5]" time="0.001" /><testcase classname="tests.modeling_qualification.test_math_contracts" name="test_nested_boundaries_roundtrip[p6]" time="0.001" /><testcase classname="tests.modeling_qualification.test_math_contracts" name="test_mle_does_not_infer_population_zero_from_counts" time="0.001" /><testcase classname="tests.modeling_qualification.test_math_contracts" name="test_fisher_and_finite_difference_fp64" time="0.002" /><testcase classname="tests.modeling_qualification.test_math_contracts" name="test_clopper_pearson_actual_denominators_and_zero" time="0.016" /><testcase classname="tests.modeling_qualification.test_math_contracts" name="test_weighted_q_is_ratio_of_weighted_probabilities" time="0.001" /><testcase classname="tests.modeling_qualification.test_math_contracts" name="test_advantage_shift_saturation_and_epsilon_contract" time="0.001" /><testcase classname="tests.modeling_qualification.test_math_contracts" name="test_rank_duplicate_columns_and_spectral_error" time="0.002" /><testcase classname="tests.modeling_qualification.test_math_contracts" name="test_raw_simplex_prediction_preserved" time="0.001" /><testcase classname="tests.modeling_qualification.test_math_contracts" name="test_geometry_does_not_merge_equal_norm_updates" time="0.001" /><testcase classname="tests.modeling_qualification.test_math_contracts" name="test_two_bounds_cover_each_intermediate_step_with_known_L" time="0.010" /><testcase classname="tests.modeling_qualification.test_math_contracts" name="test_linear_regression_probability_helmert_equivalence" time="0.001" /><testcase classname="tests.modeling_qualification.test_math_contracts" name="test_math_runner_writes_real_results_without_clobber" time="0.196" /><testcase classname="tests.modeling_qualification.test_models" name="test_uncentered_rank_and_alias_invariance" time="0.001" /><testcase classname="tests.modeling_qualification.test_models" name="test_exact_ridge_and_zero_response_contract" time="0.001" /><testcase classname="tests.modeling_qualification.test_models" name="test_all_direction_models_use_fit_only_and_full_matches" time="0.001" /><testcase classname="tests.modeling_qualification.test_models" name="test_empty_subspace_is_explicit_and_inputs_rejected" time="0.001" /><testcase classname="tests.modeling_qualification.test_protocol" name="test_locked_protocol_and_derived_workload" time="0.001" /><testcase classname="tests.modeling_qualification.test_protocol" name="test_protocol_rejects_silent_plan_drift[scope-new_qwen_calls-True]" time="0.001" /><testcase classname="tests.modeling_qualification.test_protocol" name="test_protocol_rejects_silent_plan_drift[scope-online_detector-True]" time="0.001" /><testcase classname="tests.modeling_qualification.test_protocol" name="test_protocol_rejects_silent_plan_drift[toy_model-dtype-float32]" time="0.001" /><testcase classname="tests.modeling_qualification.test_protocol" name="test_protocol_rejects_silent_plan_drift[resources-cpu_threads-8]" time="0.001" /><testcase classname="tests.modeling_qualification.test_protocol" name="test_protocol_rejects_silent_plan_drift[model_selection-response_nrmse_max-9.0]" time="0.001" /><testcase classname="tests.modeling_qualification.test_protocol" name="test_reject_cross_split_seed_and_event_column_drift" time="0.001" /><testcase classname="tests.modeling_qualification.test_protocol" name="test_cpu_environment_is_explicit" time="0.001" /><testcase classname="tests.modeling_qualification.test_protocol" name="test_no_clobber_and_hash_contracts" time="0.004" /><testcase classname="tests.modeling_qualification.test_protocol" name="test_core_requires_measured_unchanged_preflight" time="0.007" /><testcase classname="tests.modeling_qualification.test_real_audit" name="test_raw_counts_alias_missing_tensors_and_readonly" time="0.030" /><testcase classname="tests.modeling_qualification.test_real_audit" name="test_summary_only_does_not_claim_raw_recomputation" time="0.014" /><testcase classname="tests.modeling_qualification.test_real_audit" name="test_execution_fault_or_mismatched_counts_is_not_usable_evidence[kwargs0]" time="0.013" /><testcase classname="tests.modeling_qualification.test_real_audit" name="test_execution_fault_or_mismatched_counts_is_not_usable_evidence[kwargs1]" time="0.013" /><testcase classname="tests.modeling_qualification.test_real_audit" name="test_manifest_corruption_and_unfinished_bank" time="0.015" /><testcase classname="tests.modeling_qualification.test_real_audit" name="test_symlink_source_and_sealed_root_rejected" time="0.008" /><testcase classname="tests.modeling_qualification.test_real_audit" name="test_independent_raw_semantic_reparse_and_scene_binding" time="0.006" /><testcase classname="tests.modeling_qualification.test_real_audit" name="test_unsafe_manifest_path_rejected_before_read" time="0.014" /><testcase classname="tests.modeling_qualification.test_real_vectors" name="test_streaming_geometry_uses_actual_deltas_and_does_not_raise_rank_for_aliases" time="0.002" /><testcase classname="tests.modeling_qualification.test_real_vectors" name="test_zero_norm_cosine_null_and_near_collinearity_has_stable_qr_rank" time="0.001" /><testcase classname="tests.modeling_qualification.test_real_vectors" name="test_geometry_refuses_unbound_layout_dtype_and_nonfinite[bad0]" time="0.001" /><testcase classname="tests.modeling_qualification.test_real_vectors" name="test_geometry_refuses_unbound_layout_dtype_and_nonfinite[bad1]" time="0.001" /><testcase classname="tests.modeling_qualification.test_real_vectors" name="test_geometry_refuses_unbound_layout_dtype_and_nonfinite[bad2]" time="0.001" /><testcase classname="tests.modeling_qualification.test_real_vectors" name="test_geometry_refuses_unbound_layout_dtype_and_nonfinite[bad3]" time="0.001" /><testcase classname="tests.modeling_qualification.test_real_vectors" name="test_production_cpu_allocation_check" time="0.001" /><testcase classname="tests.modeling_qualification.test_real_vectors" name="test_full_cpu_checkpoint_byte_state_optimizer_binding_and_readonly" time="1.667" /><testcase classname="tests.modeling_qualification.test_real_vectors" name="test_checkpoint_byte_tampering_rejected_before_restricted_load" time="0.133" /><testcase classname="tests.modeling_qualification.test_toy" name="test_dataset_identity_domain_and_structural_validation" time="0.068" /><testcase classname="tests.modeling_qualification.test_toy" name="test_symbolic_feature_does_not_accept_hidden_truth_copy" time="0.001" /><testcase classname="tests.modeling_qualification.test_toy" name="test_model_layout_initialization_and_permutation_invariance" time="0.004" /><testcase classname="tests.modeling_qualification.test_toy" name="test_probability_jacobian_matches_finite_difference" time="0.002" /><testcase classname="tests.modeling_qualification.test_toy" name="test_branch_restoration_and_explicit_zero_grad_adam" time="0.005" /><testcase classname="tests.modeling_qualification.test_toy" name="test_same_answer_fiber_boundary" time="0.037" /><testcase classname="tests.modeling_qualification.test_toy" name="test_snapshot_restores_none_and_tensor_gradients_after_exception" time="0.002" /><testcase classname="tests.modeling_qualification.test_tracking" name="test_fixed_window_uses_net_sum_and_keeps_intermediate" time="0.001" /><testcase classname="tests.modeling_qualification.test_tracking" name="test_envelope_calibrates_complete_window_maxima_by_seed" time="0.001" /><testcase classname="tests.modeling_qualification.test_tracking" name="test_twenty_four_panels_not_amortized_in_sixteen_steps" time="0.001" /><testcase classname="tests.modeling_qualification.test_tracking" name="test_step_tolerance_includes_relative_response_failure" time="0.001" /><testcase classname="tests.modeling_qualification.test_tracking" name="test_projected_rmse_aggregates_squared_errors_before_root" time="0.003" /><testcase classname="tests.modeling_qualification.test_tracking" name="test_envelope_weights_seed_maxima_not_window_count" time="0.001" /><testcase classname="tests.modeling_qualification.test_tracking" name="test_frozen_basis_validation_rejects_nonorthogonal_basis" time="0.001" /><testcase classname="tests.modeling_qualification.test_tracking" name="test_tracking_freezes_predictions_and_envelopes_before_locked_labels" time="0.134" /><testcase classname="tests.modeling_qualification.test_tracking" name="test_absolute_failure_takes_precedence_over_zero_response_energy" time="0.001" /><testcase classname="tests.modeling_qualification.test_witnesses" name="test_w1_keeps_prompt_identity" time="0.001" /><testcase classname="tests.modeling_qualification.test_witnesses" name="test_w2_equal_present_probabilities_do_not_identify_response" time="0.001" /><testcase classname="tests.modeling_qualification.test_witnesses" name="test_w3_legal_adam_histories_same_parameter_gradient" time="0.002" /><testcase classname="tests.modeling_qualification.test_witnesses" name="test_w3_history_keeps_exact_zero_and_preserves_legal_moments[history0]" time="0.001" /><testcase classname="tests.modeling_qualification.test_witnesses" name="test_w3_history_keeps_exact_zero_and_preserves_legal_moments[history1]" time="0.001" /><testcase classname="tests.modeling_qualification.test_witnesses" name="test_w4_same_summary_opposite_semantics_and_minimax_bound" time="0.001" /><testcase classname="tests.modeling_qualification.test_witnesses" name="test_w5_rank_and_predefined_low_energy_positive_negative_controls" time="0.001" /><testcase classname="tests.modeling_qualification.test_witnesses" name="test_w6_intermediate_net_path_and_wrong_omission_model" time="0.001" /><testcase classname="tests.modeling_qualification.test_witnesses" name="test_witness_runner_no_clobber_and_recomputable_arrays" time="0.007" /><testcase classname="tests.test_r4_continuation" name="test_preparation_copies_all_bytes_and_keeps_parent_alarm" time="0.047" /><testcase classname="tests.test_r4_continuation" name="test_preparation_requires_explicit_authorization_before_any_write" time="0.014" /><testcase classname="tests.test_r4_continuation" name="test_resume_uses_snapshot_when_external_parent_is_unavailable" time="0.041" /><testcase classname="tests.test_r4_continuation" name="test_decision_rejects_scope_source_and_policy_changes[wrong_parent]" time="0.014" /><testcase classname="tests.test_r4_continuation" name="test_decision_rejects_scope_source_and_policy_changes[wrong_source]" time="0.015" /><testcase classname="tests.test_r4_continuation" name="test_decision_rejects_scope_source_and_policy_changes[blank_request]" time="0.014" /><testcase classname="tests.test_r4_continuation" name="test_decision_rejects_scope_source_and_policy_changes[blank_reason]" time="0.014" /><testcase classname="tests.test_r4_continuation" name="test_decision_rejects_scope_source_and_policy_changes[missing_authorization]" time="0.012" /><testcase classname="tests.test_r4_continuation" name="test_decision_rejects_scope_source_and_policy_changes[extra_authorization]" time="0.013" /><testcase classname="tests.test_r4_continuation" name="test_decision_rejects_scope_source_and_policy_changes[single_arm]" time="0.013" /><testcase classname="tests.test_r4_continuation" name="test_decision_rejects_scope_source_and_policy_changes[fewer_steps]" time="0.015" /><testcase classname="tests.test_r4_continuation" name="test_decision_rejects_scope_source_and_policy_changes[bool_steps]" time="0.014" /><testcase classname="tests.test_r4_continuation" name="test_decision_rejects_scope_source_and_policy_changes[changed_mean_threshold]" time="0.013" /><testcase classname="tests.test_r4_continuation" name="test_decision_rejects_scope_source_and_policy_changes[changed_p99_threshold]" time="0.014" /><testcase classname="tests.test_r4_continuation" name="test_decision_rejects_scope_source_and_policy_changes[drop_hard_stop]" time="0.012" /><testcase classname="tests.test_r4_continuation" name="test_decision_rejects_scope_source_and_policy_changes[clip_warning]" time="0.015" /><testcase classname="tests.test_r4_continuation" name="test_decision_rejects_scope_source_and_policy_changes[extra_decision_key]" time="0.015" /><testcase classname="tests.test_r4_continuation" name="test_stopped_audit_only_permits_sequence_only_stop[mean_alarm]" time="0.013" /><testcase classname="tests.test_r4_continuation" name="test_stopped_audit_only_permits_sequence_only_stop[mean_over_limit]" time="0.013" /><testcase classname="tests.test_r4_continuation" name="test_stopped_audit_only_permits_sequence_only_stop[wrong_threshold]" time="0.013" /><testcase classname="tests.test_r4_continuation" name="test_stopped_audit_only_permits_sequence_only_stop[wrong_status]" time="0.013" /><testcase classname="tests.test_r4_continuation" name="test_stopped_audit_only_permits_sequence_only_stop[no_alarm]" time="0.014" /><testcase classname="tests.test_r4_continuation" name="test_stopped_audit_only_permits_sequence_only_stop[step64]" time="0.012" /><testcase classname="tests.test_r4_continuation" name="test_nonfinite_diagnostic_never_enters_a_continuation[NaN]" time="0.013" /><testcase classname="tests.test_r4_continuation" name="test_nonfinite_diagnostic_never_enters_a_continuation[Infinity]" time="0.013" /><testcase classname="tests.test_r4_continuation" name="test_nonfinite_diagnostic_never_enters_a_continuation[-Infinity]" time="0.013" /><testcase classname="tests.test_r4_continuation" name="test_parent_tampering_is_rejected_before_snapshot_write[manifest.json]" time="0.015" /><testcase classname="tests.test_r4_continuation" name="test_parent_tampering_is_rejected_before_snapshot_write[runtime_lock.json]" time="0.014" /><testcase classname="tests.test_r4_continuation" name="test_parent_tampering_is_rejected_before_snapshot_write[alarm_stop.json]" time="0.015" /><testcase classname="tests.test_r4_continuation" name="test_parent_tampering_is_rejected_before_snapshot_write[checkpoint.pt]" time="0.015" /><testcase classname="tests.test_r4_continuation" name="test_new_preserved_fault_cannot_be_bypassed[measurement_fault.json]" time="0.015" /><testcase classname="tests.test_r4_continuation" name="test_new_preserved_fault_cannot_be_bypassed[policy_contamination.json]" time="0.017" /><testcase classname="tests.test_r4_continuation" name="test_paths_cannot_escape_or_alias_parent_evidence[file_symlink]" time="0.012" /><testcase classname="tests.test_r4_continuation" name="test_paths_cannot_escape_or_alias_parent_evidence[directory_symlink]" time="0.018" /><testcase classname="tests.test_r4_continuation" name="test_paths_cannot_escape_or_alias_parent_evidence[root_symlink]" time="0.014" /><testcase classname="tests.test_r4_continuation" name="test_paths_cannot_escape_or_alias_parent_evidence[destination_symlink]" time="0.016" /><testcase classname="tests.test_r4_continuation" name="test_paths_cannot_escape_or_alias_parent_evidence[inside_parent]" time="0.015" /><testcase classname="tests.test_r4_continuation" name="test_paths_cannot_escape_or_alias_parent_evidence[path_escape]" time="0.013" /><testcase classname="tests.test_r4_continuation" name="test_resume_refuses_to_repair_a_changed_snapshot[alarm_stop.json]" time="0.044" /><testcase classname="tests.test_r4_continuation" name="test_resume_refuses_to_repair_a_changed_snapshot[extra-preserved.log]" time="0.049" /><testcase classname="tests.test_r4_continuation" name="test_parent_artifacts_are_bound_even_when_original_manifest_omits_them" time="0.042" /><testcase classname="tests.test_r4_continuation" name="test_read_only_verification_reuses_snapshot_and_never_writes" time="0.040" /><testcase classname="tests.test_r4_continuation" name="test_read_only_verifier_refuses_changed_contract_documents[continuation_decision.json]" time="0.037" /><testcase classname="tests.test_r4_continuation" name="test_read_only_verifier_refuses_changed_contract_documents[continuation_binding.json]" time="0.039" /><testcase classname="tests.test_r4_continuation" name="test_read_only_verifier_refuses_changed_contract_documents[logical_sampling_identity.json]" time="0.044" /><testcase classname="tests.test_r4_continuation" name="test_interrupted_snapshot_copy_resumes_without_publishing_or_rewriting_files" time="0.046" /><testcase classname="tests.test_r4_continuation" name="test_resumed_copy_rejects_changed_or_extra_complete_scratch_without_overwriting[changed-file]" time="0.037" /><testcase classname="tests.test_r4_continuation" name="test_resumed_copy_rejects_changed_or_extra_complete_scratch_without_overwriting[extra-file]" time="0.040" /><testcase classname="tests.test_r4_continuation" name="test_resumed_copy_rejects_changed_or_extra_complete_scratch_without_overwriting[extra-directory]" time="0.028" /><testcase classname="tests.test_r4_continuation" name="test_partial_transfer_scratch_cannot_alias_and_truncate_parent[symlink]" time="0.026" /><testcase classname="tests.test_r4_continuation" name="test_partial_transfer_scratch_cannot_alias_and_truncate_parent[hardlink]" time="0.030" /><testcase classname="tests.test_r4_continuation" name="test_completed_copy_can_resume_atomic_publication_without_recopying" time="0.050" /><testcase classname="tests.test_r4_continuation" name="test_inventory_retries_one_transient_missing_entry_with_complete_revalidation[lstat]" time="0.115" /><testcase classname="tests.test_r4_continuation" name="test_inventory_retries_one_transient_missing_entry_with_complete_revalidation[open]" time="0.119" /><testcase classname="tests.test_r4_continuation" name="test_inventory_exhausts_bounded_retries_on_persistent_enoent[lstat]" time="0.023" /><testcase classname="tests.test_r4_continuation" name="test_inventory_exhausts_bounded_retries_on_persistent_enoent[open]" time="0.013" /><testcase classname="tests.test_r4_continuation" name="test_inventory_never_retries_permission_or_other_io_failures[13]" time="0.013" /><testcase classname="tests.test_r4_continuation" name="test_inventory_never_retries_permission_or_other_io_failures[5]" time="0.017" /><testcase classname="tests.test_r4_continuation" name="test_inventory_retry_does_not_relax_root_or_hash_checks[missing-root]" time="0.012" /><testcase classname="tests.test_r4_continuation" name="test_inventory_retry_does_not_relax_root_or_hash_checks[symlink-root]" time="0.013" /><testcase classname="tests.test_r4_continuation" name="test_inventory_retry_does_not_relax_root_or_hash_checks[changed-hash]" time="0.014" /></testsuite></testsuites>