<?xml version="1.0" encoding="utf-8"?><testsuites name="pytest tests"><testsuite name="pytest" errors="0" failures="0" skipped="0" tests="2012" time="2138.579" timestamp="2026-09-15T18:14:32.126792+00:00" hostname="cpu-2.cluster02.eee.ntu.edu.sg"><testcase classname="tests.modeling_contrast.test_c1_packets" name="test_same_bank_counts_does_not_resolve_through_another_bank" time="0.001" /><testcase classname="tests.modeling_contrast.test_c1_packets" name="test_real_seed101_anchor24_c1_overlay_preserves_bank_and_source" time="0.410" /><testcase classname="tests.modeling_contrast.test_c1_packets" name="test_future_c1_packets_use_same_bank_counts_and_explicit_data_role" time="0.187" /><testcase classname="tests.modeling_contrast.test_cost_study" name="test_historical_fit_acquisition_deduplicates_global_policy_fingerprints" time="0.001" /><testcase classname="tests.modeling_contrast.test_cost_study" name="test_new_independent_draws_not_deduplicated_by_policy_identity" time="0.001" /><testcase classname="tests.modeling_contrast.test_cost_study" name="test_historical_alias_count_conflict_fails_before_cost_claim" time="0.001" /><testcase classname="tests.modeling_contrast.test_cost_study" name="test_missing_old_action_labels_are_explicitly_bounded_when_counts_unavailable" time="0.001" /><testcase classname="tests.modeling_contrast.test_cost_study" name="test_frontier_keeps_access_regimes_and_discloses_label_cost_interval" time="0.001" /><testcase classname="tests.modeling_contrast.test_cost_study" name="test_price_rejects_unknown_label_bound" time="0.001" /><testcase classname="tests.modeling_contrast.test_cost_study" name="test_logp_frontier_retains_cold_known_event_comparison" time="0.001" /><testcase classname="tests.modeling_contrast.test_covariance" name="test_shared_baseline_and_origin_cancellation" time="0.001" /><testcase classname="tests.modeling_contrast.test_covariance" name="test_multinomial_jeffreys_is_covariance_only" time="0.001" /><testcase classname="tests.modeling_contrast.test_covariance" name="test_empirical_covariance_joint_order" time="0.001" /><testcase classname="tests.modeling_contrast.test_covariance" name="test_zero_empirical_noise_never_gets_zero_width" time="0.001" /><testcase classname="tests.modeling_contrast.test_covariance" name="test_crn_fixed_order_marginals_and_can_increase_variance" time="0.001" /><testcase classname="tests.modeling_contrast.test_covariance" name="test_lr_exact_unbiased_quadratic_scaling_and_support" time="0.001" /><testcase classname="tests.modeling_contrast.test_covariance" name="test_stable_difference_zero_near_equality_and_failure" time="0.001" /><testcase classname="tests.modeling_contrast.test_cpu_cost_audit" name="test_forward_timing_overlap_is_method_specific" time="0.001" /><testcase classname="tests.modeling_contrast.test_cpu_cost_audit" name="test_operation_slack_keeps_seconds_separate_from_generation_units" time="0.001" /><testcase classname="tests.modeling_contrast.test_cpu_cost_audit" name="test_audit_performs_real_737_fit_and_nonzero_query_timing_without_truth" time="0.002" /><testcase classname="tests.modeling_contrast.test_cpu_cost_audit" name="test_sealed_configs_deduplicate_stages_but_keep_input_hash_receipts" time="0.003" /><testcase classname="tests.modeling_contrast.test_cpu_cost_audit" name="test_unsealed_or_changed_metadata_is_rejected" time="0.005" /><testcase classname="tests.modeling_contrast.test_cpu_cost_audit" name="test_main_audit_waits_for_complete_n2" time="0.002" /><testcase classname="tests.modeling_contrast.test_estimators" name="test_fit_only_uncentered_subspace_and_opposite_updates" time="0.001" /><testcase classname="tests.modeling_contrast.test_estimators" name="test_spherical_gls_is_scaled_ordinary_ridge[1e-05]" time="0.001" /><testcase classname="tests.modeling_contrast.test_estimators" name="test_spherical_gls_is_scaled_ordinary_ridge[1.0]" time="0.001" /><testcase classname="tests.modeling_contrast.test_estimators" name="test_spherical_gls_is_scaled_ordinary_ridge[100000.0]" time="0.001" /><testcase classname="tests.modeling_contrast.test_estimators" name="test_joint_gls_matches_row_major_kronecker_objective" time="0.001" /><testcase classname="tests.modeling_contrast.test_estimators" name="test_nonzero_empirical_floor_does_not_create_information" time="0.001" /><testcase classname="tests.modeling_contrast.test_estimators" name="test_all_full_models_match_and_accept_prompt_axes[C2]" time="0.001" /><testcase classname="tests.modeling_contrast.test_estimators" name="test_all_full_models_match_and_accept_prompt_axes[C3]" time="0.001" /><testcase classname="tests.modeling_contrast.test_estimators" name="test_all_full_models_match_and_accept_prompt_axes[C4_PCA]" time="0.001" /><testcase classname="tests.modeling_contrast.test_estimators" name="test_all_full_models_match_and_accept_prompt_axes[C4_RANDOM]" time="0.001" /><testcase classname="tests.modeling_contrast.test_estimators" name="test_all_full_models_match_and_accept_prompt_axes[C5]" time="0.001" /><testcase classname="tests.modeling_contrast.test_estimators" name="test_all_full_models_match_and_accept_prompt_axes[C6]" time="0.001" /><testcase classname="tests.modeling_contrast.test_estimators" name="test_zero_response_retains_nonzero_requested_direction[C4_PCA]" time="0.001" /><testcase classname="tests.modeling_contrast.test_estimators" name="test_zero_response_retains_nonzero_requested_direction[C4_RANDOM]" time="0.001" /><testcase classname="tests.modeling_contrast.test_estimators" name="test_zero_response_retains_nonzero_requested_direction[C5]" time="0.001" /><testcase classname="tests.modeling_contrast.test_estimators" name="test_zero_response_retains_nonzero_requested_direction[C6]" time="0.001" /><testcase classname="tests.modeling_contrast.test_estimators" name="test_unexcited_fit_is_explicit_and_never_uses_test_updates" time="0.001" /><testcase classname="tests.modeling_contrast.test_estimators" name="test_c0_only_allows_zero_rank_and_nonzero_models_reject_it" time="0.001" /><testcase classname="tests.modeling_contrast.test_estimators" name="test_group_aware_spectrum_preserves_fixed_target_block_weights" time="0.001" /><testcase classname="tests.modeling_contrast.test_estimators" name="test_direction_and_coefficient_oracles_are_separate_and_labeled" time="0.001" /><testcase classname="tests.modeling_contrast.test_estimators" name="test_projector_diagnostics_ignore_sign_and_basis_rotations" time="0.001" /><testcase classname="tests.modeling_contrast.test_estimators" name="test_group_xv_map_matches_event_differences_with_fixed_weights" time="0.001" /><testcase classname="tests.modeling_contrast.test_estimators" name="test_boundary_validation_and_input_arrays_are_not_modified" time="0.001" /><testcase classname="tests.modeling_contrast.test_estimators" name="test_explicit_alias_row_selection_precedes_q_and_covariance_shrinkage" time="0.001" /><testcase classname="tests.modeling_contrast.test_estimators" name="test_explicit_all_alias_rows_remain_unexcited" time="0.001" /><testcase classname="tests.modeling_contrast.test_estimators" name="test_same_updates_are_not_automatically_inferred_to_be_policy_aliases" time="0.001" /><testcase classname="tests.modeling_contrast.test_estimators" name="test_cached_full_gls_rotated_models_match_same_anisotropic_objective" time="0.002" /><testcase classname="tests.modeling_contrast.test_evaluation" name="test_pooled_nrmse_keeps_original_tiny_energy_and_separate_targets" time="0.002" /><testcase classname="tests.modeling_contrast.test_evaluation" name="test_zero_truth_reports_no_signal_even_for_false_nonzero_prediction" time="0.001" /><testcase classname="tests.modeling_contrast.test_evaluation" name="test_groups_average_prompts_before_error_and_pooled_is_not_mean_nrmse" time="0.002" /><testcase classname="tests.modeling_contrast.test_evaluation" name="test_direction_replicas_do_not_manufacture_seed_or_unit_support" time="0.003" /><testcase classname="tests.modeling_contrast.test_evaluation" name="test_direction_requires_both_support_thresholds" time="0.002" /><testcase classname="tests.modeling_contrast.test_evaluation" name="test_seed_bootstrap_pairs_whole_clusters_and_is_reproducible" time="0.001" /><testcase classname="tests.modeling_contrast.test_evaluation" name="test_nrmse_bootstrap_uses_energy_sufficient_statistics" time="0.001" /><testcase classname="tests.modeling_contrast.test_evaluation" name="test_interval_resolution_requires_an_interval[0.0003-0.0004-MEANINGFUL_POSITIVE]" time="0.001" /><testcase classname="tests.modeling_contrast.test_evaluation" name="test_interval_resolution_requires_an_interval[-0.0004--0.0003-MEANINGFUL_NEGATIVE]" time="0.001" /><testcase classname="tests.modeling_contrast.test_evaluation" name="test_interval_resolution_requires_an_interval[-0.0001-0.0001-WITHIN_TOLERANCE]" time="0.001" /><testcase classname="tests.modeling_contrast.test_evaluation" name="test_interval_resolution_requires_an_interval[-0.001-0.001-UNKNOWN]" time="0.001" /><testcase classname="tests.modeling_contrast.test_evaluation" name="test_interval_resolution_requires_an_interval[None-None-UNKNOWN]" time="0.001" /><testcase classname="tests.modeling_contrast.test_evaluation" name="test_six_seed_calibration_cannot_claim_distribution_free_95_percent" time="0.001" /><testcase classname="tests.modeling_contrast.test_evaluation" name="test_invalid_nonfinite_predictions_are_rejected" time="0.001" /><testcase classname="tests.modeling_contrast.test_evaluation" name="test_good_prediction_does_not_make_an_unknown_interval_resolved" time="0.002" /><testcase classname="tests.modeling_contrast.test_fresh" name="test_fresh_parent_adapter_preserves_optimizer_and_fixed_budget" time="0.004" /><testcase classname="tests.modeling_contrast.test_fresh" name="test_gate_failure_does_not_call_collector_or_create_output" time="0.021" /><testcase classname="tests.modeling_contrast.test_fresh" name="test_missing_lock_and_changed_outputs_are_rejected" time="0.002" /><testcase classname="tests.modeling_contrast.test_fresh" name="test_existing_training_seeds_are_not_silently_renumbered" time="0.003" /><testcase classname="tests.modeling_contrast.test_fresh" name="test_seed_inventory_rejects_missing_scan_roots" time="0.001" /><testcase classname="tests.modeling_contrast.test_fresh" name="test_seed_inventory_skips_only_verified_appledouble_sidecars" time="0.003" /><testcase classname="tests.modeling_contrast.test_fresh" name="test_seed_inventory_refuses_unverified_or_real_corrupt_manifests[manifest.json-\x00\x05\x16\x07\xff]" time="0.002" /><testcase classname="tests.modeling_contrast.test_fresh" name="test_seed_inventory_refuses_unverified_or_real_corrupt_manifests[._manifest.json-\xffnot AppleDouble]" time="0.002" /><testcase classname="tests.modeling_contrast.test_fresh" name="test_seed_inventory_refuses_unverified_or_real_corrupt_manifests[._manifest.json-\x00\x05\x16]" time="0.003" /><testcase classname="tests.modeling_contrast.test_fresh" name="test_seed_inventory_refuses_unverified_or_real_corrupt_manifests[._manifest.json-\x00\x05\x16\x00\xff]" time="0.003" /><testcase classname="tests.modeling_contrast.test_fresh" name="test_seed_inventory_checks_json_even_with_sidecar_style_name" time="0.002" /><testcase classname="tests.modeling_contrast.test_fresh" name="test_valid_frozen_gate_can_be_checked_without_training" time="0.017" /><testcase classname="tests.modeling_contrast.test_fresh" name="test_mutated_bound_files_refuse_before_collector[source]" time="0.018" /><testcase classname="tests.modeling_contrast.test_fresh" name="test_mutated_bound_files_refuse_before_collector[data]" time="0.020" /><testcase classname="tests.modeling_contrast.test_fresh" name="test_mutated_bound_files_refuse_before_collector[packet]" time="0.021" /><testcase classname="tests.modeling_contrast.test_fresh" name="test_mutated_bound_files_refuse_before_collector[selector]" time="0.017" /><testcase classname="tests.modeling_contrast.test_fresh" name="test_one_failed_gate_refuses_new_training[science_gate]" time="0.020" /><testcase classname="tests.modeling_contrast.test_fresh" name="test_one_failed_gate_refuses_new_training[cost_gate]" time="0.021" /><testcase classname="tests.modeling_contrast.test_fresh" name="test_one_failed_gate_refuses_new_training[resource_gate]" time="0.018" /><testcase classname="tests.modeling_contrast.test_fresh" name="test_one_failed_gate_refuses_new_training[data_gate]" time="0.019" /><testcase classname="tests.modeling_contrast.test_fresh" name="test_seed_scan_ignores_explicit_test_fixtures_but_checks_actual_runs" time="0.004" /><testcase classname="tests.modeling_contrast.test_fresh" name="test_seed_scan_does_not_exclude_fixture_named_root_or_ancestor[fixtures]" time="0.004" /><testcase classname="tests.modeling_contrast.test_fresh" name="test_seed_scan_does_not_exclude_fixture_named_root_or_ancestor[fixtures/preflight_155484]" time="0.004" /><testcase classname="tests.modeling_contrast.test_fresh" name="test_post_collection_gate_exempts_only_complete_bound_raw_files" time="0.037" /><testcase classname="tests.modeling_contrast.test_fresh" name="test_post_collection_exemption_requires_complete_binding_and_bytes[bytes]" time="0.026" /><testcase classname="tests.modeling_contrast.test_fresh" name="test_post_collection_exemption_requires_complete_binding_and_bytes[unregistered]" time="0.028" /><testcase classname="tests.modeling_contrast.test_fresh" name="test_post_collection_exemption_requires_complete_binding_and_bytes[incomplete]" time="0.027" /><testcase classname="tests.modeling_contrast.test_fresh" name="test_post_collection_exemption_requires_complete_binding_and_bytes[binding]" time="0.027" /><testcase classname="tests.modeling_contrast.test_fresh" name="test_n3_server_stage_requires_exact_approved_server_amendment[False]" time="0.027" /><testcase classname="tests.modeling_contrast.test_fresh" name="test_n3_server_stage_requires_exact_approved_server_amendment[True]" time="0.030" /><testcase classname="tests.modeling_contrast.test_frozen_validation" name="test_configurations_keep_rank_and_coefficients_fixed_at_all_three_n" time="0.002" /><testcase classname="tests.modeling_contrast.test_frozen_validation" name="test_six_seed_calibration_uses_seed_maxima_and_has_no_95_guarantee" time="0.001" /><testcase classname="tests.modeling_contrast.test_frozen_validation" name="test_calibration_refuses_test_seed_and_missing_six_seed_support" time="0.001" /><testcase classname="tests.modeling_contrast.test_frozen_validation" name="test_missing_measured_resource_profiles_fail_closed_before_any_training" time="0.017" /><testcase classname="tests.modeling_contrast.test_frozen_validation" name="test_resource_projection_accepts_relocated_parent_without_rewriting_n0" time="0.006" /><testcase classname="tests.modeling_contrast.test_frozen_validation" name="test_orchestrator_freezes_six_seed_calibration_before_any_test_unit" time="1.241" /><testcase classname="tests.modeling_contrast.test_frozen_validation" name="test_real_complete_collection_can_be_prepared_before_resume" time="0.035" /><testcase classname="tests.modeling_contrast.test_joint_packets" name="test_actual_legacy_shared_baseline_produces_cross_bank_covariance" time="0.001" /><testcase classname="tests.modeling_contrast.test_joint_packets" name="test_new_independent_evaluation_is_not_correlated_with_legacy_fit" time="0.001" /><testcase classname="tests.modeling_contrast.test_joint_packets" name="test_alias_count_disagreement_and_noninteger_recovery_fail" time="0.001" /><testcase classname="tests.modeling_contrast.test_joint_packets" name="test_legacy_duplicate_rows_removed_but_independent_measurements_retained" time="0.001" /><testcase classname="tests.modeling_contrast.test_joint_packets" name="test_non_ind_method_preserves_original_packet_covariance_blocks" time="0.001" /><testcase classname="tests.modeling_contrast.test_ledger_audit" name="test_physical_cost_does_not_sum_overlapping_acquisition_scenarios" time="0.006" /><testcase classname="tests.modeling_contrast.test_ledger_audit" name="test_parent_jacobian_cost_schema_is_explicitly_adapted" time="0.003" /><testcase classname="tests.modeling_contrast.test_model_study" name="test_raw_validity_keeps_mass_residual_instead_of_silently_using_control_variate" time="0.001" /><testcase classname="tests.modeling_contrast.test_model_study" name="test_active_population_is_separate_for_three_frozen_fit_targets" time="0.001" /><testcase classname="tests.modeling_contrast.test_model_study" name="test_finite_unit_seals_before_oracle_and_does_not_select_on_query_excitation" time="0.012" /><testcase classname="tests.modeling_contrast.test_observations" name="test_packets_are_finite_and_aliases_exact_zero[O_IND]" time="0.001" /><testcase classname="tests.modeling_contrast.test_observations" name="test_packets_are_finite_and_aliases_exact_zero[O_CRN]" time="0.001" /><testcase classname="tests.modeling_contrast.test_observations" name="test_packets_are_finite_and_aliases_exact_zero[O_LR_ORIGIN]" time="0.001" /><testcase classname="tests.modeling_contrast.test_observations" name="test_packets_are_finite_and_aliases_exact_zero[O_LR_MIX]" time="0.001" /><testcase classname="tests.modeling_contrast.test_observations" name="test_likelihood_raw_and_helmert_are_distinct_views" time="0.001" /><testcase classname="tests.modeling_contrast.test_observations" name="test_legacy_independent_counts_reused_without_new_sampling" time="0.002" /><testcase classname="tests.modeling_contrast.test_observations" name="test_known_event_exact_scores_cached_and_no_generation" time="0.001" /><testcase classname="tests.modeling_contrast.test_observations" name="test_oracle_moments_are_separate_and_unbiased" time="0.002" /><testcase classname="tests.modeling_contrast.test_observations" name="test_missing_support_is_a_packet_failure" time="0.001" /><testcase classname="tests.modeling_contrast.test_observations" name="test_joint_origin_covariance_retains_shared_packet_terms" time="0.002" /><testcase classname="tests.modeling_contrast.test_observations" name="test_packet_reuse_does_not_increase_information_or_cost" time="0.001" /><testcase classname="tests.modeling_contrast.test_observations" name="test_legacy_unsigned_counts_preserve_negative_contrast" time="0.001" /><testcase classname="tests.modeling_contrast.test_observations" name="test_redundant_mixture_pairs_share_sampling_and_joint_covariance" time="0.001" /><testcase classname="tests.modeling_contrast.test_observations" name="test_parent_frozen_forward_and_known_scores_match_exact_parent" time="0.004" /><testcase classname="tests.modeling_contrast.test_observations" name="test_empirical_estimator_mean_and_covariance_match_finite_oracle[O_IND]" time="0.105" /><testcase classname="tests.modeling_contrast.test_observations" name="test_empirical_estimator_mean_and_covariance_match_finite_oracle[O_CRN]" time="0.070" /><testcase classname="tests.modeling_contrast.test_observations" name="test_empirical_estimator_mean_and_covariance_match_finite_oracle[O_LR_ORIGIN]" time="0.102" /><testcase classname="tests.modeling_contrast.test_observations" name="test_empirical_estimator_mean_and_covariance_match_finite_oracle[O_LR_MIX]" time="0.111" /><testcase classname="tests.modeling_contrast.test_observations" name="test_packet_identity_binds_labels_and_fit_evaluation_rng" time="0.002" /><testcase classname="tests.modeling_contrast.test_observations" name="test_oracle_mixture_redundant_and_reverse_covariance_matches_packet_contract" time="0.001" /><testcase classname="tests.modeling_contrast.test_oracle_diagnostics" name="test_autograd_jacobian_matches_parent_analytic_and_preserves_parameters" time="3.848" /><testcase classname="tests.modeling_contrast.test_oracle_diagnostics" name="test_common_response_rank_one_witness_does_not_imply_contrast_fit" time="0.001" /><testcase classname="tests.modeling_contrast.test_oracle_diagnostics" name="test_error_isolation_returns_all_nonzero_ranks_and_three_distinct_sources" time="0.003" /><testcase classname="tests.modeling_contrast.test_oracle_diagnostics" name="test_oracle_covariance_remains_separately_labeled_and_alias_rows_supported" time="0.004" /><testcase classname="tests.modeling_contrast.test_packet_codec" name="test_codec_sparse_paid_action_scores_roundtrip_npz" time="0.004" /><testcase classname="tests.modeling_contrast.test_packet_codec" name="test_codec_bitwise_signed_zero_nan_payload_and_endianness" time="0.002" /><testcase classname="tests.modeling_contrast.test_packet_codec" name="test_codec_same_action_different_scores_falls_back_without_loss" time="0.002" /><testcase classname="tests.modeling_contrast.test_packet_codec" name="test_codec_rejects_object_and_reserved_names" time="0.001" /><testcase classname="tests.modeling_contrast.test_packet_codec" name="test_codec_plain_legacy_arrays_load_and_bad_version_rejected" time="0.001" /><testcase classname="tests.modeling_contrast.test_packet_reconstruction" name="test_paid_primitives_reconstruct_every_float_bit[False-O_IND]" time="0.002" /><testcase classname="tests.modeling_contrast.test_packet_reconstruction" name="test_paid_primitives_reconstruct_every_float_bit[False-O_CRN]" time="0.002" /><testcase classname="tests.modeling_contrast.test_packet_reconstruction" name="test_paid_primitives_reconstruct_every_float_bit[False-O_LR_ORIGIN]" time="0.002" /><testcase classname="tests.modeling_contrast.test_packet_reconstruction" name="test_paid_primitives_reconstruct_every_float_bit[False-O_LR_MIX]" time="0.002" /><testcase classname="tests.modeling_contrast.test_packet_reconstruction" name="test_paid_primitives_reconstruct_every_float_bit[True-O_IND]" time="0.002" /><testcase classname="tests.modeling_contrast.test_packet_reconstruction" name="test_paid_primitives_reconstruct_every_float_bit[True-O_CRN]" time="0.002" /><testcase classname="tests.modeling_contrast.test_packet_reconstruction" name="test_paid_primitives_reconstruct_every_float_bit[True-O_LR_ORIGIN]" time="0.002" /><testcase classname="tests.modeling_contrast.test_packet_reconstruction" name="test_paid_primitives_reconstruct_every_float_bit[True-O_LR_MIX]" time="0.002" /><testcase classname="tests.modeling_contrast.test_packet_reconstruction" name="test_reversed_mixture_pair_and_legacy_unsigned_counts_reconstruct" time="0.002" /><testcase classname="tests.modeling_contrast.test_packet_reconstruction" name="test_missing_paid_scores_and_duplicate_packet_metadata_fail" time="0.002" /><testcase classname="tests.modeling_contrast.test_packet_reconstruction" name="test_stored_core_legacy_path_needs_no_primitive_reconstruction" time="0.001" /><testcase classname="tests.modeling_contrast.test_parent" name="test_parameter_equality_is_not_norm_equality" time="0.001" /><testcase classname="tests.modeling_contrast.test_parent" name="test_state_hash_needs_full_state_and_never_merges_adam_histories" time="0.001" /><testcase classname="tests.modeling_contrast.test_parent" name="test_member_paths_cannot_escape_source" time="0.006" /><testcase classname="tests.modeling_contrast.test_parent" name="test_seed_audit_checks_used_trajectory_seeds_not_planned_lists" time="0.006" /><testcase classname="tests.modeling_contrast.test_parent" name="test_seed_audit_excludes_intentionally_corrupt_test_fixtures" time="0.005" /><testcase classname="tests.modeling_contrast.test_parent" name="test_seed_audit_does_not_exclude_fixture_named_root_or_ancestor[fixtures]" time="0.006" /><testcase classname="tests.modeling_contrast.test_parent" name="test_seed_audit_does_not_exclude_fixture_named_root_or_ancestor[fixtures/preflight_155484]" time="0.006" /><testcase classname="tests.modeling_contrast.test_parent" name="test_old_prediction_audit_reports_missing_and_corrupt_arrays" time="0.006" /><testcase classname="tests.modeling_contrast.test_parent" name="test_bridge_preserves_split_and_bounds_parameter_only_inputs" time="0.014" /><testcase classname="tests.modeling_contrast.test_parent" name="test_changed_historical_roles_fail_closed" time="0.010" /><testcase classname="tests.modeling_contrast.test_parent" name="test_hash_corruption_refused" time="0.010" /><testcase classname="tests.modeling_contrast.test_parent" name="test_missing_historical_inputs_are_listed_and_never_regenerated" time="0.012" /><testcase classname="tests.modeling_contrast.test_protocol_io" name="test_config_byte_and_semantic_freeze" time="0.004" /><testcase classname="tests.modeling_contrast.test_protocol_io" name="test_cpu_environment" time="0.001" /><testcase classname="tests.modeling_contrast.test_protocol_io" name="test_resource_gate_checks_all_dimensions_and_missing" time="0.003" /><testcase classname="tests.modeling_contrast.test_protocol_io" name="test_output_root_and_symlink_escape" time="0.004" /><testcase classname="tests.modeling_contrast.test_protocol_io" name="test_run_writer_lock_resume_hash_and_no_clobber" time="0.027" /><testcase classname="tests.modeling_contrast.test_protocol_io" name="test_atomic_writes_reject_objects_and_preserve_existing" time="0.011" /><testcase classname="tests.modeling_contrast.test_protocol_io" name="test_source_snapshot_is_byte_identical" time="0.012" /><testcase classname="tests.modeling_contrast.test_protocol_io" name="test_completed_resume_retains_original_status" time="0.024" /><testcase classname="tests.modeling_contrast.test_recompute" name="test_target_specific_active_population_uses_fit_excitation_only" time="0.001" /><testcase classname="tests.modeling_contrast.test_recompute" name="test_raw_event_validity_uses_sum_xsw_for_nonzero_mass_estimators" time="0.001" /><testcase classname="tests.modeling_contrast.test_recompute" name="test_posthoc_projection_is_sparse_recoverable_and_does_not_modify_raw" time="0.001" /><testcase classname="tests.modeling_contrast.test_recompute" name="test_independent_joint_raw_covariance_matches_exact_action_moments[False-O_IND]" time="0.001" /><testcase classname="tests.modeling_contrast.test_recompute" name="test_independent_joint_raw_covariance_matches_exact_action_moments[False-O_CRN]" time="0.001" /><testcase classname="tests.modeling_contrast.test_recompute" name="test_independent_joint_raw_covariance_matches_exact_action_moments[False-O_LR_ORIGIN]" time="0.001" /><testcase classname="tests.modeling_contrast.test_recompute" name="test_independent_joint_raw_covariance_matches_exact_action_moments[False-O_LR_MIX]" time="0.001" /><testcase classname="tests.modeling_contrast.test_recompute" name="test_independent_joint_raw_covariance_matches_exact_action_moments[True-O_IND]" time="0.001" /><testcase classname="tests.modeling_contrast.test_recompute" name="test_independent_joint_raw_covariance_matches_exact_action_moments[True-O_CRN]" time="0.001" /><testcase classname="tests.modeling_contrast.test_recompute" name="test_independent_joint_raw_covariance_matches_exact_action_moments[True-O_LR_ORIGIN]" time="0.001" /><testcase classname="tests.modeling_contrast.test_recompute" name="test_independent_joint_raw_covariance_matches_exact_action_moments[True-O_LR_MIX]" time="0.001" /><testcase classname="tests.modeling_contrast.test_recompute" name="test_independent_lr_covariance_rejects_missing_proposal_support" time="0.001" /><testcase classname="tests.modeling_contrast.test_recompute" name="test_complete_small_raw_recomputation_and_explicit_not_run" time="0.031" /><testcase classname="tests.modeling_contrast.test_recompute" name="test_changed_metric_is_detected_without_rewriting_predictions" time="0.016" /><testcase classname="tests.modeling_contrast.test_recompute" name="test_changed_prediction_archive_hash_is_detected" time="0.012" /><testcase classname="tests.modeling_contrast.test_recompute" name="test_all_absent_phases_are_not_successful_experiments" time="0.006" /><testcase classname="tests.modeling_contrast.test_recompute" name="test_final_aggregate_mae_is_checked_against_raw_errors" time="0.031" /><testcase classname="tests.modeling_contrast.test_recompute" name="test_n2d_errors_are_recovered_and_kept_out_of_main_ranking" time="0.021" /><testcase classname="tests.modeling_contrast.test_recompute" name="test_n1_paid_counts_replay_and_parent_endpoint_truth_binding" time="0.038" /><testcase classname="tests.modeling_contrast.test_report" name="test_failed_gates_never_read_stale_fresh_results_or_invent_test_pass" time="0.060" /><testcase classname="tests.modeling_contrast.test_report" name="test_outputs_preserve_existing_evidence_and_reject_report_overwrite" time="0.047" /><testcase classname="tests.modeling_contrast.test_report" name="test_corrupt_selection_lock_is_not_reported_as_authorization" time="0.042" /><testcase classname="tests.modeling_contrast.test_report" name="test_source_tables_are_hash_bound_and_missing_inputs_remain_explicit" time="0.049" /><testcase classname="tests.modeling_contrast.test_report" name="test_report_path_stays_inside_authorized_new_result_roots" time="0.003" /><testcase classname="tests.modeling_contrast.test_report" name="test_junit_execution_overrides_an_inconsistent_pass_total" time="0.057" /><testcase classname="tests.modeling_contrast.test_report" name="test_n3_permission_and_completed_collection_are_not_independent_validation" time="0.045" /><testcase classname="tests.modeling_contrast.test_report" name="test_isolation_uses_sealed_raw_arrays_and_separate_primary_metrics" time="0.006" /><testcase classname="tests.modeling_contrast.test_report" name="test_scope_receipt_requires_matching_real_evidence_bytes" time="0.005" /><testcase classname="tests.modeling_contrast.test_report" name="test_cost_pass_without_complete_coverage_does_not_pass_acceptance" time="0.003" /><testcase classname="tests.modeling_contrast.test_report" name="test_complete_cost_accounting_does_not_imply_cpu_savings" time="0.004" /><testcase classname="tests.modeling_contrast.test_report" name="test_projection_receipt_checks_sparse_bytes_and_all_materialized_units" time="0.008" /><testcase classname="tests.modeling_contrast.test_report" name="test_c1_receipt_cannot_hide_modified_historical_counts" time="0.009" /><testcase classname="tests.modeling_contrast.test_report" name="test_completed_n4_requires_bound_predictions_and_qualified_selected_results" time="0.004" /><testcase classname="tests.modeling_contrast.test_selection" name="test_n3_freezes_at_most_two_with_content_hash_and_fixed_fresh_seeds" time="0.001" /><testcase classname="tests.modeling_contrast.test_selection" name="test_zero_and_exact_cannot_qualify_and_failure_keeps_nonzero_diagnostic" time="0.001" /><testcase classname="tests.modeling_contrast.test_selection" name="test_nrmse_equality_at_n3_gate_does_not_pass_strict_threshold" time="0.001" /><testcase classname="tests.modeling_contrast.test_selection" name="test_unknown_baseline_improvement_is_inconclusive" time="0.001" /><testcase classname="tests.modeling_contrast.test_selection" name="test_resource_and_data_hash_gates_fail_independently" time="0.001" /><testcase classname="tests.modeling_contrast.test_selection" name="test_same_access_cost_and_full_accounting_required" time="0.001" /><testcase classname="tests.modeling_contrast.test_selection" name="test_logp_claim_requires_known_event_baseline_and_reports_conditional_cost" time="0.001" /><testcase classname="tests.modeling_contrast.test_selection" name="test_known_event_cost_tie_is_a_crossing_but_not_actual_savings" time="0.001" /><testcase classname="tests.modeling_contrast.test_selection" name="test_missing_legacy_or_seed_collision_blocks_new_cpu" time="0.001" /><testcase classname="tests.modeling_contrast.test_selection_driver" name="test_stability_comes_from_four_seed_paired_bootstrap_for_both_targets" time="0.015" /><testcase classname="tests.modeling_contrast.test_selection_driver" name="test_one_target_or_missing_paired_rows_cannot_manufacture_stability" time="0.025" /><testcase classname="tests.modeling_contrast.test_selection_driver" name="test_duplicate_stage_rows_do_not_double_seed_counts" time="0.040" /><testcase classname="tests.modeling_contrast.test_selection_driver" name="test_build_and_write_preserve_bound_evidence_and_fail_unknown_cost" time="0.093" /><testcase classname="tests.modeling_contrast.test_selection_driver" name="test_raw_direction_curves_keep_replica_units_and_four_seed_limit" time="0.042" /><testcase classname="tests.modeling_contrast.test_selection_recompute" name="test_independent_bootstrap_resamples_whole_seed_sufficient_statistics" time="0.002" /><testcase classname="tests.modeling_contrast.test_selection_recompute" name="test_recompute_detects_bootstrap_table_corruption_and_nonzero_gate" time="0.006" /><testcase classname="tests.modeling_contrast.test_selection_recompute" name="test_canonical_hash_does_not_depend_on_dictionary_order" time="0.001" /><testcase classname="tests.modeling_contrast.test_server_checks" name="test_fresh_identity_compares_semantics_and_all_32_initializations" time="0.023" /><testcase classname="tests.modeling_contrast.test_server_checks" name="test_identity_rejects_scientific_changes[last_initialization]" time="0.023" /><testcase classname="tests.modeling_contrast.test_server_checks" name="test_identity_rejects_scientific_changes[action_order]" time="0.022" /><testcase classname="tests.modeling_contrast.test_server_checks" name="test_identity_rejects_scientific_changes[categories]" time="0.022" /><testcase classname="tests.modeling_contrast.test_server_checks" name="test_identity_rejects_scientific_changes[seed]" time="0.023" /><testcase classname="tests.modeling_contrast.test_server_checks" name="test_identity_rejects_scientific_changes[missing_trajectory]" time="0.022" /><testcase classname="tests.modeling_contrast.test_server_checks" name="test_identity_refuses_manifest_escape_and_object_arrays" time="0.032" /><testcase classname="tests.modeling_contrast.test_server_checks" name="test_runtime_preflight_uses_fixed_seeds_and_cleans_temporary_files" time="0.010" /><testcase classname="tests.modeling_contrast.test_server_checks" name="test_resource_evaluation_and_rss_units_are_explicit" time="0.001" /><testcase classname="tests.modeling_contrast.test_server_checks" name="test_watchdog_counts_real_files_without_following_external_links" time="0.009" /><testcase classname="tests.modeling_contrast.test_server_checks" name="test_watchdog_flushes_violation_before_signaling_only_current_process" time="0.005" /><testcase classname="tests.modeling_contrast.test_server_checks" name="test_watchdog_daemon_detects_limit_during_work" time="0.017" /><testcase classname="tests.modeling_contrast.test_server_checks" name="test_watchdog_refuses_control_log_inside_sealed_stage" time="0.002" /><testcase classname="tests.modeling_contrast.test_server_checks" name="test_watchdog_fails_closed_if_measurement_or_receipt_io_fails" time="0.005" /><testcase classname="tests.modeling_contrast.test_server_cli" name="test_explicit_cpu_allocation_required" time="0.001" /><testcase classname="tests.modeling_contrast.test_server_cli" name="test_server_forecast_retains_slowest_rate" time="0.001" /><testcase classname="tests.modeling_contrast.test_server_cli" name="test_preflight_completion_requires_matching_selection_and_positive_time" time="0.005" /><testcase classname="tests.modeling_contrast.test_server_cli" name="test_source_catalog_covers_dataset_generation_and_requirements" time="0.004" /><testcase classname="tests.modeling_contrast.test_server_protocol" name="test_exact_server_revision_keeps_scientific_protocol" time="0.003" /><testcase classname="tests.modeling_contrast.test_server_protocol" name="test_server_revision_rejects_unapproved_resource_changes[max_added_output_gib-7]" time="0.001" /><testcase classname="tests.modeling_contrast.test_server_protocol" name="test_server_revision_rejects_unapproved_resource_changes[max_ram_gib-16]" time="0.001" /><testcase classname="tests.modeling_contrast.test_server_protocol" name="test_server_revision_rejects_unapproved_resource_changes[cpu_threads-2]" time="0.001" /><testcase classname="tests.modeling_contrast.test_server_protocol" name="test_server_revision_rejects_tuning_or_reformatted_config" time="0.003" /><testcase classname="tests.modeling_contrast.test_server_result_audit" name="test_group_contrasts_use_original_signal_energy_and_unfloored_ratios" time="0.002" /><testcase classname="tests.modeling_contrast.test_server_result_audit" name="test_bootstrap_recomputes_energy_weighted_pooled_ratios_not_seed_ratio_mean" time="0.002" /><testcase classname="tests.modeling_contrast.test_server_result_audit" name="test_stage_verifies_hashes_completeness_and_rejects_traversal" time="0.008" /><testcase classname="tests.modeling_contrast.test_server_result_audit" name="test_sealed_raw_prediction_decodes_without_model_or_production_statistics" time="0.005" /><testcase classname="tests.modeling_contrast.test_server_result_audit" name="test_bad_role_and_changed_numeric_scores_are_rejected" time="0.003" /><testcase classname="tests.modeling_contrast.test_server_result_audit" name="test_cli_records_failure_without_touching_execution_or_overwriting" time="0.006" /><testcase classname="tests.modeling_contrast.test_server_result_audit" name="test_server_selection_cannot_change_original_candidates_even_with_valid_new_hash" time="0.002" /><testcase classname="tests.modeling_contrast.test_server_result_audit" name="test_wrong_total_science_pass_is_rejected" time="0.001" /><testcase classname="tests.modeling_contrast.test_server_result_audit" name="test_configuration_identity_is_rebuilt_from_frozen_fields" time="0.007" /><testcase classname="tests.modeling_contrast.test_server_result_audit" name="test_extra_by_seed_rows_are_not_silently_ignored" time="0.003" /><testcase classname="tests.modeling_contrast.test_server_result_audit" name="test_group_energy_sums_to_pooled_and_group_precision_retains_seed_support" time="0.002" /><testcase classname="tests.modeling_contrast.test_server_transfer" name="test_rejects_another_internally_valid_lock_outside_pinned_amendment" time="0.027" /><testcase classname="tests.modeling_contrast.test_server_transfer" name="test_transfer_preserves_science_bytes_and_verifies_distinct_completed_writer" time="0.070" /><testcase classname="tests.modeling_contrast.test_server_transfer" name="test_any_changed_original_evidence_is_rejected[evidence/data.npz]" time="0.023" /><testcase classname="tests.modeling_contrast.test_server_transfer" name="test_any_changed_original_evidence_is_rejected[evidence/packet.npz]" time="0.024" /><testcase classname="tests.modeling_contrast.test_server_transfer" name="test_any_changed_original_evidence_is_rejected[original_source/source.py]" time="0.026" /><testcase classname="tests.modeling_contrast.test_server_transfer" name="test_unmapped_paths_and_changed_scientific_config_fail_closed" time="0.053" /><testcase classname="tests.modeling_contrast.test_server_transfer" name="test_resource_failure_does_not_authorize_and_bootstrap_tamper_is_rejected" time="0.027" /><testcase classname="tests.modeling_contrast.test_server_transfer" name="test_writer_rejects_other_stage_and_changed_prepared_payload" time="0.036" /><testcase classname="tests.modeling_contrast.test_server_transfer" name="test_longest_component_prefix_wins_and_collapsed_paths_are_rejected" time="0.026" /><testcase classname="tests.modeling_contrast.test_server_transfer" name="test_symlink_escape_and_changed_current_source_are_rejected" time="0.053" /><testcase classname="tests.modeling_contrast.test_server_transfer" name="test_recheck_between_prepare_and_write_detects_changed_evidence" time="0.032" /><testcase classname="tests.modeling_contrast.test_study" name="test_bank_covariance_keeps_within_bank_cross_target_blocks" time="0.001" /><testcase classname="tests.modeling_contrast.test_study" name="test_contrast_inputs_use_same_bank_main_endpoint" time="0.001" /><testcase classname="tests.modeling_contrast.test_study" name="test_grid_has_nonzero_ablations_and_no_full_cartesian_stage" time="0.001" /><testcase classname="tests.modeling_contrast.test_study" name="test_prediction_is_saved_before_oracle_is_accessed" time="0.003" /><testcase classname="tests.modeling_contrast.test_summarize_n4_results" name="test_pooled_sufficient_statistics_groups_costs_and_all_baselines" time="0.015" /><testcase classname="tests.modeling_contrast.test_summarize_n4_results" name="test_no_clobber_stage_path_and_corrupt_source_fail_closed" time="0.011" /><testcase classname="tests.modeling_contrast.test_summarize_n4_results" name="test_optional_raw_group_energy_is_bound_and_never_invented" time="0.019" /><testcase classname="tests.modeling_contrast.test_targets" name="test_targets_cancel_origin_and_preserve_consistency" time="0.001" /><testcase classname="tests.modeling_contrast.test_targets" name="test_alias_incidence_is_exact_zero" time="0.001" /><testcase classname="tests.modeling_contrast.test_targets" name="test_same_norm_is_not_same_inference" time="0.001" /><testcase classname="tests.modeling_contrast.test_targets" name="test_group_xv_matches_probability_contrasts" time="0.001" /><testcase classname="tests.modeling_contrast.test_targets" name="test_contrast_taylor_quadratic_and_zero_increment" time="0.001" /><testcase classname="tests.modeling_qualification.test_collection" name="test_collection_counts_cost_and_same_initialization" time="0.212" /><testcase classname="tests.modeling_qualification.test_collection" name="test_collection_rejects_clobber" time="0.001" /><testcase classname="tests.modeling_qualification.test_collection" name="test_alias_outputs_share_counts_and_anchor_identity" time="0.004" /><testcase classname="tests.modeling_qualification.test_collection" name="test_validation_checks_all_shapes_counts_and_cost" time="0.015" /><testcase classname="tests.modeling_qualification.test_collection" name="test_validation_rejects_tampered_shared_identity[dataset.npz]" time="0.011" /><testcase classname="tests.modeling_qualification.test_collection" name="test_validation_rejects_tampered_shared_identity[parameter_layout.json]" time="0.009" /><testcase classname="tests.modeling_qualification.test_collection" name="test_counts_predictor_never_opens_oracle_labels" time="0.004" /><testcase classname="tests.modeling_qualification.test_collection" name="test_validation_ignores_trajectory_listing_order_but_preserves_membership" time="0.023" /><testcase classname="tests.modeling_qualification.test_cost_supplement" name="test_allocated_counts_and_io_reconstruct_measured_totals" time="0.001" /><testcase classname="tests.modeling_qualification.test_evaluation" name="test_level_and_response_error_are_separate" time="0.001" /><testcase classname="tests.modeling_qualification.test_evaluation" name="test_selection_allows_failure_and_favors_smallest_rank" time="0.001" /><testcase classname="tests.modeling_qualification.test_evaluation" name="test_cluster_bootstrap_is_seed_clustered_and_reproducible" time="0.001" /><testcase classname="tests.modeling_qualification.test_evaluation" name="test_freeze_prediction_is_no_clobber" time="0.005" /><testcase classname="tests.modeling_qualification.test_evaluation" name="test_alpha_with_all_gates_beats_lower_group_error_that_fails_nrmse" time="0.001" /><testcase classname="tests.modeling_qualification.test_evaluation" name="test_aggregate_rmse_uses_squared_errors" time="0.002" /><testcase classname="tests.modeling_qualification.test_evaluation" name="test_formal_runner_never_loads_locked_test_labels_before_freeze" time="0.096" /><testcase classname="tests.modeling_qualification.test_evaluation" name="test_shared_noise_postprocess_pairs_three_and_five_replicas_without_predicting" time="0.036" /><testcase classname="tests.modeling_qualification.test_evaluation" name="test_four_level_vectors_keep_cancelling_components_and_triangle_bound" time="0.001" /><testcase classname="tests.modeling_qualification.test_math_contracts" name="test_helmert_orthogonality_roundtrip_and_distance" time="0.001" /><testcase classname="tests.modeling_qualification.test_math_contracts" name="test_category_and_weight_identity_errors_fail" time="0.001" /><testcase classname="tests.modeling_qualification.test_math_contracts" name="test_nested_boundaries_roundtrip[p0]" time="0.001" /><testcase classname="tests.modeling_qualification.test_math_contracts" name="test_nested_boundaries_roundtrip[p1]" time="0.001" /><testcase classname="tests.modeling_qualification.test_math_contracts" name="test_nested_boundaries_roundtrip[p2]" time="0.001" /><testcase classname="tests.modeling_qualification.test_math_contracts" name="test_nested_boundaries_roundtrip[p3]" time="0.001" /><testcase classname="tests.modeling_qualification.test_math_contracts" name="test_nested_boundaries_roundtrip[p4]" time="0.001" /><testcase classname="tests.modeling_qualification.test_math_contracts" name="test_nested_boundaries_roundtrip[p5]" time="0.001" /><testcase classname="tests.modeling_qualification.test_math_contracts" name="test_nested_boundaries_roundtrip[p6]" time="0.001" /><testcase classname="tests.modeling_qualification.test_math_contracts" name="test_mle_does_not_infer_population_zero_from_counts" time="0.001" /><testcase classname="tests.modeling_qualification.test_math_contracts" name="test_fisher_and_finite_difference_fp64" time="0.001" /><testcase classname="tests.modeling_qualification.test_math_contracts" name="test_clopper_pearson_actual_denominators_and_zero" time="0.016" /><testcase classname="tests.modeling_qualification.test_math_contracts" name="test_weighted_q_is_ratio_of_weighted_probabilities" time="0.001" /><testcase classname="tests.modeling_qualification.test_math_contracts" name="test_advantage_shift_saturation_and_epsilon_contract" time="0.001" /><testcase classname="tests.modeling_qualification.test_math_contracts" name="test_rank_duplicate_columns_and_spectral_error" time="0.001" /><testcase classname="tests.modeling_qualification.test_math_contracts" name="test_raw_simplex_prediction_preserved" time="0.001" /><testcase classname="tests.modeling_qualification.test_math_contracts" name="test_geometry_does_not_merge_equal_norm_updates" time="0.001" /><testcase classname="tests.modeling_qualification.test_math_contracts" name="test_two_bounds_cover_each_intermediate_step_with_known_L" time="0.010" /><testcase classname="tests.modeling_qualification.test_math_contracts" name="test_linear_regression_probability_helmert_equivalence" time="0.001" /><testcase classname="tests.modeling_qualification.test_math_contracts" name="test_math_runner_writes_real_results_without_clobber" time="0.199" /><testcase classname="tests.modeling_qualification.test_models" name="test_uncentered_rank_and_alias_invariance" time="0.001" /><testcase classname="tests.modeling_qualification.test_models" name="test_exact_ridge_and_zero_response_contract" time="0.001" /><testcase classname="tests.modeling_qualification.test_models" name="test_all_direction_models_use_fit_only_and_full_matches" time="0.001" /><testcase classname="tests.modeling_qualification.test_models" name="test_empty_subspace_is_explicit_and_inputs_rejected" time="0.001" /><testcase classname="tests.modeling_qualification.test_protocol" name="test_locked_protocol_and_derived_workload" time="0.001" /><testcase classname="tests.modeling_qualification.test_protocol" name="test_protocol_rejects_silent_plan_drift[scope-new_qwen_calls-True]" time="0.001" /><testcase classname="tests.modeling_qualification.test_protocol" name="test_protocol_rejects_silent_plan_drift[scope-online_detector-True]" time="0.001" /><testcase classname="tests.modeling_qualification.test_protocol" name="test_protocol_rejects_silent_plan_drift[toy_model-dtype-float32]" time="0.001" /><testcase classname="tests.modeling_qualification.test_protocol" name="test_protocol_rejects_silent_plan_drift[resources-cpu_threads-8]" time="0.001" /><testcase classname="tests.modeling_qualification.test_protocol" name="test_protocol_rejects_silent_plan_drift[model_selection-response_nrmse_max-9.0]" time="0.001" /><testcase classname="tests.modeling_qualification.test_protocol" name="test_reject_cross_split_seed_and_event_column_drift" time="0.001" /><testcase classname="tests.modeling_qualification.test_protocol" name="test_cpu_environment_is_explicit" time="0.001" /><testcase classname="tests.modeling_qualification.test_protocol" name="test_no_clobber_and_hash_contracts" time="0.005" /><testcase classname="tests.modeling_qualification.test_protocol" name="test_core_requires_measured_unchanged_preflight" time="0.008" /><testcase classname="tests.modeling_qualification.test_real_audit" name="test_raw_counts_alias_missing_tensors_and_readonly" time="0.020" /><testcase classname="tests.modeling_qualification.test_real_audit" name="test_summary_only_does_not_claim_raw_recomputation" time="0.013" /><testcase classname="tests.modeling_qualification.test_real_audit" name="test_execution_fault_or_mismatched_counts_is_not_usable_evidence[kwargs0]" time="0.014" /><testcase classname="tests.modeling_qualification.test_real_audit" name="test_execution_fault_or_mismatched_counts_is_not_usable_evidence[kwargs1]" time="0.014" /><testcase classname="tests.modeling_qualification.test_real_audit" name="test_manifest_corruption_and_unfinished_bank" time="0.015" /><testcase classname="tests.modeling_qualification.test_real_audit" name="test_symlink_source_and_sealed_root_rejected" time="0.008" /><testcase classname="tests.modeling_qualification.test_real_audit" name="test_independent_raw_semantic_reparse_and_scene_binding" time="0.006" /><testcase classname="tests.modeling_qualification.test_real_audit" name="test_unsafe_manifest_path_rejected_before_read" time="0.014" /><testcase classname="tests.modeling_qualification.test_real_vectors" name="test_streaming_geometry_uses_actual_deltas_and_does_not_raise_rank_for_aliases" time="0.001" /><testcase classname="tests.modeling_qualification.test_real_vectors" name="test_zero_norm_cosine_null_and_near_collinearity_has_stable_qr_rank" time="0.001" /><testcase classname="tests.modeling_qualification.test_real_vectors" name="test_geometry_refuses_unbound_layout_dtype_and_nonfinite[bad0]" time="0.001" /><testcase classname="tests.modeling_qualification.test_real_vectors" name="test_geometry_refuses_unbound_layout_dtype_and_nonfinite[bad1]" time="0.001" /><testcase classname="tests.modeling_qualification.test_real_vectors" name="test_geometry_refuses_unbound_layout_dtype_and_nonfinite[bad2]" time="0.001" /><testcase classname="tests.modeling_qualification.test_real_vectors" name="test_geometry_refuses_unbound_layout_dtype_and_nonfinite[bad3]" time="0.001" /><testcase classname="tests.modeling_qualification.test_real_vectors" name="test_production_cpu_allocation_check" time="0.001" /><testcase classname="tests.modeling_qualification.test_real_vectors" name="test_full_cpu_checkpoint_byte_state_optimizer_binding_and_readonly" time="2.750" /><testcase classname="tests.modeling_qualification.test_real_vectors" name="test_checkpoint_byte_tampering_rejected_before_restricted_load" time="0.202" /><testcase classname="tests.modeling_qualification.test_toy" name="test_dataset_identity_domain_and_structural_validation" time="0.069" /><testcase classname="tests.modeling_qualification.test_toy" name="test_symbolic_feature_does_not_accept_hidden_truth_copy" time="0.001" /><testcase classname="tests.modeling_qualification.test_toy" name="test_model_layout_initialization_and_permutation_invariance" time="0.005" /><testcase classname="tests.modeling_qualification.test_toy" name="test_probability_jacobian_matches_finite_difference" time="0.002" /><testcase classname="tests.modeling_qualification.test_toy" name="test_branch_restoration_and_explicit_zero_grad_adam" time="0.006" /><testcase classname="tests.modeling_qualification.test_toy" name="test_same_answer_fiber_boundary" time="0.033" /><testcase classname="tests.modeling_qualification.test_toy" name="test_snapshot_restores_none_and_tensor_gradients_after_exception" time="0.002" /><testcase classname="tests.modeling_qualification.test_tracking" name="test_fixed_window_uses_net_sum_and_keeps_intermediate" time="0.001" /><testcase classname="tests.modeling_qualification.test_tracking" name="test_envelope_calibrates_complete_window_maxima_by_seed" time="0.001" /><testcase classname="tests.modeling_qualification.test_tracking" name="test_twenty_four_panels_not_amortized_in_sixteen_steps" time="0.001" /><testcase classname="tests.modeling_qualification.test_tracking" name="test_step_tolerance_includes_relative_response_failure" time="0.001" /><testcase classname="tests.modeling_qualification.test_tracking" name="test_projected_rmse_aggregates_squared_errors_before_root" time="0.002" /><testcase classname="tests.modeling_qualification.test_tracking" name="test_envelope_weights_seed_maxima_not_window_count" time="0.001" /><testcase classname="tests.modeling_qualification.test_tracking" name="test_frozen_basis_validation_rejects_nonorthogonal_basis" time="0.001" /><testcase classname="tests.modeling_qualification.test_tracking" name="test_tracking_freezes_predictions_and_envelopes_before_locked_labels" time="0.135" /><testcase classname="tests.modeling_qualification.test_tracking" name="test_absolute_failure_takes_precedence_over_zero_response_energy" time="0.001" /><testcase classname="tests.modeling_qualification.test_witnesses" name="test_w1_keeps_prompt_identity" time="0.001" /><testcase classname="tests.modeling_qualification.test_witnesses" name="test_w2_equal_present_probabilities_do_not_identify_response" time="0.001" /><testcase classname="tests.modeling_qualification.test_witnesses" name="test_w3_legal_adam_histories_same_parameter_gradient" time="0.003" /><testcase classname="tests.modeling_qualification.test_witnesses" name="test_w3_history_keeps_exact_zero_and_preserves_legal_moments[history0]" time="0.001" /><testcase classname="tests.modeling_qualification.test_witnesses" name="test_w3_history_keeps_exact_zero_and_preserves_legal_moments[history1]" time="0.001" /><testcase classname="tests.modeling_qualification.test_witnesses" name="test_w4_same_summary_opposite_semantics_and_minimax_bound" time="0.001" /><testcase classname="tests.modeling_qualification.test_witnesses" name="test_w5_rank_and_predefined_low_energy_positive_negative_controls" time="0.001" /><testcase classname="tests.modeling_qualification.test_witnesses" name="test_w6_intermediate_net_path_and_wrong_omission_model" time="0.001" /><testcase classname="tests.modeling_qualification.test_witnesses" name="test_witness_runner_no_clobber_and_recomputable_arrays" time="0.011" /><testcase classname="tests.modeling_v3.test_artifact_workflow" name="test_unbound_acceptance_string_does_not_authorize_predictions" time="0.005" /><testcase classname="tests.modeling_v3.test_artifact_workflow" name="test_finite_unaccepted_predictions_remain_unknown" time="0.027" /><testcase classname="tests.modeling_v3.test_artifact_workflow" name="test_large_parameter_arrays_are_binary_payloads_not_json_lists" time="0.057" /><testcase classname="tests.modeling_v3.test_cli" name="test_plan_imports_no_model_and_submits_no_jobs" time="0.070" /><testcase classname="tests.modeling_v3.test_cli" name="test_train_and_forks_dispatch_keyword_contract[False]" time="0.012" /><testcase classname="tests.modeling_v3.test_cli" name="test_train_and_forks_dispatch_keyword_contract[True]" time="0.012" /><testcase classname="tests.modeling_v3.test_cli" name="test_gpu_without_flags_is_rejected_before_runtime" time="0.008" /><testcase classname="tests.modeling_v3.test_cli" name="test_failed_test_run_returns_nonzero" time="0.007" /><testcase classname="tests.modeling_v3.test_coverage_models" name="test_uncentered_geometry_zero_query_and_high_leverage" time="0.002" /><testcase classname="tests.modeling_v3.test_coverage_models" name="test_small_rho_does_not_certify_without_validation_and_target_excitation" time="0.001" /><testcase classname="tests.modeling_v3.test_coverage_models" name="test_nonidentifiability_witness_matches_fit_and_differs_at_query" time="0.001" /><testcase classname="tests.modeling_v3.test_coverage_models" name="test_block_selectors_are_geometry_only_and_retain_whole_bank" time="0.002" /><testcase classname="tests.modeling_v3.test_coverage_models" name="test_full_rank_rotation_equivalence_and_genuine_truncation[PCA]" time="0.002" /><testcase classname="tests.modeling_v3.test_coverage_models" name="test_full_rank_rotation_equivalence_and_genuine_truncation[RANDOM_Q]" time="0.002" /><testcase classname="tests.modeling_v3.test_coverage_models" name="test_full_rank_rotation_equivalence_and_genuine_truncation[RESPONSE_SVD]" time="0.002" /><testcase classname="tests.modeling_v3.test_coverage_models" name="test_full_rank_rotation_equivalence_and_genuine_truncation[GROUP_WEIGHTED_RESPONSE]" time="0.002" /><testcase classname="tests.modeling_v3.test_coverage_models" name="test_raw4_not_silently_projected_and_explicit_constraint_audited" time="0.001" /><testcase classname="tests.modeling_v3.test_coverage_models" name="test_group_primary_v_uses_negative_i_and_preserves_raw_mass_difference" time="0.001" /><testcase classname="tests.modeling_v3.test_coverage_models" name="test_joint_gls_matches_full_kronecker_objective_and_rotation" time="0.002" /><testcase classname="tests.modeling_v3.test_coverage_models" name="test_constrained_gls_fits_raw_likelihood_and_keeps_unconstrained_result" time="0.002" /><testcase classname="tests.modeling_v3.test_coverage_models" name="test_covariance_degeneracy_is_explicit_and_indefinite_covariance_rejected" time="0.001" /><testcase classname="tests.modeling_v3.test_coverage_models" name="test_same_norm_opposite_direction_is_not_same_response" time="0.001" /><testcase classname="tests.modeling_v3.test_coverage_models" name="test_selectors_zero_geometry_and_seed_reproducibility" time="0.002" /><testcase classname="tests.modeling_v3.test_coverage_models" name="test_fit_copies_caller_data_and_rejects_bad_shapes" time="0.001" /><testcase classname="tests.modeling_v3.test_coverage_models" name="test_zero_rank_models_unknown_while_zero_baseline_remains_scored" time="0.001" /><testcase classname="tests.modeling_v3.test_coverage_models" name="test_rbf_is_fitted_nonlinear_diagnostic_with_zero_origin" time="0.001" /><testcase classname="tests.modeling_v3.test_coverage_models" name="test_error_vectors_and_cross_terms_reconstruct_total_squared_error" time="0.001" /><testcase classname="tests.modeling_v3.test_cpu_array" name="test_frozen_order_index_and_relative_paths_do_not_change_request_bytes" time="0.007" /><testcase classname="tests.modeling_v3.test_cpu_array" name="test_invalid_or_disagreeing_array_indices_are_rejected[-1--1]" time="0.003" /><testcase classname="tests.modeling_v3.test_cpu_array" name="test_invalid_or_disagreeing_array_indices_are_rejected[2-2]" time="0.005" /><testcase classname="tests.modeling_v3.test_cpu_array" name="test_invalid_or_disagreeing_array_indices_are_rejected[0-1]" time="0.004" /><testcase classname="tests.modeling_v3.test_cpu_array" name="test_invalid_or_disagreeing_array_indices_are_rejected[True-1]" time="0.005" /><testcase classname="tests.modeling_v3.test_cpu_array" name="test_invalid_or_disagreeing_array_indices_are_rejected[0-]" time="0.004" /><testcase classname="tests.modeling_v3.test_cpu_array" name="test_invalid_or_disagreeing_array_indices_are_rejected[+0-0]" time="0.004" /><testcase classname="tests.modeling_v3.test_cpu_array" name="test_invalid_or_disagreeing_array_indices_are_rejected[0-\uff10]" time="0.004" /><testcase classname="tests.modeling_v3.test_cpu_array" name="test_invalid_or_disagreeing_array_indices_are_rejected[0-None]" time="0.004" /><testcase classname="tests.modeling_v3.test_cpu_array" name="test_outer_seal_checked_before_parsing_and_selected_request_tampering" time="0.007" /><testcase classname="tests.modeling_v3.test_cpu_array" name="test_manifest_schema_is_strict[rows0]" time="0.003" /><testcase classname="tests.modeling_v3.test_cpu_array" name="test_manifest_schema_is_strict[rows1]" time="0.004" /><testcase classname="tests.modeling_v3.test_cpu_array" name="test_manifest_schema_is_strict[rows2]" time="0.004" /><testcase classname="tests.modeling_v3.test_cpu_array" name="test_manifest_schema_is_strict[rows3]" time="0.004" /><testcase classname="tests.modeling_v3.test_cpu_array" name="test_duplicate_jobs_and_unselected_invalid_entries_are_rejected" time="0.008" /><testcase classname="tests.modeling_v3.test_cpu_array" name="test_dispatch_calls_existing_wrapper_without_shell_or_argv_changes" time="0.004" /><testcase classname="tests.modeling_v3.test_cpu_array" name="test_production_environment_rejected_before_dispatch[platform-darwin]" time="0.004" /><testcase classname="tests.modeling_v3.test_cpu_array" name="test_production_environment_rejected_before_dispatch[SLURM_JOB_ID-]" time="0.004" /><testcase classname="tests.modeling_v3.test_cpu_array" name="test_production_environment_rejected_before_dispatch[SLURM_JOB_ID-abc]" time="0.004" /><testcase classname="tests.modeling_v3.test_cpu_array" name="test_production_environment_rejected_before_dispatch[SLURM_JOB_ID-\uff11\uff12]" time="0.004" /><testcase classname="tests.modeling_v3.test_cpu_array" name="test_production_environment_rejected_before_dispatch[CUDA_VISIBLE_DEVICES-0]" time="0.004" /><testcase classname="tests.modeling_v3.test_cpu_array" name="test_production_environment_rejected_before_dispatch[HIP_VISIBLE_DEVICES-0]" time="0.004" /><testcase classname="tests.modeling_v3.test_cpu_campaign" name="test_frozen_cpu_matrix_and_disjoint_partition" time="0.004" /><testcase classname="tests.modeling_v3.test_cpu_campaign" name="test_actual_adam_forks_preserve_full_origin_and_safe_replay" time="0.151" /><testcase classname="tests.modeling_v3.test_cpu_campaign" name="test_immutable_resume_rejects_source_and_payload_changes" time="0.015" /><testcase classname="tests.modeling_v3.test_cpu_campaign" name="test_nested_manifest_tampering_and_unregistered_files_rejected" time="0.019" /><testcase classname="tests.modeling_v3.test_cpu_campaign" name="test_v3_seed_inventory_uses_directory_identity_without_opening_raw" time="0.007" /><testcase classname="tests.modeling_v3.test_cpu_campaign" name="test_large_campaign_refuses_local_mac_cpu" time="0.001" /><testcase classname="tests.modeling_v3.test_cpu_campaign" name="test_actual_observation_sampler_and_covariance" time="0.005" /><testcase classname="tests.modeling_v3.test_cpu_campaign" name="test_shrinkage_grid_uses_one_packet_and_prespecified_coefficients" time="0.002" /><testcase classname="tests.modeling_v3.test_cpu_campaign" name="test_alias_independent_counts_use_no_new_draws" time="0.001" /><testcase classname="tests.modeling_v3.test_cpu_campaign" name="test_random_response_basis_matches_estimators_and_nests_rank" time="0.001" /><testcase classname="tests.modeling_v3.test_cpu_campaign" name="test_crossfit_gls_rejected_before_measurement" time="0.001" /><testcase classname="tests.modeling_v3.test_cpu_campaign" name="test_analytic_cases_are_explicitly_separate_from_source_data" time="0.088" /><testcase classname="tests.modeling_v3.test_cpu_campaign" name="test_pilot_coverage_freezes_predictions_before_heldout" time="0.586" /><testcase classname="tests.modeling_v3.test_cpu_campaign" name="test_fixture_calibration_cannot_authorize_real_collection" time="0.002" /><testcase classname="tests.modeling_v3.test_cpu_campaign" name="test_historical_q1_keeps_original_bank_and_provenance" time="0.702" /><testcase classname="tests.modeling_v3.test_cpu_campaign" name="test_cpu_dependency_binding_excludes_unrelated_gpu_modules" time="0.003" /><testcase classname="tests.modeling_v3.test_cpu_generalization" name="test_initializations_remain_separate_with_seed_bootstrap_and_frozen_risk" time="1.800" /><testcase classname="tests.modeling_v3.test_cpu_generalization" name="test_missing_entire_frozen_axis_is_rejected_even_in_fixture[0-23001]" time="1.217" /><testcase classname="tests.modeling_v3.test_cpu_generalization" name="test_missing_entire_frozen_axis_is_rejected_even_in_fixture[1-X_BASE]" time="1.191" /><testcase classname="tests.modeling_v3.test_cpu_generalization" name="test_missing_entire_frozen_axis_is_rejected_even_in_fixture[3-1]" time="1.145" /><testcase classname="tests.modeling_v3.test_cpu_generalization" name="test_missing_entire_frozen_axis_is_rejected_even_in_fixture[4-7101]" time="1.249" /><testcase classname="tests.modeling_v3.test_cpu_generalization" name="test_unknown_predictions_retain_denominators_and_block_paired_inference" time="1.707" /><testcase classname="tests.modeling_v3.test_cpu_generalization" name="test_full_matrix_contract_requires_40_trajectories_and_2400_units" time="0.004" /><testcase classname="tests.modeling_v3.test_cpu_generalization" name="test_fixture_calibration_cannot_authorize_production_and_payload_tamper_fails" time="1.434" /><testcase classname="tests.modeling_v3.test_cpu_generalization" name="test_wrong_seed_role_and_calibration_chain_are_rejected" time="1.468" /><testcase classname="tests.modeling_v3.test_cpu_generalization" name="test_internally_bound_bad_prediction_freeze_is_rejected" time="1.480" /><testcase classname="tests.modeling_v3.test_cpu_generalization" name="test_receipt_file_manifest_and_prediction_receipt_binding_are_checked" time="1.508" /><testcase classname="tests.modeling_v3.test_cpu_generalization" name="test_zero_acceptance_seed_risk_bootstrap_keeps_all_seeds" time="0.011" /><testcase classname="tests.modeling_v3.test_cpu_results" name="test_calibration_twenty_seed_max_order_statistic_and_original_hashes" time="1.467" /><testcase classname="tests.modeling_v3.test_cpu_results" name="test_unknown_calibration_predictions_have_no_finite_radius" time="1.557" /><testcase classname="tests.modeling_v3.test_cpu_results" name="test_test_analysis_pools_raw_residuals_and_keeps_acceptance_separate" time="1.991" /><testcase classname="tests.modeling_v3.test_cpu_results" name="test_missing_matrix_and_tampered_original_rejected" time="0.133" /><testcase classname="tests.modeling_v3.test_cpu_results" name="test_too_few_calibration_seeds_and_fixture_cannot_authorize_test" time="0.226" /><testcase classname="tests.modeling_v3.test_cpu_results" name="test_unknown_test_predictions_keep_all_case_denominator_and_no_paired_inference" time="1.935" /><testcase classname="tests.modeling_v3.test_development_pre_gpu_gate" name="test_actual_development_receipts_required_and_pilot_rejected" time="0.013" /><testcase classname="tests.modeling_v3.test_development_pre_gpu_gate" name="test_development_gate_does_not_require_model_to_beat_direct_baseline" time="0.012" /><testcase classname="tests.modeling_v3.test_historical_observation" name="test_historical_selection_is_identity_only_and_balanced" time="0.002" /><testcase classname="tests.modeling_v3.test_historical_observation" name="test_original_theta_scoring_is_metered_and_consumable_by_observe_toy" time="0.657" /><testcase classname="tests.modeling_v3.test_historical_observation" name="test_missing_original_never_scores_or_publishes_complete" time="0.012" /><testcase classname="tests.modeling_v3.test_historical_observation" name="test_tampered_original_refused_before_scoring" time="0.008" /><testcase classname="tests.modeling_v3.test_historical_observation" name="test_cannot_publish_inside_historical_originals" time="0.005" /><testcase classname="tests.modeling_v3.test_infrastructure" name="test_immutable_attempt_resume_and_tamper" time="0.019" /><testcase classname="tests.modeling_v3.test_infrastructure" name="test_worker_and_incomplete_keys_rejected" time="0.005" /><testcase classname="tests.modeling_v3.test_infrastructure" name="test_statistics_keep_undefined_and_seed_units" time="0.001" /><testcase classname="tests.modeling_v3.test_infrastructure" name="test_resume_after_manifest_before_complete" time="0.023" /><testcase classname="tests.modeling_v3.test_infrastructure" name="test_unknown_string_is_not_an_acceptance_mask" time="0.001" /><testcase classname="tests.modeling_v3.test_infrastructure" name="test_selection_cannot_freeze_without_completed_development" time="0.002" /><testcase classname="tests.modeling_v3.test_infrastructure" name="test_selection_verifies_protocol_inventory_and_supported_combination[different_config]" time="0.021" /><testcase classname="tests.modeling_v3.test_infrastructure" name="test_selection_verifies_protocol_inventory_and_supported_combination[unregistered_file]" time="0.021" /><testcase classname="tests.modeling_v3.test_infrastructure" name="test_selection_verifies_protocol_inventory_and_supported_combination[crossfit_gls]" time="0.021" /><testcase classname="tests.modeling_v3.test_observation_geometry" name="test_helmert_and_noisy_raw_are_losslessly_invertible" time="0.001" /><testcase classname="tests.modeling_v3.test_observation_geometry" name="test_equal_l2_identity_does_not_imply_x_improves" time="0.001" /><testcase classname="tests.modeling_v3.test_observation_geometry" name="test_fixed_correction_preserves_requested_events[b0-unchanged0]" time="0.001" /><testcase classname="tests.modeling_v3.test_observation_geometry" name="test_fixed_correction_preserves_requested_events[b1-unchanged1]" time="0.001" /><testcase classname="tests.modeling_v3.test_observation_geometry" name="test_stable_weights_extremes_and_nearly_equal" time="0.001" /><testcase classname="tests.modeling_v3.test_observation_geometry" name="test_three_policy_bound_is_three_not_two" time="0.001" /><testcase classname="tests.modeling_v3.test_observation_geometry" name="test_mixture_sources_use_one_iid_draw_each_not_balanced_quota" time="0.001" /><testcase classname="tests.modeling_v3.test_observation_geometry" name="test_raw_estimate_is_unprojected_with_singleton_covariance_unavailable" time="0.002" /><testcase classname="tests.modeling_v3.test_observation_geometry" name="test_joint_covariance_keeps_shared_and_alias_correlations" time="0.001" /><testcase classname="tests.modeling_v3.test_observation_geometry" name="test_batch_rejects_identity_support_and_alias_inconsistency" time="0.001" /><testcase classname="tests.modeling_v3.test_observation_geometry" name="test_oracle_covariance_and_coefficient_error_identities" time="0.002" /><testcase classname="tests.modeling_v3.test_observation_geometry" name="test_zero_mass_variance_and_insufficient_pilot_are_explicit" time="0.001" /><testcase classname="tests.modeling_v3.test_observation_geometry" name="test_pilot_shrink_l1_and_raw_coefficient_receipt" time="0.001" /><testcase classname="tests.modeling_v3.test_observation_geometry" name="test_pilot_cannot_use_main_draws_or_rng_or_wrong_prompt" time="0.001" /><testcase classname="tests.modeling_v3.test_observation_geometry" name="test_same_cost_baselines_use_all_draws_and_keep_paired_subset" time="0.004" /><testcase classname="tests.modeling_v3.test_observation_geometry" name="test_finite_pilot_uncertainty_can_exceed_raw_variance" time="0.001" /><testcase classname="tests.modeling_v3.test_observation_geometry" name="test_crossfit_refuses_naive_independent_fold_covariance" time="0.010" /><testcase classname="tests.modeling_v3.test_observation_geometry" name="test_crossfit_mean_unbiased_by_small_full_enumeration" time="0.152" /><testcase classname="tests.modeling_v3.test_observation_geometry" name="test_exhaustive_events_and_nonfinite_contributions_are_not_dropped" time="0.001" /><testcase classname="tests.modeling_v3.test_observation_geometry" name="test_primary_validity_is_consistently_minus_i_and_preserved" time="0.002" /><testcase classname="tests.modeling_v3.test_observation_geometry" name="test_actual_finite_pilot_covariance_penalty_by_enumeration" time="0.003" /><testcase classname="tests.modeling_v3.test_observation_geometry" name="test_covariance_rejects_invalid_matrix_and_divisor" time="0.001" /><testcase classname="tests.modeling_v3.test_observation_geometry" name="test_join_shared_banks_preserves_joint_correlation_and_rejects_token_mismatch" time="0.002" /><testcase classname="tests.modeling_v3.test_q1_results" name="test_recompute_raw_residuals_coefficient_variance_mass_and_timings" time="0.868" /><testcase classname="tests.modeling_v3.test_q1_results" name="test_missing_receipts_do_not_turn_into_zero_cost_or_zero_fallback" time="0.075" /><testcase classname="tests.modeling_v3.test_q1_results" name="test_original_tampering_rejected" time="0.035" /><testcase classname="tests.modeling_v3.test_q1_results" name="test_pooled_quantiles_recomputed_across_distinct_units" time="0.132" /><testcase classname="tests.modeling_v3.test_q1_results" name="test_missing_original_estimate_is_not_inferred_from_results" time="0.074" /><testcase classname="tests.modeling_v3.test_q1_results" name="test_original_output_overlap_rejected_without_modifying_original" time="0.032" /><testcase classname="tests.modeling_v3.test_q1_results" name="test_partial_publication_resume_is_idempotent_and_derived_tamper_rejected" time="0.090" /><testcase classname="tests.modeling_v3.test_q1_results" name="test_signed_validity_and_variance_decomposition_are_not_group_averages" time="0.001" /><testcase classname="tests.modeling_v3.test_q1_results" name="test_full_analysis_rejects_local_and_pilot_before_work" time="0.003" /><testcase classname="tests.modeling_v3.test_q2_results" name="test_actual_complete_development_recomputes_metrics_and_keeps_baselines" time="1.142" /><testcase classname="tests.modeling_v3.test_q2_results" name="test_unknown_is_not_finite_and_geometry_classes_are_retained" time="1.178" /><testcase classname="tests.modeling_v3.test_q2_results" name="test_fixture_still_requires_all_independent_axes_and_original_identity[origin]" time="0.718" /><testcase classname="tests.modeling_v3.test_q2_results" name="test_fixture_still_requires_all_independent_axes_and_original_identity[design]" time="0.764" /><testcase classname="tests.modeling_v3.test_q2_results" name="test_fixture_still_requires_all_independent_axes_and_original_identity[duplicate]" time="0.763" /><testcase classname="tests.modeling_v3.test_q2_results" name="test_fixture_still_requires_all_independent_axes_and_original_identity[direct]" time="0.674" /><testcase classname="tests.modeling_v3.test_q2_results" name="test_fixture_still_requires_all_independent_axes_and_original_identity[source]" time="0.736" /><testcase classname="tests.modeling_v3.test_q2_results" name="test_fixture_still_requires_all_independent_axes_and_original_identity[role]" time="0.839" /><testcase classname="tests.modeling_v3.test_q2_results" name="test_changed_raw_original_and_fixture_as_production_are_rejected" time="0.798" /><testcase classname="tests.modeling_v3.test_q4_pair_launcher" name="test_requires_two_distinct_whole_gpu_allocation_tokens[]" time="0.003" /><testcase classname="tests.modeling_v3.test_q4_pair_launcher" name="test_requires_two_distinct_whole_gpu_allocation_tokens[0]" time="0.003" /><testcase classname="tests.modeling_v3.test_q4_pair_launcher" name="test_requires_two_distinct_whole_gpu_allocation_tokens[0,0]" time="0.003" /><testcase classname="tests.modeling_v3.test_q4_pair_launcher" name="test_requires_two_distinct_whole_gpu_allocation_tokens[0,00]" time="0.003" /><testcase classname="tests.modeling_v3.test_q4_pair_launcher" name="test_requires_two_distinct_whole_gpu_allocation_tokens[0,1,2]" time="0.003" /><testcase classname="tests.modeling_v3.test_q4_pair_launcher" name="test_requires_two_distinct_whole_gpu_allocation_tokens[MIG-a,MIG-b]" time="0.003" /><testcase classname="tests.modeling_v3.test_q4_pair_launcher" name="test_requires_two_distinct_whole_gpu_allocation_tokens[GPU-a,GPU-a]" time="0.003" /><testcase classname="tests.modeling_v3.test_q4_pair_launcher" name="test_requires_two_distinct_whole_gpu_allocation_tokens[GPU-a,]" time="0.003" /><testcase classname="tests.modeling_v3.test_q4_pair_launcher" name="test_requires_two_distinct_whole_gpu_allocation_tokens[-1,0]" time="0.003" /><testcase classname="tests.modeling_v3.test_q4_pair_launcher" name="test_requires_two_distinct_whole_gpu_allocation_tokens[0,abc]" time="0.003" /><testcase classname="tests.modeling_v3.test_q4_pair_launcher" name="test_plan_preserves_original_tokens_and_separates_outputs" time="0.065" /><testcase classname="tests.modeling_v3.test_q4_pair_launcher" name="test_pending_authorization_and_tampered_handoff_refused" time="0.072" /><testcase classname="tests.modeling_v3.test_q4_pair_launcher" name="test_source_binding_and_explicit_resume_gate" time="0.109" /><testcase classname="tests.modeling_v3.test_q4_pair_launcher" name="test_two_children_single_visible_gpu_and_failure_receipt" time="0.084" /><testcase classname="tests.modeling_v3.test_q4_pair_launcher" name="test_sigterm_only_targets_own_child_groups" time="0.181" /><testcase classname="tests.modeling_v3.test_q4_pair_launcher" name="test_partial_spawn_failure_reaps_only_started_child_and_preserves_attempt" time="0.108" /><testcase classname="tests.modeling_v3.test_q4_pair_launcher" name="test_model_free_plan_imports_no_torch_or_transformers" time="0.130" /><testcase classname="tests.modeling_v3.test_q4_pair_launcher" name="test_completed_a_and_current_c_a_remaps_incomplete_worker" time="0.122" /><testcase classname="tests.modeling_v3.test_q4_pair_launcher" name="test_old_a_not_allocated_new_c_d_preserves_safe_mapping" time="0.122" /><testcase classname="tests.modeling_v3.test_q4_pair_launcher" name="test_completed_worker_bad_originals_or_same_uuid_fail_before_launch[same_uuid]" time="0.156" /><testcase classname="tests.modeling_v3.test_q4_pair_launcher" name="test_completed_worker_bad_originals_or_same_uuid_fail_before_launch[null_hash]" time="0.123" /><testcase classname="tests.modeling_v3.test_q4_pair_launcher" name="test_completed_worker_bad_originals_or_same_uuid_fail_before_launch[manifest_hash]" time="0.122" /><testcase classname="tests.modeling_v3.test_q4_pair_launcher" name="test_nvidia_smi_queries_original_tokens_and_rejects_malformed_uuid" time="0.005" /><testcase classname="tests.modeling_v3.test_q4_pair_launcher" name="test_real_entry_requires_linux_numeric_slurm_before_planning[darwin-123]" time="0.003" /><testcase classname="tests.modeling_v3.test_q4_pair_launcher" name="test_real_entry_requires_linux_numeric_slurm_before_planning[linux-]" time="0.003" /><testcase classname="tests.modeling_v3.test_q4_pair_launcher" name="test_real_entry_requires_linux_numeric_slurm_before_planning[linux-job]" time="0.003" /><testcase classname="tests.modeling_v3.test_q4_resume" name="test_null_resume_appends_each_actual_gpu_and_preserves_anchor" time="0.037" /><testcase classname="tests.modeling_v3.test_q4_resume" name="test_null_resume_rejects_changed_identity_or_excess_error_and_retains_attempt[threshold]" time="0.021" /><testcase classname="tests.modeling_v3.test_q4_resume" name="test_null_resume_rejects_changed_identity_or_excess_error_and_retains_attempt[policy]" time="0.032" /><testcase classname="tests.modeling_v3.test_q4_resume" name="test_null_resume_rejects_changed_identity_or_excess_error_and_retains_attempt[action]" time="0.022" /><testcase classname="tests.modeling_v3.test_q4_resume" name="test_null_resume_rejects_changed_identity_or_excess_error_and_retains_attempt[runtime]" time="0.022" /><testcase classname="tests.modeling_v3.test_q4_resume" name="test_null_resume_rejects_changed_identity_or_excess_error_and_retains_attempt[tolerance]" time="0.021" /><testcase classname="tests.modeling_v3.test_q4_resume" name="test_null_anchor_tampering_is_rejected" time="0.020" /><testcase classname="tests.modeling_v3.test_q4_resume" name="test_same_gpu_comparison_keeps_full_checks_but_cannot_satisfy_cross_gpu_gate" time="0.001" /><testcase classname="tests.modeling_v3.test_q4_resume" name="test_completed_known_scores_resume_without_new_scoring_and_bind_requests" time="0.007" /><testcase classname="tests.modeling_v3.test_q
[...]
tatistical_tampering[placeholder-endpoint_metrics.json]" time="0.367" /><testcase classname="tests.test_r4_report_gate" name="test_rejects_statistical_tampering[placeholder-step32_metrics.json]" time="0.363" /><testcase classname="tests.test_r4_report_gate" name="test_rejects_statistical_tampering[placeholder-L_family_equal_sensitivity.json]" time="0.378" /><testcase classname="tests.test_r4_report_gate" name="test_rejects_statistical_tampering[estimate-endpoint_metrics.json]" time="0.386" /><testcase classname="tests.test_r4_report_gate" name="test_rejects_statistical_tampering[estimate-step32_metrics.json]" time="0.375" /><testcase classname="tests.test_r4_report_gate" name="test_rejects_statistical_tampering[estimate-L_family_equal_sensitivity.json]" time="0.381" /><testcase classname="tests.test_r4_report_gate" name="test_rejects_statistical_tampering[bootstrap-endpoint_metrics.json]" time="0.387" /><testcase classname="tests.test_r4_report_gate" name="test_rejects_statistical_tampering[bootstrap-step32_metrics.json]" time="0.371" /><testcase classname="tests.test_r4_report_gate" name="test_rejects_statistical_tampering[bootstrap-L_family_equal_sensitivity.json]" time="0.379" /><testcase classname="tests.test_r4_report_gate" name="test_rejects_statistical_tampering[denominator-endpoint_metrics.json]" time="0.644" /><testcase classname="tests.test_r4_report_gate" name="test_rejects_statistical_tampering[denominator-step32_metrics.json]" time="0.374" /><testcase classname="tests.test_r4_report_gate" name="test_rejects_statistical_tampering[denominator-L_family_equal_sensitivity.json]" time="0.383" /><testcase classname="tests.test_r4_report_gate" name="test_rejects_csv_coverage_and_value_forgery[missing-N_L_OOD_effects.csv]" time="0.382" /><testcase classname="tests.test_r4_report_gate" name="test_rejects_csv_coverage_and_value_forgery[missing-learning_curves.csv]" time="0.379" /><testcase classname="tests.test_r4_report_gate" name="test_rejects_csv_coverage_and_value_forgery[duplicate-N_L_OOD_effects.csv]" time="0.379" /><testcase classname="tests.test_r4_report_gate" name="test_rejects_csv_coverage_and_value_forgery[duplicate-learning_curves.csv]" time="0.379" /><testcase classname="tests.test_r4_report_gate" name="test_rejects_csv_coverage_and_value_forgery[wrong_value-N_L_OOD_effects.csv]" time="0.376" /><testcase classname="tests.test_r4_report_gate" name="test_rejects_csv_coverage_and_value_forgery[wrong_value-learning_curves.csv]" time="0.381" /><testcase classname="tests.test_r4_report_gate" name="test_rejects_csv_coverage_and_value_forgery[extra_column-N_L_OOD_effects.csv]" time="0.378" /><testcase classname="tests.test_r4_report_gate" name="test_rejects_csv_coverage_and_value_forgery[extra_column-learning_curves.csv]" time="0.379" /><testcase classname="tests.test_r4_report_gate" name="test_rejects_csv_coverage_and_value_forgery[duplicate_column-N_L_OOD_effects.csv]" time="0.378" /><testcase classname="tests.test_r4_report_gate" name="test_rejects_csv_coverage_and_value_forgery[duplicate_column-learning_curves.csv]" time="0.381" /><testcase classname="tests.test_r4_report_gate" name="test_accepts_reordered_inputs_json_and_csv" time="1.002" /><testcase classname="tests.test_r4_report_gate" name="test_fixed_coverage_validation_precedes_statistics[missing]" time="0.073" /><testcase classname="tests.test_r4_report_gate" name="test_fixed_coverage_validation_precedes_statistics[duplicate]" time="0.071" /><testcase classname="tests.test_r4_report_gate" name="test_fixed_coverage_validation_precedes_statistics[swapped_track]" time="0.071" /><testcase classname="tests.test_r4_report_gate" name="test_fixed_coverage_validation_precedes_statistics[unequal_k]" time="0.078" /><testcase classname="tests.test_r4_report_gate" name="test_fixed_coverage_validation_precedes_statistics[wrong_step]" time="0.074" /><testcase classname="tests.test_r4_report_gate" name="test_fixed_coverage_validation_precedes_statistics[initial_mismatch]" time="0.081" /><testcase classname="tests.test_r4_report_gate" name="test_fixed_coverage_validation_precedes_statistics[extra_initial]" time="0.076" /><testcase classname="tests.test_r4_report_gate" name="test_fixed_coverage_validation_precedes_statistics[missing_step]" time="0.078" /><testcase classname="tests.test_r4_report_gate" name="test_fixed_coverage_validation_precedes_statistics[duplicate_step]" time="0.077" /><testcase classname="tests.test_r4_report_gate" name="test_rejects_pilot_report_missing_or_false_facts[placeholder]" time="0.374" /><testcase classname="tests.test_r4_report_gate" name="test_rejects_pilot_report_missing_or_false_facts[budget]" time="0.381" /><testcase classname="tests.test_r4_report_gate" name="test_rejects_pilot_report_missing_or_false_facts[training_claim]" time="0.382" /><testcase classname="tests.test_r4_report_gate" name="test_rejects_pilot_report_missing_or_false_facts[bootstrap_scope]" time="0.385" /><testcase classname="tests.test_r4_report_gate" name="test_rejects_pilot_report_missing_or_false_facts[duplicate_json]" time="0.385" /><testcase classname="tests.test_r4_report_gate" name="test_rejects_pilot_report_missing_or_false_facts[not_completed]" time="0.383" /><testcase classname="tests.test_r4_report_gate" name="test_historical_k16_initials_keep_track_specific_denominators[False]" time="1.310" /><testcase classname="tests.test_r4_report_gate" name="test_historical_k16_initials_keep_track_specific_denominators[True]" time="1.337" /><testcase classname="tests.test_r4_report_gate" name="test_historical_p3_schema_keeps_coverage_and_native_banks_strict[missing]" time="0.083" /><testcase classname="tests.test_r4_report_gate" name="test_historical_p3_schema_keeps_coverage_and_native_banks_strict[duplicate]" time="0.078" /><testcase classname="tests.test_r4_report_gate" name="test_historical_p3_schema_keeps_coverage_and_native_banks_strict[negative]" time="0.078" /><testcase classname="tests.test_r4_report_gate" name="test_historical_p3_schema_keeps_coverage_and_native_banks_strict[out_of_range]" time="0.076" /><testcase classname="tests.test_r4_report_gate" name="test_historical_p3_schema_keeps_coverage_and_native_banks_strict[bool]" time="0.077" /><testcase classname="tests.test_r4_report_gate" name="test_historical_p3_schema_keeps_coverage_and_native_banks_strict[float]" time="0.077" /><testcase classname="tests.test_r4_report_gate" name="test_historical_p3_schema_keeps_coverage_and_native_banks_strict[missing_marker]" time="0.078" /><testcase classname="tests.test_r4_report_gate" name="test_historical_p3_schema_keeps_coverage_and_native_banks_strict[unverified_bank]" time="0.079" /><testcase classname="tests.test_r4_report_gate" name="test_historical_p3_schema_keeps_coverage_and_native_banks_strict[missing_source_hash]" time="0.080" /><testcase classname="tests.test_r4_report_gate" name="test_historical_p3_schema_keeps_coverage_and_native_banks_strict[invalid_source_hash]" time="0.080" /><testcase classname="tests.test_r4_report_gate" name="test_historical_p3_schema_keeps_coverage_and_native_banks_strict[ambiguous_alias]" time="0.081" /><testcase classname="tests.test_r4_report_gate" name="test_historical_p3_schema_keeps_coverage_and_native_banks_strict[endpoint_alias]" time="0.069" /><testcase classname="tests.test_r4_report_gate" name="test_historical_p3_schema_keeps_coverage_and_native_banks_strict[shared_alias]" time="0.079" /><testcase classname="tests.test_r4_report_gate" name="test_historical_p3_schema_keeps_coverage_and_native_banks_strict[step32_alias]" time="0.077" /><testcase classname="tests.test_r4_report_gate" name="test_missing_artifact_cannot_pass[endpoint_metrics.json]" time="0.360" /><testcase classname="tests.test_r4_report_gate" name="test_missing_artifact_cannot_pass[N_L_OOD_effects.csv]" time="0.633" /><testcase classname="tests.test_r4_report_gate" name="test_missing_artifact_cannot_pass[learning_curves.csv]" time="0.380" /><testcase classname="tests.test_r4_report_gate" name="test_missing_artifact_cannot_pass[pilot_report.md]" time="0.381" /><testcase classname="tests.test_r4_report_gate" name="test_json_parsing_and_artifact_boundary_are_strict[duplicate_field]" time="0.368" /><testcase classname="tests.test_r4_report_gate" name="test_json_parsing_and_artifact_boundary_are_strict[nan]" time="0.367" /><testcase classname="tests.test_r4_report_gate" name="test_json_parsing_and_artifact_boundary_are_strict[overflow]" time="0.372" /><testcase classname="tests.test_r4_report_gate" name="test_json_parsing_and_artifact_boundary_are_strict[escaping_symlink]" time="0.367" /><testcase classname="tests.test_r4_report_gate" name="test_csv_nested_scope_values_and_independent_track_keys_are_bound" time="0.377" /><testcase classname="tests.test_r4_report_gate" name="test_replacing_l_primary_with_equal_family_sensitivity_is_rejected" time="0.388" /><testcase classname="tests.test_r4_report_gate" name="test_recursive_report_steps_preserve_original_stop_warning_stop_history" time="0.007" /><testcase classname="tests.test_r4_report_gate" name="test_recursive_report_steps_reject_hidden_or_unreviewed_diagnostics[hidden_alarm]" time="0.005" /><testcase classname="tests.test_r4_report_gate" name="test_recursive_report_steps_reject_hidden_or_unreviewed_diagnostics[current_stop]" time="0.003" /><testcase classname="tests.test_r4_report_gate" name="test_recursive_report_steps_reject_hidden_or_unreviewed_diagnostics[false_warning]" time="0.003" /><testcase classname="tests.test_r4_report_gate" name="test_recursive_report_steps_reject_hidden_or_unreviewed_diagnostics[flag]" time="0.004" /><testcase classname="tests.test_r4_report_gate" name="test_recursive_report_steps_reject_hidden_or_unreviewed_diagnostics[threshold]" time="0.003" /><testcase classname="tests.test_r4_report_gate" name="test_recursive_report_steps_reject_hidden_or_unreviewed_diagnostics[nan]" time="0.004" /><testcase classname="tests.test_r4_report_gate" name="test_recursive_report_steps_reject_hidden_or_unreviewed_diagnostics[negative]" time="0.003" /><testcase classname="tests.test_r4_report_gate" name="test_recursive_report_steps_reject_hidden_or_unreviewed_diagnostics[unknown_source]" time="0.004" /><testcase classname="tests.test_r4_report_gate" name="test_recursive_report_steps_reject_hidden_or_unreviewed_diagnostics[unknown_policy]" time="0.003" /><testcase classname="tests.test_r4_report_gate" name="test_recursive_report_steps_reject_hidden_or_unreviewed_diagnostics[wrong_schema]" time="0.002" /><testcase classname="tests.test_r4_report_gate" name="test_recursive_report_steps_reject_hidden_or_unreviewed_diagnostics[nonfinite_update]" time="0.004" /><testcase classname="tests.test_r4_report_gate" name="test_recursive_report_steps_reject_hidden_or_unreviewed_diagnostics[nonfinite_group]" time="0.003" /><testcase classname="tests.test_r4_report_gate" name="test_recursive_report_pilot_requires_bound_diagnostic_history[missing_stop]" time="0.078" /><testcase classname="tests.test_r4_report_gate" name="test_recursive_report_pilot_requires_bound_diagnostic_history[changed_stop]" time="0.076" /><testcase classname="tests.test_r4_report_gate" name="test_recursive_report_pilot_requires_bound_diagnostic_history[count]" time="0.072" /><testcase classname="tests.test_r4_report_gate" name="test_recursive_report_pilot_requires_bound_diagnostic_history[hash]" time="0.073" /><testcase classname="tests.test_r4_report_gate" name="test_recursive_report_pilot_requires_bound_diagnostic_history[policy]" time="0.073" /><testcase classname="tests.test_r4_report_gate" name="test_recursive_report_pilot_requires_bound_diagnostic_history[prose]" time="0.074" /><testcase classname="tests.test_r4_report_gate" name="test_recursive_report_pilot_requires_bound_diagnostic_history[stale_policy_prose]" time="0.072" /><testcase classname="tests.test_r4_report_gate" name="test_recursive_complete_report_binds_stop_history_and_warning_status" time="0.407" /><testcase classname="tests.test_r4_runtime" name="test_arm_step_policy_and_source_bind_every_sample" time="0.003" /><testcase classname="tests.test_r4_runtime" name="test_authorization_is_flag_and_does_not_load_model" time="0.032" /><testcase classname="tests.test_r4_runtime" name="test_full_toy_two_arms_interruption_resume_and_original_L_tokens" time="198.030" /><testcase classname="tests.test_r4_runtime" name="test_returned_malformed_raw_is_preserved_and_cannot_resume" time="1.433" /><testcase classname="tests.test_r4_runtime" name="test_likelihood_contamination_precedes_restore_and_score_tamper_rejected" time="0.024" /><testcase classname="tests.test_r4_runtime" name="test_control_alarm_retains_step_and_resume_cannot_skip" time="5.269" /><testcase classname="tests.test_r4_runtime" name="test_historical_alignment_uses_verified_rows_but_corruption_is_not_na" time="0.033" /><testcase classname="tests.test_r4_runtime" name="test_returned_bad_likelihood_blocks_new_attempt_resume" time="4.389" /><testcase classname="tests.test_r4_runtime" name="test_cli_preserves_dry_run_and_explicit_flag_without_mutating_yaml" time="0.026" /><testcase classname="tests.test_r4_runtime" name="test_fixed_control_reuses_only_index_zero_with_exact_state_and_input" time="0.076" /><testcase classname="tests.test_r4_runtime" name="test_nonfinite_control_diagnostic_is_a_persistent_failed_measurement" time="5.328" /><testcase classname="tests.test_r4_runtime" name="test_measured_alarm_survives_interruption_before_atomic_step_completion" time="5.454" /><testcase classname="tests.test_r4_runtime" name="test_raw_rollout_schema_preserves_N_L_OOD_and_train_scene_values" time="0.643" /><testcase classname="tests.test_r4_runtime" name="test_legacy_rollout_aliases_use_original_semantic_parser_and_no_N_constraints" time="0.007" /><testcase classname="docs.modeling_v3.design.reference.test_math_contracts.ObservationTests" name="test_coefficient_error_penalty" time="0.002" /><testcase classname="docs.modeling_v3.design.reference.test_math_contracts.ObservationTests" name="test_drop_w_preserves_other_events" time="0.001" /><testcase classname="docs.modeling_v3.design.reference.test_math_contracts.ObservationTests" name="test_equal_projection_can_hurt_x" time="0.002" /><testcase classname="docs.modeling_v3.design.reference.test_math_contracts.ObservationTests" name="test_equal_projection_total_error" time="0.001" /><testcase classname="docs.modeling_v3.design.reference.test_math_contracts.ObservationTests" name="test_exact_signed_measure" time="0.003" /><testcase classname="docs.modeling_v3.design.reference.test_math_contracts.ObservationTests" name="test_extreme_log_ratio" time="0.001" /><testcase classname="docs.modeling_v3.design.reference.test_math_contracts.ObservationTests" name="test_fixed_b_unbiased" time="0.001" /><testcase classname="docs.modeling_v3.design.reference.test_math_contracts.ObservationTests" name="test_helmert_null_mass" time="0.001" /><testcase classname="docs.modeling_v3.design.reference.test_math_contracts.ObservationTests" name="test_helmert_orthonormal" time="0.001" /><testcase classname="docs.modeling_v3.design.reference.test_math_contracts.ObservationTests" name="test_identical_policy_exact_zero" time="0.001" /><testcase classname="docs.modeling_v3.design.reference.test_math_contracts.ObservationTests" name="test_mean_covariance_n" time="0.001" /><testcase classname="docs.modeling_v3.design.reference.test_math_contracts.ObservationTests" name="test_mixture_formula" time="0.001" /><testcase classname="docs.modeling_v3.design.reference.test_math_contracts.ObservationTests" name="test_noisy_lossless_four_numbers" time="0.001" /><testcase classname="docs.modeling_v3.design.reference.test_math_contracts.ObservationTests" name="test_oracle_coefficient_sum" time="0.001" /><testcase classname="docs.modeling_v3.design.reference.test_math_contracts.ObservationTests" name="test_oracle_covariance_formula" time="0.002" /><testcase classname="docs.modeling_v3.design.reference.test_math_contracts.ObservationTests" name="test_oracle_variance_never_increases" time="0.002" /><testcase classname="docs.modeling_v3.design.reference.test_math_contracts.ObservationTests" name="test_pilot_bound_and_sum" time="0.002" /><testcase classname="docs.modeling_v3.design.reference.test_math_contracts.ObservationTests" name="test_pilot_uninformative" time="0.001" /><testcase classname="docs.modeling_v3.design.reference.test_math_contracts.ObservationTests" name="test_preserve_xi" time="0.001" /><testcase classname="docs.modeling_v3.design.reference.test_math_contracts.ObservationTests" name="test_preserve_xi_is_zero_sum" time="0.001" /><testcase classname="docs.modeling_v3.design.reference.test_math_contracts.ObservationTests" name="test_probability_reject" time="0.001" /><testcase classname="docs.modeling_v3.design.reference.test_math_contracts.ObservationTests" name="test_qx_unknown" time="0.001" /><testcase classname="docs.modeling_v3.design.reference.test_math_contracts.ObservationTests" name="test_random_independent_b_covariance" time="0.002" /><testcase classname="docs.modeling_v3.design.reference.test_math_contracts.ObservationTests" name="test_small_log_ratio" time="0.001" /><testcase classname="docs.modeling_v3.design.reference.test_math_contracts.ObservationTests" name="test_support_failure" time="0.001" /><testcase classname="docs.modeling_v3.design.reference.test_math_contracts.ObservationTests" name="test_unknown_label" time="0.002" /><testcase classname="docs.modeling_v3.design.reference.test_math_contracts.CoverageTests" name="test_empty_excitation" time="0.002" /><testcase classname="docs.modeling_v3.design.reference.test_math_contracts.CoverageTests" name="test_equal_norm_unequal_vectors" time="0.001" /><testcase classname="docs.modeling_v3.design.reference.test_math_contracts.CoverageTests" name="test_full_valid_constant_cancels" time="0.001" /><testcase classname="docs.modeling_v3.design.reference.test_math_contracts.CoverageTests" name="test_in_span" time="0.002" /><testcase classname="docs.modeling_v3.design.reference.test_math_contracts.CoverageTests" name="test_no_x_gate_before_normalization" time="0.002" /><testcase classname="docs.modeling_v3.design.reference.test_math_contracts.CoverageTests" name="test_reference_noise_mse_identity" time="0.001" /><testcase classname="docs.modeling_v3.design.reference.test_math_contracts.CoverageTests" name="test_small_lambda_is_not_small_advantage" time="0.002" /><testcase classname="docs.modeling_v3.design.reference.test_math_contracts.CoverageTests" name="test_span_reconstruction" time="0.002" /><testcase classname="docs.modeling_v3.design.reference.test_math_contracts.CoverageTests" name="test_unidentifiable_pair" time="0.001" /><testcase classname="docs.modeling_v3.design.reference.test_math_contracts.CoverageTests" name="test_zero_query" time="0.002" /><testcase classname="docs.modeling_v3.design.reference.test_math_contracts.ProtocolTests" name="test_fork_counts" time="0.003" /><testcase classname="docs.modeling_v3.design.reference.test_math_contracts.ProtocolTests" name="test_independent_pilot" time="0.003" /><testcase classname="docs.modeling_v3.design.reference.test_math_contracts.ProtocolTests" name="test_no_predicted_reference_as_truth" time="0.004" /><testcase classname="docs.modeling_v3.design.reference.test_math_contracts.ProtocolTests" name="test_raw_baseline_kept" time="0.001" /><testcase classname="docs.modeling_v3.design.reference.test_math_contracts.ProtocolTests" name="test_seeds_disjoint" time="0.002" /><testcase classname="docs.modeling_v3.design.reference.test_math_contracts.ProtocolTests" name="test_source_counts" time="0.002" /><testcase classname="docs.modeling_v3.design.reference.test_math_contracts.ProtocolTests" name="test_true_reduction_required" time="0.002" /><testcase classname="docs.modeling_v3.design.reference.test_math_contracts.ProtocolTests" name="test_two_gpu_and_no_feedback" time="0.005" /></testsuite></testsuites>